10:47:16.829 [background-preinit] INFO  o.h.v.i.util.Version - [<clinit>,21] - HV000001: Hibernate Validator 6.2.3.Final
10:47:17.414 [main] INFO  c.a.n.c.c.i.LocalConfigInfoProcessor - [<clinit>,67] - LOCAL_SNAPSHOT_PATH:C:\Users\lujiaxin\nacos\config
10:47:17.417 [main] INFO  c.a.n.c.r.client - [lambda$createClient$0,77] - [RpcClientFactory] create a new rpc client of c7c6311d-128e-4eba-bee9-8b639b4b4890_config-0
10:47:17.475 [main] INFO  o.r.Reflections - [scan,232] - Reflections took 32 ms to scan 1 urls, producing 3 keys and 6 values 
10:47:17.510 [main] INFO  o.r.Reflections - [scan,232] - Reflections took 12 ms to scan 1 urls, producing 4 keys and 9 values 
10:47:17.522 [main] INFO  o.r.Reflections - [scan,232] - Reflections took 10 ms to scan 1 urls, producing 3 keys and 10 values 
10:47:17.682 [main] INFO  o.r.Reflections - [scan,232] - Reflections took 157 ms to scan 173 urls, producing 0 keys and 0 values 
10:47:17.691 [main] INFO  o.r.Reflections - [scan,232] - Reflections took 8 ms to scan 1 urls, producing 1 keys and 5 values 
10:47:17.703 [main] INFO  o.r.Reflections - [scan,232] - Reflections took 9 ms to scan 1 urls, producing 1 keys and 7 values 
10:47:17.714 [main] INFO  o.r.Reflections - [scan,232] - Reflections took 9 ms to scan 1 urls, producing 2 keys and 8 values 
10:47:17.841 [main] INFO  o.r.Reflections - [scan,232] - Reflections took 125 ms to scan 173 urls, producing 0 keys and 0 values 
10:47:17.843 [main] INFO  c.a.n.c.r.client - [printIfInfoEnabled,60] - [c7c6311d-128e-4eba-bee9-8b639b4b4890_config-0]RpcClient init label, labels={module=config, Vipserver-Tag=null, source=sdk, Amory-Tag=null, Location-Tag=null, taskId=0, AppName=unknown}
10:47:17.844 [main] INFO  c.a.n.c.r.client - [printIfInfoEnabled,60] - [c7c6311d-128e-4eba-bee9-8b639b4b4890_config-0]Register server push request handler:com.alibaba.nacos.client.config.impl.ClientWorker$ConfigRpcTransportClient$$Lambda$330/466032056
10:47:17.844 [main] INFO  c.a.n.c.r.client - [printIfInfoEnabled,60] - [c7c6311d-128e-4eba-bee9-8b639b4b4890_config-0]Register server push request handler:com.alibaba.nacos.client.config.impl.ClientWorker$ConfigRpcTransportClient$$Lambda$331/690822257
10:47:17.845 [main] INFO  c.a.n.c.r.client - [printIfInfoEnabled,60] - [c7c6311d-128e-4eba-bee9-8b639b4b4890_config-0]Registry connection listener to current client:com.alibaba.nacos.client.config.impl.ClientWorker$ConfigRpcTransportClient$1
10:47:17.846 [main] INFO  c.a.n.c.r.client - [printIfInfoEnabled,60] - [c7c6311d-128e-4eba-bee9-8b639b4b4890_config-0]RpcClient init, ServerListFactory =com.alibaba.nacos.client.config.impl.ClientWorker$ConfigRpcTransportClient$2
10:47:17.852 [main] INFO  c.a.n.c.r.client - [printIfInfoEnabled,60] - [c7c6311d-128e-4eba-bee9-8b639b4b4890_config-0] Try to connect to server on start up, server: {serverIp='127.0.0.1', server main port=8848}
10:47:19.066 [main] INFO  c.a.n.c.r.client - [printIfInfoEnabled,60] - [c7c6311d-128e-4eba-bee9-8b639b4b4890_config-0] Success to connect to server [127.0.0.1:8848] on start up,connectionId=1663555638816_127.0.0.1_54951
10:47:19.067 [com.alibaba.nacos.client.remote.worker] INFO  c.a.n.c.r.client - [printIfInfoEnabled,60] - [c7c6311d-128e-4eba-bee9-8b639b4b4890_config-0]Notify connected event to listeners.
10:47:19.067 [main] INFO  c.a.n.c.r.client - [printIfInfoEnabled,60] - [c7c6311d-128e-4eba-bee9-8b639b4b4890_config-0]Register server push request handler:com.alibaba.nacos.common.remote.client.RpcClient$ConnectResetRequestHandler
10:47:19.067 [com.alibaba.nacos.client.remote.worker] INFO  c.a.n.c.c.i.ClientWorker - [onConnected,681] - [c7c6311d-128e-4eba-bee9-8b639b4b4890_config-0] Connected,notify listen context...
10:47:19.068 [main] INFO  c.a.n.c.r.client - [printIfInfoEnabled,60] - [c7c6311d-128e-4eba-bee9-8b639b4b4890_config-0]Register server push request handler:com.alibaba.nacos.common.remote.client.RpcClient$4
10:47:19.127 [main] INFO  c.a.n.c.c.i.Limiter - [<clinit>,56] - limitTime:5.0
10:47:19.148 [main] INFO  c.a.n.c.c.u.JvmUtil - [<clinit>,53] - isMultiInstance:false
10:47:19.175 [main] INFO  c.r.a.RuoYiAuthApplication - [logStartupProfileInfo,646] - The following 1 profile is active: "dev"
10:47:20.679 [main] INFO  o.a.c.h.Http11NioProtocol - [log,173] - Initializing ProtocolHandler ["http-nio-9200"]
10:47:20.679 [main] INFO  o.a.c.c.StandardService - [log,173] - Starting service [Tomcat]
10:47:20.680 [main] INFO  o.a.c.c.StandardEngine - [log,173] - Starting Servlet engine: [Apache Tomcat/9.0.60]
10:47:20.858 [main] INFO  o.a.c.c.C.[.[.[/] - [log,173] - Initializing Spring embedded WebApplicationContext
10:47:22.199 [main] INFO  c.a.n.client.naming - [initNamespaceForNaming,63] - initializer namespace from System Property : null
10:47:22.199 [main] INFO  c.a.n.client.naming - [call,69] - initializer namespace from System Environment :null
10:47:22.200 [main] INFO  c.a.n.client.naming - [call,79] - initializer namespace from System Property :null
10:47:22.226 [main] INFO  c.a.n.c.r.client - [lambda$createClient$0,77] - [RpcClientFactory] create a new rpc client of d0362c64-a056-435b-9e26-d9a8a5e95dcd
10:47:22.226 [main] INFO  c.a.n.c.r.client - [printIfInfoEnabled,60] - [d0362c64-a056-435b-9e26-d9a8a5e95dcd]RpcClient init label, labels={module=naming, source=sdk}
10:47:22.229 [main] INFO  c.a.n.c.r.client - [printIfInfoEnabled,60] - [d0362c64-a056-435b-9e26-d9a8a5e95dcd]RpcClient init, ServerListFactory =com.alibaba.nacos.client.naming.core.ServerListManager
10:47:22.229 [main] INFO  c.a.n.c.r.client - [printIfInfoEnabled,60] - [d0362c64-a056-435b-9e26-d9a8a5e95dcd]Registry connection listener to current client:com.alibaba.nacos.client.naming.remote.gprc.redo.NamingGrpcRedoService
10:47:22.230 [main] INFO  c.a.n.c.r.client - [printIfInfoEnabled,60] - [d0362c64-a056-435b-9e26-d9a8a5e95dcd]Register server push request handler:com.alibaba.nacos.client.naming.remote.gprc.NamingPushRequestHandler
10:47:22.230 [main] INFO  c.a.n.c.r.client - [printIfInfoEnabled,60] - [d0362c64-a056-435b-9e26-d9a8a5e95dcd] Try to connect to server on start up, server: {serverIp='127.0.0.1', server main port=8848}
10:47:22.350 [main] INFO  c.a.n.c.r.client - [printIfInfoEnabled,60] - [d0362c64-a056-435b-9e26-d9a8a5e95dcd] Success to connect to server [127.0.0.1:8848] on start up,connectionId=1663555642236_127.0.0.1_54953
10:47:22.351 [com.alibaba.nacos.client.remote.worker] INFO  c.a.n.c.r.client - [printIfInfoEnabled,60] - [d0362c64-a056-435b-9e26-d9a8a5e95dcd]Notify connected event to listeners.
10:47:22.351 [main] INFO  c.a.n.c.r.client - [printIfInfoEnabled,60] - [d0362c64-a056-435b-9e26-d9a8a5e95dcd]Register server push request handler:com.alibaba.nacos.common.remote.client.RpcClient$ConnectResetRequestHandler
10:47:22.352 [com.alibaba.nacos.client.remote.worker] INFO  c.a.n.client.naming - [onConnected,76] - Grpc connection connect
10:47:22.352 [main] INFO  c.a.n.c.r.client - [printIfInfoEnabled,60] - [d0362c64-a056-435b-9e26-d9a8a5e95dcd]Register server push request handler:com.alibaba.nacos.common.remote.client.RpcClient$4
10:47:23.040 [main] INFO  c.a.n.client.naming - [isChangedServiceInfo,181] - init new ips(0) service: DEFAULT_GROUP@@ruoyi-auth@@DEFAULT -> []
10:47:23.047 [main] INFO  c.a.n.client.naming - [processServiceInfo,166] - current ips:(0) service: DEFAULT_GROUP@@ruoyi-auth@@DEFAULT -> []
10:47:23.054 [main] INFO  o.a.c.h.Http11NioProtocol - [log,173] - Starting ProtocolHandler ["http-nio-9200"]
10:47:23.068 [main] INFO  c.a.n.client.naming - [registerService,112] - [REGISTER-SERVICE] public registering service ruoyi-auth with instance Instance{instanceId='null', ip='192.168.0.113', port=9200, weight=1.0, healthy=true, enabled=true, ephemeral=true, clusterName='DEFAULT', serviceName='null', metadata={preserved.register.source=SPRING_CLOUD}}
10:47:23.075 [main] INFO  c.a.c.n.r.NacosServiceRegistry - [register,75] - nacos registry, DEFAULT_GROUP ruoyi-auth 192.168.0.113:9200 register finished
10:47:23.272 [main] INFO  c.r.a.RuoYiAuthApplication - [logStarted,61] - Started RuoYiAuthApplication in 7.077 seconds (JVM running for 8.275)
10:47:23.304 [main] INFO  c.a.n.c.c.i.ClientWorker - [addCacheDataIfAbsent,384] - [config_rpc_client] [subscribe] ruoyi-auth.yml+DEFAULT_GROUP
10:47:23.304 [main] INFO  c.a.n.c.c.i.CacheData - [addListener,173] - [config_rpc_client] [add-listener] ok, tenant=, dataId=ruoyi-auth.yml, group=DEFAULT_GROUP, cnt=1
10:47:23.305 [main] INFO  c.a.n.c.c.i.ClientWorker - [addCacheDataIfAbsent,384] - [config_rpc_client] [subscribe] ruoyi-auth-dev.yml+DEFAULT_GROUP
10:47:23.305 [main] INFO  c.a.n.c.c.i.CacheData - [addListener,173] - [config_rpc_client] [add-listener] ok, tenant=, dataId=ruoyi-auth-dev.yml, group=DEFAULT_GROUP, cnt=1
10:47:23.306 [main] INFO  c.a.n.c.c.i.ClientWorker - [addCacheDataIfAbsent,384] - [config_rpc_client] [subscribe] ruoyi-auth+DEFAULT_GROUP
10:47:23.306 [main] INFO  c.a.n.c.c.i.CacheData - [addListener,173] - [config_rpc_client] [add-listener] ok, tenant=, dataId=ruoyi-auth, group=DEFAULT_GROUP, cnt=1
10:47:23.550 [nacos-grpc-client-executor-6] INFO  c.a.n.c.r.client - [printIfInfoEnabled,60] - [d0362c64-a056-435b-9e26-d9a8a5e95dcd]receive server push request,request=NotifySubscriberRequest,requestId=2
10:47:23.553 [nacos-grpc-client-executor-6] INFO  c.a.n.client.naming - [isChangedServiceInfo,181] - init new ips(1) service: DEFAULT_GROUP@@ruoyi-auth -> [{"ip":"192.168.0.113","port":9200,"weight":1.0,"healthy":true,"enabled":true,"ephemeral":true,"clusterName":"DEFAULT","serviceName":"DEFAULT_GROUP@@ruoyi-auth","metadata":{"preserved.register.source":"SPRING_CLOUD"},"ipDeleteTimeout":30000,"instanceHeartBeatTimeOut":15000,"instanceHeartBeatInterval":5000}]
10:47:23.554 [nacos-grpc-client-executor-6] INFO  c.a.n.client.naming - [processServiceInfo,166] - current ips:(1) service: DEFAULT_GROUP@@ruoyi-auth -> [{"ip":"192.168.0.113","port":9200,"weight":1.0,"healthy":true,"enabled":true,"ephemeral":true,"clusterName":"DEFAULT","serviceName":"DEFAULT_GROUP@@ruoyi-auth","metadata":{"preserved.register.source":"SPRING_CLOUD"},"ipDeleteTimeout":30000,"instanceHeartBeatTimeOut":15000,"instanceHeartBeatInterval":5000}]
10:47:23.555 [nacos-grpc-client-executor-6] INFO  c.a.n.c.r.client - [printIfInfoEnabled,60] - [d0362c64-a056-435b-9e26-d9a8a5e95dcd]ack server push request,request=NotifySubscriberRequest,requestId=2
10:47:23.601 [RMI TCP Connection(1)-192.168.0.113] INFO  o.a.c.c.C.[.[.[/] - [log,173] - Initializing Spring DispatcherServlet 'dispatcherServlet'
10:47:24.047 [com.alibaba.nacos.client.naming.updater.0] INFO  c.a.n.client.naming - [isChangedServiceInfo,235] - new ips(1) service: DEFAULT_GROUP@@ruoyi-auth@@DEFAULT -> [{"ip":"192.168.0.113","port":9200,"weight":1.0,"healthy":true,"enabled":true,"ephemeral":true,"clusterName":"DEFAULT","serviceName":"DEFAULT_GROUP@@ruoyi-auth","metadata":{"preserved.register.source":"SPRING_CLOUD"},"ipDeleteTimeout":30000,"instanceHeartBeatTimeOut":15000,"instanceHeartBeatInterval":5000}]
10:47:24.048 [com.alibaba.nacos.client.naming.updater.0] INFO  c.a.n.client.naming - [processServiceInfo,166] - current ips:(1) service: DEFAULT_GROUP@@ruoyi-auth@@DEFAULT -> [{"ip":"192.168.0.113","port":9200,"weight":1.0,"healthy":true,"enabled":true,"ephemeral":true,"clusterName":"DEFAULT","serviceName":"DEFAULT_GROUP@@ruoyi-auth","metadata":{"preserved.register.source":"SPRING_CLOUD"},"ipDeleteTimeout":30000,"instanceHeartBeatTimeOut":15000,"instanceHeartBeatInterval":5000}]
11:02:02.789 [http-nio-9200-exec-2] INFO  c.a.n.client.naming - [isChangedServiceInfo,181] - init new ips(0) service: DEFAULT_GROUP@@ruoyi-system -> []
11:02:02.790 [http-nio-9200-exec-2] INFO  c.a.n.client.naming - [processServiceInfo,166] - current ips:(0) service: DEFAULT_GROUP@@ruoyi-system -> []
11:02:03.345 [nacos-grpc-client-executor-191] INFO  c.a.n.c.r.client - [printIfInfoEnabled,60] - [d0362c64-a056-435b-9e26-d9a8a5e95dcd]receive server push request,request=NotifySubscriberRequest,requestId=3
11:02:03.346 [nacos-grpc-client-executor-191] INFO  c.a.n.c.r.client - [printIfInfoEnabled,60] - [d0362c64-a056-435b-9e26-d9a8a5e95dcd]ack server push request,request=NotifySubscriberRequest,requestId=3
11:08:47.530 [nacos-grpc-client-executor-275] INFO  c.a.n.c.r.client - [printIfInfoEnabled,60] - [d0362c64-a056-435b-9e26-d9a8a5e95dcd]receive server push request,request=NotifySubscriberRequest,requestId=5
11:08:47.531 [nacos-grpc-client-executor-275] INFO  c.a.n.client.naming - [isChangedServiceInfo,235] - new ips(1) service: DEFAULT_GROUP@@ruoyi-system -> [{"ip":"192.168.0.113","port":9201,"weight":1.0,"healthy":true,"enabled":true,"ephemeral":true,"clusterName":"DEFAULT","serviceName":"DEFAULT_GROUP@@ruoyi-system","metadata":{"preserved.register.source":"SPRING_CLOUD"},"ipDeleteTimeout":30000,"instanceHeartBeatTimeOut":15000,"instanceHeartBeatInterval":5000}]
11:08:47.531 [nacos-grpc-client-executor-275] INFO  c.a.n.client.naming - [processServiceInfo,166] - current ips:(1) service: DEFAULT_GROUP@@ruoyi-system -> [{"ip":"192.168.0.113","port":9201,"weight":1.0,"healthy":true,"enabled":true,"ephemeral":true,"clusterName":"DEFAULT","serviceName":"DEFAULT_GROUP@@ruoyi-system","metadata":{"preserved.register.source":"SPRING_CLOUD"},"ipDeleteTimeout":30000,"instanceHeartBeatTimeOut":15000,"instanceHeartBeatInterval":5000}]
11:08:47.532 [nacos-grpc-client-executor-275] INFO  c.a.n.c.r.client - [printIfInfoEnabled,60] - [d0362c64-a056-435b-9e26-d9a8a5e95dcd]ack server push request,request=NotifySubscriberRequest,requestId=5
15:37:09.021 [nacos-grpc-client-executor-1937] INFO  c.a.n.c.r.client - [printIfInfoEnabled,60] - [d0362c64-a056-435b-9e26-d9a8a5e95dcd]receive server push request,request=ClientDetectionRequest,requestId=7
15:37:09.032 [nacos-grpc-client-executor-1937] INFO  c.a.n.c.r.client - [printIfInfoEnabled,60] - [d0362c64-a056-435b-9e26-d9a8a5e95dcd]ack server push request,request=ClientDetectionRequest,requestId=7
15:37:28.569 [com.alibaba.nacos.client.remote.worker] INFO  c.a.n.c.r.client - [printIfInfoEnabled,60] - [c7c6311d-128e-4eba-bee9-8b639b4b4890_config-0] try to re connect to a new server ,server is  not appointed,will choose a random server.
15:37:28.569 [com.alibaba.nacos.client.remote.worker] INFO  c.a.n.c.r.client - [printIfInfoEnabled,60] - [d0362c64-a056-435b-9e26-d9a8a5e95dcd] try to re connect to a new server ,server is  not appointed,will choose a random server.
15:37:30.512 [lettuce-nioEventLoop-4-1] INFO  i.l.c.p.CommandHandler - [log,217] - null Unexpected exception during request: java.io.IOException: 远程主机强迫关闭了一个现有的连接。
java.io.IOException: 远程主机强迫关闭了一个现有的连接。
	at sun.nio.ch.SocketDispatcher.read0(Native Method)
	at sun.nio.ch.SocketDispatcher.read(SocketDispatcher.java:43)
	at sun.nio.ch.IOUtil.readIntoNativeBuffer(IOUtil.java:223)
	at sun.nio.ch.IOUtil.read(IOUtil.java:192)
	at sun.nio.ch.SocketChannelImpl.read(SocketChannelImpl.java:378)
	at io.netty.buffer.PooledByteBuf.setBytes(PooledByteBuf.java:258)
	at io.netty.buffer.AbstractByteBuf.writeBytes(AbstractByteBuf.java:1132)
	at io.netty.channel.socket.nio.NioSocketChannel.doReadBytes(NioSocketChannel.java:350)
	at io.netty.channel.nio.AbstractNioByteChannel$NioByteUnsafe.read(AbstractNioByteChannel.java:151)
	at io.netty.channel.nio.NioEventLoop.processSelectedKey(NioEventLoop.java:722)
	at io.netty.channel.nio.NioEventLoop.processSelectedKeysOptimized(NioEventLoop.java:658)
	at io.netty.channel.nio.NioEventLoop.processSelectedKeys(NioEventLoop.java:584)
	at io.netty.channel.nio.NioEventLoop.run(NioEventLoop.java:496)
	at io.netty.util.concurrent.SingleThreadEventExecutor$4.run(SingleThreadEventExecutor.java:986)
	at io.netty.util.internal.ThreadExecutorMap$2.run(ThreadExecutorMap.java:74)
	at io.netty.util.concurrent.FastThreadLocalRunnable.run(FastThreadLocalRunnable.java:30)
	at java.lang.Thread.run(Thread.java:750)
15:37:30.512 [lettuce-nioEventLoop-4-2] INFO  i.l.c.p.CommandHandler - [log,217] - null Unexpected exception during request: java.io.IOException: 远程主机强迫关闭了一个现有的连接。
java.io.IOException: 远程主机强迫关闭了一个现有的连接。
	at sun.nio.ch.SocketDispatcher.read0(Native Method)
	at sun.nio.ch.SocketDispatcher.read(SocketDispatcher.java:43)
	at sun.nio.ch.IOUtil.readIntoNativeBuffer(IOUtil.java:223)
	at sun.nio.ch.IOUtil.read(IOUtil.java:192)
	at sun.nio.ch.SocketChannelImpl.read(SocketChannelImpl.java:378)
	at io.netty.buffer.PooledByteBuf.setBytes(PooledByteBuf.java:258)
	at io.netty.buffer.AbstractByteBuf.writeBytes(AbstractByteBuf.java:1132)
	at io.netty.channel.socket.nio.NioSocketChannel.doReadBytes(NioSocketChannel.java:350)
	at io.netty.channel.nio.AbstractNioByteChannel$NioByteUnsafe.read(AbstractNioByteChannel.java:151)
	at io.netty.channel.nio.NioEventLoop.processSelectedKey(NioEventLoop.java:722)
	at io.netty.channel.nio.NioEventLoop.processSelectedKeysOptimized(NioEventLoop.java:658)
	at io.netty.channel.nio.NioEventLoop.processSelectedKeys(NioEventLoop.java:584)
	at io.netty.channel.nio.NioEventLoop.run(NioEventLoop.java:496)
	at io.netty.util.concurrent.SingleThreadEventExecutor$4.run(SingleThreadEventExecutor.java:986)
	at io.netty.util.internal.ThreadExecutorMap$2.run(ThreadExecutorMap.java:74)
	at io.netty.util.concurrent.FastThreadLocalRunnable.run(FastThreadLocalRunnable.java:30)
	at java.lang.Thread.run(Thread.java:750)
15:37:30.601 [lettuce-eventExecutorLoop-1-4] INFO  i.l.c.p.ConnectionWatchdog - [log,171] - Reconnecting, last destination was localhost/127.0.0.1:6379
15:37:30.601 [lettuce-eventExecutorLoop-1-3] INFO  i.l.c.p.ConnectionWatchdog - [log,171] - Reconnecting, last destination was localhost/127.0.0.1:6379
15:37:32.801 [com.alibaba.nacos.client.remote.worker] INFO  c.a.n.c.r.client - [printIfInfoEnabled,60] - [d0362c64-a056-435b-9e26-d9a8a5e95dcd] fail to connect server,after trying 1 times, last try server is {serverIp='127.0.0.1', server main port=8848},error=unknown
15:37:32.810 [com.alibaba.nacos.client.remote.worker] INFO  c.a.n.c.r.client - [printIfInfoEnabled,60] - [c7c6311d-128e-4eba-bee9-8b639b4b4890_config-0] fail to connect server,after trying 1 times, last try server is {serverIp='127.0.0.1', server main port=8848},error=unknown
15:37:35.050 [com.alibaba.nacos.client.remote.worker] INFO  c.a.n.c.r.client - [printIfInfoEnabled,60] - [d0362c64-a056-435b-9e26-d9a8a5e95dcd] fail to connect server,after trying 2 times, last try server is {serverIp='127.0.0.1', server main port=8848},error=unknown
15:37:35.066 [com.alibaba.nacos.client.remote.worker] INFO  c.a.n.c.r.client - [printIfInfoEnabled,60] - [c7c6311d-128e-4eba-bee9-8b639b4b4890_config-0] fail to connect server,after trying 2 times, last try server is {serverIp='127.0.0.1', server main port=8848},error=unknown
15:37:36.899 [lettuce-eventExecutorLoop-1-2] INFO  i.l.c.p.ConnectionWatchdog - [log,171] - Reconnecting, last destination was localhost:6379
15:37:36.899 [lettuce-eventExecutorLoop-1-1] INFO  i.l.c.p.ConnectionWatchdog - [log,171] - Reconnecting, last destination was localhost:6379
15:37:37.391 [com.alibaba.nacos.client.remote.worker] INFO  c.a.n.c.r.client - [printIfInfoEnabled,60] - [d0362c64-a056-435b-9e26-d9a8a5e95dcd] fail to connect server,after trying 3 times, last try server is {serverIp='127.0.0.1', server main port=8848},error=unknown
15:37:37.424 [com.alibaba.nacos.client.remote.worker] INFO  c.a.n.c.r.client - [printIfInfoEnabled,60] - [c7c6311d-128e-4eba-bee9-8b639b4b4890_config-0] fail to connect server,after trying 3 times, last try server is {serverIp='127.0.0.1', server main port=8848},error=unknown
