11:08:36.100 [background-preinit] INFO  o.h.v.i.util.Version - [<clinit>,21] - HV000001: Hibernate Validator 6.2.3.Final
11:08:36.792 [main] INFO  c.a.n.c.c.i.LocalConfigInfoProcessor - [<clinit>,67] - LOCAL_SNAPSHOT_PATH:C:\Users\lujiaxin\nacos\config
11:08:36.796 [main] INFO  c.a.n.c.r.client - [lambda$createClient$0,77] - [RpcClientFactory] create a new rpc client of cb646114-9317-449e-869c-5f4dfd0274e4_config-0
11:08:36.859 [main] INFO  o.r.Reflections - [scan,232] - Reflections took 32 ms to scan 1 urls, producing 3 keys and 6 values 
11:08:36.889 [main] INFO  o.r.Reflections - [scan,232] - Reflections took 12 ms to scan 1 urls, producing 4 keys and 9 values 
11:08:36.905 [main] INFO  o.r.Reflections - [scan,232] - Reflections took 13 ms to scan 1 urls, producing 3 keys and 10 values 
11:08:37.102 [main] INFO  o.r.Reflections - [scan,232] - Reflections took 194 ms to scan 239 urls, producing 0 keys and 0 values 
11:08:37.114 [main] INFO  o.r.Reflections - [scan,232] - Reflections took 11 ms to scan 1 urls, producing 1 keys and 5 values 
11:08:37.127 [main] INFO  o.r.Reflections - [scan,232] - Reflections took 10 ms to scan 1 urls, producing 1 keys and 7 values 
11:08:37.142 [main] INFO  o.r.Reflections - [scan,232] - Reflections took 13 ms to scan 1 urls, producing 2 keys and 8 values 
11:08:37.282 [main] INFO  o.r.Reflections - [scan,232] - Reflections took 136 ms to scan 239 urls, producing 0 keys and 0 values 
11:08:37.284 [main] INFO  c.a.n.c.r.client - [printIfInfoEnabled,60] - [cb646114-9317-449e-869c-5f4dfd0274e4_config-0]RpcClient init label, labels={module=config, Vipserver-Tag=null, source=sdk, Amory-Tag=null, Location-Tag=null, taskId=0, AppName=unknown}
11:08:37.285 [main] INFO  c.a.n.c.r.client - [printIfInfoEnabled,60] - [cb646114-9317-449e-869c-5f4dfd0274e4_config-0]Register server push request handler:com.alibaba.nacos.client.config.impl.ClientWorker$ConfigRpcTransportClient$$Lambda$331/73698537
11:08:37.285 [main] INFO  c.a.n.c.r.client - [printIfInfoEnabled,60] - [cb646114-9317-449e-869c-5f4dfd0274e4_config-0]Register server push request handler:com.alibaba.nacos.client.config.impl.ClientWorker$ConfigRpcTransportClient$$Lambda$332/1453062635
11:08:37.286 [main] INFO  c.a.n.c.r.client - [printIfInfoEnabled,60] - [cb646114-9317-449e-869c-5f4dfd0274e4_config-0]Registry connection listener to current client:com.alibaba.nacos.client.config.impl.ClientWorker$ConfigRpcTransportClient$1
11:08:37.287 [main] INFO  c.a.n.c.r.client - [printIfInfoEnabled,60] - [cb646114-9317-449e-869c-5f4dfd0274e4_config-0]RpcClient init, ServerListFactory =com.alibaba.nacos.client.config.impl.ClientWorker$ConfigRpcTransportClient$2
11:08:37.294 [main] INFO  c.a.n.c.r.client - [printIfInfoEnabled,60] - [cb646114-9317-449e-869c-5f4dfd0274e4_config-0] Try to connect to server on start up, server: {serverIp='127.0.0.1', server main port=8848}
11:08:38.733 [main] INFO  c.a.n.c.r.client - [printIfInfoEnabled,60] - [cb646114-9317-449e-869c-5f4dfd0274e4_config-0] Success to connect to server [127.0.0.1:8848] on start up,connectionId=1663556918491_127.0.0.1_55848
11:08:38.734 [com.alibaba.nacos.client.remote.worker] INFO  c.a.n.c.r.client - [printIfInfoEnabled,60] - [cb646114-9317-449e-869c-5f4dfd0274e4_config-0]Notify connected event to listeners.
11:08:38.734 [main] INFO  c.a.n.c.r.client - [printIfInfoEnabled,60] - [cb646114-9317-449e-869c-5f4dfd0274e4_config-0]Register server push request handler:com.alibaba.nacos.common.remote.client.RpcClient$ConnectResetRequestHandler
11:08:38.734 [com.alibaba.nacos.client.remote.worker] INFO  c.a.n.c.c.i.ClientWorker - [onConnected,681] - [cb646114-9317-449e-869c-5f4dfd0274e4_config-0] Connected,notify listen context...
11:08:38.735 [main] INFO  c.a.n.c.r.client - [printIfInfoEnabled,60] - [cb646114-9317-449e-869c-5f4dfd0274e4_config-0]Register server push request handler:com.alibaba.nacos.common.remote.client.RpcClient$4
11:08:38.787 [main] INFO  c.a.n.c.c.i.Limiter - [<clinit>,56] - limitTime:5.0
11:08:38.807 [main] INFO  c.a.n.c.c.u.JvmUtil - [<clinit>,53] - isMultiInstance:false
11:08:38.840 [main] INFO  c.r.s.RuoYiSystemApplication - [logStartupProfileInfo,646] - The following 1 profile is active: "dev"
11:08:41.157 [main] INFO  o.a.c.h.Http11NioProtocol - [log,173] - Initializing ProtocolHandler ["http-nio-9201"]
11:08:41.158 [main] INFO  o.a.c.c.StandardService - [log,173] - Starting service [Tomcat]
11:08:41.158 [main] INFO  o.a.c.c.StandardEngine - [log,173] - Starting Servlet engine: [Apache Tomcat/9.0.60]
11:08:41.374 [main] INFO  o.a.c.c.C.[.[.[/] - [log,173] - Initializing Spring embedded WebApplicationContext
11:08:42.569 [main] INFO  c.a.d.p.DruidDataSource - [init,998] - {dataSource-1,master} inited
11:08:42.570 [main] INFO  c.b.d.d.DynamicRoutingDataSource - [addDataSource,148] - dynamic-datasource - add a datasource named [master] success
11:08:42.570 [main] INFO  c.b.d.d.DynamicRoutingDataSource - [afterPropertiesSet,228] - dynamic-datasource initial loaded [1] datasource,primary datasource named [master]
11:08:45.472 [main] INFO  c.a.n.client.naming - [initNamespaceForNaming,63] - initializer namespace from System Property : null
11:08:45.474 [main] INFO  c.a.n.client.naming - [call,69] - initializer namespace from System Environment :null
11:08:45.474 [main] INFO  c.a.n.client.naming - [call,79] - initializer namespace from System Property :null
11:08:45.494 [main] INFO  c.a.n.c.r.client - [lambda$createClient$0,77] - [RpcClientFactory] create a new rpc client of 15cbac79-39e3-4724-8326-8d0679aaf41d
11:08:45.494 [main] INFO  c.a.n.c.r.client - [printIfInfoEnabled,60] - [15cbac79-39e3-4724-8326-8d0679aaf41d]RpcClient init label, labels={module=naming, source=sdk}
11:08:45.498 [main] INFO  c.a.n.c.r.client - [printIfInfoEnabled,60] - [15cbac79-39e3-4724-8326-8d0679aaf41d]RpcClient init, ServerListFactory =com.alibaba.nacos.client.naming.core.ServerListManager
11:08:45.498 [main] INFO  c.a.n.c.r.client - [printIfInfoEnabled,60] - [15cbac79-39e3-4724-8326-8d0679aaf41d]Registry connection listener to current client:com.alibaba.nacos.client.naming.remote.gprc.redo.NamingGrpcRedoService
11:08:45.499 [main] INFO  c.a.n.c.r.client - [printIfInfoEnabled,60] - [15cbac79-39e3-4724-8326-8d0679aaf41d]Register server push request handler:com.alibaba.nacos.client.naming.remote.gprc.NamingPushRequestHandler
11:08:45.500 [main] INFO  c.a.n.c.r.client - [printIfInfoEnabled,60] - [15cbac79-39e3-4724-8326-8d0679aaf41d] Try to connect to server on start up, server: {serverIp='127.0.0.1', server main port=8848}
11:08:45.618 [main] INFO  c.a.n.c.r.client - [printIfInfoEnabled,60] - [15cbac79-39e3-4724-8326-8d0679aaf41d] Success to connect to server [127.0.0.1:8848] on start up,connectionId=1663556925506_127.0.0.1_55875
11:08:45.619 [com.alibaba.nacos.client.remote.worker] INFO  c.a.n.c.r.client - [printIfInfoEnabled,60] - [15cbac79-39e3-4724-8326-8d0679aaf41d]Notify connected event to listeners.
11:08:45.619 [com.alibaba.nacos.client.remote.worker] INFO  c.a.n.client.naming - [onConnected,76] - Grpc connection connect
11:08:45.618 [main] INFO  c.a.n.c.r.client - [printIfInfoEnabled,60] - [15cbac79-39e3-4724-8326-8d0679aaf41d]Register server push request handler:com.alibaba.nacos.common.remote.client.RpcClient$ConnectResetRequestHandler
11:08:45.619 [main] INFO  c.a.n.c.r.client - [printIfInfoEnabled,60] - [15cbac79-39e3-4724-8326-8d0679aaf41d]Register server push request handler:com.alibaba.nacos.common.remote.client.RpcClient$4
11:08:47.038 [main] INFO  c.a.n.client.naming - [isChangedServiceInfo,181] - init new ips(0) service: DEFAULT_GROUP@@ruoyi-system@@DEFAULT -> []
11:08:47.047 [main] INFO  c.a.n.client.naming - [processServiceInfo,166] - current ips:(0) service: DEFAULT_GROUP@@ruoyi-system@@DEFAULT -> []
11:08:47.052 [main] INFO  o.a.c.h.Http11NioProtocol - [log,173] - Starting ProtocolHandler ["http-nio-9201"]
11:08:47.071 [main] INFO  c.a.n.client.naming - [registerService,112] - [REGISTER-SERVICE] public registering service ruoyi-system with instance Instance{instanceId='null', ip='192.168.0.113', port=9201, weight=1.0, healthy=true, enabled=true, ephemeral=true, clusterName='DEFAULT', serviceName='null', metadata={preserved.register.source=SPRING_CLOUD}}
11:08:47.076 [main] INFO  c.a.c.n.r.NacosServiceRegistry - [register,75] - nacos registry, DEFAULT_GROUP ruoyi-system 192.168.0.113:9201 register finished
11:08:47.544 [nacos-grpc-client-executor-7] INFO  c.a.n.c.r.client - [printIfInfoEnabled,60] - [15cbac79-39e3-4724-8326-8d0679aaf41d]receive server push request,request=NotifySubscriberRequest,requestId=4
11:08:47.547 [nacos-grpc-client-executor-7] INFO  c.a.n.client.naming - [isChangedServiceInfo,181] - init new ips(1) service: DEFAULT_GROUP@@ruoyi-system -> [{"ip":"192.168.0.113","port":9201,"weight":1.0,"healthy":true,"enabled":true,"ephemeral":true,"clusterName":"DEFAULT","serviceName":"DEFAULT_GROUP@@ruoyi-system","metadata":{"preserved.register.source":"SPRING_CLOUD"},"instanceHeartBeatInterval":5000,"ipDeleteTimeout":30000,"instanceHeartBeatTimeOut":15000}]
11:08:47.548 [nacos-grpc-client-executor-7] INFO  c.a.n.client.naming - [processServiceInfo,166] - current ips:(1) service: DEFAULT_GROUP@@ruoyi-system -> [{"ip":"192.168.0.113","port":9201,"weight":1.0,"healthy":true,"enabled":true,"ephemeral":true,"clusterName":"DEFAULT","serviceName":"DEFAULT_GROUP@@ruoyi-system","metadata":{"preserved.register.source":"SPRING_CLOUD"},"instanceHeartBeatInterval":5000,"ipDeleteTimeout":30000,"instanceHeartBeatTimeOut":15000}]
11:08:47.549 [nacos-grpc-client-executor-7] INFO  c.a.n.c.r.client - [printIfInfoEnabled,60] - [15cbac79-39e3-4724-8326-8d0679aaf41d]ack server push request,request=NotifySubscriberRequest,requestId=4
11:08:47.787 [main] INFO  c.r.s.RuoYiSystemApplication - [logStarted,61] - Started RuoYiSystemApplication in 12.361 seconds (JVM running for 13.518)
11:08:47.796 [main] INFO  c.a.n.c.c.i.ClientWorker - [addCacheDataIfAbsent,384] - [config_rpc_client] [subscribe] ruoyi-system+DEFAULT_GROUP
11:08:47.797 [main] INFO  c.a.n.c.c.i.CacheData - [addListener,173] - [config_rpc_client] [add-listener] ok, tenant=, dataId=ruoyi-system, group=DEFAULT_GROUP, cnt=1
11:08:47.798 [main] INFO  c.a.n.c.c.i.ClientWorker - [addCacheDataIfAbsent,384] - [config_rpc_client] [subscribe] ruoyi-system.yml+DEFAULT_GROUP
11:08:47.798 [main] INFO  c.a.n.c.c.i.CacheData - [addListener,173] - [config_rpc_client] [add-listener] ok, tenant=, dataId=ruoyi-system.yml, group=DEFAULT_GROUP, cnt=1
11:08:47.798 [main] INFO  c.a.n.c.c.i.ClientWorker - [addCacheDataIfAbsent,384] - [config_rpc_client] [subscribe] ruoyi-system-dev.yml+DEFAULT_GROUP
11:08:47.799 [main] INFO  c.a.n.c.c.i.CacheData - [addListener,173] - [config_rpc_client] [add-listener] ok, tenant=, dataId=ruoyi-system-dev.yml, group=DEFAULT_GROUP, cnt=1
11:08:48.038 [com.alibaba.nacos.client.naming.updater.0] INFO  c.a.n.client.naming - [isChangedServiceInfo,235] - new ips(1) service: DEFAULT_GROUP@@ruoyi-system@@DEFAULT -> [{"ip":"192.168.0.113","port":9201,"weight":1.0,"healthy":true,"enabled":true,"ephemeral":true,"clusterName":"DEFAULT","serviceName":"DEFAULT_GROUP@@ruoyi-system","metadata":{"preserved.register.source":"SPRING_CLOUD"},"instanceHeartBeatInterval":5000,"ipDeleteTimeout":30000,"instanceHeartBeatTimeOut":15000}]
11:08:48.039 [com.alibaba.nacos.client.naming.updater.0] INFO  c.a.n.client.naming - [processServiceInfo,166] - current ips:(1) service: DEFAULT_GROUP@@ruoyi-system@@DEFAULT -> [{"ip":"192.168.0.113","port":9201,"weight":1.0,"healthy":true,"enabled":true,"ephemeral":true,"clusterName":"DEFAULT","serviceName":"DEFAULT_GROUP@@ruoyi-system","metadata":{"preserved.register.source":"SPRING_CLOUD"},"instanceHeartBeatInterval":5000,"ipDeleteTimeout":30000,"instanceHeartBeatTimeOut":15000}]
11:08:48.233 [RMI TCP Connection(1)-192.168.0.113] INFO  o.a.c.c.C.[.[.[/] - [log,173] - Initializing Spring DispatcherServlet 'dispatcherServlet'
15:37:28.601 [com.alibaba.nacos.client.remote.worker] INFO  c.a.n.c.r.client - [printIfInfoEnabled,60] - [15cbac79-39e3-4724-8326-8d0679aaf41d] try to re connect to a new server ,server is  not appointed,will choose a random server.
15:37:28.601 [com.alibaba.nacos.client.remote.worker] INFO  c.a.n.c.r.client - [printIfInfoEnabled,60] - [cb646114-9317-449e-869c-5f4dfd0274e4_config-0] try to re connect to a new server ,server is  not appointed,will choose a random server.
15:37:30.521 [lettuce-nioEventLoop-4-1] INFO  i.l.c.p.CommandHandler - [log,217] - null Unexpected exception during request: java.io.IOException: 远程主机强迫关闭了一个现有的连接。
java.io.IOException: 远程主机强迫关闭了一个现有的连接。
	at sun.nio.ch.SocketDispatcher.read0(Native Method)
	at sun.nio.ch.SocketDispatcher.read(SocketDispatcher.java:43)
	at sun.nio.ch.IOUtil.readIntoNativeBuffer(IOUtil.java:223)
	at sun.nio.ch.IOUtil.read(IOUtil.java:192)
	at sun.nio.ch.SocketChannelImpl.read(SocketChannelImpl.java:378)
	at io.netty.buffer.PooledByteBuf.setBytes(PooledByteBuf.java:258)
	at io.netty.buffer.AbstractByteBuf.writeBytes(AbstractByteBuf.java:1132)
	at io.netty.channel.socket.nio.NioSocketChannel.doReadBytes(NioSocketChannel.java:350)
	at io.netty.channel.nio.AbstractNioByteChannel$NioByteUnsafe.read(AbstractNioByteChannel.java:151)
	at io.netty.channel.nio.NioEventLoop.processSelectedKey(NioEventLoop.java:722)
	at io.netty.channel.nio.NioEventLoop.processSelectedKeysOptimized(NioEventLoop.java:658)
	at io.netty.channel.nio.NioEventLoop.processSelectedKeys(NioEventLoop.java:584)
	at io.netty.channel.nio.NioEventLoop.run(NioEventLoop.java:496)
	at io.netty.util.concurrent.SingleThreadEventExecutor$4.run(SingleThreadEventExecutor.java:986)
	at io.netty.util.internal.ThreadExecutorMap$2.run(ThreadExecutorMap.java:74)
	at io.netty.util.concurrent.FastThreadLocalRunnable.run(FastThreadLocalRunnable.java:30)
	at java.lang.Thread.run(Thread.java:750)
15:37:30.521 [lettuce-nioEventLoop-4-2] INFO  i.l.c.p.CommandHandler - [log,217] - null Unexpected exception during request: java.io.IOException: 远程主机强迫关闭了一个现有的连接。
java.io.IOException: 远程主机强迫关闭了一个现有的连接。
	at sun.nio.ch.SocketDispatcher.read0(Native Method)
	at sun.nio.ch.SocketDispatcher.read(SocketDispatcher.java:43)
	at sun.nio.ch.IOUtil.readIntoNativeBuffer(IOUtil.java:223)
	at sun.nio.ch.IOUtil.read(IOUtil.java:192)
	at sun.nio.ch.SocketChannelImpl.read(SocketChannelImpl.java:378)
	at io.netty.buffer.PooledByteBuf.setBytes(PooledByteBuf.java:258)
	at io.netty.buffer.AbstractByteBuf.writeBytes(AbstractByteBuf.java:1132)
	at io.netty.channel.socket.nio.NioSocketChannel.doReadBytes(NioSocketChannel.java:350)
	at io.netty.channel.nio.AbstractNioByteChannel$NioByteUnsafe.read(AbstractNioByteChannel.java:151)
	at io.netty.channel.nio.NioEventLoop.processSelectedKey(NioEventLoop.java:722)
	at io.netty.channel.nio.NioEventLoop.processSelectedKeysOptimized(NioEventLoop.java:658)
	at io.netty.channel.nio.NioEventLoop.processSelectedKeys(NioEventLoop.java:584)
	at io.netty.channel.nio.NioEventLoop.run(NioEventLoop.java:496)
	at io.netty.util.concurrent.SingleThreadEventExecutor$4.run(SingleThreadEventExecutor.java:986)
	at io.netty.util.internal.ThreadExecutorMap$2.run(ThreadExecutorMap.java:74)
	at io.netty.util.concurrent.FastThreadLocalRunnable.run(FastThreadLocalRunnable.java:30)
	at java.lang.Thread.run(Thread.java:750)
15:37:30.576 [lettuce-eventExecutorLoop-1-1] INFO  i.l.c.p.ConnectionWatchdog - [log,171] - Reconnecting, last destination was localhost/127.0.0.1:6379
15:37:30.576 [lettuce-eventExecutorLoop-1-8] INFO  i.l.c.p.ConnectionWatchdog - [log,171] - Reconnecting, last destination was localhost/127.0.0.1:6379
15:37:32.848 [com.alibaba.nacos.client.remote.worker] INFO  c.a.n.c.r.client - [printIfInfoEnabled,60] - [cb646114-9317-449e-869c-5f4dfd0274e4_config-0] fail to connect server,after trying 1 times, last try server is {serverIp='127.0.0.1', server main port=8848},error=unknown
15:37:32.849 [com.alibaba.nacos.client.remote.worker] INFO  c.a.n.c.r.client - [printIfInfoEnabled,60] - [15cbac79-39e3-4724-8326-8d0679aaf41d] fail to connect server,after trying 1 times, last try server is {serverIp='127.0.0.1', server main port=8848},error=unknown
15:37:35.116 [com.alibaba.nacos.client.remote.worker] INFO  c.a.n.c.r.client - [printIfInfoEnabled,60] - [15cbac79-39e3-4724-8326-8d0679aaf41d] fail to connect server,after trying 2 times, last try server is {serverIp='127.0.0.1', server main port=8848},error=unknown
15:37:35.116 [com.alibaba.nacos.client.remote.worker] INFO  c.a.n.c.r.client - [printIfInfoEnabled,60] - [cb646114-9317-449e-869c-5f4dfd0274e4_config-0] fail to connect server,after trying 2 times, last try server is {serverIp='127.0.0.1', server main port=8848},error=unknown
15:37:36.875 [lettuce-eventExecutorLoop-1-6] INFO  i.l.c.p.ConnectionWatchdog - [log,171] - Reconnecting, last destination was localhost:6379
15:37:36.875 [lettuce-eventExecutorLoop-1-7] INFO  i.l.c.p.ConnectionWatchdog - [log,171] - Reconnecting, last destination was localhost:6379
15:37:37.514 [com.alibaba.nacos.client.remote.worker] INFO  c.a.n.c.r.client - [printIfInfoEnabled,60] - [15cbac79-39e3-4724-8326-8d0679aaf41d] fail to connect server,after trying 3 times, last try server is {serverIp='127.0.0.1', server main port=8848},error=unknown
15:37:37.514 [com.alibaba.nacos.client.remote.worker] INFO  c.a.n.c.r.client - [printIfInfoEnabled,60] - [cb646114-9317-449e-869c-5f4dfd0274e4_config-0] fail to connect server,after trying 3 times, last try server is {serverIp='127.0.0.1', server main port=8848},error=unknown
