17:27:31.842 [background-preinit] INFO  o.h.v.i.util.Version - [<clinit>,21] - HV000001: Hibernate Validator 6.2.0.Final
17:27:32.495 [main] INFO  c.a.n.c.c.i.LocalConfigInfoProcessor - [<clinit>,67] - LOCAL_SNAPSHOT_PATH:C:\Users\lujiaxin\nacos\config
17:27:32.498 [main] INFO  c.a.n.c.r.client - [lambda$createClient$0,77] - [RpcClientFactory] create a new rpc client of 778cd3f2-a5f8-4b43-b5b9-8c3688757fe2_config-0
17:27:32.541 [main] INFO  o.r.Reflections - [scan,232] - Reflections took 28 ms to scan 1 urls, producing 3 keys and 6 values 
17:27:32.566 [main] INFO  o.r.Reflections - [scan,232] - Reflections took 13 ms to scan 1 urls, producing 4 keys and 9 values 
17:27:32.579 [main] INFO  o.r.Reflections - [scan,232] - Reflections took 11 ms to scan 1 urls, producing 3 keys and 10 values 
17:27:32.746 [main] INFO  o.r.Reflections - [scan,232] - Reflections took 163 ms to scan 195 urls, producing 0 keys and 0 values 
17:27:32.756 [main] INFO  o.r.Reflections - [scan,232] - Reflections took 9 ms to scan 1 urls, producing 1 keys and 5 values 
17:27:32.767 [main] INFO  o.r.Reflections - [scan,232] - Reflections took 9 ms to scan 1 urls, producing 1 keys and 7 values 
17:27:32.779 [main] INFO  o.r.Reflections - [scan,232] - Reflections took 9 ms to scan 1 urls, producing 2 keys and 8 values 
17:27:32.915 [main] INFO  o.r.Reflections - [scan,232] - Reflections took 134 ms to scan 195 urls, producing 0 keys and 0 values 
17:27:32.915 [main] INFO  c.a.n.c.r.client - [printIfInfoEnabled,60] - [778cd3f2-a5f8-4b43-b5b9-8c3688757fe2_config-0]RpcClient init label, labels={module=config, Vipserver-Tag=null, source=sdk, Amory-Tag=null, Location-Tag=null, taskId=0, AppName=unknown}
17:27:32.916 [main] INFO  c.a.n.c.r.client - [printIfInfoEnabled,60] - [778cd3f2-a5f8-4b43-b5b9-8c3688757fe2_config-0]Register server push request handler:com.alibaba.nacos.client.config.impl.ClientWorker$ConfigRpcTransportClient$$Lambda$329/1155757579
17:27:32.916 [main] INFO  c.a.n.c.r.client - [printIfInfoEnabled,60] - [778cd3f2-a5f8-4b43-b5b9-8c3688757fe2_config-0]Register server push request handler:com.alibaba.nacos.client.config.impl.ClientWorker$ConfigRpcTransportClient$$Lambda$330/1785111044
17:27:32.917 [main] INFO  c.a.n.c.r.client - [printIfInfoEnabled,60] - [778cd3f2-a5f8-4b43-b5b9-8c3688757fe2_config-0]Registry connection listener to current client:com.alibaba.nacos.client.config.impl.ClientWorker$ConfigRpcTransportClient$1
17:27:32.917 [main] INFO  c.a.n.c.r.client - [printIfInfoEnabled,60] - [778cd3f2-a5f8-4b43-b5b9-8c3688757fe2_config-0]RpcClient init, ServerListFactory =com.alibaba.nacos.client.config.impl.ClientWorker$ConfigRpcTransportClient$2
17:27:32.923 [main] INFO  c.a.n.c.r.client - [printIfInfoEnabled,60] - [778cd3f2-a5f8-4b43-b5b9-8c3688757fe2_config-0] Try to connect to server on start up, server: {serverIp='127.0.0.1', server main port=8848}
17:27:33.916 [main] INFO  c.a.n.c.r.client - [printIfInfoEnabled,60] - [778cd3f2-a5f8-4b43-b5b9-8c3688757fe2_config-0] Success to connect to server [127.0.0.1:8848] on start up,connectionId=1663147653685_127.0.0.1_58655
17:27:33.917 [com.alibaba.nacos.client.remote.worker] INFO  c.a.n.c.r.client - [printIfInfoEnabled,60] - [778cd3f2-a5f8-4b43-b5b9-8c3688757fe2_config-0]Notify connected event to listeners.
17:27:33.917 [com.alibaba.nacos.client.remote.worker] INFO  c.a.n.c.c.i.ClientWorker - [onConnected,681] - [778cd3f2-a5f8-4b43-b5b9-8c3688757fe2_config-0] Connected,notify listen context...
17:27:33.917 [main] INFO  c.a.n.c.r.client - [printIfInfoEnabled,60] - [778cd3f2-a5f8-4b43-b5b9-8c3688757fe2_config-0]Register server push request handler:com.alibaba.nacos.common.remote.client.RpcClient$ConnectResetRequestHandler
17:27:33.918 [main] INFO  c.a.n.c.r.client - [printIfInfoEnabled,60] - [778cd3f2-a5f8-4b43-b5b9-8c3688757fe2_config-0]Register server push request handler:com.alibaba.nacos.common.remote.client.RpcClient$4
17:27:33.962 [main] INFO  c.a.n.c.c.i.Limiter - [<clinit>,56] - limitTime:5.0
17:27:33.977 [main] INFO  c.a.n.c.c.u.JvmUtil - [<clinit>,53] - isMultiInstance:false
17:27:34.007 [main] INFO  c.r.g.RuoYiGenApplication - [logStartupProfileInfo,639] - The following profiles are active: dev
17:27:36.076 [main] INFO  o.a.c.h.Http11NioProtocol - [log,173] - Initializing ProtocolHandler ["http-nio-9202"]
17:27:36.077 [main] INFO  o.a.c.c.StandardService - [log,173] - Starting service [Tomcat]
17:27:36.077 [main] INFO  o.a.c.c.StandardEngine - [log,173] - Starting Servlet engine: [Apache Tomcat/9.0.56]
17:27:36.184 [main] INFO  o.a.c.c.C.[.[.[/] - [log,173] - Initializing Spring embedded WebApplicationContext
17:27:37.774 [main] INFO  c.a.n.client.naming - [initNamespaceForNaming,63] - initializer namespace from System Property : null
17:27:37.775 [main] INFO  c.a.n.client.naming - [call,69] - initializer namespace from System Environment :null
17:27:37.776 [main] INFO  c.a.n.client.naming - [call,79] - initializer namespace from System Property :null
17:27:37.791 [main] INFO  c.a.n.c.r.client - [lambda$createClient$0,77] - [RpcClientFactory] create a new rpc client of 3291a48b-d2ef-4588-adf5-33a3aa0687df
17:27:37.791 [main] INFO  c.a.n.c.r.client - [printIfInfoEnabled,60] - [3291a48b-d2ef-4588-adf5-33a3aa0687df]RpcClient init label, labels={module=naming, source=sdk}
17:27:37.793 [main] INFO  c.a.n.c.r.client - [printIfInfoEnabled,60] - [3291a48b-d2ef-4588-adf5-33a3aa0687df]RpcClient init, ServerListFactory =com.alibaba.nacos.client.naming.core.ServerListManager
17:27:37.794 [main] INFO  c.a.n.c.r.client - [printIfInfoEnabled,60] - [3291a48b-d2ef-4588-adf5-33a3aa0687df]Registry connection listener to current client:com.alibaba.nacos.client.naming.remote.gprc.redo.NamingGrpcRedoService
17:27:37.795 [main] INFO  c.a.n.c.r.client - [printIfInfoEnabled,60] - [3291a48b-d2ef-4588-adf5-33a3aa0687df]Register server push request handler:com.alibaba.nacos.client.naming.remote.gprc.NamingPushRequestHandler
17:27:37.796 [main] INFO  c.a.n.c.r.client - [printIfInfoEnabled,60] - [3291a48b-d2ef-4588-adf5-33a3aa0687df] Try to connect to server on start up, server: {serverIp='127.0.0.1', server main port=8848}
17:27:37.912 [main] INFO  c.a.n.c.r.client - [printIfInfoEnabled,60] - [3291a48b-d2ef-4588-adf5-33a3aa0687df] Success to connect to server [127.0.0.1:8848] on start up,connectionId=1663147657803_127.0.0.1_58660
17:27:37.915 [com.alibaba.nacos.client.remote.worker] INFO  c.a.n.c.r.client - [printIfInfoEnabled,60] - [3291a48b-d2ef-4588-adf5-33a3aa0687df]Notify connected event to listeners.
17:27:37.915 [com.alibaba.nacos.client.remote.worker] INFO  c.a.n.client.naming - [onConnected,76] - Grpc connection connect
17:27:37.914 [main] INFO  c.a.n.c.r.client - [printIfInfoEnabled,60] - [3291a48b-d2ef-4588-adf5-33a3aa0687df]Register server push request handler:com.alibaba.nacos.common.remote.client.RpcClient$ConnectResetRequestHandler
17:27:37.916 [main] INFO  c.a.n.c.r.client - [printIfInfoEnabled,60] - [3291a48b-d2ef-4588-adf5-33a3aa0687df]Register server push request handler:com.alibaba.nacos.common.remote.client.RpcClient$4
17:27:39.713 [main] INFO  c.a.n.client.naming - [isChangedServiceInfo,181] - init new ips(0) service: DEFAULT_GROUP@@ruoyi-gen@@DEFAULT -> []
17:27:39.720 [main] INFO  c.a.n.client.naming - [processServiceInfo,166] - current ips:(0) service: DEFAULT_GROUP@@ruoyi-gen@@DEFAULT -> []
17:27:39.731 [main] INFO  o.a.c.h.Http11NioProtocol - [log,173] - Starting ProtocolHandler ["http-nio-9202"]
17:27:39.747 [main] INFO  c.a.n.client.naming - [registerService,112] - [REGISTER-SERVICE] public registering service ruoyi-gen with instance Instance{instanceId='null', ip='192.168.0.103', port=9202, weight=1.0, healthy=true, enabled=true, ephemeral=true, clusterName='DEFAULT', serviceName='null', metadata={preserved.register.source=SPRING_CLOUD}}
17:27:39.753 [main] INFO  c.a.c.n.r.NacosServiceRegistry - [register,75] - nacos registry, DEFAULT_GROUP ruoyi-gen 192.168.0.103:9202 register finished
17:27:40.191 [main] INFO  c.r.g.RuoYiGenApplication - [logStarted,61] - Started RuoYiGenApplication in 8.995 seconds (JVM running for 10.112)
17:27:40.200 [main] INFO  c.a.n.c.c.i.ClientWorker - [addCacheDataIfAbsent,384] - [config_rpc_client] [subscribe] ruoyi-gen+DEFAULT_GROUP
17:27:40.201 [main] INFO  c.a.n.c.c.i.CacheData - [addListener,173] - [config_rpc_client] [add-listener] ok, tenant=, dataId=ruoyi-gen, group=DEFAULT_GROUP, cnt=1
17:27:40.202 [main] INFO  c.a.n.c.c.i.ClientWorker - [addCacheDataIfAbsent,384] - [config_rpc_client] [subscribe] ruoyi-gen-dev.yml+DEFAULT_GROUP
17:27:40.202 [main] INFO  c.a.n.c.c.i.CacheData - [addListener,173] - [config_rpc_client] [add-listener] ok, tenant=, dataId=ruoyi-gen-dev.yml, group=DEFAULT_GROUP, cnt=1
17:27:40.202 [main] INFO  c.a.n.c.c.i.ClientWorker - [addCacheDataIfAbsent,384] - [config_rpc_client] [subscribe] ruoyi-gen.yml+DEFAULT_GROUP
17:27:40.203 [main] INFO  c.a.n.c.c.i.CacheData - [addListener,173] - [config_rpc_client] [add-listener] ok, tenant=, dataId=ruoyi-gen.yml, group=DEFAULT_GROUP, cnt=1
17:27:40.280 [nacos-grpc-client-executor-7] INFO  c.a.n.c.r.client - [printIfInfoEnabled,60] - [3291a48b-d2ef-4588-adf5-33a3aa0687df]receive server push request,request=NotifySubscriberRequest,requestId=9
17:27:40.283 [nacos-grpc-client-executor-7] INFO  c.a.n.client.naming - [isChangedServiceInfo,181] - init new ips(1) service: DEFAULT_GROUP@@ruoyi-gen -> [{"ip":"192.168.0.103","port":9202,"weight":1.0,"healthy":true,"enabled":true,"ephemeral":true,"clusterName":"DEFAULT","serviceName":"DEFAULT_GROUP@@ruoyi-gen","metadata":{"preserved.register.source":"SPRING_CLOUD"},"instanceHeartBeatInterval":5000,"instanceHeartBeatTimeOut":15000,"ipDeleteTimeout":30000}]
17:27:40.283 [nacos-grpc-client-executor-7] INFO  c.a.n.client.naming - [processServiceInfo,166] - current ips:(1) service: DEFAULT_GROUP@@ruoyi-gen -> [{"ip":"192.168.0.103","port":9202,"weight":1.0,"healthy":true,"enabled":true,"ephemeral":true,"clusterName":"DEFAULT","serviceName":"DEFAULT_GROUP@@ruoyi-gen","metadata":{"preserved.register.source":"SPRING_CLOUD"},"instanceHeartBeatInterval":5000,"instanceHeartBeatTimeOut":15000,"ipDeleteTimeout":30000}]
17:27:40.284 [nacos-grpc-client-executor-7] INFO  c.a.n.c.r.client - [printIfInfoEnabled,60] - [3291a48b-d2ef-4588-adf5-33a3aa0687df]ack server push request,request=NotifySubscriberRequest,requestId=9
17:27:40.744 [com.alibaba.nacos.client.naming.updater.0] INFO  c.a.n.client.naming - [isChangedServiceInfo,235] - new ips(1) service: DEFAULT_GROUP@@ruoyi-gen@@DEFAULT -> [{"ip":"192.168.0.103","port":9202,"weight":1.0,"healthy":true,"enabled":true,"ephemeral":true,"clusterName":"DEFAULT","serviceName":"DEFAULT_GROUP@@ruoyi-gen","metadata":{"preserved.register.source":"SPRING_CLOUD"},"instanceHeartBeatInterval":5000,"instanceHeartBeatTimeOut":15000,"ipDeleteTimeout":30000}]
17:27:40.744 [com.alibaba.nacos.client.naming.updater.0] INFO  c.a.n.client.naming - [processServiceInfo,166] - current ips:(1) service: DEFAULT_GROUP@@ruoyi-gen@@DEFAULT -> [{"ip":"192.168.0.103","port":9202,"weight":1.0,"healthy":true,"enabled":true,"ephemeral":true,"clusterName":"DEFAULT","serviceName":"DEFAULT_GROUP@@ruoyi-gen","metadata":{"preserved.register.source":"SPRING_CLOUD"},"instanceHeartBeatInterval":5000,"instanceHeartBeatTimeOut":15000,"ipDeleteTimeout":30000}]
17:27:40.872 [RMI TCP Connection(5)-192.168.0.103] INFO  o.a.c.c.C.[.[.[/] - [log,173] - Initializing Spring DispatcherServlet 'dispatcherServlet'
17:27:40.975 [RMI TCP Connection(4)-192.168.0.103] INFO  c.z.h.HikariDataSource - [getConnection,110] - HikariPool-1 - Starting...
17:37:34.301 [nacos-grpc-client-executor-135] INFO  c.a.n.c.r.client - [printIfInfoEnabled,60] - [778cd3f2-a5f8-4b43-b5b9-8c3688757fe2_config-0]receive server push request,request=ConfigChangeNotifyRequest,requestId=19
17:37:34.301 [nacos-grpc-client-executor-135] INFO  c.a.n.c.c.i.ClientWorker - [lambda$initRpcClientHandler$0,647] - [778cd3f2-a5f8-4b43-b5b9-8c3688757fe2_config-0] [server-push] config changed. dataId=ruoyi-gen-dev.yml, group=DEFAULT_GROUP,tenant=null
17:37:34.303 [nacos-grpc-client-executor-135] INFO  c.a.n.c.r.client - [printIfInfoEnabled,60] - [778cd3f2-a5f8-4b43-b5b9-8c3688757fe2_config-0]ack server push request,request=ConfigChangeNotifyRequest,requestId=19
17:37:34.334 [com.alibaba.nacos.client.Worker] INFO  c.a.n.c.c.i.ClientWorker - [refreshContentAndCheck,493] - [config_rpc_client] [data-received] dataId=ruoyi-gen-dev.yml, group=DEFAULT_GROUP, tenant=, md5=df33dde901d39ca660c3d2f745ea8a27, content=# spring配置
spring: 
  redis:
    host: localhost
    port: 6379
    password: 
  datasource: 
    dr..., type=yaml
17:37:34.336 [com.alibaba.nacos.client.Worker] INFO  c.a.n.c.c.i.CacheData - [safeNotifyListener,362] - [config_rpc_client] [notify-listener] time cost=1ms in ClientWorker, dataId=ruoyi-gen-dev.yml, group=DEFAULT_GROUP, md5=df33dde901d39ca660c3d2f745ea8a27, listener=com.alibaba.cloud.nacos.refresh.NacosContextRefresher$1@610a2787 
17:37:34.336 [nacos.client.cachedata.internal.notifier] INFO  c.a.n.c.c.i.CacheData - [run,297] - [config_rpc_client] [notify-context] dataId=ruoyi-gen-dev.yml, group=DEFAULT_GROUP, md5=df33dde901d39ca660c3d2f745ea8a27
17:37:34.861 [nacos.client.cachedata.internal.notifier] INFO  c.a.n.c.c.i.CacheData - [run,323] - [config_rpc_client] [notify-ok] dataId=ruoyi-gen-dev.yml, group=DEFAULT_GROUP, md5=df33dde901d39ca660c3d2f745ea8a27, listener=com.alibaba.cloud.nacos.refresh.NacosContextRefresher$1@610a2787 ,cost=525 millis.
19:03:34.955 [nacos-grpc-client-executor-638] INFO  c.a.n.c.r.client - [printIfInfoEnabled,60] - [3291a48b-d2ef-4588-adf5-33a3aa0687df]receive server push request,request=ClientDetectionRequest,requestId=20
19:03:34.961 [nacos-grpc-client-executor-638] INFO  c.a.n.c.r.client - [printIfInfoEnabled,60] - [3291a48b-d2ef-4588-adf5-33a3aa0687df]ack server push request,request=ClientDetectionRequest,requestId=20
19:03:34.954 [nacos-grpc-client-executor-653] INFO  c.a.n.c.r.client - [printIfInfoEnabled,60] - [778cd3f2-a5f8-4b43-b5b9-8c3688757fe2_config-0]receive server push request,request=ClientDetectionRequest,requestId=21
19:03:34.979 [nacos-grpc-client-executor-653] INFO  c.a.n.c.r.client - [printIfInfoEnabled,60] - [778cd3f2-a5f8-4b43-b5b9-8c3688757fe2_config-0]ack server push request,request=ClientDetectionRequest,requestId=21
19:48:15.562 [http-nio-9202-exec-1] INFO  c.z.h.HikariDataSource - [getConnection,110] - HikariPool-1 - Starting...
19:48:33.058 [http-nio-9202-exec-4] INFO  c.z.h.HikariDataSource - [getConnection,110] - HikariPool-1 - Starting...
19:48:53.051 [http-nio-9202-exec-5] INFO  c.z.h.HikariDataSource - [getConnection,110] - HikariPool-1 - Starting...
19:49:13.034 [http-nio-9202-exec-6] INFO  c.z.h.HikariDataSource - [getConnection,110] - HikariPool-1 - Starting...
19:49:33.046 [http-nio-9202-exec-7] INFO  c.z.h.HikariDataSource - [getConnection,110] - HikariPool-1 - Starting...
19:49:53.036 [http-nio-9202-exec-8] INFO  c.z.h.HikariDataSource - [getConnection,110] - HikariPool-1 - Starting...
19:50:13.033 [http-nio-9202-exec-9] INFO  c.z.h.HikariDataSource - [getConnection,110] - HikariPool-1 - Starting...
19:50:33.029 [http-nio-9202-exec-1] INFO  c.z.h.HikariDataSource - [getConnection,110] - HikariPool-1 - Starting...
19:50:53.032 [http-nio-9202-exec-2] INFO  c.z.h.HikariDataSource - [getConnection,110] - HikariPool-1 - Starting...
19:51:13.047 [http-nio-9202-exec-3] INFO  c.z.h.HikariDataSource - [getConnection,110] - HikariPool-1 - Starting...
19:51:20.795 [lettuce-nioEventLoop-4-1] INFO  i.l.c.p.CommandHandler - [log,217] - null Unexpected exception during request: java.io.IOException: 远程主机强迫关闭了一个现有的连接。
java.io.IOException: 远程主机强迫关闭了一个现有的连接。
	at sun.nio.ch.SocketDispatcher.read0(Native Method)
	at sun.nio.ch.SocketDispatcher.read(SocketDispatcher.java:43)
	at sun.nio.ch.IOUtil.readIntoNativeBuffer(IOUtil.java:223)
	at sun.nio.ch.IOUtil.read(IOUtil.java:192)
	at sun.nio.ch.SocketChannelImpl.read(SocketChannelImpl.java:378)
	at io.netty.buffer.PooledByteBuf.setBytes(PooledByteBuf.java:253)
	at io.netty.buffer.AbstractByteBuf.writeBytes(AbstractByteBuf.java:1132)
	at io.netty.channel.socket.nio.NioSocketChannel.doReadBytes(NioSocketChannel.java:350)
	at io.netty.channel.nio.AbstractNioByteChannel$NioByteUnsafe.read(AbstractNioByteChannel.java:151)
	at io.netty.channel.nio.NioEventLoop.processSelectedKey(NioEventLoop.java:722)
	at io.netty.channel.nio.NioEventLoop.processSelectedKeysOptimized(NioEventLoop.java:658)
	at io.netty.channel.nio.NioEventLoop.processSelectedKeys(NioEventLoop.java:584)
	at io.netty.channel.nio.NioEventLoop.run(NioEventLoop.java:496)
	at io.netty.util.concurrent.SingleThreadEventExecutor$4.run(SingleThreadEventExecutor.java:986)
	at io.netty.util.internal.ThreadExecutorMap$2.run(ThreadExecutorMap.java:74)
	at io.netty.util.concurrent.FastThreadLocalRunnable.run(FastThreadLocalRunnable.java:30)
	at java.lang.Thread.run(Thread.java:750)
19:51:20.944 [lettuce-eventExecutorLoop-1-4] INFO  i.l.c.p.ConnectionWatchdog - [log,171] - Reconnecting, last destination was localhost/127.0.0.1:6379
19:51:24.183 [lettuce-nioEventLoop-4-3] INFO  i.l.c.p.ReconnectionHandler - [lambda$null$3,174] - Reconnected to localhost:6379
19:51:33.070 [http-nio-9202-exec-4] INFO  c.z.h.HikariDataSource - [getConnection,110] - HikariPool-1 - Starting...
19:51:53.036 [http-nio-9202-exec-5] INFO  c.z.h.HikariDataSource - [getConnection,110] - HikariPool-1 - Starting...
19:52:13.056 [http-nio-9202-exec-6] INFO  c.z.h.HikariDataSource - [getConnection,110] - HikariPool-1 - Starting...
19:52:33.034 [http-nio-9202-exec-8] INFO  c.z.h.HikariDataSource - [getConnection,110] - HikariPool-1 - Starting...
19:52:53.037 [http-nio-9202-exec-10] INFO  c.z.h.HikariDataSource - [getConnection,110] - HikariPool-1 - Starting...
19:53:13.036 [http-nio-9202-exec-9] INFO  c.z.h.HikariDataSource - [getConnection,110] - HikariPool-1 - Starting...
19:53:33.049 [http-nio-9202-exec-1] INFO  c.z.h.HikariDataSource - [getConnection,110] - HikariPool-1 - Starting...
19:53:53.050 [http-nio-9202-exec-2] INFO  c.z.h.HikariDataSource - [getConnection,110] - HikariPool-1 - Starting...
19:54:13.040 [http-nio-9202-exec-3] INFO  c.z.h.HikariDataSource - [getConnection,110] - HikariPool-1 - Starting...
19:54:33.047 [http-nio-9202-exec-5] INFO  c.z.h.HikariDataSource - [getConnection,110] - HikariPool-1 - Starting...
19:54:53.044 [http-nio-9202-exec-7] INFO  c.z.h.HikariDataSource - [getConnection,110] - HikariPool-1 - Starting...
19:55:13.034 [http-nio-9202-exec-6] INFO  c.z.h.HikariDataSource - [getConnection,110] - HikariPool-1 - Starting...
19:55:33.024 [http-nio-9202-exec-8] INFO  c.z.h.HikariDataSource - [getConnection,110] - HikariPool-1 - Starting...
19:55:53.038 [http-nio-9202-exec-10] INFO  c.z.h.HikariDataSource - [getConnection,110] - HikariPool-1 - Starting...
19:56:13.028 [http-nio-9202-exec-9] INFO  c.z.h.HikariDataSource - [getConnection,110] - HikariPool-1 - Starting...
19:56:33.032 [http-nio-9202-exec-2] INFO  c.z.h.HikariDataSource - [getConnection,110] - HikariPool-1 - Starting...
19:56:53.040 [http-nio-9202-exec-4] INFO  c.z.h.HikariDataSource - [getConnection,110] - HikariPool-1 - Starting...
19:57:13.044 [http-nio-9202-exec-3] INFO  c.z.h.HikariDataSource - [getConnection,110] - HikariPool-1 - Starting...
19:57:33.032 [http-nio-9202-exec-5] INFO  c.z.h.HikariDataSource - [getConnection,110] - HikariPool-1 - Starting...
19:57:53.045 [http-nio-9202-exec-7] INFO  c.z.h.HikariDataSource - [getConnection,110] - HikariPool-1 - Starting...
19:58:13.024 [http-nio-9202-exec-6] INFO  c.z.h.HikariDataSource - [getConnection,110] - HikariPool-1 - Starting...
19:58:33.034 [http-nio-9202-exec-10] INFO  c.z.h.HikariDataSource - [getConnection,110] - HikariPool-1 - Starting...
19:58:53.023 [http-nio-9202-exec-1] INFO  c.z.h.HikariDataSource - [getConnection,110] - HikariPool-1 - Starting...
19:59:13.040 [http-nio-9202-exec-9] INFO  c.z.h.HikariDataSource - [getConnection,110] - HikariPool-1 - Starting...
19:59:33.038 [http-nio-9202-exec-2] INFO  c.z.h.HikariDataSource - [getConnection,110] - HikariPool-1 - Starting...
19:59:53.035 [http-nio-9202-exec-4] INFO  c.z.h.HikariDataSource - [getConnection,110] - HikariPool-1 - Starting...
20:00:13.042 [http-nio-9202-exec-3] INFO  c.z.h.HikariDataSource - [getConnection,110] - HikariPool-1 - Starting...
20:00:33.030 [http-nio-9202-exec-7] INFO  c.z.h.HikariDataSource - [getConnection,110] - HikariPool-1 - Starting...
20:00:53.026 [http-nio-9202-exec-8] INFO  c.z.h.HikariDataSource - [getConnection,110] - HikariPool-1 - Starting...
20:01:13.032 [http-nio-9202-exec-6] INFO  c.z.h.HikariDataSource - [getConnection,110] - HikariPool-1 - Starting...
20:01:33.031 [http-nio-9202-exec-10] INFO  c.z.h.HikariDataSource - [getConnection,110] - HikariPool-1 - Starting...
20:01:53.080 [http-nio-9202-exec-1] INFO  c.z.h.HikariDataSource - [getConnection,110] - HikariPool-1 - Starting...
20:02:13.069 [http-nio-9202-exec-2] INFO  c.z.h.HikariDataSource - [getConnection,110] - HikariPool-1 - Starting...
20:02:33.042 [http-nio-9202-exec-4] INFO  c.z.h.HikariDataSource - [getConnection,110] - HikariPool-1 - Starting...
20:02:53.043 [http-nio-9202-exec-5] INFO  c.z.h.HikariDataSource - [getConnection,110] - HikariPool-1 - Starting...
20:03:13.042 [http-nio-9202-exec-3] INFO  c.z.h.HikariDataSource - [getConnection,110] - HikariPool-1 - Starting...
20:03:33.038 [http-nio-9202-exec-7] INFO  c.z.h.HikariDataSource - [getConnection,110] - HikariPool-1 - Starting...
20:03:53.034 [http-nio-9202-exec-8] INFO  c.z.h.HikariDataSource - [getConnection,110] - HikariPool-1 - Starting...
20:04:13.026 [http-nio-9202-exec-6] INFO  c.z.h.HikariDataSource - [getConnection,110] - HikariPool-1 - Starting...
20:04:33.048 [http-nio-9202-exec-1] INFO  c.z.h.HikariDataSource - [getConnection,110] - HikariPool-1 - Starting...
20:04:53.051 [http-nio-9202-exec-9] INFO  c.z.h.HikariDataSource - [getConnection,110] - HikariPool-1 - Starting...
20:05:13.042 [http-nio-9202-exec-2] INFO  c.z.h.HikariDataSource - [getConnection,110] - HikariPool-1 - Starting...
20:05:33.042 [http-nio-9202-exec-4] INFO  c.z.h.HikariDataSource - [getConnection,110] - HikariPool-1 - Starting...
20:05:53.052 [http-nio-9202-exec-5] INFO  c.z.h.HikariDataSource - [getConnection,110] - HikariPool-1 - Starting...
20:06:13.035 [http-nio-9202-exec-3] INFO  c.z.h.HikariDataSource - [getConnection,110] - HikariPool-1 - Starting...
20:06:33.028 [http-nio-9202-exec-8] INFO  c.z.h.HikariDataSource - [getConnection,110] - HikariPool-1 - Starting...
20:06:53.049 [http-nio-9202-exec-10] INFO  c.z.h.HikariDataSource - [getConnection,110] - HikariPool-1 - Starting...
20:07:13.021 [http-nio-9202-exec-6] INFO  c.z.h.HikariDataSource - [getConnection,110] - HikariPool-1 - Starting...
20:07:33.043 [http-nio-9202-exec-1] INFO  c.z.h.HikariDataSource - [getConnection,110] - HikariPool-1 - Starting...
20:07:53.039 [http-nio-9202-exec-9] INFO  c.z.h.HikariDataSource - [getConnection,110] - HikariPool-1 - Starting...
20:08:13.043 [http-nio-9202-exec-2] INFO  c.z.h.HikariDataSource - [getConnection,110] - HikariPool-1 - Starting...
20:08:33.055 [http-nio-9202-exec-5] INFO  c.z.h.HikariDataSource - [getConnection,110] - HikariPool-1 - Starting...
20:08:53.048 [http-nio-9202-exec-7] INFO  c.z.h.HikariDataSource - [getConnection,110] - HikariPool-1 - Starting...
20:09:13.056 [http-nio-9202-exec-3] INFO  c.z.h.HikariDataSource - [getConnection,110] - HikariPool-1 - Starting...
20:09:33.041 [http-nio-9202-exec-8] INFO  c.z.h.HikariDataSource - [getConnection,110] - HikariPool-1 - Starting...
20:09:53.035 [http-nio-9202-exec-10] INFO  c.z.h.HikariDataSource - [getConnection,110] - HikariPool-1 - Starting...
20:10:13.053 [http-nio-9202-exec-6] INFO  c.z.h.HikariDataSource - [getConnection,110] - HikariPool-1 - Starting...
20:10:33.046 [http-nio-9202-exec-9] INFO  c.z.h.HikariDataSource - [getConnection,110] - HikariPool-1 - Starting...
20:10:53.050 [http-nio-9202-exec-4] INFO  c.z.h.HikariDataSource - [getConnection,110] - HikariPool-1 - Starting...
20:11:13.056 [http-nio-9202-exec-2] INFO  c.z.h.HikariDataSource - [getConnection,110] - HikariPool-1 - Starting...
20:11:33.044 [http-nio-9202-exec-5] INFO  c.z.h.HikariDataSource - [getConnection,110] - HikariPool-1 - Starting...
20:11:53.035 [http-nio-9202-exec-7] INFO  c.z.h.HikariDataSource - [getConnection,110] - HikariPool-1 - Starting...
20:12:13.058 [http-nio-9202-exec-8] INFO  c.z.h.HikariDataSource - [getConnection,110] - HikariPool-1 - Starting...
20:12:33.024 [http-nio-9202-exec-10] INFO  c.z.h.HikariDataSource - [getConnection,110] - HikariPool-1 - Starting...
20:12:53.038 [http-nio-9202-exec-1] INFO  c.z.h.HikariDataSource - [getConnection,110] - HikariPool-1 - Starting...
20:13:13.033 [http-nio-9202-exec-6] INFO  c.z.h.HikariDataSource - [getConnection,110] - HikariPool-1 - Starting...
20:13:33.036 [http-nio-9202-exec-9] INFO  c.z.h.HikariDataSource - [getConnection,110] - HikariPool-1 - Starting...
20:13:53.042 [http-nio-9202-exec-4] INFO  c.z.h.HikariDataSource - [getConnection,110] - HikariPool-1 - Starting...
20:14:13.061 [http-nio-9202-exec-2] INFO  c.z.h.HikariDataSource - [getConnection,110] - HikariPool-1 - Starting...
20:14:33.051 [http-nio-9202-exec-7] INFO  c.z.h.HikariDataSource - [getConnection,110] - HikariPool-1 - Starting...
20:14:53.043 [http-nio-9202-exec-3] INFO  c.z.h.HikariDataSource - [getConnection,110] - HikariPool-1 - Starting...
20:15:13.037 [http-nio-9202-exec-8] INFO  c.z.h.HikariDataSource - [getConnection,110] - HikariPool-1 - Starting...
20:15:33.042 [http-nio-9202-exec-10] INFO  c.z.h.HikariDataSource - [getConnection,110] - HikariPool-1 - Starting...
20:15:53.031 [http-nio-9202-exec-1] INFO  c.z.h.HikariDataSource - [getConnection,110] - HikariPool-1 - Starting...
20:16:13.041 [http-nio-9202-exec-6] INFO  c.z.h.HikariDataSource - [getConnection,110] - HikariPool-1 - Starting...
20:16:33.026 [http-nio-9202-exec-4] INFO  c.z.h.HikariDataSource - [getConnection,110] - HikariPool-1 - Starting...
20:16:53.042 [http-nio-9202-exec-5] INFO  c.z.h.HikariDataSource - [getConnection,110] - HikariPool-1 - Starting...
20:17:13.045 [http-nio-9202-exec-2] INFO  c.z.h.HikariDataSource - [getConnection,110] - HikariPool-1 - Starting...
20:17:33.033 [http-nio-9202-exec-7] INFO  c.z.h.HikariDataSource - [getConnection,110] - HikariPool-1 - Starting...
20:17:53.023 [http-nio-9202-exec-3] INFO  c.z.h.HikariDataSource - [getConnection,110] - HikariPool-1 - Starting...
20:18:13.031 [http-nio-9202-exec-8] INFO  c.z.h.HikariDataSource - [getConnection,110] - HikariPool-1 - Starting...
20:18:33.027 [http-nio-9202-exec-1] INFO  c.z.h.HikariDataSource - [getConnection,110] - HikariPool-1 - Starting...
20:18:53.033 [http-nio-9202-exec-9] INFO  c.z.h.HikariDataSource - [getConnection,110] - HikariPool-1 - Starting...
20:19:13.044 [http-nio-9202-exec-6] INFO  c.z.h.HikariDataSource - [getConnection,110] - HikariPool-1 - Starting...
20:19:33.036 [http-nio-9202-exec-4] INFO  c.z.h.HikariDataSource - [getConnection,110] - HikariPool-1 - Starting...
20:19:53.039 [http-nio-9202-exec-5] INFO  c.z.h.HikariDataSource - [getConnection,110] - HikariPool-1 - Starting...
20:20:13.053 [http-nio-9202-exec-2] INFO  c.z.h.HikariDataSource - [getConnection,110] - HikariPool-1 - Starting...
20:20:33.049 [http-nio-9202-exec-3] INFO  c.z.h.HikariDataSource - [getConnection,110] - HikariPool-1 - Starting...
20:20:53.033 [http-nio-9202-exec-10] INFO  c.z.h.HikariDataSource - [getConnection,110] - HikariPool-1 - Starting...
20:21:13.042 [http-nio-9202-exec-8] INFO  c.z.h.HikariDataSource - [getConnection,110] - HikariPool-1 - Starting...
20:21:33.043 [http-nio-9202-exec-1] INFO  c.z.h.HikariDataSource - [getConnection,110] - HikariPool-1 - Starting...
20:21:53.031 [http-nio-9202-exec-9] INFO  c.z.h.HikariDataSource - [getConnection,110] - HikariPool-1 - Starting...
20:22:13.042 [http-nio-9202-exec-6] INFO  c.z.h.HikariDataSource - [getConnection,110] - HikariPool-1 - Starting...
20:22:33.035 [http-nio-9202-exec-5] INFO  c.z.h.HikariDataSource - [getConnection,110] - HikariPool-1 - Starting...
20:22:53.023 [http-nio-9202-exec-7] INFO  c.z.h.HikariDataSource - [getConnection,110] - HikariPool-1 - Starting...
20:23:13.025 [http-nio-9202-exec-2] INFO  c.z.h.HikariDataSource - [getConnection,110] - HikariPool-1 - Starting...
20:23:33.041 [http-nio-9202-exec-3] INFO  c.z.h.HikariDataSource - [getConnection,110] - HikariPool-1 - Starting...
20:23:53.027 [http-nio-9202-exec-10] INFO  c.z.h.HikariDataSource - [getConnection,110] - HikariPool-1 - Starting...
20:24:13.065 [http-nio-9202-exec-8] INFO  c.z.h.HikariDataSource - [getConnection,110] - HikariPool-1 - Starting...
20:24:33.048 [http-nio-9202-exec-9] INFO  c.z.h.HikariDataSource - [getConnection,110] - HikariPool-1 - Starting...
20:24:53.042 [http-nio-9202-exec-4] INFO  c.z.h.HikariDataSource - [getConnection,110] - HikariPool-1 - Starting...
20:25:13.039 [http-nio-9202-exec-6] INFO  c.z.h.HikariDataSource - [getConnection,110] - HikariPool-1 - Starting...
20:25:33.022 [http-nio-9202-exec-5] INFO  c.z.h.HikariDataSource - [getConnection,110] - HikariPool-1 - Starting...
20:25:53.030 [http-nio-9202-exec-7] INFO  c.z.h.HikariDataSource - [getConnection,110] - HikariPool-1 - Starting...
20:26:13.040 [http-nio-9202-exec-2] INFO  c.z.h.HikariDataSource - [getConnection,110] - HikariPool-1 - Starting...
20:26:33.035 [http-nio-9202-exec-10] INFO  c.z.h.HikariDataSource - [getConnection,110] - HikariPool-1 - Starting...
20:26:53.040 [http-nio-9202-exec-1] INFO  c.z.h.HikariDataSource - [getConnection,110] - HikariPool-1 - Starting...
20:27:13.040 [http-nio-9202-exec-8] INFO  c.z.h.HikariDataSource - [getConnection,110] - HikariPool-1 - Starting...
20:27:33.017 [http-nio-9202-exec-9] INFO  c.z.h.HikariDataSource - [getConnection,110] - HikariPool-1 - Starting...
20:27:53.024 [http-nio-9202-exec-4] INFO  c.z.h.HikariDataSource - [getConnection,110] - HikariPool-1 - Starting...
20:28:13.022 [http-nio-9202-exec-6] INFO  c.z.h.HikariDataSource - [getConnection,110] - HikariPool-1 - Starting...
20:28:33.020 [http-nio-9202-exec-7] INFO  c.z.h.HikariDataSource - [getConnection,110] - HikariPool-1 - Starting...
20:28:53.021 [http-nio-9202-exec-3] INFO  c.z.h.HikariDataSource - [getConnection,110] - HikariPool-1 - Starting...
20:29:13.034 [http-nio-9202-exec-2] INFO  c.z.h.HikariDataSource - [getConnection,110] - HikariPool-1 - Starting...
20:29:33.055 [http-nio-9202-exec-10] INFO  c.z.h.HikariDataSource - [getConnection,110] - HikariPool-1 - Starting...
20:29:53.042 [http-nio-9202-exec-1] INFO  c.z.h.HikariDataSource - [getConnection,110] - HikariPool-1 - Starting...
20:30:13.052 [http-nio-9202-exec-8] INFO  c.z.h.HikariDataSource - [getConnection,110] - HikariPool-1 - Starting...
20:30:33.024 [http-nio-9202-exec-4] INFO  c.z.h.HikariDataSource - [getConnection,110] - HikariPool-1 - Starting...
20:30:53.040 [http-nio-9202-exec-5] INFO  c.z.h.HikariDataSource - [getConnection,110] - HikariPool-1 - Starting...
20:31:13.024 [http-nio-9202-exec-6] INFO  c.z.h.HikariDataSource - [getConnection,110] - HikariPool-1 - Starting...
20:31:33.025 [http-nio-9202-exec-7] INFO  c.z.h.HikariDataSource - [getConnection,110] - HikariPool-1 - Starting...
20:31:53.019 [http-nio-9202-exec-3] INFO  c.z.h.HikariDataSource - [getConnection,110] - HikariPool-1 - Starting...
20:32:13.019 [http-nio-9202-exec-2] INFO  c.z.h.HikariDataSource - [getConnection,110] - HikariPool-1 - Starting...
20:32:33.028 [http-nio-9202-exec-1] INFO  c.z.h.HikariDataSource - [getConnection,110] - HikariPool-1 - Starting...
20:32:53.024 [http-nio-9202-exec-9] INFO  c.z.h.HikariDataSource - [getConnection,110] - HikariPool-1 - Starting...
20:33:13.040 [http-nio-9202-exec-8] INFO  c.z.h.HikariDataSource - [getConnection,110] - HikariPool-1 - Starting...
20:33:33.063 [http-nio-9202-exec-4] INFO  c.z.h.HikariDataSource - [getConnection,110] - HikariPool-1 - Starting...
20:33:53.019 [http-nio-9202-exec-5] INFO  c.z.h.HikariDataSource - [getConnection,110] - HikariPool-1 - Starting...
20:34:13.040 [http-nio-9202-exec-6] INFO  c.z.h.HikariDataSource - [getConnection,110] - HikariPool-1 - Starting...
20:34:16.256 [lettuce-nioEventLoop-4-3] INFO  i.l.c.p.CommandHandler - [log,217] - null Unexpected exception during request: java.io.IOException: 远程主机强迫关闭了一个现有的连接。
java.io.IOException: 远程主机强迫关闭了一个现有的连接。
	at sun.nio.ch.SocketDispatcher.read0(Native Method)
	at sun.nio.ch.SocketDispatcher.read(SocketDispatcher.java:43)
	at sun.nio.ch.IOUtil.readIntoNativeBuffer(IOUtil.java:223)
	at sun.nio.ch.IOUtil.read(IOUtil.java:192)
	at sun.nio.ch.SocketChannelImpl.read(SocketChannelImpl.java:378)
	at io.netty.buffer.PooledByteBuf.setBytes(PooledByteBuf.java:253)
	at io.netty.buffer.AbstractByteBuf.writeBytes(AbstractByteBuf.java:1132)
	at io.netty.channel.socket.nio.NioSocketChannel.doReadBytes(NioSocketChannel.java:350)
	at io.netty.channel.nio.AbstractNioByteChannel$NioByteUnsafe.read(AbstractNioByteChannel.java:151)
	at io.netty.channel.nio.NioEventLoop.processSelectedKey(NioEventLoop.java:722)
	at io.netty.channel.nio.NioEventLoop.processSelectedKeysOptimized(NioEventLoop.java:658)
	at io.netty.channel.nio.NioEventLoop.processSelectedKeys(NioEventLoop.java:584)
	at io.netty.channel.nio.NioEventLoop.run(NioEventLoop.java:496)
	at io.netty.util.concurrent.SingleThreadEventExecutor$4.run(SingleThreadEventExecutor.java:986)
	at io.netty.util.internal.ThreadExecutorMap$2.run(ThreadExecutorMap.java:74)
	at io.netty.util.concurrent.FastThreadLocalRunnable.run(FastThreadLocalRunnable.java:30)
	at java.lang.Thread.run(Thread.java:750)
20:34:16.335 [lettuce-eventExecutorLoop-1-8] INFO  i.l.c.p.ConnectionWatchdog - [log,171] - Reconnecting, last destination was localhost/127.0.0.1:6379
20:34:22.638 [lettuce-eventExecutorLoop-1-3] INFO  i.l.c.p.ConnectionWatchdog - [log,171] - Reconnecting, last destination was localhost:6379
20:34:29.031 [lettuce-eventExecutorLoop-1-6] INFO  i.l.c.p.ConnectionWatchdog - [log,171] - Reconnecting, last destination was localhost:6379
20:34:33.024 [http-nio-9202-exec-3] INFO  c.z.h.HikariDataSource - [getConnection,110] - HikariPool-1 - Starting...
20:34:36.232 [lettuce-eventExecutorLoop-1-2] INFO  i.l.c.p.ConnectionWatchdog - [log,171] - Reconnecting, last destination was localhost:6379
20:34:43.071 [http-nio-9202-exec-10] INFO  c.z.h.HikariDataSource - [getConnection,110] - HikariPool-1 - Starting...
20:34:43.438 [lettuce-eventExecutorLoop-1-4] INFO  i.l.c.p.ConnectionWatchdog - [log,171] - Reconnecting, last destination was localhost:6379
20:34:49.635 [lettuce-eventExecutorLoop-1-6] INFO  i.l.c.p.ConnectionWatchdog - [log,171] - Reconnecting, last destination was localhost:6379
20:34:53.096 [http-nio-9202-exec-2] INFO  c.z.h.HikariDataSource - [getConnection,110] - HikariPool-1 - Starting...
20:34:59.933 [lettuce-eventExecutorLoop-1-8] INFO  i.l.c.p.ConnectionWatchdog - [log,171] - Reconnecting, last destination was localhost:6379
20:35:00.452 [lettuce-nioEventLoop-4-1] INFO  i.l.c.p.ReconnectionHandler - [lambda$null$3,174] - Reconnected to localhost:6379
20:35:13.033 [http-nio-9202-exec-8] INFO  c.z.h.HikariDataSource - [getConnection,110] - HikariPool-1 - Starting...
20:35:33.019 [http-nio-9202-exec-4] INFO  c.z.h.HikariDataSource - [getConnection,110] - HikariPool-1 - Starting...
20:35:53.032 [http-nio-9202-exec-5] INFO  c.z.h.HikariDataSource - [getConnection,110] - HikariPool-1 - Starting...
20:36:13.039 [http-nio-9202-exec-7] INFO  c.z.h.HikariDataSource - [getConnection,110] - HikariPool-1 - Starting...
20:36:33.022 [http-nio-9202-exec-2] INFO  c.z.h.HikariDataSource - [getConnection,110] - HikariPool-1 - Starting...
20:36:53.027 [http-nio-9202-exec-3] INFO  c.z.h.HikariDataSource - [getConnection,110] - HikariPool-1 - Starting...
20:37:13.022 [http-nio-9202-exec-10] INFO  c.z.h.HikariDataSource - [getConnection,110] - HikariPool-1 - Starting...
20:37:33.024 [http-nio-9202-exec-1] INFO  c.z.h.HikariDataSource - [getConnection,110] - HikariPool-1 - Starting...
20:37:53.033 [http-nio-9202-exec-9] INFO  c.z.h.HikariDataSource - [getConnection,110] - HikariPool-1 - Starting...
20:38:13.050 [http-nio-9202-exec-8] INFO  c.z.h.HikariDataSource - [getConnection,110] - HikariPool-1 - Starting...
20:38:33.027 [http-nio-9202-exec-5] INFO  c.z.h.HikariDataSource - [getConnection,110] - HikariPool-1 - Starting...
20:38:53.048 [http-nio-9202-exec-6] INFO  c.z.h.HikariDataSource - [getConnection,110] - HikariPool-1 - Starting...
20:39:13.051 [http-nio-9202-exec-7] INFO  c.z.h.HikariDataSource - [getConnection,110] - HikariPool-1 - Starting...
20:56:14.910 [background-preinit] INFO  o.h.v.i.util.Version - [<clinit>,21] - HV000001: Hibernate Validator 6.2.0.Final
20:56:15.529 [main] INFO  c.a.n.c.c.i.LocalConfigInfoProcessor - [<clinit>,67] - LOCAL_SNAPSHOT_PATH:C:\Users\lujiaxin\nacos\config
20:56:15.532 [main] INFO  c.a.n.c.r.client - [lambda$createClient$0,77] - [RpcClientFactory] create a new rpc client of 3864baf3-2aa9-44d8-955f-ad9d945d58a5_config-0
20:56:15.570 [main] INFO  o.r.Reflections - [scan,232] - Reflections took 25 ms to scan 1 urls, producing 3 keys and 6 values 
20:56:15.592 [main] INFO  o.r.Reflections - [scan,232] - Reflections took 12 ms to scan 1 urls, producing 4 keys and 9 values 
20:56:15.605 [main] INFO  o.r.Reflections - [scan,232] - Reflections took 9 ms to scan 1 urls, producing 3 keys and 10 values 
20:56:15.769 [main] INFO  o.r.Reflections - [scan,232] - Reflections took 162 ms to scan 195 urls, producing 0 keys and 0 values 
20:56:15.779 [main] INFO  o.r.Reflections - [scan,232] - Reflections took 9 ms to scan 1 urls, producing 1 keys and 5 values 
20:56:15.791 [main] INFO  o.r.Reflections - [scan,232] - Reflections took 9 ms to scan 1 urls, producing 1 keys and 7 values 
20:56:15.803 [main] INFO  o.r.Reflections - [scan,232] - Reflections took 9 ms to scan 1 urls, producing 2 keys and 8 values 
20:56:15.930 [main] INFO  o.r.Reflections - [scan,232] - Reflections took 126 ms to scan 195 urls, producing 0 keys and 0 values 
20:56:15.931 [main] INFO  c.a.n.c.r.client - [printIfInfoEnabled,60] - [3864baf3-2aa9-44d8-955f-ad9d945d58a5_config-0]RpcClient init label, labels={module=config, Vipserver-Tag=null, source=sdk, Amory-Tag=null, Location-Tag=null, taskId=0, AppName=unknown}
20:56:15.932 [main] INFO  c.a.n.c.r.client - [printIfInfoEnabled,60] - [3864baf3-2aa9-44d8-955f-ad9d945d58a5_config-0]Register server push request handler:com.alibaba.nacos.client.config.impl.ClientWorker$ConfigRpcTransportClient$$Lambda$329/1155757579
20:56:15.932 [main] INFO  c.a.n.c.r.client - [printIfInfoEnabled,60] - [3864baf3-2aa9-44d8-955f-ad9d945d58a5_config-0]Register server push request handler:com.alibaba.nacos.client.config.impl.ClientWorker$ConfigRpcTransportClient$$Lambda$330/1785111044
20:56:15.933 [main] INFO  c.a.n.c.r.client - [printIfInfoEnabled,60] - [3864baf3-2aa9-44d8-955f-ad9d945d58a5_config-0]Registry connection listener to current client:com.alibaba.nacos.client.config.impl.ClientWorker$ConfigRpcTransportClient$1
20:56:15.933 [main] INFO  c.a.n.c.r.client - [printIfInfoEnabled,60] - [3864baf3-2aa9-44d8-955f-ad9d945d58a5_config-0]RpcClient init, ServerListFactory =com.alibaba.nacos.client.config.impl.ClientWorker$ConfigRpcTransportClient$2
20:56:15.940 [main] INFO  c.a.n.c.r.client - [printIfInfoEnabled,60] - [3864baf3-2aa9-44d8-955f-ad9d945d58a5_config-0] Try to connect to server on start up, server: {serverIp='127.0.0.1', server main port=8848}
20:56:16.906 [main] INFO  c.a.n.c.r.client - [printIfInfoEnabled,60] - [3864baf3-2aa9-44d8-955f-ad9d945d58a5_config-0] Success to connect to server [127.0.0.1:8848] on start up,connectionId=1663160176677_127.0.0.1_55064
20:56:16.909 [com.alibaba.nacos.client.remote.worker] INFO  c.a.n.c.r.client - [printIfInfoEnabled,60] - [3864baf3-2aa9-44d8-955f-ad9d945d58a5_config-0]Notify connected event to listeners.
20:56:16.910 [com.alibaba.nacos.client.remote.worker] INFO  c.a.n.c.c.i.ClientWorker - [onConnected,681] - [3864baf3-2aa9-44d8-955f-ad9d945d58a5_config-0] Connected,notify listen context...
20:56:16.910 [main] INFO  c.a.n.c.r.client - [printIfInfoEnabled,60] - [3864baf3-2aa9-44d8-955f-ad9d945d58a5_config-0]Register server push request handler:com.alibaba.nacos.common.remote.client.RpcClient$ConnectResetRequestHandler
20:56:16.912 [main] INFO  c.a.n.c.r.client - [printIfInfoEnabled,60] - [3864baf3-2aa9-44d8-955f-ad9d945d58a5_config-0]Register server push request handler:com.alibaba.nacos.common.remote.client.RpcClient$4
20:56:16.968 [main] INFO  c.a.n.c.c.i.Limiter - [<clinit>,56] - limitTime:5.0
20:56:16.981 [main] INFO  c.a.n.c.c.u.JvmUtil - [<clinit>,53] - isMultiInstance:false
20:56:17.010 [main] INFO  c.r.g.RuoYiGenApplication - [logStartupProfileInfo,639] - The following profiles are active: dev
20:56:18.940 [main] INFO  o.a.c.h.Http11NioProtocol - [log,173] - Initializing ProtocolHandler ["http-nio-9202"]
20:56:18.940 [main] INFO  o.a.c.c.StandardService - [log,173] - Starting service [Tomcat]
20:56:18.941 [main] INFO  o.a.c.c.StandardEngine - [log,173] - Starting Servlet engine: [Apache Tomcat/9.0.56]
20:56:19.046 [main] INFO  o.a.c.c.C.[.[.[/] - [log,173] - Initializing Spring embedded WebApplicationContext
20:56:20.501 [main] INFO  c.a.n.client.naming - [initNamespaceForNaming,63] - initializer namespace from System Property : null
20:56:20.502 [main] INFO  c.a.n.client.naming - [call,69] - initializer namespace from System Environment :null
20:56:20.503 [main] INFO  c.a.n.client.naming - [call,79] - initializer namespace from System Property :null
20:56:20.516 [main] INFO  c.a.n.c.r.client - [lambda$createClient$0,77] - [RpcClientFactory] create a new rpc client of 25f28db7-d31c-4be7-b474-191cb5105cee
20:56:20.517 [main] INFO  c.a.n.c.r.client - [printIfInfoEnabled,60] - [25f28db7-d31c-4be7-b474-191cb5105cee]RpcClient init label, labels={module=naming, source=sdk}
20:56:20.518 [main] INFO  c.a.n.c.r.client - [printIfInfoEnabled,60] - [25f28db7-d31c-4be7-b474-191cb5105cee]RpcClient init, ServerListFactory =com.alibaba.nacos.client.naming.core.ServerListManager
20:56:20.519 [main] INFO  c.a.n.c.r.client - [printIfInfoEnabled,60] - [25f28db7-d31c-4be7-b474-191cb5105cee]Registry connection listener to current client:com.alibaba.nacos.client.naming.remote.gprc.redo.NamingGrpcRedoService
20:56:20.520 [main] INFO  c.a.n.c.r.client - [printIfInfoEnabled,60] - [25f28db7-d31c-4be7-b474-191cb5105cee]Register server push request handler:com.alibaba.nacos.client.naming.remote.gprc.NamingPushRequestHandler
20:56:20.520 [main] INFO  c.a.n.c.r.client - [printIfInfoEnabled,60] - [25f28db7-d31c-4be7-b474-191cb5105cee] Try to connect to server on start up, server: {serverIp='127.0.0.1', server main port=8848}
20:56:20.633 [main] INFO  c.a.n.c.r.client - [printIfInfoEnabled,60] - [25f28db7-d31c-4be7-b474-191cb5105cee] Success to connect to server [127.0.0.1:8848] on start up,connectionId=1663160180526_127.0.0.1_55068
20:56:20.635 [com.alibaba.nacos.client.remote.worker] INFO  c.a.n.c.r.client - [printIfInfoEnabled,60] - [25f28db7-d31c-4be7-b474-191cb5105cee]Notify connected event to listeners.
20:56:20.636 [com.alibaba.nacos.client.remote.worker] INFO  c.a.n.client.naming - [onConnected,76] - Grpc connection connect
20:56:20.635 [main] INFO  c.a.n.c.r.client - [printIfInfoEnabled,60] - [25f28db7-d31c-4be7-b474-191cb5105cee]Register server push request handler:com.alibaba.nacos.common.remote.client.RpcClient$ConnectResetRequestHandler
20:56:20.637 [main] INFO  c.a.n.c.r.client - [printIfInfoEnabled,60] - [25f28db7-d31c-4be7-b474-191cb5105cee]Register server push request handler:com.alibaba.nacos.common.remote.client.RpcClient$4
20:56:22.059 [main] INFO  c.a.n.client.naming - [isChangedServiceInfo,181] - init new ips(0) service: DEFAULT_GROUP@@ruoyi-gen@@DEFAULT -> []
20:56:22.066 [main] INFO  c.a.n.client.naming - [processServiceInfo,166] - current ips:(0) service: DEFAULT_GROUP@@ruoyi-gen@@DEFAULT -> []
20:56:22.071 [main] INFO  o.a.c.h.Http11NioProtocol - [log,173] - Starting ProtocolHandler ["http-nio-9202"]
20:56:22.084 [main] INFO  c.a.n.client.naming - [registerService,112] - [REGISTER-SERVICE] public registering service ruoyi-gen with instance Instance{instanceId='null', ip='192.168.0.103', port=9202, weight=1.0, healthy=true, enabled=true, ephemeral=true, clusterName='DEFAULT', serviceName='null', metadata={preserved.register.source=SPRING_CLOUD}}
20:56:22.089 [main] INFO  c.a.c.n.r.NacosServiceRegistry - [register,75] - nacos registry, DEFAULT_GROUP ruoyi-gen 192.168.0.103:9202 register finished
20:56:22.503 [main] INFO  c.r.g.RuoYiGenApplication - [logStarted,61] - Started RuoYiGenApplication in 8.248 seconds (JVM running for 9.24)
20:56:22.510 [main] INFO  c.a.n.c.c.i.ClientWorker - [addCacheDataIfAbsent,384] - [config_rpc_client] [subscribe] ruoyi-gen+DEFAULT_GROUP
20:56:22.510 [main] INFO  c.a.n.c.c.i.CacheData - [addListener,173] - [config_rpc_client] [add-listener] ok, tenant=, dataId=ruoyi-gen, group=DEFAULT_GROUP, cnt=1
20:56:22.511 [main] INFO  c.a.n.c.c.i.ClientWorker - [addCacheDataIfAbsent,384] - [config_rpc_client] [subscribe] ruoyi-gen-dev.yml+DEFAULT_GROUP
20:56:22.511 [main] INFO  c.a.n.c.c.i.CacheData - [addListener,173] - [config_rpc_client] [add-listener] ok, tenant=, dataId=ruoyi-gen-dev.yml, group=DEFAULT_GROUP, cnt=1
20:56:22.511 [main] INFO  c.a.n.c.c.i.ClientWorker - [addCacheDataIfAbsent,384] - [config_rpc_client] [subscribe] ruoyi-gen.yml+DEFAULT_GROUP
20:56:22.512 [main] INFO  c.a.n.c.c.i.CacheData - [addListener,173] - [config_rpc_client] [add-listener] ok, tenant=, dataId=ruoyi-gen.yml, group=DEFAULT_GROUP, cnt=1
20:56:22.615 [nacos-grpc-client-executor-6] INFO  c.a.n.c.r.client - [printIfInfoEnabled,60] - [25f28db7-d31c-4be7-b474-191cb5105cee]receive server push request,request=NotifySubscriberRequest,requestId=7
20:56:22.619 [nacos-grpc-client-executor-6] INFO  c.a.n.client.naming - [isChangedServiceInfo,181] - init new ips(1) service: DEFAULT_GROUP@@ruoyi-gen -> [{"ip":"192.168.0.103","port":9202,"weight":1.0,"healthy":true,"enabled":true,"ephemeral":true,"clusterName":"DEFAULT","serviceName":"DEFAULT_GROUP@@ruoyi-gen","metadata":{"preserved.register.source":"SPRING_CLOUD"},"ipDeleteTimeout":30000,"instanceHeartBeatInterval":5000,"instanceHeartBeatTimeOut":15000}]
20:56:22.620 [nacos-grpc-client-executor-6] INFO  c.a.n.client.naming - [processServiceInfo,166] - current ips:(1) service: DEFAULT_GROUP@@ruoyi-gen -> [{"ip":"192.168.0.103","port":9202,"weight":1.0,"healthy":true,"enabled":true,"ephemeral":true,"clusterName":"DEFAULT","serviceName":"DEFAULT_GROUP@@ruoyi-gen","metadata":{"preserved.register.source":"SPRING_CLOUD"},"ipDeleteTimeout":30000,"instanceHeartBeatInterval":5000,"instanceHeartBeatTimeOut":15000}]
20:56:22.625 [nacos-grpc-client-executor-6] INFO  c.a.n.c.r.client - [printIfInfoEnabled,60] - [25f28db7-d31c-4be7-b474-191cb5105cee]ack server push request,request=NotifySubscriberRequest,requestId=7
20:56:23.065 [com.alibaba.nacos.client.naming.updater.0] INFO  c.a.n.client.naming - [isChangedServiceInfo,235] - new ips(1) service: DEFAULT_GROUP@@ruoyi-gen@@DEFAULT -> [{"ip":"192.168.0.103","port":9202,"weight":1.0,"healthy":true,"enabled":true,"ephemeral":true,"clusterName":"DEFAULT","serviceName":"DEFAULT_GROUP@@ruoyi-gen","metadata":{"preserved.register.source":"SPRING_CLOUD"},"ipDeleteTimeout":30000,"instanceHeartBeatInterval":5000,"instanceHeartBeatTimeOut":15000}]
20:56:23.065 [com.alibaba.nacos.client.naming.updater.0] INFO  c.a.n.client.naming - [processServiceInfo,166] - current ips:(1) service: DEFAULT_GROUP@@ruoyi-gen@@DEFAULT -> [{"ip":"192.168.0.103","port":9202,"weight":1.0,"healthy":true,"enabled":true,"ephemeral":true,"clusterName":"DEFAULT","serviceName":"DEFAULT_GROUP@@ruoyi-gen","metadata":{"preserved.register.source":"SPRING_CLOUD"},"ipDeleteTimeout":30000,"instanceHeartBeatInterval":5000,"instanceHeartBeatTimeOut":15000}]
20:56:23.131 [RMI TCP Connection(4)-192.168.0.103] INFO  o.a.c.c.C.[.[.[/] - [log,173] - Initializing Spring DispatcherServlet 'dispatcherServlet'
20:56:23.151 [RMI TCP Connection(3)-192.168.0.103] INFO  c.z.h.HikariDataSource - [getConnection,110] - HikariPool-1 - Starting...
20:56:23.770 [RMI TCP Connection(3)-192.168.0.103] INFO  c.z.h.HikariDataSource - [getConnection,123] - HikariPool-1 - Start completed.
