22:01:16.415 [background-preinit] INFO  o.h.v.i.util.Version - [<clinit>,21] - HV000001: Hibernate Validator 6.2.3.Final
22:01:17.068 [main] INFO  c.a.n.c.c.i.LocalConfigInfoProcessor - [<clinit>,67] - LOCAL_SNAPSHOT_PATH:C:\Users\lujiaxin\nacos\config
22:01:17.070 [main] INFO  c.a.n.c.r.client - [lambda$createClient$0,77] - [RpcClientFactory] create a new rpc client of d0b3c862-a75f-4363-9c99-8e17a6605de5_config-0
22:01:17.112 [main] INFO  o.r.Reflections - [scan,232] - Reflections took 28 ms to scan 1 urls, producing 3 keys and 6 values 
22:01:17.136 [main] INFO  o.r.Reflections - [scan,232] - Reflections took 13 ms to scan 1 urls, producing 4 keys and 9 values 
22:01:17.152 [main] INFO  o.r.Reflections - [scan,232] - Reflections took 14 ms to scan 1 urls, producing 3 keys and 10 values 
22:01:17.328 [main] INFO  o.r.Reflections - [scan,232] - Reflections took 170 ms to scan 239 urls, producing 0 keys and 0 values 
22:01:17.338 [main] INFO  o.r.Reflections - [scan,232] - Reflections took 9 ms to scan 1 urls, producing 1 keys and 5 values 
22:01:17.350 [main] INFO  o.r.Reflections - [scan,232] - Reflections took 10 ms to scan 1 urls, producing 1 keys and 7 values 
22:01:17.366 [main] INFO  o.r.Reflections - [scan,232] - Reflections took 13 ms to scan 1 urls, producing 2 keys and 8 values 
22:01:17.502 [main] INFO  o.r.Reflections - [scan,232] - Reflections took 134 ms to scan 239 urls, producing 0 keys and 0 values 
22:01:17.503 [main] INFO  c.a.n.c.r.client - [printIfInfoEnabled,60] - [d0b3c862-a75f-4363-9c99-8e17a6605de5_config-0]RpcClient init label, labels={module=config, Vipserver-Tag=null, source=sdk, Amory-Tag=null, Location-Tag=null, taskId=0, AppName=unknown}
22:01:17.503 [main] INFO  c.a.n.c.r.client - [printIfInfoEnabled,60] - [d0b3c862-a75f-4363-9c99-8e17a6605de5_config-0]Register server push request handler:com.alibaba.nacos.client.config.impl.ClientWorker$ConfigRpcTransportClient$$Lambda$329/673672784
22:01:17.504 [main] INFO  c.a.n.c.r.client - [printIfInfoEnabled,60] - [d0b3c862-a75f-4363-9c99-8e17a6605de5_config-0]Register server push request handler:com.alibaba.nacos.client.config.impl.ClientWorker$ConfigRpcTransportClient$$Lambda$330/1659309731
22:01:17.504 [main] INFO  c.a.n.c.r.client - [printIfInfoEnabled,60] - [d0b3c862-a75f-4363-9c99-8e17a6605de5_config-0]Registry connection listener to current client:com.alibaba.nacos.client.config.impl.ClientWorker$ConfigRpcTransportClient$1
22:01:17.505 [main] INFO  c.a.n.c.r.client - [printIfInfoEnabled,60] - [d0b3c862-a75f-4363-9c99-8e17a6605de5_config-0]RpcClient init, ServerListFactory =com.alibaba.nacos.client.config.impl.ClientWorker$ConfigRpcTransportClient$2
22:01:17.511 [main] INFO  c.a.n.c.r.client - [printIfInfoEnabled,60] - [d0b3c862-a75f-4363-9c99-8e17a6605de5_config-0] Try to connect to server on start up, server: {serverIp='127.0.0.1', server main port=8848}
22:01:18.506 [main] INFO  c.a.n.c.r.client - [printIfInfoEnabled,60] - [d0b3c862-a75f-4363-9c99-8e17a6605de5_config-0] Success to connect to server [127.0.0.1:8848] on start up,connectionId=1663509678285_127.0.0.1_59403
22:01:18.508 [com.alibaba.nacos.client.remote.worker] INFO  c.a.n.c.r.client - [printIfInfoEnabled,60] - [d0b3c862-a75f-4363-9c99-8e17a6605de5_config-0]Notify connected event to listeners.
22:01:18.509 [com.alibaba.nacos.client.remote.worker] INFO  c.a.n.c.c.i.ClientWorker - [onConnected,681] - [d0b3c862-a75f-4363-9c99-8e17a6605de5_config-0] Connected,notify listen context...
22:01:18.509 [main] INFO  c.a.n.c.r.client - [printIfInfoEnabled,60] - [d0b3c862-a75f-4363-9c99-8e17a6605de5_config-0]Register server push request handler:com.alibaba.nacos.common.remote.client.RpcClient$ConnectResetRequestHandler
22:01:18.510 [main] INFO  c.a.n.c.r.client - [printIfInfoEnabled,60] - [d0b3c862-a75f-4363-9c99-8e17a6605de5_config-0]Register server push request handler:com.alibaba.nacos.common.remote.client.RpcClient$4
22:01:18.566 [main] INFO  c.a.n.c.c.i.Limiter - [<clinit>,56] - limitTime:5.0
22:01:18.582 [main] INFO  c.a.n.c.c.u.JvmUtil - [<clinit>,53] - isMultiInstance:false
22:01:18.660 [main] INFO  c.r.p.ParkingInformationApplication - [logStartupProfileInfo,646] - The following 1 profile is active: "dev"
22:01:20.783 [main] INFO  o.a.c.h.Http11NioProtocol - [log,173] - Initializing ProtocolHandler ["http-nio-9205"]
22:01:20.784 [main] INFO  o.a.c.c.StandardService - [log,173] - Starting service [Tomcat]
22:01:20.784 [main] INFO  o.a.c.c.StandardEngine - [log,173] - Starting Servlet engine: [Apache Tomcat/9.0.60]
22:01:20.954 [main] INFO  o.a.c.c.C.[.[.[/] - [log,173] - Initializing Spring embedded WebApplicationContext
22:01:21.953 [main] INFO  c.a.d.p.DruidDataSource - [init,998] - {dataSource-1,master} inited
22:01:21.954 [main] INFO  c.b.d.d.DynamicRoutingDataSource - [addDataSource,148] - dynamic-datasource - add a datasource named [master] success
22:01:21.954 [main] INFO  c.b.d.d.DynamicRoutingDataSource - [afterPropertiesSet,228] - dynamic-datasource initial loaded [1] datasource,primary datasource named [master]
22:01:22.105 [main] INFO  c.b.d.d.DynamicRoutingDataSource - [destroy,205] - dynamic-datasource start closing ....
22:01:22.107 [main] INFO  c.a.d.p.DruidDataSource - [close,2071] - {dataSource-1} closing ...
22:01:22.112 [main] INFO  c.a.d.p.DruidDataSource - [close,2144] - {dataSource-1} closed
22:01:22.113 [main] INFO  c.b.d.d.DynamicRoutingDataSource - [destroy,209] - dynamic-datasource all closed success,bye
22:01:22.114 [main] INFO  o.a.c.c.StandardService - [log,173] - Stopping service [Tomcat]
22:03:02.538 [background-preinit] INFO  o.h.v.i.util.Version - [<clinit>,21] - HV000001: Hibernate Validator 6.2.3.Final
22:03:03.183 [main] INFO  c.a.n.c.c.i.LocalConfigInfoProcessor - [<clinit>,67] - LOCAL_SNAPSHOT_PATH:C:\Users\lujiaxin\nacos\config
22:03:03.185 [main] INFO  c.a.n.c.r.client - [lambda$createClient$0,77] - [RpcClientFactory] create a new rpc client of 8fcc1a0c-d02e-4211-9557-68a0a41f6279_config-0
22:03:03.227 [main] INFO  o.r.Reflections - [scan,232] - Reflections took 27 ms to scan 1 urls, producing 3 keys and 6 values 
22:03:03.251 [main] INFO  o.r.Reflections - [scan,232] - Reflections took 13 ms to scan 1 urls, producing 4 keys and 9 values 
22:03:03.265 [main] INFO  o.r.Reflections - [scan,232] - Reflections took 12 ms to scan 1 urls, producing 3 keys and 10 values 
22:03:03.442 [main] INFO  o.r.Reflections - [scan,232] - Reflections took 173 ms to scan 239 urls, producing 0 keys and 0 values 
22:03:03.452 [main] INFO  o.r.Reflections - [scan,232] - Reflections took 10 ms to scan 1 urls, producing 1 keys and 5 values 
22:03:03.464 [main] INFO  o.r.Reflections - [scan,232] - Reflections took 10 ms to scan 1 urls, producing 1 keys and 7 values 
22:03:03.480 [main] INFO  o.r.Reflections - [scan,232] - Reflections took 14 ms to scan 1 urls, producing 2 keys and 8 values 
22:03:03.622 [main] INFO  o.r.Reflections - [scan,232] - Reflections took 140 ms to scan 239 urls, producing 0 keys and 0 values 
22:03:03.623 [main] INFO  c.a.n.c.r.client - [printIfInfoEnabled,60] - [8fcc1a0c-d02e-4211-9557-68a0a41f6279_config-0]RpcClient init label, labels={module=config, Vipserver-Tag=null, source=sdk, Amory-Tag=null, Location-Tag=null, taskId=0, AppName=unknown}
22:03:03.624 [main] INFO  c.a.n.c.r.client - [printIfInfoEnabled,60] - [8fcc1a0c-d02e-4211-9557-68a0a41f6279_config-0]Register server push request handler:com.alibaba.nacos.client.config.impl.ClientWorker$ConfigRpcTransportClient$$Lambda$329/2054451662
22:03:03.624 [main] INFO  c.a.n.c.r.client - [printIfInfoEnabled,60] - [8fcc1a0c-d02e-4211-9557-68a0a41f6279_config-0]Register server push request handler:com.alibaba.nacos.client.config.impl.ClientWorker$ConfigRpcTransportClient$$Lambda$330/673672784
22:03:03.625 [main] INFO  c.a.n.c.r.client - [printIfInfoEnabled,60] - [8fcc1a0c-d02e-4211-9557-68a0a41f6279_config-0]Registry connection listener to current client:com.alibaba.nacos.client.config.impl.ClientWorker$ConfigRpcTransportClient$1
22:03:03.625 [main] INFO  c.a.n.c.r.client - [printIfInfoEnabled,60] - [8fcc1a0c-d02e-4211-9557-68a0a41f6279_config-0]RpcClient init, ServerListFactory =com.alibaba.nacos.client.config.impl.ClientWorker$ConfigRpcTransportClient$2
22:03:03.632 [main] INFO  c.a.n.c.r.client - [printIfInfoEnabled,60] - [8fcc1a0c-d02e-4211-9557-68a0a41f6279_config-0] Try to connect to server on start up, server: {serverIp='127.0.0.1', server main port=8848}
22:03:04.632 [main] INFO  c.a.n.c.r.client - [printIfInfoEnabled,60] - [8fcc1a0c-d02e-4211-9557-68a0a41f6279_config-0] Success to connect to server [127.0.0.1:8848] on start up,connectionId=1663509784412_127.0.0.1_59523
22:03:04.633 [com.alibaba.nacos.client.remote.worker] INFO  c.a.n.c.r.client - [printIfInfoEnabled,60] - [8fcc1a0c-d02e-4211-9557-68a0a41f6279_config-0]Notify connected event to listeners.
22:03:04.633 [main] INFO  c.a.n.c.r.client - [printIfInfoEnabled,60] - [8fcc1a0c-d02e-4211-9557-68a0a41f6279_config-0]Register server push request handler:com.alibaba.nacos.common.remote.client.RpcClient$ConnectResetRequestHandler
22:03:04.633 [com.alibaba.nacos.client.remote.worker] INFO  c.a.n.c.c.i.ClientWorker - [onConnected,681] - [8fcc1a0c-d02e-4211-9557-68a0a41f6279_config-0] Connected,notify listen context...
22:03:04.633 [main] INFO  c.a.n.c.r.client - [printIfInfoEnabled,60] - [8fcc1a0c-d02e-4211-9557-68a0a41f6279_config-0]Register server push request handler:com.alibaba.nacos.common.remote.client.RpcClient$4
22:03:04.670 [main] INFO  c.a.n.c.c.i.Limiter - [<clinit>,56] - limitTime:5.0
22:03:04.684 [main] INFO  c.a.n.c.c.u.JvmUtil - [<clinit>,53] - isMultiInstance:false
22:03:04.714 [main] INFO  c.r.p.ParkingInformationApplication - [logStartupProfileInfo,646] - The following 1 profile is active: "dev"
22:03:06.808 [main] INFO  o.a.c.h.Http11NioProtocol - [log,173] - Initializing ProtocolHandler ["http-nio-9205"]
22:03:06.808 [main] INFO  o.a.c.c.StandardService - [log,173] - Starting service [Tomcat]
22:03:06.809 [main] INFO  o.a.c.c.StandardEngine - [log,173] - Starting Servlet engine: [Apache Tomcat/9.0.60]
22:03:06.976 [main] INFO  o.a.c.c.C.[.[.[/] - [log,173] - Initializing Spring embedded WebApplicationContext
22:03:07.982 [main] INFO  c.a.d.p.DruidDataSource - [init,998] - {dataSource-1,master} inited
22:03:07.983 [main] INFO  c.b.d.d.DynamicRoutingDataSource - [addDataSource,148] - dynamic-datasource - add a datasource named [master] success
22:03:07.983 [main] INFO  c.b.d.d.DynamicRoutingDataSource - [afterPropertiesSet,228] - dynamic-datasource initial loaded [1] datasource,primary datasource named [master]
22:03:08.131 [main] INFO  c.b.d.d.DynamicRoutingDataSource - [destroy,205] - dynamic-datasource start closing ....
22:03:08.133 [main] INFO  c.a.d.p.DruidDataSource - [close,2071] - {dataSource-1} closing ...
22:03:08.137 [main] INFO  c.a.d.p.DruidDataSource - [close,2144] - {dataSource-1} closed
22:03:08.137 [main] INFO  c.b.d.d.DynamicRoutingDataSource - [destroy,209] - dynamic-datasource all closed success,bye
22:03:08.139 [main] INFO  o.a.c.c.StandardService - [log,173] - Stopping service [Tomcat]
22:14:30.355 [background-preinit] INFO  o.h.v.i.util.Version - [<clinit>,21] - HV000001: Hibernate Validator 6.2.3.Final
22:14:31.000 [main] INFO  c.a.n.c.c.i.LocalConfigInfoProcessor - [<clinit>,67] - LOCAL_SNAPSHOT_PATH:C:\Users\lujiaxin\nacos\config
22:14:31.003 [main] INFO  c.a.n.c.r.client - [lambda$createClient$0,77] - [RpcClientFactory] create a new rpc client of ff22b9f7-97e3-4f65-834a-5ee83a5cc267_config-0
22:14:31.043 [main] INFO  o.r.Reflections - [scan,232] - Reflections took 27 ms to scan 1 urls, producing 3 keys and 6 values 
22:14:31.068 [main] INFO  o.r.Reflections - [scan,232] - Reflections took 12 ms to scan 1 urls, producing 4 keys and 9 values 
22:14:31.082 [main] INFO  o.r.Reflections - [scan,232] - Reflections took 12 ms to scan 1 urls, producing 3 keys and 10 values 
22:14:31.259 [main] INFO  o.r.Reflections - [scan,232] - Reflections took 173 ms to scan 239 urls, producing 0 keys and 0 values 
22:14:31.269 [main] INFO  o.r.Reflections - [scan,232] - Reflections took 8 ms to scan 1 urls, producing 1 keys and 5 values 
22:14:31.281 [main] INFO  o.r.Reflections - [scan,232] - Reflections took 11 ms to scan 1 urls, producing 1 keys and 7 values 
22:14:31.295 [main] INFO  o.r.Reflections - [scan,232] - Reflections took 12 ms to scan 1 urls, producing 2 keys and 8 values 
22:14:31.440 [main] INFO  o.r.Reflections - [scan,232] - Reflections took 142 ms to scan 239 urls, producing 0 keys and 0 values 
22:14:31.441 [main] INFO  c.a.n.c.r.client - [printIfInfoEnabled,60] - [ff22b9f7-97e3-4f65-834a-5ee83a5cc267_config-0]RpcClient init label, labels={module=config, Vipserver-Tag=null, source=sdk, Amory-Tag=null, Location-Tag=null, taskId=0, AppName=unknown}
22:14:31.442 [main] INFO  c.a.n.c.r.client - [printIfInfoEnabled,60] - [ff22b9f7-97e3-4f65-834a-5ee83a5cc267_config-0]Register server push request handler:com.alibaba.nacos.client.config.impl.ClientWorker$ConfigRpcTransportClient$$Lambda$329/1659309731
22:14:31.442 [main] INFO  c.a.n.c.r.client - [printIfInfoEnabled,60] - [ff22b9f7-97e3-4f65-834a-5ee83a5cc267_config-0]Register server push request handler:com.alibaba.nacos.client.config.impl.ClientWorker$ConfigRpcTransportClient$$Lambda$330/1056862342
22:14:31.442 [main] INFO  c.a.n.c.r.client - [printIfInfoEnabled,60] - [ff22b9f7-97e3-4f65-834a-5ee83a5cc267_config-0]Registry connection listener to current client:com.alibaba.nacos.client.config.impl.ClientWorker$ConfigRpcTransportClient$1
22:14:31.443 [main] INFO  c.a.n.c.r.client - [printIfInfoEnabled,60] - [ff22b9f7-97e3-4f65-834a-5ee83a5cc267_config-0]RpcClient init, ServerListFactory =com.alibaba.nacos.client.config.impl.ClientWorker$ConfigRpcTransportClient$2
22:14:31.449 [main] INFO  c.a.n.c.r.client - [printIfInfoEnabled,60] - [ff22b9f7-97e3-4f65-834a-5ee83a5cc267_config-0] Try to connect to server on start up, server: {serverIp='127.0.0.1', server main port=8848}
22:14:32.444 [main] INFO  c.a.n.c.r.client - [printIfInfoEnabled,60] - [ff22b9f7-97e3-4f65-834a-5ee83a5cc267_config-0] Success to connect to server [127.0.0.1:8848] on start up,connectionId=1663510472224_127.0.0.1_60016
22:14:32.444 [com.alibaba.nacos.client.remote.worker] INFO  c.a.n.c.r.client - [printIfInfoEnabled,60] - [ff22b9f7-97e3-4f65-834a-5ee83a5cc267_config-0]Notify connected event to listeners.
22:14:32.445 [com.alibaba.nacos.client.remote.worker] INFO  c.a.n.c.c.i.ClientWorker - [onConnected,681] - [ff22b9f7-97e3-4f65-834a-5ee83a5cc267_config-0] Connected,notify listen context...
22:14:32.445 [main] INFO  c.a.n.c.r.client - [printIfInfoEnabled,60] - [ff22b9f7-97e3-4f65-834a-5ee83a5cc267_config-0]Register server push request handler:com.alibaba.nacos.common.remote.client.RpcClient$ConnectResetRequestHandler
22:14:32.445 [main] INFO  c.a.n.c.r.client - [printIfInfoEnabled,60] - [ff22b9f7-97e3-4f65-834a-5ee83a5cc267_config-0]Register server push request handler:com.alibaba.nacos.common.remote.client.RpcClient$4
22:14:32.477 [main] INFO  c.a.n.c.c.i.Limiter - [<clinit>,56] - limitTime:5.0
22:14:32.491 [main] INFO  c.a.n.c.c.u.JvmUtil - [<clinit>,53] - isMultiInstance:false
22:14:32.521 [main] INFO  c.r.p.ParkingInformationApplication - [logStartupProfileInfo,646] - The following 1 profile is active: "dev"
22:14:34.725 [main] INFO  o.a.c.h.Http11NioProtocol - [log,173] - Initializing ProtocolHandler ["http-nio-9205"]
22:14:34.726 [main] INFO  o.a.c.c.StandardService - [log,173] - Starting service [Tomcat]
22:14:34.726 [main] INFO  o.a.c.c.StandardEngine - [log,173] - Starting Servlet engine: [Apache Tomcat/9.0.60]
22:14:34.894 [main] INFO  o.a.c.c.C.[.[.[/] - [log,173] - Initializing Spring embedded WebApplicationContext
22:14:35.867 [main] INFO  c.a.d.p.DruidDataSource - [init,998] - {dataSource-1,master} inited
22:14:35.868 [main] INFO  c.b.d.d.DynamicRoutingDataSource - [addDataSource,148] - dynamic-datasource - add a datasource named [master] success
22:14:35.868 [main] INFO  c.b.d.d.DynamicRoutingDataSource - [afterPropertiesSet,228] - dynamic-datasource initial loaded [1] datasource,primary datasource named [master]
22:14:36.017 [main] INFO  c.b.d.d.DynamicRoutingDataSource - [destroy,205] - dynamic-datasource start closing ....
22:14:36.018 [main] INFO  c.a.d.p.DruidDataSource - [close,2071] - {dataSource-1} closing ...
22:14:36.023 [main] INFO  c.a.d.p.DruidDataSource - [close,2144] - {dataSource-1} closed
22:14:36.023 [main] INFO  c.b.d.d.DynamicRoutingDataSource - [destroy,209] - dynamic-datasource all closed success,bye
22:14:36.025 [main] INFO  o.a.c.c.StandardService - [log,173] - Stopping service [Tomcat]
22:27:02.012 [background-preinit] INFO  o.h.v.i.util.Version - [<clinit>,21] - HV000001: Hibernate Validator 6.2.3.Final
22:27:02.658 [main] INFO  c.a.n.c.c.i.LocalConfigInfoProcessor - [<clinit>,67] - LOCAL_SNAPSHOT_PATH:C:\Users\lujiaxin\nacos\config
22:27:02.661 [main] INFO  c.a.n.c.r.client - [lambda$createClient$0,77] - [RpcClientFactory] create a new rpc client of c6d38cff-a3ec-4c00-a3d4-30c73d408399_config-0
22:27:02.701 [main] INFO  o.r.Reflections - [scan,232] - Reflections took 26 ms to scan 1 urls, producing 3 keys and 6 values 
22:27:02.725 [main] INFO  o.r.Reflections - [scan,232] - Reflections took 13 ms to scan 1 urls, producing 4 keys and 9 values 
22:27:02.740 [main] INFO  o.r.Reflections - [scan,232] - Reflections took 12 ms to scan 1 urls, producing 3 keys and 10 values 
22:27:02.922 [main] INFO  o.r.Reflections - [scan,232] - Reflections took 179 ms to scan 239 urls, producing 0 keys and 0 values 
22:27:02.932 [main] INFO  o.r.Reflections - [scan,232] - Reflections took 9 ms to scan 1 urls, producing 1 keys and 5 values 
22:27:02.943 [main] INFO  o.r.Reflections - [scan,232] - Reflections took 9 ms to scan 1 urls, producing 1 keys and 7 values 
22:27:02.955 [main] INFO  o.r.Reflections - [scan,232] - Reflections took 9 ms to scan 1 urls, producing 2 keys and 8 values 
22:27:03.089 [main] INFO  o.r.Reflections - [scan,232] - Reflections took 132 ms to scan 239 urls, producing 0 keys and 0 values 
22:27:03.090 [main] INFO  c.a.n.c.r.client - [printIfInfoEnabled,60] - [c6d38cff-a3ec-4c00-a3d4-30c73d408399_config-0]RpcClient init label, labels={module=config, Vipserver-Tag=null, source=sdk, Amory-Tag=null, Location-Tag=null, taskId=0, AppName=unknown}
22:27:03.091 [main] INFO  c.a.n.c.r.client - [printIfInfoEnabled,60] - [c6d38cff-a3ec-4c00-a3d4-30c73d408399_config-0]Register server push request handler:com.alibaba.nacos.client.config.impl.ClientWorker$ConfigRpcTransportClient$$Lambda$329/2054451662
22:27:03.091 [main] INFO  c.a.n.c.r.client - [printIfInfoEnabled,60] - [c6d38cff-a3ec-4c00-a3d4-30c73d408399_config-0]Register server push request handler:com.alibaba.nacos.client.config.impl.ClientWorker$ConfigRpcTransportClient$$Lambda$330/673672784
22:27:03.092 [main] INFO  c.a.n.c.r.client - [printIfInfoEnabled,60] - [c6d38cff-a3ec-4c00-a3d4-30c73d408399_config-0]Registry connection listener to current client:com.alibaba.nacos.client.config.impl.ClientWorker$ConfigRpcTransportClient$1
22:27:03.092 [main] INFO  c.a.n.c.r.client - [printIfInfoEnabled,60] - [c6d38cff-a3ec-4c00-a3d4-30c73d408399_config-0]RpcClient init, ServerListFactory =com.alibaba.nacos.client.config.impl.ClientWorker$ConfigRpcTransportClient$2
22:27:03.098 [main] INFO  c.a.n.c.r.client - [printIfInfoEnabled,60] - [c6d38cff-a3ec-4c00-a3d4-30c73d408399_config-0] Try to connect to server on start up, server: {serverIp='127.0.0.1', server main port=8848}
22:27:04.092 [main] INFO  c.a.n.c.r.client - [printIfInfoEnabled,60] - [c6d38cff-a3ec-4c00-a3d4-30c73d408399_config-0] Success to connect to server [127.0.0.1:8848] on start up,connectionId=1663511223864_127.0.0.1_60874
22:27:04.093 [com.alibaba.nacos.client.remote.worker] INFO  c.a.n.c.r.client - [printIfInfoEnabled,60] - [c6d38cff-a3ec-4c00-a3d4-30c73d408399_config-0]Notify connected event to listeners.
22:27:04.094 [main] INFO  c.a.n.c.r.client - [printIfInfoEnabled,60] - [c6d38cff-a3ec-4c00-a3d4-30c73d408399_config-0]Register server push request handler:com.alibaba.nacos.common.remote.client.RpcClient$ConnectResetRequestHandler
22:27:04.094 [com.alibaba.nacos.client.remote.worker] INFO  c.a.n.c.c.i.ClientWorker - [onConnected,681] - [c6d38cff-a3ec-4c00-a3d4-30c73d408399_config-0] Connected,notify listen context...
22:27:04.096 [main] INFO  c.a.n.c.r.client - [printIfInfoEnabled,60] - [c6d38cff-a3ec-4c00-a3d4-30c73d408399_config-0]Register server push request handler:com.alibaba.nacos.common.remote.client.RpcClient$4
22:27:04.152 [main] INFO  c.a.n.c.c.i.Limiter - [<clinit>,56] - limitTime:5.0
22:27:04.167 [main] INFO  c.a.n.c.c.u.JvmUtil - [<clinit>,53] - isMultiInstance:false
22:27:04.217 [main] INFO  c.r.p.ParkingInformationApplication - [logStartupProfileInfo,646] - The following 1 profile is active: "dev"
22:27:06.364 [main] INFO  o.a.c.h.Http11NioProtocol - [log,173] - Initializing ProtocolHandler ["http-nio-9205"]
22:27:06.364 [main] INFO  o.a.c.c.StandardService - [log,173] - Starting service [Tomcat]
22:27:06.365 [main] INFO  o.a.c.c.StandardEngine - [log,173] - Starting Servlet engine: [Apache Tomcat/9.0.60]
22:27:06.533 [main] INFO  o.a.c.c.C.[.[.[/] - [log,173] - Initializing Spring embedded WebApplicationContext
22:27:07.522 [main] INFO  c.a.d.p.DruidDataSource - [init,998] - {dataSource-1,master} inited
22:27:07.523 [main] INFO  c.b.d.d.DynamicRoutingDataSource - [addDataSource,148] - dynamic-datasource - add a datasource named [master] success
22:27:07.524 [main] INFO  c.b.d.d.DynamicRoutingDataSource - [afterPropertiesSet,228] - dynamic-datasource initial loaded [1] datasource,primary datasource named [master]
22:27:07.675 [main] INFO  c.b.d.d.DynamicRoutingDataSource - [destroy,205] - dynamic-datasource start closing ....
22:27:07.677 [main] INFO  c.a.d.p.DruidDataSource - [close,2071] - {dataSource-1} closing ...
22:27:07.681 [main] INFO  c.a.d.p.DruidDataSource - [close,2144] - {dataSource-1} closed
22:27:07.682 [main] INFO  c.b.d.d.DynamicRoutingDataSource - [destroy,209] - dynamic-datasource all closed success,bye
22:27:07.683 [main] INFO  o.a.c.c.StandardService - [log,173] - Stopping service [Tomcat]
22:38:34.137 [background-preinit] INFO  o.h.v.i.util.Version - [<clinit>,21] - HV000001: Hibernate Validator 6.2.3.Final
22:38:34.790 [main] INFO  c.a.n.c.c.i.LocalConfigInfoProcessor - [<clinit>,67] - LOCAL_SNAPSHOT_PATH:C:\Users\lujiaxin\nacos\config
22:38:34.792 [main] INFO  c.a.n.c.r.client - [lambda$createClient$0,77] - [RpcClientFactory] create a new rpc client of adfe43fe-f00d-410c-80de-9e467a607b63_config-0
22:38:34.833 [main] INFO  o.r.Reflections - [scan,232] - Reflections took 28 ms to scan 1 urls, producing 3 keys and 6 values 
22:38:34.858 [main] INFO  o.r.Reflections - [scan,232] - Reflections took 13 ms to scan 1 urls, producing 4 keys and 9 values 
22:38:34.872 [main] INFO  o.r.Reflections - [scan,232] - Reflections took 12 ms to scan 1 urls, producing 3 keys and 10 values 
22:38:35.048 [main] INFO  o.r.Reflections - [scan,232] - Reflections took 172 ms to scan 239 urls, producing 0 keys and 0 values 
22:38:35.061 [main] INFO  o.r.Reflections - [scan,232] - Reflections took 11 ms to scan 1 urls, producing 1 keys and 5 values 
22:38:35.072 [main] INFO  o.r.Reflections - [scan,232] - Reflections took 9 ms to scan 1 urls, producing 1 keys and 7 values 
22:38:35.087 [main] INFO  o.r.Reflections - [scan,232] - Reflections took 12 ms to scan 1 urls, producing 2 keys and 8 values 
22:38:35.224 [main] INFO  o.r.Reflections - [scan,232] - Reflections took 135 ms to scan 239 urls, producing 0 keys and 0 values 
22:38:35.225 [main] INFO  c.a.n.c.r.client - [printIfInfoEnabled,60] - [adfe43fe-f00d-410c-80de-9e467a607b63_config-0]RpcClient init label, labels={module=config, Vipserver-Tag=null, source=sdk, Amory-Tag=null, Location-Tag=null, taskId=0, AppName=unknown}
22:38:35.226 [main] INFO  c.a.n.c.r.client - [printIfInfoEnabled,60] - [adfe43fe-f00d-410c-80de-9e467a607b63_config-0]Register server push request handler:com.alibaba.nacos.client.config.impl.ClientWorker$ConfigRpcTransportClient$$Lambda$329/1659309731
22:38:35.226 [main] INFO  c.a.n.c.r.client - [printIfInfoEnabled,60] - [adfe43fe-f00d-410c-80de-9e467a607b63_config-0]Register server push request handler:com.alibaba.nacos.client.config.impl.ClientWorker$ConfigRpcTransportClient$$Lambda$330/1056862342
22:38:35.227 [main] INFO  c.a.n.c.r.client - [printIfInfoEnabled,60] - [adfe43fe-f00d-410c-80de-9e467a607b63_config-0]Registry connection listener to current client:com.alibaba.nacos.client.config.impl.ClientWorker$ConfigRpcTransportClient$1
22:38:35.227 [main] INFO  c.a.n.c.r.client - [printIfInfoEnabled,60] - [adfe43fe-f00d-410c-80de-9e467a607b63_config-0]RpcClient init, ServerListFactory =com.alibaba.nacos.client.config.impl.ClientWorker$ConfigRpcTransportClient$2
22:38:35.233 [main] INFO  c.a.n.c.r.client - [printIfInfoEnabled,60] - [adfe43fe-f00d-410c-80de-9e467a607b63_config-0] Try to connect to server on start up, server: {serverIp='127.0.0.1', server main port=8848}
22:38:36.256 [main] INFO  c.a.n.c.r.client - [printIfInfoEnabled,60] - [adfe43fe-f00d-410c-80de-9e467a607b63_config-0] Success to connect to server [127.0.0.1:8848] on start up,connectionId=1663511916027_127.0.0.1_61443
22:38:36.258 [com.alibaba.nacos.client.remote.worker] INFO  c.a.n.c.r.client - [printIfInfoEnabled,60] - [adfe43fe-f00d-410c-80de-9e467a607b63_config-0]Notify connected event to listeners.
22:38:36.258 [main] INFO  c.a.n.c.r.client - [printIfInfoEnabled,60] - [adfe43fe-f00d-410c-80de-9e467a607b63_config-0]Register server push request handler:com.alibaba.nacos.common.remote.client.RpcClient$ConnectResetRequestHandler
22:38:36.259 [com.alibaba.nacos.client.remote.worker] INFO  c.a.n.c.c.i.ClientWorker - [onConnected,681] - [adfe43fe-f00d-410c-80de-9e467a607b63_config-0] Connected,notify listen context...
22:38:36.260 [main] INFO  c.a.n.c.r.client - [printIfInfoEnabled,60] - [adfe43fe-f00d-410c-80de-9e467a607b63_config-0]Register server push request handler:com.alibaba.nacos.common.remote.client.RpcClient$4
22:38:36.313 [main] INFO  c.a.n.c.c.i.Limiter - [<clinit>,56] - limitTime:5.0
22:38:36.328 [main] INFO  c.a.n.c.c.u.JvmUtil - [<clinit>,53] - isMultiInstance:false
22:38:36.357 [main] INFO  c.r.p.ParkingInformationApplication - [logStartupProfileInfo,646] - The following 1 profile is active: "dev"
22:38:38.457 [main] INFO  o.a.c.h.Http11NioProtocol - [log,173] - Initializing ProtocolHandler ["http-nio-9205"]
22:38:38.458 [main] INFO  o.a.c.c.StandardService - [log,173] - Starting service [Tomcat]
22:38:38.458 [main] INFO  o.a.c.c.StandardEngine - [log,173] - Starting Servlet engine: [Apache Tomcat/9.0.60]
22:38:38.624 [main] INFO  o.a.c.c.C.[.[.[/] - [log,173] - Initializing Spring embedded WebApplicationContext
22:38:39.580 [main] INFO  c.a.d.p.DruidDataSource - [init,998] - {dataSource-1,master} inited
22:38:39.580 [main] INFO  c.b.d.d.DynamicRoutingDataSource - [addDataSource,148] - dynamic-datasource - add a datasource named [master] success
22:38:39.581 [main] INFO  c.b.d.d.DynamicRoutingDataSource - [afterPropertiesSet,228] - dynamic-datasource initial loaded [1] datasource,primary datasource named [master]
22:38:39.656 [main] INFO  c.b.d.d.DynamicRoutingDataSource - [destroy,205] - dynamic-datasource start closing ....
22:38:39.658 [main] INFO  c.a.d.p.DruidDataSource - [close,2071] - {dataSource-1} closing ...
22:38:39.662 [main] INFO  c.a.d.p.DruidDataSource - [close,2144] - {dataSource-1} closed
22:38:39.663 [main] INFO  c.b.d.d.DynamicRoutingDataSource - [destroy,209] - dynamic-datasource all closed success,bye
22:38:39.664 [main] INFO  o.a.c.c.StandardService - [log,173] - Stopping service [Tomcat]
22:44:57.002 [background-preinit] INFO  o.h.v.i.util.Version - [<clinit>,21] - HV000001: Hibernate Validator 6.2.3.Final
22:44:57.657 [main] INFO  c.a.n.c.c.i.LocalConfigInfoProcessor - [<clinit>,67] - LOCAL_SNAPSHOT_PATH:C:\Users\lujiaxin\nacos\config
22:44:57.666 [main] INFO  c.a.n.c.r.client - [lambda$createClient$0,77] - [RpcClientFactory] create a new rpc client of 4c40e460-a2d3-4627-b9e9-58c48a052ea5_config-0
22:44:57.719 [main] INFO  o.r.Reflections - [scan,232] - Reflections took 30 ms to scan 1 urls, producing 3 keys and 6 values 
22:44:57.749 [main] INFO  o.r.Reflections - [scan,232] - Reflections took 13 ms to scan 1 urls, producing 4 keys and 9 values 
22:44:57.763 [main] INFO  o.r.Reflections - [scan,232] - Reflections took 12 ms to scan 1 urls, producing 3 keys and 10 values 
22:44:57.942 [main] INFO  o.r.Reflections - [scan,232] - Reflections took 176 ms to scan 239 urls, producing 0 keys and 0 values 
22:44:57.953 [main] INFO  o.r.Reflections - [scan,232] - Reflections took 9 ms to scan 1 urls, producing 1 keys and 5 values 
22:44:57.964 [main] INFO  o.r.Reflections - [scan,232] - Reflections took 10 ms to scan 1 urls, producing 1 keys and 7 values 
22:44:57.978 [main] INFO  o.r.Reflections - [scan,232] - Reflections took 12 ms to scan 1 urls, producing 2 keys and 8 values 
22:44:58.117 [main] INFO  o.r.Reflections - [scan,232] - Reflections took 136 ms to scan 239 urls, producing 0 keys and 0 values 
22:44:58.119 [main] INFO  c.a.n.c.r.client - [printIfInfoEnabled,60] - [4c40e460-a2d3-4627-b9e9-58c48a052ea5_config-0]RpcClient init label, labels={module=config, Vipserver-Tag=null, source=sdk, Amory-Tag=null, Location-Tag=null, taskId=0, AppName=unknown}
22:44:58.119 [main] INFO  c.a.n.c.r.client - [printIfInfoEnabled,60] - [4c40e460-a2d3-4627-b9e9-58c48a052ea5_config-0]Register server push request handler:com.alibaba.nacos.client.config.impl.ClientWorker$ConfigRpcTransportClient$$Lambda$329/1659309731
22:44:58.120 [main] INFO  c.a.n.c.r.client - [printIfInfoEnabled,60] - [4c40e460-a2d3-4627-b9e9-58c48a052ea5_config-0]Register server push request handler:com.alibaba.nacos.client.config.impl.ClientWorker$ConfigRpcTransportClient$$Lambda$330/1056862342
22:44:58.121 [main] INFO  c.a.n.c.r.client - [printIfInfoEnabled,60] - [4c40e460-a2d3-4627-b9e9-58c48a052ea5_config-0]Registry connection listener to current client:com.alibaba.nacos.client.config.impl.ClientWorker$ConfigRpcTransportClient$1
22:44:58.122 [main] INFO  c.a.n.c.r.client - [printIfInfoEnabled,60] - [4c40e460-a2d3-4627-b9e9-58c48a052ea5_config-0]RpcClient init, ServerListFactory =com.alibaba.nacos.client.config.impl.ClientWorker$ConfigRpcTransportClient$2
22:44:58.128 [main] INFO  c.a.n.c.r.client - [printIfInfoEnabled,60] - [4c40e460-a2d3-4627-b9e9-58c48a052ea5_config-0] Try to connect to server on start up, server: {serverIp='127.0.0.1', server main port=8848}
22:44:59.317 [main] INFO  c.a.n.c.r.client - [printIfInfoEnabled,60] - [4c40e460-a2d3-4627-b9e9-58c48a052ea5_config-0] Success to connect to server [127.0.0.1:8848] on start up,connectionId=1663512299071_127.0.0.1_62020
22:44:59.319 [com.alibaba.nacos.client.remote.worker] INFO  c.a.n.c.r.client - [printIfInfoEnabled,60] - [4c40e460-a2d3-4627-b9e9-58c48a052ea5_config-0]Notify connected event to listeners.
22:44:59.319 [main] INFO  c.a.n.c.r.client - [printIfInfoEnabled,60] - [4c40e460-a2d3-4627-b9e9-58c48a052ea5_config-0]Register server push request handler:com.alibaba.nacos.common.remote.client.RpcClient$ConnectResetRequestHandler
22:44:59.319 [com.alibaba.nacos.client.remote.worker] INFO  c.a.n.c.c.i.ClientWorker - [onConnected,681] - [4c40e460-a2d3-4627-b9e9-58c48a052ea5_config-0] Connected,notify listen context...
22:44:59.320 [main] INFO  c.a.n.c.r.client - [printIfInfoEnabled,60] - [4c40e460-a2d3-4627-b9e9-58c48a052ea5_config-0]Register server push request handler:com.alibaba.nacos.common.remote.client.RpcClient$4
22:44:59.385 [main] INFO  c.a.n.c.c.i.Limiter - [<clinit>,56] - limitTime:5.0
22:44:59.404 [main] INFO  c.a.n.c.c.u.JvmUtil - [<clinit>,53] - isMultiInstance:false
22:44:59.441 [main] INFO  c.r.p.ParkingInformationApplication - [logStartupProfileInfo,646] - The following 1 profile is active: "dev"
22:45:01.910 [main] INFO  o.a.c.h.Http11NioProtocol - [log,173] - Initializing ProtocolHandler ["http-nio-9205"]
22:45:01.911 [main] INFO  o.a.c.c.StandardService - [log,173] - Starting service [Tomcat]
22:45:01.911 [main] INFO  o.a.c.c.StandardEngine - [log,173] - Starting Servlet engine: [Apache Tomcat/9.0.60]
22:45:02.129 [main] INFO  o.a.c.c.C.[.[.[/] - [log,173] - Initializing Spring embedded WebApplicationContext
22:45:03.167 [main] INFO  c.a.d.p.DruidDataSource - [init,998] - {dataSource-1,master} inited
22:45:03.168 [main] INFO  c.b.d.d.DynamicRoutingDataSource - [addDataSource,148] - dynamic-datasource - add a datasource named [master] success
22:45:03.169 [main] INFO  c.b.d.d.DynamicRoutingDataSource - [afterPropertiesSet,228] - dynamic-datasource initial loaded [1] datasource,primary datasource named [master]
22:45:04.786 [main] INFO  c.a.n.client.naming - [initNamespaceForNaming,63] - initializer namespace from System Property : null
22:45:04.787 [main] INFO  c.a.n.client.naming - [call,69] - initializer namespace from System Environment :null
22:45:04.788 [main] INFO  c.a.n.client.naming - [call,79] - initializer namespace from System Property :null
22:45:04.809 [main] INFO  c.a.n.c.r.client - [lambda$createClient$0,77] - [RpcClientFactory] create a new rpc client of 891c046e-c84a-4ae5-ad6b-14a89e650b40
22:45:04.810 [main] INFO  c.a.n.c.r.client - [printIfInfoEnabled,60] - [891c046e-c84a-4ae5-ad6b-14a89e650b40]RpcClient init label, labels={module=naming, source=sdk}
22:45:04.812 [main] INFO  c.a.n.c.r.client - [printIfInfoEnabled,60] - [891c046e-c84a-4ae5-ad6b-14a89e650b40]RpcClient init, ServerListFactory =com.alibaba.nacos.client.naming.core.ServerListManager
22:45:04.812 [main] INFO  c.a.n.c.r.client - [printIfInfoEnabled,60] - [891c046e-c84a-4ae5-ad6b-14a89e650b40]Registry connection listener to current client:com.alibaba.nacos.client.naming.remote.gprc.redo.NamingGrpcRedoService
22:45:04.813 [main] INFO  c.a.n.c.r.client - [printIfInfoEnabled,60] - [891c046e-c84a-4ae5-ad6b-14a89e650b40]Register server push request handler:com.alibaba.nacos.client.naming.remote.gprc.NamingPushRequestHandler
22:45:04.814 [main] INFO  c.a.n.c.r.client - [printIfInfoEnabled,60] - [891c046e-c84a-4ae5-ad6b-14a89e650b40] Try to connect to server on start up, server: {serverIp='127.0.0.1', server main port=8848}
22:45:04.931 [main] INFO  c.a.n.c.r.client - [printIfInfoEnabled,60] - [891c046e-c84a-4ae5-ad6b-14a89e650b40] Success to connect to server [127.0.0.1:8848] on start up,connectionId=1663512304821_127.0.0.1_62041
22:45:04.933 [com.alibaba.nacos.client.remote.worker] INFO  c.a.n.c.r.client - [printIfInfoEnabled,60] - [891c046e-c84a-4ae5-ad6b-14a89e650b40]Notify connected event to listeners.
22:45:04.934 [com.alibaba.nacos.client.remote.worker] INFO  c.a.n.client.naming - [onConnected,76] - Grpc connection connect
22:45:04.933 [main] INFO  c.a.n.c.r.client - [printIfInfoEnabled,60] - [891c046e-c84a-4ae5-ad6b-14a89e650b40]Register server push request handler:com.alibaba.nacos.common.remote.client.RpcClient$ConnectResetRequestHandler
22:45:04.935 [main] INFO  c.a.n.c.r.client - [printIfInfoEnabled,60] - [891c046e-c84a-4ae5-ad6b-14a89e650b40]Register server push request handler:com.alibaba.nacos.common.remote.client.RpcClient$4
22:45:06.739 [main] INFO  c.a.n.client.naming - [isChangedServiceInfo,181] - init new ips(0) service: DEFAULT_GROUP@@ruoyi-parkingInformation@@DEFAULT -> []
22:45:06.753 [main] INFO  c.a.n.client.naming - [processServiceInfo,166] - current ips:(0) service: DEFAULT_GROUP@@ruoyi-parkingInformation@@DEFAULT -> []
22:45:06.763 [main] INFO  o.a.c.h.Http11NioProtocol - [log,173] - Starting ProtocolHandler ["http-nio-9205"]
22:45:06.781 [main] INFO  c.a.n.client.naming - [registerService,112] - [REGISTER-SERVICE] public registering service ruoyi-parkingInformation with instance Instance{instanceId='null', ip='192.168.0.113', port=9205, weight=1.0, healthy=true, enabled=true, ephemeral=true, clusterName='DEFAULT', serviceName='null', metadata={preserved.register.source=SPRING_CLOUD}}
22:45:06.795 [main] INFO  c.a.c.n.r.NacosServiceRegistry - [register,75] - nacos registry, DEFAULT_GROUP ruoyi-parkingInformation 192.168.0.113:9205 register finished
22:45:07.197 [main] INFO  c.r.p.ParkingInformationApplication - [logStarted,61] - Started ParkingInformationApplication in 10.826 seconds (JVM running for 11.954)
22:45:07.204 [main] INFO  c.a.n.c.c.i.ClientWorker - [addCacheDataIfAbsent,384] - [config_rpc_client] [subscribe] ruoyi-parkingInformation+DEFAULT_GROUP
22:45:07.205 [main] INFO  c.a.n.c.c.i.CacheData - [addListener,173] - [config_rpc_client] [add-listener] ok, tenant=, dataId=ruoyi-parkingInformation, group=DEFAULT_GROUP, cnt=1
22:45:07.206 [main] INFO  c.a.n.c.c.i.ClientWorker - [addCacheDataIfAbsent,384] - [config_rpc_client] [subscribe] ruoyi-parkingInformation-dev.yml+DEFAULT_GROUP
22:45:07.206 [main] INFO  c.a.n.c.c.i.CacheData - [addListener,173] - [config_rpc_client] [add-listener] ok, tenant=, dataId=ruoyi-parkingInformation-dev.yml, group=DEFAULT_GROUP, cnt=1
22:45:07.207 [main] INFO  c.a.n.c.c.i.ClientWorker - [addCacheDataIfAbsent,384] - [config_rpc_client] [subscribe] ruoyi-parkingInformation.yml+DEFAULT_GROUP
22:45:07.207 [main] INFO  c.a.n.c.c.i.CacheData - [addListener,173] - [config_rpc_client] [add-listener] ok, tenant=, dataId=ruoyi-parkingInformation.yml, group=DEFAULT_GROUP, cnt=1
22:45:07.326 [nacos-grpc-client-executor-7] INFO  c.a.n.c.r.client - [printIfInfoEnabled,60] - [891c046e-c84a-4ae5-ad6b-14a89e650b40]receive server push request,request=NotifySubscriberRequest,requestId=5
22:45:07.329 [nacos-grpc-client-executor-7] INFO  c.a.n.client.naming - [isChangedServiceInfo,181] - init new ips(1) service: DEFAULT_GROUP@@ruoyi-parkingInformation -> [{"ip":"192.168.0.113","port":9205,"weight":1.0,"healthy":true,"enabled":true,"ephemeral":true,"clusterName":"DEFAULT","serviceName":"DEFAULT_GROUP@@ruoyi-parkingInformation","metadata":{"preserved.register.source":"SPRING_CLOUD"},"instanceHeartBeatTimeOut":15000,"ipDeleteTimeout":30000,"instanceHeartBeatInterval":5000}]
22:45:07.329 [nacos-grpc-client-executor-7] INFO  c.a.n.client.naming - [processServiceInfo,166] - current ips:(1) service: DEFAULT_GROUP@@ruoyi-parkingInformation -> [{"ip":"192.168.0.113","port":9205,"weight":1.0,"healthy":true,"enabled":true,"ephemeral":true,"clusterName":"DEFAULT","serviceName":"DEFAULT_GROUP@@ruoyi-parkingInformation","metadata":{"preserved.register.source":"SPRING_CLOUD"},"instanceHeartBeatTimeOut":15000,"ipDeleteTimeout":30000,"instanceHeartBeatInterval":5000}]
22:45:07.331 [nacos-grpc-client-executor-7] INFO  c.a.n.c.r.client - [printIfInfoEnabled,60] - [891c046e-c84a-4ae5-ad6b-14a89e650b40]ack server push request,request=NotifySubscriberRequest,requestId=5
22:45:07.595 [RMI TCP Connection(4)-192.168.0.113] INFO  o.a.c.c.C.[.[.[/] - [log,173] - Initializing Spring DispatcherServlet 'dispatcherServlet'
22:45:07.699 [com.alibaba.nacos.client.naming.updater.0] INFO  c.a.n.client.naming - [isChangedServiceInfo,235] - new ips(1) service: DEFAULT_GROUP@@ruoyi-parkingInformation@@DEFAULT -> [{"ip":"192.168.0.113","port":9205,"weight":1.0,"healthy":true,"enabled":true,"ephemeral":true,"clusterName":"DEFAULT","serviceName":"DEFAULT_GROUP@@ruoyi-parkingInformation","metadata":{"preserved.register.source":"SPRING_CLOUD"},"instanceHeartBeatTimeOut":15000,"ipDeleteTimeout":30000,"instanceHeartBeatInterval":5000}]
22:45:07.699 [com.alibaba.nacos.client.naming.updater.0] INFO  c.a.n.client.naming - [processServiceInfo,166] - current ips:(1) service: DEFAULT_GROUP@@ruoyi-parkingInformation@@DEFAULT -> [{"ip":"192.168.0.113","port":9205,"weight":1.0,"healthy":true,"enabled":true,"ephemeral":true,"clusterName":"DEFAULT","serviceName":"DEFAULT_GROUP@@ruoyi-parkingInformation","metadata":{"preserved.register.source":"SPRING_CLOUD"},"instanceHeartBeatTimeOut":15000,"ipDeleteTimeout":30000,"instanceHeartBeatInterval":5000}]
