23:28:36.971 [background-preinit] INFO  o.h.v.i.util.Version - [<clinit>,21] - HV000001: Hibernate Validator 6.2.3.Final
23:28:37.817 [main] INFO  c.a.n.c.c.i.LocalConfigInfoProcessor - [<clinit>,67] - LOCAL_SNAPSHOT_PATH:C:\Users\lujiaxin\nacos\config
23:28:37.820 [main] INFO  c.a.n.c.r.client - [lambda$createClient$0,77] - [RpcClientFactory] create a new rpc client of c17e3418-c818-4da7-a50a-4857156fcd5d_config-0
23:28:37.865 [main] INFO  o.r.Reflections - [scan,232] - Reflections took 29 ms to scan 1 urls, producing 3 keys and 6 values 
23:28:37.891 [main] INFO  o.r.Reflections - [scan,232] - Reflections took 14 ms to scan 1 urls, producing 4 keys and 9 values 
23:28:37.907 [main] INFO  o.r.Reflections - [scan,232] - Reflections took 13 ms to scan 1 urls, producing 3 keys and 10 values 
23:28:38.097 [main] INFO  o.r.Reflections - [scan,232] - Reflections took 187 ms to scan 239 urls, producing 0 keys and 0 values 
23:28:38.108 [main] INFO  o.r.Reflections - [scan,232] - Reflections took 10 ms to scan 1 urls, producing 1 keys and 5 values 
23:28:38.120 [main] INFO  o.r.Reflections - [scan,232] - Reflections took 10 ms to scan 1 urls, producing 1 keys and 7 values 
23:28:38.136 [main] INFO  o.r.Reflections - [scan,232] - Reflections took 13 ms to scan 1 urls, producing 2 keys and 8 values 
23:28:38.291 [main] INFO  o.r.Reflections - [scan,232] - Reflections took 152 ms to scan 239 urls, producing 0 keys and 0 values 
23:28:38.292 [main] INFO  c.a.n.c.r.client - [printIfInfoEnabled,60] - [c17e3418-c818-4da7-a50a-4857156fcd5d_config-0]RpcClient init label, labels={module=config, Vipserver-Tag=null, source=sdk, Amory-Tag=null, Location-Tag=null, taskId=0, AppName=unknown}
23:28:38.293 [main] INFO  c.a.n.c.r.client - [printIfInfoEnabled,60] - [c17e3418-c818-4da7-a50a-4857156fcd5d_config-0]Register server push request handler:com.alibaba.nacos.client.config.impl.ClientWorker$ConfigRpcTransportClient$$Lambda$329/696165690
23:28:38.294 [main] INFO  c.a.n.c.r.client - [printIfInfoEnabled,60] - [c17e3418-c818-4da7-a50a-4857156fcd5d_config-0]Register server push request handler:com.alibaba.nacos.client.config.impl.ClientWorker$ConfigRpcTransportClient$$Lambda$330/181078353
23:28:38.295 [main] INFO  c.a.n.c.r.client - [printIfInfoEnabled,60] - [c17e3418-c818-4da7-a50a-4857156fcd5d_config-0]Registry connection listener to current client:com.alibaba.nacos.client.config.impl.ClientWorker$ConfigRpcTransportClient$1
23:28:38.295 [main] INFO  c.a.n.c.r.client - [printIfInfoEnabled,60] - [c17e3418-c818-4da7-a50a-4857156fcd5d_config-0]RpcClient init, ServerListFactory =com.alibaba.nacos.client.config.impl.ClientWorker$ConfigRpcTransportClient$2
23:28:38.302 [main] INFO  c.a.n.c.r.client - [printIfInfoEnabled,60] - [c17e3418-c818-4da7-a50a-4857156fcd5d_config-0] Try to connect to server on start up, server: {serverIp='127.0.0.1', server main port=8848}
23:28:39.329 [main] INFO  c.a.n.c.r.client - [printIfInfoEnabled,60] - [c17e3418-c818-4da7-a50a-4857156fcd5d_config-0] Success to connect to server [127.0.0.1:8848] on start up,connectionId=1664206119099_127.0.0.1_54012
23:28:39.329 [com.alibaba.nacos.client.remote.worker] INFO  c.a.n.c.r.client - [printIfInfoEnabled,60] - [c17e3418-c818-4da7-a50a-4857156fcd5d_config-0]Notify connected event to listeners.
23:28:39.330 [com.alibaba.nacos.client.remote.worker] INFO  c.a.n.c.c.i.ClientWorker - [onConnected,681] - [c17e3418-c818-4da7-a50a-4857156fcd5d_config-0] Connected,notify listen context...
23:28:39.330 [main] INFO  c.a.n.c.r.client - [printIfInfoEnabled,60] - [c17e3418-c818-4da7-a50a-4857156fcd5d_config-0]Register server push request handler:com.alibaba.nacos.common.remote.client.RpcClient$ConnectResetRequestHandler
23:28:39.330 [main] INFO  c.a.n.c.r.client - [printIfInfoEnabled,60] - [c17e3418-c818-4da7-a50a-4857156fcd5d_config-0]Register server push request handler:com.alibaba.nacos.common.remote.client.RpcClient$4
23:28:39.364 [main] INFO  c.a.n.c.c.i.Limiter - [<clinit>,56] - limitTime:5.0
23:28:39.387 [main] INFO  c.a.n.c.c.u.JvmUtil - [<clinit>,53] - isMultiInstance:false
23:28:39.433 [main] INFO  c.r.p.ParkingInformationApplication - [logStartupProfileInfo,646] - The following 1 profile is active: "dev"
23:28:41.682 [main] INFO  o.a.c.h.Http11NioProtocol - [log,173] - Initializing ProtocolHandler ["http-nio-9205"]
23:28:41.682 [main] INFO  o.a.c.c.StandardService - [log,173] - Starting service [Tomcat]
23:28:41.683 [main] INFO  o.a.c.c.StandardEngine - [log,173] - Starting Servlet engine: [Apache Tomcat/9.0.60]
23:28:41.850 [main] INFO  o.a.c.c.C.[.[.[/] - [log,173] - Initializing Spring embedded WebApplicationContext
23:28:42.863 [main] INFO  c.a.d.p.DruidDataSource - [init,998] - {dataSource-1,master} inited
23:28:42.864 [main] INFO  c.b.d.d.DynamicRoutingDataSource - [addDataSource,148] - dynamic-datasource - add a datasource named [master] success
23:28:42.864 [main] INFO  c.b.d.d.DynamicRoutingDataSource - [afterPropertiesSet,228] - dynamic-datasource initial loaded [1] datasource,primary datasource named [master]
23:28:44.334 [main] INFO  c.a.n.client.naming - [initNamespaceForNaming,63] - initializer namespace from System Property : null
23:28:44.335 [main] INFO  c.a.n.client.naming - [call,69] - initializer namespace from System Environment :null
23:28:44.336 [main] INFO  c.a.n.client.naming - [call,79] - initializer namespace from System Property :null
23:28:44.348 [main] INFO  c.a.n.c.r.client - [lambda$createClient$0,77] - [RpcClientFactory] create a new rpc client of 89e75174-6a2a-42d5-af72-b1c0d8a6223a
23:28:44.349 [main] INFO  c.a.n.c.r.client - [printIfInfoEnabled,60] - [89e75174-6a2a-42d5-af72-b1c0d8a6223a]RpcClient init label, labels={module=naming, source=sdk}
23:28:44.351 [main] INFO  c.a.n.c.r.client - [printIfInfoEnabled,60] - [89e75174-6a2a-42d5-af72-b1c0d8a6223a]RpcClient init, ServerListFactory =com.alibaba.nacos.client.naming.core.ServerListManager
23:28:44.351 [main] INFO  c.a.n.c.r.client - [printIfInfoEnabled,60] - [89e75174-6a2a-42d5-af72-b1c0d8a6223a]Registry connection listener to current client:com.alibaba.nacos.client.naming.remote.gprc.redo.NamingGrpcRedoService
23:28:44.352 [main] INFO  c.a.n.c.r.client - [printIfInfoEnabled,60] - [89e75174-6a2a-42d5-af72-b1c0d8a6223a]Register server push request handler:com.alibaba.nacos.client.naming.remote.gprc.NamingPushRequestHandler
23:28:44.352 [main] INFO  c.a.n.c.r.client - [printIfInfoEnabled,60] - [89e75174-6a2a-42d5-af72-b1c0d8a6223a] Try to connect to server on start up, server: {serverIp='127.0.0.1', server main port=8848}
23:28:44.474 [main] INFO  c.a.n.c.r.client - [printIfInfoEnabled,60] - [89e75174-6a2a-42d5-af72-b1c0d8a6223a] Success to connect to server [127.0.0.1:8848] on start up,connectionId=1664206124357_127.0.0.1_54021
23:28:44.476 [com.alibaba.nacos.client.remote.worker] INFO  c.a.n.c.r.client - [printIfInfoEnabled,60] - [89e75174-6a2a-42d5-af72-b1c0d8a6223a]Notify connected event to listeners.
23:28:44.476 [com.alibaba.nacos.client.remote.worker] INFO  c.a.n.client.naming - [onConnected,76] - Grpc connection connect
23:28:44.476 [main] INFO  c.a.n.c.r.client - [printIfInfoEnabled,60] - [89e75174-6a2a-42d5-af72-b1c0d8a6223a]Register server push request handler:com.alibaba.nacos.common.remote.client.RpcClient$ConnectResetRequestHandler
23:28:44.478 [main] INFO  c.a.n.c.r.client - [printIfInfoEnabled,60] - [89e75174-6a2a-42d5-af72-b1c0d8a6223a]Register server push request handler:com.alibaba.nacos.common.remote.client.RpcClient$4
23:28:46.153 [main] INFO  c.a.n.client.naming - [isChangedServiceInfo,181] - init new ips(0) service: DEFAULT_GROUP@@ruoyi-parkingInformation@@DEFAULT -> []
23:28:46.160 [main] INFO  c.a.n.client.naming - [processServiceInfo,166] - current ips:(0) service: DEFAULT_GROUP@@ruoyi-parkingInformation@@DEFAULT -> []
23:28:46.165 [main] INFO  o.a.c.h.Http11NioProtocol - [log,173] - Starting ProtocolHandler ["http-nio-9205"]
23:28:46.199 [main] INFO  c.a.n.client.naming - [registerService,112] - [REGISTER-SERVICE] public registering service ruoyi-parkingInformation with instance Instance{instanceId='null', ip='192.168.0.103', port=9205, weight=1.0, healthy=true, enabled=true, ephemeral=true, clusterName='DEFAULT', serviceName='null', metadata={preserved.register.source=SPRING_CLOUD}}
23:28:46.204 [main] INFO  c.a.c.n.r.NacosServiceRegistry - [register,75] - nacos registry, DEFAULT_GROUP ruoyi-parkingInformation 192.168.0.103:9205 register finished
23:28:46.505 [http-nio-9205-exec-1] INFO  o.a.c.c.C.[.[.[/] - [log,173] - Initializing Spring DispatcherServlet 'dispatcherServlet'
23:28:46.704 [nacos-grpc-client-executor-7] INFO  c.a.n.c.r.client - [printIfInfoEnabled,60] - [89e75174-6a2a-42d5-af72-b1c0d8a6223a]receive server push request,request=NotifySubscriberRequest,requestId=19
23:28:46.709 [nacos-grpc-client-executor-7] INFO  c.a.n.client.naming - [isChangedServiceInfo,181] - init new ips(1) service: DEFAULT_GROUP@@ruoyi-parkingInformation -> [{"ip":"192.168.0.103","port":9205,"weight":1.0,"healthy":true,"enabled":true,"ephemeral":true,"clusterName":"DEFAULT","serviceName":"DEFAULT_GROUP@@ruoyi-parkingInformation","metadata":{"preserved.register.source":"SPRING_CLOUD"},"ipDeleteTimeout":30000,"instanceHeartBeatInterval":5000,"instanceHeartBeatTimeOut":15000}]
23:28:46.710 [nacos-grpc-client-executor-7] INFO  c.a.n.client.naming - [processServiceInfo,166] - current ips:(1) service: DEFAULT_GROUP@@ruoyi-parkingInformation -> [{"ip":"192.168.0.103","port":9205,"weight":1.0,"healthy":true,"enabled":true,"ephemeral":true,"clusterName":"DEFAULT","serviceName":"DEFAULT_GROUP@@ruoyi-parkingInformation","metadata":{"preserved.register.source":"SPRING_CLOUD"},"ipDeleteTimeout":30000,"instanceHeartBeatInterval":5000,"instanceHeartBeatTimeOut":15000}]
23:28:46.711 [nacos-grpc-client-executor-7] INFO  c.a.n.c.r.client - [printIfInfoEnabled,60] - [89e75174-6a2a-42d5-af72-b1c0d8a6223a]ack server push request,request=NotifySubscriberRequest,requestId=19
23:28:46.714 [main] INFO  c.r.p.ParkingInformationApplication - [logStarted,61] - Started ParkingInformationApplication in 10.663 seconds (JVM running for 12.434)
23:28:46.722 [main] INFO  c.a.n.c.c.i.ClientWorker - [addCacheDataIfAbsent,384] - [config_rpc_client] [subscribe] ruoyi-parkingInformation+DEFAULT_GROUP
23:28:46.723 [main] INFO  c.a.n.c.c.i.CacheData - [addListener,173] - [config_rpc_client] [add-listener] ok, tenant=, dataId=ruoyi-parkingInformation, group=DEFAULT_GROUP, cnt=1
23:28:46.725 [main] INFO  c.a.n.c.c.i.ClientWorker - [addCacheDataIfAbsent,384] - [config_rpc_client] [subscribe] ruoyi-parkingInformation-dev.yml+DEFAULT_GROUP
23:28:46.725 [main] INFO  c.a.n.c.c.i.CacheData - [addListener,173] - [config_rpc_client] [add-listener] ok, tenant=, dataId=ruoyi-parkingInformation-dev.yml, group=DEFAULT_GROUP, cnt=1
23:28:46.725 [main] INFO  c.a.n.c.c.i.ClientWorker - [addCacheDataIfAbsent,384] - [config_rpc_client] [subscribe] ruoyi-parkingInformation.yml+DEFAULT_GROUP
23:28:46.725 [main] INFO  c.a.n.c.c.i.CacheData - [addListener,173] - [config_rpc_client] [add-listener] ok, tenant=, dataId=ruoyi-parkingInformation.yml, group=DEFAULT_GROUP, cnt=1
23:28:47.159 [com.alibaba.nacos.client.naming.updater.0] INFO  c.a.n.client.naming - [isChangedServiceInfo,235] - new ips(1) service: DEFAULT_GROUP@@ruoyi-parkingInformation@@DEFAULT -> [{"ip":"192.168.0.103","port":9205,"weight":1.0,"healthy":true,"enabled":true,"ephemeral":true,"clusterName":"DEFAULT","serviceName":"DEFAULT_GROUP@@ruoyi-parkingInformation","metadata":{"preserved.register.source":"SPRING_CLOUD"},"ipDeleteTimeout":30000,"instanceHeartBeatInterval":5000,"instanceHeartBeatTimeOut":15000}]
23:28:47.160 [com.alibaba.nacos.client.naming.updater.0] INFO  c.a.n.client.naming - [processServiceInfo,166] - current ips:(1) service: DEFAULT_GROUP@@ruoyi-parkingInformation@@DEFAULT -> [{"ip":"192.168.0.103","port":9205,"weight":1.0,"healthy":true,"enabled":true,"ephemeral":true,"clusterName":"DEFAULT","serviceName":"DEFAULT_GROUP@@ruoyi-parkingInformation","metadata":{"preserved.register.source":"SPRING_CLOUD"},"ipDeleteTimeout":30000,"instanceHeartBeatInterval":5000,"instanceHeartBeatTimeOut":15000}]
