23:19:46.824 [background-preinit] INFO  o.h.v.i.util.Version - [<clinit>,21] - HV000001: Hibernate Validator 6.2.0.Final
23:19:48.227 [main] INFO  c.a.n.c.c.i.LocalConfigInfoProcessor - [<clinit>,67] - LOCAL_SNAPSHOT_PATH:C:\Users\13607\nacos\config
23:19:48.231 [main] INFO  c.a.n.c.r.client - [lambda$createClient$0,77] - [RpcClientFactory] create a new rpc client of a4450d0b-364b-410f-9acd-4ae3e28d82fb_config-0
23:19:48.307 [main] INFO  o.r.Reflections - [scan,232] - Reflections took 48 ms to scan 1 urls, producing 3 keys and 6 values 
23:19:48.358 [main] INFO  o.r.Reflections - [scan,232] - Reflections took 26 ms to scan 1 urls, producing 4 keys and 9 values 
23:19:48.380 [main] INFO  o.r.Reflections - [scan,232] - Reflections took 18 ms to scan 1 urls, producing 3 keys and 10 values 
23:19:48.622 [main] INFO  o.r.Reflections - [scan,232] - Reflections took 237 ms to scan 196 urls, producing 0 keys and 0 values 
23:19:48.638 [main] INFO  o.r.Reflections - [scan,232] - Reflections took 15 ms to scan 1 urls, producing 1 keys and 5 values 
23:19:48.657 [main] INFO  o.r.Reflections - [scan,232] - Reflections took 15 ms to scan 1 urls, producing 1 keys and 7 values 
23:19:48.675 [main] INFO  o.r.Reflections - [scan,232] - Reflections took 15 ms to scan 1 urls, producing 2 keys and 8 values 
23:19:48.891 [main] INFO  o.r.Reflections - [scan,232] - Reflections took 213 ms to scan 196 urls, producing 0 keys and 0 values 
23:19:48.893 [main] INFO  c.a.n.c.r.client - [printIfInfoEnabled,60] - [a4450d0b-364b-410f-9acd-4ae3e28d82fb_config-0]RpcClient init label, labels={module=config, Vipserver-Tag=null, source=sdk, Amory-Tag=null, Location-Tag=null, taskId=0, AppName=unknown}
23:19:48.895 [main] INFO  c.a.n.c.r.client - [printIfInfoEnabled,60] - [a4450d0b-364b-410f-9acd-4ae3e28d82fb_config-0]Register server push request handler:com.alibaba.nacos.client.config.impl.ClientWorker$ConfigRpcTransportClient$$Lambda$324/373973695
23:19:48.895 [main] INFO  c.a.n.c.r.client - [printIfInfoEnabled,60] - [a4450d0b-364b-410f-9acd-4ae3e28d82fb_config-0]Register server push request handler:com.alibaba.nacos.client.config.impl.ClientWorker$ConfigRpcTransportClient$$Lambda$325/300659126
23:19:48.897 [main] INFO  c.a.n.c.r.client - [printIfInfoEnabled,60] - [a4450d0b-364b-410f-9acd-4ae3e28d82fb_config-0]Registry connection listener to current client:com.alibaba.nacos.client.config.impl.ClientWorker$ConfigRpcTransportClient$1
23:19:48.898 [main] INFO  c.a.n.c.r.client - [printIfInfoEnabled,60] - [a4450d0b-364b-410f-9acd-4ae3e28d82fb_config-0]RpcClient init, ServerListFactory =com.alibaba.nacos.client.config.impl.ClientWorker$ConfigRpcTransportClient$2
23:19:48.912 [main] INFO  c.a.n.c.r.client - [printIfInfoEnabled,60] - [a4450d0b-364b-410f-9acd-4ae3e28d82fb_config-0] Try to connect to server on start up, server: {serverIp='127.0.0.1', server main port=8848}
23:19:51.342 [main] INFO  c.a.n.c.r.client - [printIfInfoEnabled,60] - [a4450d0b-364b-410f-9acd-4ae3e28d82fb_config-0] Success to connect to server [127.0.0.1:8848] on start up,connectionId=1661699991069_127.0.0.1_58282
23:19:51.343 [com.alibaba.nacos.client.remote.worker] INFO  c.a.n.c.r.client - [printIfInfoEnabled,60] - [a4450d0b-364b-410f-9acd-4ae3e28d82fb_config-0]Notify connected event to listeners.
23:19:51.344 [com.alibaba.nacos.client.remote.worker] INFO  c.a.n.c.c.i.ClientWorker - [onConnected,681] - [a4450d0b-364b-410f-9acd-4ae3e28d82fb_config-0] Connected,notify listen context...
23:19:51.344 [main] INFO  c.a.n.c.r.client - [printIfInfoEnabled,60] - [a4450d0b-364b-410f-9acd-4ae3e28d82fb_config-0]Register server push request handler:com.alibaba.nacos.common.remote.client.RpcClient$ConnectResetRequestHandler
23:19:51.344 [main] INFO  c.a.n.c.r.client - [printIfInfoEnabled,60] - [a4450d0b-364b-410f-9acd-4ae3e28d82fb_config-0]Register server push request handler:com.alibaba.nacos.common.remote.client.RpcClient$4
23:19:51.408 [main] INFO  c.a.n.c.c.i.Limiter - [<clinit>,56] - limitTime:5.0
23:19:51.432 [main] INFO  c.a.n.c.c.u.JvmUtil - [<clinit>,53] - isMultiInstance:false
23:19:51.481 [main] INFO  c.r.j.RuoYiJobApplication - [logStartupProfileInfo,639] - The following profiles are active: dev
23:19:54.704 [main] INFO  o.a.c.h.Http11NioProtocol - [log,173] - Initializing ProtocolHandler ["http-nio-9203"]
23:19:54.705 [main] INFO  o.a.c.c.StandardService - [log,173] - Starting service [Tomcat]
23:19:54.705 [main] INFO  o.a.c.c.StandardEngine - [log,173] - Starting Servlet engine: [Apache Tomcat/9.0.56]
23:19:54.885 [main] INFO  o.a.c.c.C.[.[.[/] - [log,173] - Initializing Spring embedded WebApplicationContext
23:19:55.367 [main] INFO  o.q.i.StdSchedulerFactory - [instantiate,1220] - Using default implementation for ThreadExecutor
23:19:55.383 [main] INFO  o.q.c.SchedulerSignalerImpl - [<init>,61] - Initialized Scheduler Signaller of type: class org.quartz.core.SchedulerSignalerImpl
23:19:55.383 [main] INFO  o.q.c.QuartzScheduler - [<init>,229] - Quartz Scheduler v.2.3.2 created.
23:19:55.394 [main] INFO  c.z.h.HikariDataSource - [getConnection,110] - HikariPool-1 - Starting...
23:19:55.601 [main] INFO  c.z.h.HikariDataSource - [getConnection,123] - HikariPool-1 - Start completed.
23:19:55.617 [main] INFO  o.q.c.QuartzScheduler - [initialize,294] - Scheduler meta-data: Quartz Scheduler (v2.3.2) 'RuoyiScheduler' with instanceId 'shaohuaibin1661699995369'
  Scheduler class: 'org.quartz.core.QuartzScheduler' - running locally.
  NOT STARTED.
  Currently in standby mode.
  Number of jobs executed: 0
  Using thread pool 'org.quartz.simpl.SimpleThreadPool' - with 20 threads.
  Using job-store 'org.springframework.scheduling.quartz.LocalDataSourceJobStore' - which supports persistence. and is clustered.

23:19:55.618 [main] INFO  o.q.i.StdSchedulerFactory - [instantiate,1374] - Quartz scheduler 'RuoyiScheduler' initialized from an externally provided properties instance.
23:19:55.618 [main] INFO  o.q.i.StdSchedulerFactory - [instantiate,1378] - Quartz scheduler version: 2.3.2
23:19:55.620 [main] INFO  o.q.c.QuartzScheduler - [setJobFactory,2293] - JobFactory set to: org.springframework.scheduling.quartz.AdaptableJobFactory@51566ce0
23:19:58.230 [main] INFO  c.a.n.client.naming - [initNamespaceForNaming,63] - initializer namespace from System Property : null
23:19:58.231 [main] INFO  c.a.n.client.naming - [call,69] - initializer namespace from System Environment :null
23:19:58.232 [main] INFO  c.a.n.client.naming - [call,79] - initializer namespace from System Property :null
23:19:58.255 [main] INFO  c.a.n.c.r.client - [lambda$createClient$0,77] - [RpcClientFactory] create a new rpc client of 7bab839b-246d-42b8-a53c-bf2c1f1bb81a
23:19:58.255 [main] INFO  c.a.n.c.r.client - [printIfInfoEnabled,60] - [7bab839b-246d-42b8-a53c-bf2c1f1bb81a]RpcClient init label, labels={module=naming, source=sdk}
23:19:58.258 [main] INFO  c.a.n.c.r.client - [printIfInfoEnabled,60] - [7bab839b-246d-42b8-a53c-bf2c1f1bb81a]RpcClient init, ServerListFactory =com.alibaba.nacos.client.naming.core.ServerListManager
23:19:58.259 [main] INFO  c.a.n.c.r.client - [printIfInfoEnabled,60] - [7bab839b-246d-42b8-a53c-bf2c1f1bb81a]Registry connection listener to current client:com.alibaba.nacos.client.naming.remote.gprc.redo.NamingGrpcRedoService
23:19:58.260 [main] INFO  c.a.n.c.r.client - [printIfInfoEnabled,60] - [7bab839b-246d-42b8-a53c-bf2c1f1bb81a]Register server push request handler:com.alibaba.nacos.client.naming.remote.gprc.NamingPushRequestHandler
23:19:58.261 [main] INFO  c.a.n.c.r.client - [printIfInfoEnabled,60] - [7bab839b-246d-42b8-a53c-bf2c1f1bb81a] Try to connect to server on start up, server: {serverIp='127.0.0.1', server main port=8848}
23:19:58.394 [main] INFO  c.a.n.c.r.client - [printIfInfoEnabled,60] - [7bab839b-246d-42b8-a53c-bf2c1f1bb81a] Success to connect to server [127.0.0.1:8848] on start up,connectionId=1661699998269_127.0.0.1_58296
23:19:58.395 [com.alibaba.nacos.client.remote.worker] INFO  c.a.n.c.r.client - [printIfInfoEnabled,60] - [7bab839b-246d-42b8-a53c-bf2c1f1bb81a]Notify connected event to listeners.
23:19:58.395 [com.alibaba.nacos.client.remote.worker] INFO  c.a.n.client.naming - [onConnected,76] - Grpc connection connect
23:19:58.395 [main] INFO  c.a.n.c.r.client - [printIfInfoEnabled,60] - [7bab839b-246d-42b8-a53c-bf2c1f1bb81a]Register server push request handler:com.alibaba.nacos.common.remote.client.RpcClient$ConnectResetRequestHandler
23:19:58.395 [main] INFO  c.a.n.c.r.client - [printIfInfoEnabled,60] - [7bab839b-246d-42b8-a53c-bf2c1f1bb81a]Register server push request handler:com.alibaba.nacos.common.remote.client.RpcClient$4
23:20:01.262 [main] INFO  c.a.n.client.naming - [isChangedServiceInfo,181] - init new ips(0) service: DEFAULT_GROUP@@ruoyi-job@@DEFAULT -> []
23:20:01.278 [main] INFO  c.a.n.client.naming - [processServiceInfo,166] - current ips:(0) service: DEFAULT_GROUP@@ruoyi-job@@DEFAULT -> []
23:20:01.288 [main] INFO  o.a.c.h.Http11NioProtocol - [log,173] - Starting ProtocolHandler ["http-nio-9203"]
23:20:01.314 [main] INFO  c.a.n.client.naming - [registerService,112] - [REGISTER-SERVICE] public registering service ruoyi-job with instance Instance{instanceId='null', ip='192.168.1.9', port=9203, weight=1.0, healthy=true, enabled=true, ephemeral=true, clusterName='DEFAULT', serviceName='null', metadata={preserved.register.source=SPRING_CLOUD}}
23:20:01.323 [main] INFO  c.a.c.n.r.NacosServiceRegistry - [register,75] - nacos registry, DEFAULT_GROUP ruoyi-job 192.168.1.9:9203 register finished
23:20:01.832 [nacos-grpc-client-executor-7] INFO  c.a.n.c.r.client - [printIfInfoEnabled,60] - [7bab839b-246d-42b8-a53c-bf2c1f1bb81a]receive server push request,request=NotifySubscriberRequest,requestId=13
23:20:01.836 [nacos-grpc-client-executor-7] INFO  c.a.n.client.naming - [isChangedServiceInfo,181] - init new ips(1) service: DEFAULT_GROUP@@ruoyi-job -> [{"ip":"192.168.1.9","port":9203,"weight":1.0,"healthy":true,"enabled":true,"ephemeral":true,"clusterName":"DEFAULT","serviceName":"DEFAULT_GROUP@@ruoyi-job","metadata":{"preserved.register.source":"SPRING_CLOUD"},"ipDeleteTimeout":30000,"instanceHeartBeatInterval":5000,"instanceHeartBeatTimeOut":15000}]
23:20:01.837 [nacos-grpc-client-executor-7] INFO  c.a.n.client.naming - [processServiceInfo,166] - current ips:(1) service: DEFAULT_GROUP@@ruoyi-job -> [{"ip":"192.168.1.9","port":9203,"weight":1.0,"healthy":true,"enabled":true,"ephemeral":true,"clusterName":"DEFAULT","serviceName":"DEFAULT_GROUP@@ruoyi-job","metadata":{"preserved.register.source":"SPRING_CLOUD"},"ipDeleteTimeout":30000,"instanceHeartBeatInterval":5000,"instanceHeartBeatTimeOut":15000}]
23:20:01.839 [nacos-grpc-client-executor-7] INFO  c.a.n.c.r.client - [printIfInfoEnabled,60] - [7bab839b-246d-42b8-a53c-bf2c1f1bb81a]ack server push request,request=NotifySubscriberRequest,requestId=13
23:20:02.251 [com.alibaba.nacos.client.naming.updater.0] INFO  c.a.n.client.naming - [isChangedServiceInfo,235] - new ips(1) service: DEFAULT_GROUP@@ruoyi-job@@DEFAULT -> [{"ip":"192.168.1.9","port":9203,"weight":1.0,"healthy":true,"enabled":true,"ephemeral":true,"clusterName":"DEFAULT","serviceName":"DEFAULT_GROUP@@ruoyi-job","metadata":{"preserved.register.source":"SPRING_CLOUD"},"ipDeleteTimeout":30000,"instanceHeartBeatInterval":5000,"instanceHeartBeatTimeOut":15000}]
23:20:02.251 [com.alibaba.nacos.client.naming.updater.0] INFO  c.a.n.client.naming - [processServiceInfo,166] - current ips:(1) service: DEFAULT_GROUP@@ruoyi-job@@DEFAULT -> [{"ip":"192.168.1.9","port":9203,"weight":1.0,"healthy":true,"enabled":true,"ephemeral":true,"clusterName":"DEFAULT","serviceName":"DEFAULT_GROUP@@ruoyi-job","metadata":{"preserved.register.source":"SPRING_CLOUD"},"ipDeleteTimeout":30000,"instanceHeartBeatInterval":5000,"instanceHeartBeatTimeOut":15000}]
23:20:02.364 [main] INFO  c.r.j.RuoYiJobApplication - [logStarted,61] - Started RuoYiJobApplication in 16.908 seconds (JVM running for 18.771)
23:20:02.378 [main] INFO  c.a.n.c.c.i.ClientWorker - [addCacheDataIfAbsent,384] - [config_rpc_client] [subscribe] ruoyi-job+DEFAULT_GROUP
23:20:02.379 [main] INFO  c.a.n.c.c.i.CacheData - [addListener,173] - [config_rpc_client] [add-listener] ok, tenant=, dataId=ruoyi-job, group=DEFAULT_GROUP, cnt=1
23:20:02.381 [main] INFO  c.a.n.c.c.i.ClientWorker - [addCacheDataIfAbsent,384] - [config_rpc_client] [subscribe] ruoyi-job-dev.yml+DEFAULT_GROUP
23:20:02.381 [main] INFO  c.a.n.c.c.i.CacheData - [addListener,173] - [config_rpc_client] [add-listener] ok, tenant=, dataId=ruoyi-job-dev.yml, group=DEFAULT_GROUP, cnt=1
23:20:02.381 [main] INFO  c.a.n.c.c.i.ClientWorker - [addCacheDataIfAbsent,384] - [config_rpc_client] [subscribe] ruoyi-job.yml+DEFAULT_GROUP
23:20:02.381 [main] INFO  c.a.n.c.c.i.CacheData - [addListener,173] - [config_rpc_client] [add-listener] ok, tenant=, dataId=ruoyi-job.yml, group=DEFAULT_GROUP, cnt=1
23:20:03.362 [Quartz Scheduler [RuoyiScheduler]] INFO  o.q.c.QuartzScheduler - [start,547] - Scheduler RuoyiScheduler_$_shaohuaibin1661699995369 started.
23:20:03.551 [RMI TCP Connection(6)-192.168.1.9] INFO  o.a.c.c.C.[.[.[/] - [log,173] - Initializing Spring DispatcherServlet 'dispatcherServlet'
