10:14:10.866 [background-preinit] INFO  o.h.v.i.util.Version - [<clinit>,21] - HV000001: Hibernate Validator 6.2.3.Final
10:14:11.516 [main] INFO  c.a.n.c.c.i.LocalConfigInfoProcessor - [<clinit>,67] - LOCAL_SNAPSHOT_PATH:C:\Users\lujiaxin\nacos\config
10:14:11.519 [main] INFO  c.a.n.c.r.client - [lambda$createClient$0,77] - [RpcClientFactory] create a new rpc client of 3d6c2775-4afe-4763-93bc-f906c2fc8467_config-0
10:14:11.560 [main] INFO  o.r.Reflections - [scan,232] - Reflections took 27 ms to scan 1 urls, producing 3 keys and 6 values 
10:14:11.584 [main] INFO  o.r.Reflections - [scan,232] - Reflections took 12 ms to scan 1 urls, producing 4 keys and 9 values 
10:14:11.597 [main] INFO  o.r.Reflections - [scan,232] - Reflections took 11 ms to scan 1 urls, producing 3 keys and 10 values 
10:14:11.767 [main] INFO  o.r.Reflections - [scan,232] - Reflections took 167 ms to scan 194 urls, producing 0 keys and 0 values 
10:14:11.777 [main] INFO  o.r.Reflections - [scan,232] - Reflections took 9 ms to scan 1 urls, producing 1 keys and 5 values 
10:14:11.788 [main] INFO  o.r.Reflections - [scan,232] - Reflections took 9 ms to scan 1 urls, producing 1 keys and 7 values 
10:14:11.799 [main] INFO  o.r.Reflections - [scan,232] - Reflections took 9 ms to scan 1 urls, producing 2 keys and 8 values 
10:14:11.933 [main] INFO  o.r.Reflections - [scan,232] - Reflections took 132 ms to scan 194 urls, producing 0 keys and 0 values 
10:14:11.934 [main] INFO  c.a.n.c.r.client - [printIfInfoEnabled,60] - [3d6c2775-4afe-4763-93bc-f906c2fc8467_config-0]RpcClient init label, labels={module=config, Vipserver-Tag=null, source=sdk, Amory-Tag=null, Location-Tag=null, taskId=0, AppName=unknown}
10:14:11.934 [main] INFO  c.a.n.c.r.client - [printIfInfoEnabled,60] - [3d6c2775-4afe-4763-93bc-f906c2fc8467_config-0]Register server push request handler:com.alibaba.nacos.client.config.impl.ClientWorker$ConfigRpcTransportClient$$Lambda$330/1313960293
10:14:11.935 [main] INFO  c.a.n.c.r.client - [printIfInfoEnabled,60] - [3d6c2775-4afe-4763-93bc-f906c2fc8467_config-0]Register server push request handler:com.alibaba.nacos.client.config.impl.ClientWorker$ConfigRpcTransportClient$$Lambda$331/1155757579
10:14:11.935 [main] INFO  c.a.n.c.r.client - [printIfInfoEnabled,60] - [3d6c2775-4afe-4763-93bc-f906c2fc8467_config-0]Registry connection listener to current client:com.alibaba.nacos.client.config.impl.ClientWorker$ConfigRpcTransportClient$1
10:14:11.936 [main] INFO  c.a.n.c.r.client - [printIfInfoEnabled,60] - [3d6c2775-4afe-4763-93bc-f906c2fc8467_config-0]RpcClient init, ServerListFactory =com.alibaba.nacos.client.config.impl.ClientWorker$ConfigRpcTransportClient$2
10:14:11.942 [main] INFO  c.a.n.c.r.client - [printIfInfoEnabled,60] - [3d6c2775-4afe-4763-93bc-f906c2fc8467_config-0] Try to connect to server on start up, server: {serverIp='127.0.0.1', server main port=8848}
10:14:12.970 [main] INFO  c.a.n.c.r.client - [printIfInfoEnabled,60] - [3d6c2775-4afe-4763-93bc-f906c2fc8467_config-0] Success to connect to server [127.0.0.1:8848] on start up,connectionId=1664244852736_127.0.0.1_51293
10:14:12.972 [com.alibaba.nacos.client.remote.worker] INFO  c.a.n.c.r.client - [printIfInfoEnabled,60] - [3d6c2775-4afe-4763-93bc-f906c2fc8467_config-0]Notify connected event to listeners.
10:14:12.973 [com.alibaba.nacos.client.remote.worker] INFO  c.a.n.c.c.i.ClientWorker - [onConnected,681] - [3d6c2775-4afe-4763-93bc-f906c2fc8467_config-0] Connected,notify listen context...
10:14:12.973 [main] INFO  c.a.n.c.r.client - [printIfInfoEnabled,60] - [3d6c2775-4afe-4763-93bc-f906c2fc8467_config-0]Register server push request handler:com.alibaba.nacos.common.remote.client.RpcClient$ConnectResetRequestHandler
10:14:12.974 [main] INFO  c.a.n.c.r.client - [printIfInfoEnabled,60] - [3d6c2775-4afe-4763-93bc-f906c2fc8467_config-0]Register server push request handler:com.alibaba.nacos.common.remote.client.RpcClient$4
10:14:13.033 [main] INFO  c.a.n.c.c.i.Limiter - [<clinit>,56] - limitTime:5.0
10:14:13.048 [main] INFO  c.a.n.c.c.u.JvmUtil - [<clinit>,53] - isMultiInstance:false
10:14:13.075 [main] INFO  c.r.j.RuoYiJobApplication - [logStartupProfileInfo,646] - The following 1 profile is active: "dev"
10:14:15.137 [main] INFO  o.a.c.h.Http11NioProtocol - [log,173] - Initializing ProtocolHandler ["http-nio-9203"]
10:14:15.137 [main] INFO  o.a.c.c.StandardService - [log,173] - Starting service [Tomcat]
10:14:15.138 [main] INFO  o.a.c.c.StandardEngine - [log,173] - Starting Servlet engine: [Apache Tomcat/9.0.60]
10:14:15.300 [main] INFO  o.a.c.c.C.[.[.[/] - [log,173] - Initializing Spring embedded WebApplicationContext
10:14:15.621 [main] INFO  o.q.i.StdSchedulerFactory - [instantiate,1220] - Using default implementation for ThreadExecutor
10:14:15.636 [main] INFO  o.q.c.SchedulerSignalerImpl - [<init>,61] - Initialized Scheduler Signaller of type: class org.quartz.core.SchedulerSignalerImpl
10:14:15.637 [main] INFO  o.q.c.QuartzScheduler - [<init>,229] - Quartz Scheduler v.2.3.2 created.
10:14:15.646 [main] INFO  c.z.h.HikariDataSource - [getConnection,110] - HikariPool-1 - Starting...
10:14:16.283 [main] INFO  c.z.h.HikariDataSource - [getConnection,123] - HikariPool-1 - Start completed.
10:14:16.293 [main] INFO  o.q.c.QuartzScheduler - [initialize,294] - Scheduler meta-data: Quartz Scheduler (v2.3.2) 'RuoyiScheduler' with instanceId 'DESKTOP-7LSMK1L1664244855624'
  Scheduler class: 'org.quartz.core.QuartzScheduler' - running locally.
  NOT STARTED.
  Currently in standby mode.
  Number of jobs executed: 0
  Using thread pool 'org.quartz.simpl.SimpleThreadPool' - with 20 threads.
  Using job-store 'org.springframework.scheduling.quartz.LocalDataSourceJobStore' - which supports persistence. and is clustered.

10:14:16.293 [main] INFO  o.q.i.StdSchedulerFactory - [instantiate,1374] - Quartz scheduler 'RuoyiScheduler' initialized from an externally provided properties instance.
10:14:16.293 [main] INFO  o.q.i.StdSchedulerFactory - [instantiate,1378] - Quartz scheduler version: 2.3.2
10:14:16.295 [main] INFO  o.q.c.QuartzScheduler - [setJobFactory,2293] - JobFactory set to: org.springframework.scheduling.quartz.AdaptableJobFactory@4d825dbe
10:14:17.823 [main] INFO  c.a.n.client.naming - [initNamespaceForNaming,63] - initializer namespace from System Property : null
10:14:17.825 [main] INFO  c.a.n.client.naming - [call,69] - initializer namespace from System Environment :null
10:14:17.825 [main] INFO  c.a.n.client.naming - [call,79] - initializer namespace from System Property :null
10:14:17.839 [main] INFO  c.a.n.c.r.client - [lambda$createClient$0,77] - [RpcClientFactory] create a new rpc client of 159a7aba-0662-4b15-9729-50c616cac429
10:14:17.839 [main] INFO  c.a.n.c.r.client - [printIfInfoEnabled,60] - [159a7aba-0662-4b15-9729-50c616cac429]RpcClient init label, labels={module=naming, source=sdk}
10:14:17.841 [main] INFO  c.a.n.c.r.client - [printIfInfoEnabled,60] - [159a7aba-0662-4b15-9729-50c616cac429]RpcClient init, ServerListFactory =com.alibaba.nacos.client.naming.core.ServerListManager
10:14:17.841 [main] INFO  c.a.n.c.r.client - [printIfInfoEnabled,60] - [159a7aba-0662-4b15-9729-50c616cac429]Registry connection listener to current client:com.alibaba.nacos.client.naming.remote.gprc.redo.NamingGrpcRedoService
10:14:17.842 [main] INFO  c.a.n.c.r.client - [printIfInfoEnabled,60] - [159a7aba-0662-4b15-9729-50c616cac429]Register server push request handler:com.alibaba.nacos.client.naming.remote.gprc.NamingPushRequestHandler
10:14:17.843 [main] INFO  c.a.n.c.r.client - [printIfInfoEnabled,60] - [159a7aba-0662-4b15-9729-50c616cac429] Try to connect to server on start up, server: {serverIp='127.0.0.1', server main port=8848}
10:14:17.970 [main] INFO  c.a.n.c.r.client - [printIfInfoEnabled,60] - [159a7aba-0662-4b15-9729-50c616cac429] Success to connect to server [127.0.0.1:8848] on start up,connectionId=1664244857851_127.0.0.1_51306
10:14:17.972 [com.alibaba.nacos.client.remote.worker] INFO  c.a.n.c.r.client - [printIfInfoEnabled,60] - [159a7aba-0662-4b15-9729-50c616cac429]Notify connected event to listeners.
10:14:17.972 [com.alibaba.nacos.client.remote.worker] INFO  c.a.n.client.naming - [onConnected,76] - Grpc connection connect
10:14:17.971 [main] INFO  c.a.n.c.r.client - [printIfInfoEnabled,60] - [159a7aba-0662-4b15-9729-50c616cac429]Register server push request handler:com.alibaba.nacos.common.remote.client.RpcClient$ConnectResetRequestHandler
10:14:17.974 [main] INFO  c.a.n.c.r.client - [printIfInfoEnabled,60] - [159a7aba-0662-4b15-9729-50c616cac429]Register server push request handler:com.alibaba.nacos.common.remote.client.RpcClient$4
10:14:19.601 [main] INFO  c.a.n.client.naming - [isChangedServiceInfo,181] - init new ips(0) service: DEFAULT_GROUP@@ruoyi-job@@DEFAULT -> []
10:14:19.609 [main] INFO  c.a.n.client.naming - [processServiceInfo,166] - current ips:(0) service: DEFAULT_GROUP@@ruoyi-job@@DEFAULT -> []
10:14:19.616 [main] INFO  o.a.c.h.Http11NioProtocol - [log,173] - Starting ProtocolHandler ["http-nio-9203"]
10:14:19.632 [main] INFO  c.a.n.client.naming - [registerService,112] - [REGISTER-SERVICE] public registering service ruoyi-job with instance Instance{instanceId='null', ip='192.168.43.149', port=9203, weight=1.0, healthy=true, enabled=true, ephemeral=true, clusterName='DEFAULT', serviceName='null', metadata={preserved.register.source=SPRING_CLOUD}}
10:14:19.639 [main] INFO  c.a.c.n.r.NacosServiceRegistry - [register,75] - nacos registry, DEFAULT_GROUP ruoyi-job 192.168.43.149:9203 register finished
10:14:20.037 [main] INFO  c.r.j.RuoYiJobApplication - [logStarted,61] - Started RuoYiJobApplication in 9.886 seconds (JVM running for 10.934)
10:14:20.044 [main] INFO  c.a.n.c.c.i.ClientWorker - [addCacheDataIfAbsent,384] - [config_rpc_client] [subscribe] ruoyi-job+DEFAULT_GROUP
10:14:20.045 [main] INFO  c.a.n.c.c.i.CacheData - [addListener,173] - [config_rpc_client] [add-listener] ok, tenant=, dataId=ruoyi-job, group=DEFAULT_GROUP, cnt=1
10:14:20.046 [main] INFO  c.a.n.c.c.i.ClientWorker - [addCacheDataIfAbsent,384] - [config_rpc_client] [subscribe] ruoyi-job-dev.yml+DEFAULT_GROUP
10:14:20.046 [main] INFO  c.a.n.c.c.i.CacheData - [addListener,173] - [config_rpc_client] [add-listener] ok, tenant=, dataId=ruoyi-job-dev.yml, group=DEFAULT_GROUP, cnt=1
10:14:20.046 [main] INFO  c.a.n.c.c.i.ClientWorker - [addCacheDataIfAbsent,384] - [config_rpc_client] [subscribe] ruoyi-job.yml+DEFAULT_GROUP
10:14:20.047 [main] INFO  c.a.n.c.c.i.CacheData - [addListener,173] - [config_rpc_client] [add-listener] ok, tenant=, dataId=ruoyi-job.yml, group=DEFAULT_GROUP, cnt=1
10:14:20.176 [nacos-grpc-client-executor-6] INFO  c.a.n.c.r.client - [printIfInfoEnabled,60] - [159a7aba-0662-4b15-9729-50c616cac429]receive server push request,request=NotifySubscriberRequest,requestId=21
10:14:20.179 [nacos-grpc-client-executor-6] INFO  c.a.n.client.naming - [isChangedServiceInfo,181] - init new ips(1) service: DEFAULT_GROUP@@ruoyi-job -> [{"ip":"192.168.43.149","port":9203,"weight":1.0,"healthy":true,"enabled":true,"ephemeral":true,"clusterName":"DEFAULT","serviceName":"DEFAULT_GROUP@@ruoyi-job","metadata":{"preserved.register.source":"SPRING_CLOUD"},"ipDeleteTimeout":30000,"instanceHeartBeatInterval":5000,"instanceHeartBeatTimeOut":15000}]
10:14:20.180 [nacos-grpc-client-executor-6] INFO  c.a.n.client.naming - [processServiceInfo,166] - current ips:(1) service: DEFAULT_GROUP@@ruoyi-job -> [{"ip":"192.168.43.149","port":9203,"weight":1.0,"healthy":true,"enabled":true,"ephemeral":true,"clusterName":"DEFAULT","serviceName":"DEFAULT_GROUP@@ruoyi-job","metadata":{"preserved.register.source":"SPRING_CLOUD"},"ipDeleteTimeout":30000,"instanceHeartBeatInterval":5000,"instanceHeartBeatTimeOut":15000}]
10:14:20.181 [nacos-grpc-client-executor-6] INFO  c.a.n.c.r.client - [printIfInfoEnabled,60] - [159a7aba-0662-4b15-9729-50c616cac429]ack server push request,request=NotifySubscriberRequest,requestId=21
10:14:20.595 [com.alibaba.nacos.client.naming.updater.0] INFO  c.a.n.client.naming - [isChangedServiceInfo,235] - new ips(1) service: DEFAULT_GROUP@@ruoyi-job@@DEFAULT -> [{"ip":"192.168.43.149","port":9203,"weight":1.0,"healthy":true,"enabled":true,"ephemeral":true,"clusterName":"DEFAULT","serviceName":"DEFAULT_GROUP@@ruoyi-job","metadata":{"preserved.register.source":"SPRING_CLOUD"},"ipDeleteTimeout":30000,"instanceHeartBeatInterval":5000,"instanceHeartBeatTimeOut":15000}]
10:14:20.596 [com.alibaba.nacos.client.naming.updater.0] INFO  c.a.n.client.naming - [processServiceInfo,166] - current ips:(1) service: DEFAULT_GROUP@@ruoyi-job@@DEFAULT -> [{"ip":"192.168.43.149","port":9203,"weight":1.0,"healthy":true,"enabled":true,"ephemeral":true,"clusterName":"DEFAULT","serviceName":"DEFAULT_GROUP@@ruoyi-job","metadata":{"preserved.register.source":"SPRING_CLOUD"},"ipDeleteTimeout":30000,"instanceHeartBeatInterval":5000,"instanceHeartBeatTimeOut":15000}]
10:14:20.627 [RMI TCP Connection(3)-192.168.43.149] INFO  o.a.c.c.C.[.[.[/] - [log,173] - Initializing Spring DispatcherServlet 'dispatcherServlet'
10:14:21.086 [Quartz Scheduler [RuoyiScheduler]] INFO  o.q.c.QuartzScheduler - [start,547] - Scheduler RuoyiScheduler_$_DESKTOP-7LSMK1L1664244855624 started.
14:53:17.093 [background-preinit] INFO  o.h.v.i.util.Version - [<clinit>,21] - HV000001: Hibernate Validator 6.2.3.Final
14:53:17.748 [main] INFO  c.a.n.c.c.i.LocalConfigInfoProcessor - [<clinit>,67] - LOCAL_SNAPSHOT_PATH:C:\Users\lujiaxin\nacos\config
14:53:17.751 [main] INFO  c.a.n.c.r.client - [lambda$createClient$0,77] - [RpcClientFactory] create a new rpc client of 65e2af42-7716-4457-af79-fb3a5514ab56_config-0
14:53:17.804 [main] INFO  o.r.Reflections - [scan,232] - Reflections took 28 ms to scan 1 urls, producing 3 keys and 6 values 
14:53:17.831 [main] INFO  o.r.Reflections - [scan,232] - Reflections took 12 ms to scan 1 urls, producing 4 keys and 9 values 
14:53:17.844 [main] INFO  o.r.Reflections - [scan,232] - Reflections took 11 ms to scan 1 urls, producing 3 keys and 10 values 
14:53:18.006 [main] INFO  o.r.Reflections - [scan,232] - Reflections took 160 ms to scan 194 urls, producing 0 keys and 0 values 
14:53:18.021 [main] INFO  o.r.Reflections - [scan,232] - Reflections took 14 ms to scan 1 urls, producing 1 keys and 5 values 
14:53:18.033 [main] INFO  o.r.Reflections - [scan,232] - Reflections took 8 ms to scan 1 urls, producing 1 keys and 7 values 
14:53:18.044 [main] INFO  o.r.Reflections - [scan,232] - Reflections took 10 ms to scan 1 urls, producing 2 keys and 8 values 
14:53:18.166 [main] INFO  o.r.Reflections - [scan,232] - Reflections took 120 ms to scan 194 urls, producing 0 keys and 0 values 
14:53:18.167 [main] INFO  c.a.n.c.r.client - [printIfInfoEnabled,60] - [65e2af42-7716-4457-af79-fb3a5514ab56_config-0]RpcClient init label, labels={module=config, Vipserver-Tag=null, source=sdk, Amory-Tag=null, Location-Tag=null, taskId=0, AppName=unknown}
14:53:18.167 [main] INFO  c.a.n.c.r.client - [printIfInfoEnabled,60] - [65e2af42-7716-4457-af79-fb3a5514ab56_config-0]Register server push request handler:com.alibaba.nacos.client.config.impl.ClientWorker$ConfigRpcTransportClient$$Lambda$330/1313960293
14:53:18.168 [main] INFO  c.a.n.c.r.client - [printIfInfoEnabled,60] - [65e2af42-7716-4457-af79-fb3a5514ab56_config-0]Register server push request handler:com.alibaba.nacos.client.config.impl.ClientWorker$ConfigRpcTransportClient$$Lambda$331/1155757579
14:53:18.168 [main] INFO  c.a.n.c.r.client - [printIfInfoEnabled,60] - [65e2af42-7716-4457-af79-fb3a5514ab56_config-0]Registry connection listener to current client:com.alibaba.nacos.client.config.impl.ClientWorker$ConfigRpcTransportClient$1
14:53:18.169 [main] INFO  c.a.n.c.r.client - [printIfInfoEnabled,60] - [65e2af42-7716-4457-af79-fb3a5514ab56_config-0]RpcClient init, ServerListFactory =com.alibaba.nacos.client.config.impl.ClientWorker$ConfigRpcTransportClient$2
14:53:18.176 [main] INFO  c.a.n.c.r.client - [printIfInfoEnabled,60] - [65e2af42-7716-4457-af79-fb3a5514ab56_config-0] Try to connect to server on start up, server: {serverIp='127.0.0.1', server main port=8848}
14:53:19.304 [main] INFO  c.a.n.c.r.client - [printIfInfoEnabled,60] - [65e2af42-7716-4457-af79-fb3a5514ab56_config-0] Success to connect to server [127.0.0.1:8848] on start up,connectionId=1664261599058_127.0.0.1_51853
14:53:19.306 [com.alibaba.nacos.client.remote.worker] INFO  c.a.n.c.r.client - [printIfInfoEnabled,60] - [65e2af42-7716-4457-af79-fb3a5514ab56_config-0]Notify connected event to listeners.
14:53:19.307 [com.alibaba.nacos.client.remote.worker] INFO  c.a.n.c.c.i.ClientWorker - [onConnected,681] - [65e2af42-7716-4457-af79-fb3a5514ab56_config-0] Connected,notify listen context...
14:53:19.307 [main] INFO  c.a.n.c.r.client - [printIfInfoEnabled,60] - [65e2af42-7716-4457-af79-fb3a5514ab56_config-0]Register server push request handler:com.alibaba.nacos.common.remote.client.RpcClient$ConnectResetRequestHandler
14:53:19.308 [main] INFO  c.a.n.c.r.client - [printIfInfoEnabled,60] - [65e2af42-7716-4457-af79-fb3a5514ab56_config-0]Register server push request handler:com.alibaba.nacos.common.remote.client.RpcClient$4
14:53:19.351 [main] INFO  c.a.n.c.c.i.Limiter - [<clinit>,56] - limitTime:5.0
14:53:19.365 [main] INFO  c.a.n.c.c.u.JvmUtil - [<clinit>,53] - isMultiInstance:false
14:53:19.391 [main] INFO  c.r.j.RuoYiJobApplication - [logStartupProfileInfo,646] - The following 1 profile is active: "dev"
14:53:21.718 [main] INFO  o.a.c.h.Http11NioProtocol - [log,173] - Initializing ProtocolHandler ["http-nio-9203"]
14:53:21.718 [main] INFO  o.a.c.c.StandardService - [log,173] - Starting service [Tomcat]
14:53:21.719 [main] INFO  o.a.c.c.StandardEngine - [log,173] - Starting Servlet engine: [Apache Tomcat/9.0.60]
14:53:21.903 [main] INFO  o.a.c.c.C.[.[.[/] - [log,173] - Initializing Spring embedded WebApplicationContext
14:53:22.197 [main] INFO  o.q.i.StdSchedulerFactory - [instantiate,1220] - Using default implementation for ThreadExecutor
14:53:22.206 [main] INFO  o.q.c.SchedulerSignalerImpl - [<init>,61] - Initialized Scheduler Signaller of type: class org.quartz.core.SchedulerSignalerImpl
14:53:22.206 [main] INFO  o.q.c.QuartzScheduler - [<init>,229] - Quartz Scheduler v.2.3.2 created.
14:53:22.213 [main] INFO  c.z.h.HikariDataSource - [getConnection,110] - HikariPool-1 - Starting...
14:53:22.820 [main] INFO  c.z.h.HikariDataSource - [getConnection,123] - HikariPool-1 - Start completed.
14:53:22.833 [main] INFO  o.q.c.QuartzScheduler - [initialize,294] - Scheduler meta-data: Quartz Scheduler (v2.3.2) 'RuoyiScheduler' with instanceId 'DESKTOP-7LSMK1L1664261602198'
  Scheduler class: 'org.quartz.core.QuartzScheduler' - running locally.
  NOT STARTED.
  Currently in standby mode.
  Number of jobs executed: 0
  Using thread pool 'org.quartz.simpl.SimpleThreadPool' - with 20 threads.
  Using job-store 'org.springframework.scheduling.quartz.LocalDataSourceJobStore' - which supports persistence. and is clustered.

14:53:22.834 [main] INFO  o.q.i.StdSchedulerFactory - [instantiate,1374] - Quartz scheduler 'RuoyiScheduler' initialized from an externally provided properties instance.
14:53:22.834 [main] INFO  o.q.i.StdSchedulerFactory - [instantiate,1378] - Quartz scheduler version: 2.3.2
14:53:22.835 [main] INFO  o.q.c.QuartzScheduler - [setJobFactory,2293] - JobFactory set to: org.springframework.scheduling.quartz.AdaptableJobFactory@4d825dbe
14:53:24.243 [main] INFO  c.a.n.client.naming - [initNamespaceForNaming,63] - initializer namespace from System Property : null
14:53:24.243 [main] INFO  c.a.n.client.naming - [call,69] - initializer namespace from System Environment :null
14:53:24.244 [main] INFO  c.a.n.client.naming - [call,79] - initializer namespace from System Property :null
14:53:24.262 [main] INFO  c.a.n.c.r.client - [lambda$createClient$0,77] - [RpcClientFactory] create a new rpc client of 8686b4ab-d238-48b6-adcf-9ccf24794639
14:53:24.262 [main] INFO  c.a.n.c.r.client - [printIfInfoEnabled,60] - [8686b4ab-d238-48b6-adcf-9ccf24794639]RpcClient init label, labels={module=naming, source=sdk}
14:53:24.264 [main] INFO  c.a.n.c.r.client - [printIfInfoEnabled,60] - [8686b4ab-d238-48b6-adcf-9ccf24794639]RpcClient init, ServerListFactory =com.alibaba.nacos.client.naming.core.ServerListManager
14:53:24.264 [main] INFO  c.a.n.c.r.client - [printIfInfoEnabled,60] - [8686b4ab-d238-48b6-adcf-9ccf24794639]Registry connection listener to current client:com.alibaba.nacos.client.naming.remote.gprc.redo.NamingGrpcRedoService
14:53:24.265 [main] INFO  c.a.n.c.r.client - [printIfInfoEnabled,60] - [8686b4ab-d238-48b6-adcf-9ccf24794639]Register server push request handler:com.alibaba.nacos.client.naming.remote.gprc.NamingPushRequestHandler
14:53:24.266 [main] INFO  c.a.n.c.r.client - [printIfInfoEnabled,60] - [8686b4ab-d238-48b6-adcf-9ccf24794639] Try to connect to server on start up, server: {serverIp='127.0.0.1', server main port=8848}
14:53:24.379 [main] INFO  c.a.n.c.r.client - [printIfInfoEnabled,60] - [8686b4ab-d238-48b6-adcf-9ccf24794639] Success to connect to server [127.0.0.1:8848] on start up,connectionId=1664261604270_127.0.0.1_51870
14:53:24.379 [com.alibaba.nacos.client.remote.worker] INFO  c.a.n.c.r.client - [printIfInfoEnabled,60] - [8686b4ab-d238-48b6-adcf-9ccf24794639]Notify connected event to listeners.
14:53:24.379 [com.alibaba.nacos.client.remote.worker] INFO  c.a.n.client.naming - [onConnected,76] - Grpc connection connect
14:53:24.379 [main] INFO  c.a.n.c.r.client - [printIfInfoEnabled,60] - [8686b4ab-d238-48b6-adcf-9ccf24794639]Register server push request handler:com.alibaba.nacos.common.remote.client.RpcClient$ConnectResetRequestHandler
14:53:24.380 [main] INFO  c.a.n.c.r.client - [printIfInfoEnabled,60] - [8686b4ab-d238-48b6-adcf-9ccf24794639]Register server push request handler:com.alibaba.nacos.common.remote.client.RpcClient$4
14:53:25.780 [main] INFO  c.a.n.client.naming - [isChangedServiceInfo,181] - init new ips(0) service: DEFAULT_GROUP@@ruoyi-job@@DEFAULT -> []
14:53:25.788 [main] INFO  c.a.n.client.naming - [processServiceInfo,166] - current ips:(0) service: DEFAULT_GROUP@@ruoyi-job@@DEFAULT -> []
14:53:25.794 [main] INFO  o.a.c.h.Http11NioProtocol - [log,173] - Starting ProtocolHandler ["http-nio-9203"]
14:53:25.810 [main] INFO  c.a.n.client.naming - [registerService,112] - [REGISTER-SERVICE] public registering service ruoyi-job with instance Instance{instanceId='null', ip='192.168.43.149', port=9203, weight=1.0, healthy=true, enabled=true, ephemeral=true, clusterName='DEFAULT', serviceName='null', metadata={preserved.register.source=SPRING_CLOUD}}
14:53:25.815 [main] INFO  c.a.c.n.r.NacosServiceRegistry - [register,75] - nacos registry, DEFAULT_GROUP ruoyi-job 192.168.43.149:9203 register finished
14:53:26.225 [main] INFO  c.r.j.RuoYiJobApplication - [logStarted,61] - Started RuoYiJobApplication in 9.847 seconds (JVM running for 10.905)
14:53:26.232 [main] INFO  c.a.n.c.c.i.ClientWorker - [addCacheDataIfAbsent,384] - [config_rpc_client] [subscribe] ruoyi-job+DEFAULT_GROUP
14:53:26.232 [main] INFO  c.a.n.c.c.i.CacheData - [addListener,173] - [config_rpc_client] [add-listener] ok, tenant=, dataId=ruoyi-job, group=DEFAULT_GROUP, cnt=1
14:53:26.233 [main] INFO  c.a.n.c.c.i.ClientWorker - [addCacheDataIfAbsent,384] - [config_rpc_client] [subscribe] ruoyi-job-dev.yml+DEFAULT_GROUP
14:53:26.234 [main] INFO  c.a.n.c.c.i.CacheData - [addListener,173] - [config_rpc_client] [add-listener] ok, tenant=, dataId=ruoyi-job-dev.yml, group=DEFAULT_GROUP, cnt=1
14:53:26.234 [main] INFO  c.a.n.c.c.i.ClientWorker - [addCacheDataIfAbsent,384] - [config_rpc_client] [subscribe] ruoyi-job.yml+DEFAULT_GROUP
14:53:26.234 [main] INFO  c.a.n.c.c.i.CacheData - [addListener,173] - [config_rpc_client] [add-listener] ok, tenant=, dataId=ruoyi-job.yml, group=DEFAULT_GROUP, cnt=1
14:53:26.323 [nacos-grpc-client-executor-6] INFO  c.a.n.c.r.client - [printIfInfoEnabled,60] - [8686b4ab-d238-48b6-adcf-9ccf24794639]receive server push request,request=NotifySubscriberRequest,requestId=21
14:53:26.327 [nacos-grpc-client-executor-6] INFO  c.a.n.client.naming - [isChangedServiceInfo,181] - init new ips(1) service: DEFAULT_GROUP@@ruoyi-job -> [{"ip":"192.168.43.149","port":9203,"weight":1.0,"healthy":true,"enabled":true,"ephemeral":true,"clusterName":"DEFAULT","serviceName":"DEFAULT_GROUP@@ruoyi-job","metadata":{"preserved.register.source":"SPRING_CLOUD"},"ipDeleteTimeout":30000,"instanceHeartBeatInterval":5000,"instanceHeartBeatTimeOut":15000}]
14:53:26.327 [nacos-grpc-client-executor-6] INFO  c.a.n.client.naming - [processServiceInfo,166] - current ips:(1) service: DEFAULT_GROUP@@ruoyi-job -> [{"ip":"192.168.43.149","port":9203,"weight":1.0,"healthy":true,"enabled":true,"ephemeral":true,"clusterName":"DEFAULT","serviceName":"DEFAULT_GROUP@@ruoyi-job","metadata":{"preserved.register.source":"SPRING_CLOUD"},"ipDeleteTimeout":30000,"instanceHeartBeatInterval":5000,"instanceHeartBeatTimeOut":15000}]
14:53:26.328 [nacos-grpc-client-executor-6] INFO  c.a.n.c.r.client - [printIfInfoEnabled,60] - [8686b4ab-d238-48b6-adcf-9ccf24794639]ack server push request,request=NotifySubscriberRequest,requestId=21
14:53:26.669 [RMI TCP Connection(4)-192.168.43.149] INFO  o.a.c.c.C.[.[.[/] - [log,173] - Initializing Spring DispatcherServlet 'dispatcherServlet'
14:53:26.774 [com.alibaba.nacos.client.naming.updater.0] INFO  c.a.n.client.naming - [isChangedServiceInfo,235] - new ips(1) service: DEFAULT_GROUP@@ruoyi-job@@DEFAULT -> [{"ip":"192.168.43.149","port":9203,"weight":1.0,"healthy":true,"enabled":true,"ephemeral":true,"clusterName":"DEFAULT","serviceName":"DEFAULT_GROUP@@ruoyi-job","metadata":{"preserved.register.source":"SPRING_CLOUD"},"ipDeleteTimeout":30000,"instanceHeartBeatInterval":5000,"instanceHeartBeatTimeOut":15000}]
14:53:26.775 [com.alibaba.nacos.client.naming.updater.0] INFO  c.a.n.client.naming - [processServiceInfo,166] - current ips:(1) service: DEFAULT_GROUP@@ruoyi-job@@DEFAULT -> [{"ip":"192.168.43.149","port":9203,"weight":1.0,"healthy":true,"enabled":true,"ephemeral":true,"clusterName":"DEFAULT","serviceName":"DEFAULT_GROUP@@ruoyi-job","metadata":{"preserved.register.source":"SPRING_CLOUD"},"ipDeleteTimeout":30000,"instanceHeartBeatInterval":5000,"instanceHeartBeatTimeOut":15000}]
14:53:27.241 [Quartz Scheduler [RuoyiScheduler]] INFO  o.q.c.QuartzScheduler - [start,547] - Scheduler RuoyiScheduler_$_DESKTOP-7LSMK1L1664261602198 started.
18:10:29.637 [nacos-grpc-client-executor-1576] INFO  c.a.n.c.r.client - [printIfInfoEnabled,60] - [8686b4ab-d238-48b6-adcf-9ccf24794639]receive server push request,request=ClientDetectionRequest,requestId=54
18:10:29.690 [nacos-grpc-client-executor-1576] INFO  c.a.n.c.r.client - [printIfInfoEnabled,60] - [8686b4ab-d238-48b6-adcf-9ccf24794639]ack server push request,request=ClientDetectionRequest,requestId=54
18:10:29.644 [nacos-grpc-client-executor-1515] INFO  c.a.n.c.r.client - [printIfInfoEnabled,60] - [65e2af42-7716-4457-af79-fb3a5514ab56_config-0]receive server push request,request=ClientDetectionRequest,requestId=43
18:10:29.701 [nacos-grpc-client-executor-1515] INFO  c.a.n.c.r.client - [printIfInfoEnabled,60] - [65e2af42-7716-4457-af79-fb3a5514ab56_config-0]ack server push request,request=ClientDetectionRequest,requestId=43
21:49:46.535 [background-preinit] INFO  o.h.v.i.util.Version - [<clinit>,21] - HV000001: Hibernate Validator 6.2.3.Final
21:49:47.621 [main] INFO  c.a.n.c.c.i.LocalConfigInfoProcessor - [<clinit>,67] - LOCAL_SNAPSHOT_PATH:C:\Users\lujiaxin\nacos\config
21:49:47.625 [main] INFO  c.a.n.c.r.client - [lambda$createClient$0,77] - [RpcClientFactory] create a new rpc client of 05004cd8-519a-4dc2-981e-9a5fcbd51f2a_config-0
21:49:47.719 [main] INFO  o.r.Reflections - [scan,232] - Reflections took 61 ms to scan 1 urls, producing 3 keys and 6 values 
21:49:47.765 [main] INFO  o.r.Reflections - [scan,232] - Reflections took 22 ms to scan 1 urls, producing 4 keys and 9 values 
21:49:47.788 [main] INFO  o.r.Reflections - [scan,232] - Reflections took 21 ms to scan 1 urls, producing 3 keys and 10 values 
21:49:48.040 [main] INFO  o.r.Reflections - [scan,232] - Reflections took 247 ms to scan 194 urls, producing 0 keys and 0 values 
21:49:48.053 [main] INFO  o.r.Reflections - [scan,232] - Reflections took 12 ms to scan 1 urls, producing 1 keys and 5 values 
21:49:48.071 [main] INFO  o.r.Reflections - [scan,232] - Reflections took 15 ms to scan 1 urls, producing 1 keys and 7 values 
21:49:48.092 [main] INFO  o.r.Reflections - [scan,232] - Reflections took 12 ms to scan 1 urls, producing 2 keys and 8 values 
21:49:48.326 [main] INFO  o.r.Reflections - [scan,232] - Reflections took 232 ms to scan 194 urls, producing 0 keys and 0 values 
21:49:48.354 [main] INFO  c.a.n.c.r.client - [printIfInfoEnabled,60] - [05004cd8-519a-4dc2-981e-9a5fcbd51f2a_config-0]RpcClient init label, labels={module=config, Vipserver-Tag=null, source=sdk, Amory-Tag=null, Location-Tag=null, taskId=0, AppName=unknown}
21:49:48.356 [main] INFO  c.a.n.c.r.client - [printIfInfoEnabled,60] - [05004cd8-519a-4dc2-981e-9a5fcbd51f2a_config-0]Register server push request handler:com.alibaba.nacos.client.config.impl.ClientWorker$ConfigRpcTransportClient$$Lambda$330/883020319
21:49:48.357 [main] INFO  c.a.n.c.r.client - [printIfInfoEnabled,60] - [05004cd8-519a-4dc2-981e-9a5fcbd51f2a_config-0]Register server push request handler:com.alibaba.nacos.client.config.impl.ClientWorker$ConfigRpcTransportClient$$Lambda$331/1488946768
21:49:48.358 [main] INFO  c.a.n.c.r.client - [printIfInfoEnabled,60] - [05004cd8-519a-4dc2-981e-9a5fcbd51f2a_config-0]Registry connection listener to current client:com.alibaba.nacos.client.config.impl.ClientWorker$ConfigRpcTransportClient$1
21:49:48.359 [main] INFO  c.a.n.c.r.client - [printIfInfoEnabled,60] - [05004cd8-519a-4dc2-981e-9a5fcbd51f2a_config-0]RpcClient init, ServerListFactory =com.alibaba.nacos.client.config.impl.ClientWorker$ConfigRpcTransportClient$2
21:49:48.370 [main] INFO  c.a.n.c.r.client - [printIfInfoEnabled,60] - [05004cd8-519a-4dc2-981e-9a5fcbd51f2a_config-0] Try to connect to server on start up, server: {serverIp='127.0.0.1', server main port=8848}
21:49:50.001 [main] INFO  c.a.n.c.r.client - [printIfInfoEnabled,60] - [05004cd8-519a-4dc2-981e-9a5fcbd51f2a_config-0] Success to connect to server [127.0.0.1:8848] on start up,connectionId=1664286589707_127.0.0.1_50339
21:49:50.002 [com.alibaba.nacos.client.remote.worker] INFO  c.a.n.c.r.client - [printIfInfoEnabled,60] - [05004cd8-519a-4dc2-981e-9a5fcbd51f2a_config-0]Notify connected event to listeners.
21:49:50.003 [com.alibaba.nacos.client.remote.worker] INFO  c.a.n.c.c.i.ClientWorker - [onConnected,681] - [05004cd8-519a-4dc2-981e-9a5fcbd51f2a_config-0] Connected,notify listen context...
21:49:50.003 [main] INFO  c.a.n.c.r.client - [printIfInfoEnabled,60] - [05004cd8-519a-4dc2-981e-9a5fcbd51f2a_config-0]Register server push request handler:com.alibaba.nacos.common.remote.client.RpcClient$ConnectResetRequestHandler
21:49:50.003 [main] INFO  c.a.n.c.r.client - [printIfInfoEnabled,60] - [05004cd8-519a-4dc2-981e-9a5fcbd51f2a_config-0]Register server push request handler:com.alibaba.nacos.common.remote.client.RpcClient$4
21:49:50.054 [main] INFO  c.a.n.c.c.i.Limiter - [<clinit>,56] - limitTime:5.0
21:49:50.073 [main] INFO  c.a.n.c.c.u.JvmUtil - [<clinit>,53] - isMultiInstance:false
21:49:50.117 [main] INFO  c.r.j.RuoYiJobApplication - [logStartupProfileInfo,646] - The following 1 profile is active: "dev"
21:49:53.351 [main] INFO  o.a.c.h.Http11NioProtocol - [log,173] - Initializing ProtocolHandler ["http-nio-9203"]
21:49:53.352 [main] INFO  o.a.c.c.StandardService - [log,173] - Starting service [Tomcat]
21:49:53.353 [main] INFO  o.a.c.c.StandardEngine - [log,173] - Starting Servlet engine: [Apache Tomcat/9.0.60]
21:49:53.633 [main] INFO  o.a.c.c.C.[.[.[/] - [log,173] - Initializing Spring embedded WebApplicationContext
21:49:54.095 [main] INFO  o.q.i.StdSchedulerFactory - [instantiate,1220] - Using default implementation for ThreadExecutor
21:49:54.114 [main] INFO  o.q.c.SchedulerSignalerImpl - [<init>,61] - Initialized Scheduler Signaller of type: class org.quartz.core.SchedulerSignalerImpl
21:49:54.114 [main] INFO  o.q.c.QuartzScheduler - [<init>,229] - Quartz Scheduler v.2.3.2 created.
21:49:54.129 [main] INFO  c.z.h.HikariDataSource - [getConnection,110] - HikariPool-1 - Starting...
21:49:54.987 [main] INFO  c.z.h.HikariDataSource - [getConnection,123] - HikariPool-1 - Start completed.
21:49:55.011 [main] INFO  o.q.c.QuartzScheduler - [initialize,294] - Scheduler meta-data: Quartz Scheduler (v2.3.2) 'RuoyiScheduler' with instanceId 'DESKTOP-7LSMK1L1664286594099'
  Scheduler class: 'org.quartz.core.QuartzScheduler' - running locally.
  NOT STARTED.
  Currently in standby mode.
  Number of jobs executed: 0
  Using thread pool 'org.quartz.simpl.SimpleThreadPool' - with 20 threads.
  Using job-store 'org.springframework.scheduling.quartz.LocalDataSourceJobStore' - which supports persistence. and is clustered.

21:49:55.012 [main] INFO  o.q.i.StdSchedulerFactory - [instantiate,1374] - Quartz scheduler 'RuoyiScheduler' initialized from an externally provided properties instance.
21:49:55.013 [main] INFO  o.q.i.StdSchedulerFactory - [instantiate,1378] - Quartz scheduler version: 2.3.2
21:49:55.015 [main] INFO  o.q.c.QuartzScheduler - [setJobFactory,2293] - JobFactory set to: org.springframework.scheduling.quartz.AdaptableJobFactory@286a4c52
21:49:57.188 [main] INFO  c.a.n.client.naming - [initNamespaceForNaming,63] - initializer namespace from System Property : null
21:49:57.189 [main] INFO  c.a.n.client.naming - [call,69] - initializer namespace from System Environment :null
21:49:57.190 [main] INFO  c.a.n.client.naming - [call,79] - initializer namespace from System Property :null
21:49:57.212 [main] INFO  c.a.n.c.r.client - [lambda$createClient$0,77] - [RpcClientFactory] create a new rpc client of d6d5a127-e90b-480c-9c61-a8fdf2a4f8e9
21:49:57.213 [main] INFO  c.a.n.c.r.client - [printIfInfoEnabled,60] - [d6d5a127-e90b-480c-9c61-a8fdf2a4f8e9]RpcClient init label, labels={module=naming, source=sdk}
21:49:57.216 [main] INFO  c.a.n.c.r.client - [printIfInfoEnabled,60] - [d6d5a127-e90b-480c-9c61-a8fdf2a4f8e9]RpcClient init, ServerListFactory =com.alibaba.nacos.client.naming.core.ServerListManager
21:49:57.217 [main] INFO  c.a.n.c.r.client - [printIfInfoEnabled,60] - [d6d5a127-e90b-480c-9c61-a8fdf2a4f8e9]Registry connection listener to current client:com.alibaba.nacos.client.naming.remote.gprc.redo.NamingGrpcRedoService
21:49:57.217 [main] INFO  c.a.n.c.r.client - [printIfInfoEnabled,60] - [d6d5a127-e90b-480c-9c61-a8fdf2a4f8e9]Register server push request handler:com.alibaba.nacos.client.naming.remote.gprc.NamingPushRequestHandler
21:49:57.218 [main] INFO  c.a.n.c.r.client - [printIfInfoEnabled,60] - [d6d5a127-e90b-480c-9c61-a8fdf2a4f8e9] Try to connect to server on start up, server: {serverIp='127.0.0.1', server main port=8848}
21:49:57.337 [main] INFO  c.a.n.c.r.client - [printIfInfoEnabled,60] - [d6d5a127-e90b-480c-9c61-a8fdf2a4f8e9] Success to connect to server [127.0.0.1:8848] on start up,connectionId=1664286597225_127.0.0.1_50373
21:49:57.338 [com.alibaba.nacos.client.remote.worker] INFO  c.a.n.c.r.client - [printIfInfoEnabled,60] - [d6d5a127-e90b-480c-9c61-a8fdf2a4f8e9]Notify connected event to listeners.
21:49:57.338 [com.alibaba.nacos.client.remote.worker] INFO  c.a.n.client.naming - [onConnected,76] - Grpc connection connect
21:49:57.338 [main] INFO  c.a.n.c.r.client - [printIfInfoEnabled,60] - [d6d5a127-e90b-480c-9c61-a8fdf2a4f8e9]Register server push request handler:com.alibaba.nacos.common.remote.client.RpcClient$ConnectResetRequestHandler
21:49:57.338 [main] INFO  c.a.n.c.r.client - [printIfInfoEnabled,60] - [d6d5a127-e90b-480c-9c61-a8fdf2a4f8e9]Register server push request handler:com.alibaba.nacos.common.remote.client.RpcClient$4
21:50:00.552 [main] INFO  c.a.n.client.naming - [isChangedServiceInfo,181] - init new ips(0) service: DEFAULT_GROUP@@ruoyi-job@@DEFAULT -> []
21:50:00.575 [main] INFO  c.a.n.client.naming - [processServiceInfo,166] - current ips:(0) service: DEFAULT_GROUP@@ruoyi-job@@DEFAULT -> []
21:50:00.588 [main] INFO  o.a.c.h.Http11NioProtocol - [log,173] - Starting ProtocolHandler ["http-nio-9203"]
21:50:00.636 [main] INFO  c.a.n.client.naming - [registerService,112] - [REGISTER-SERVICE] public registering service ruoyi-job with instance Instance{instanceId='null', ip='192.168.0.107', port=9203, weight=1.0, healthy=true, enabled=true, ephemeral=true, clusterName='DEFAULT', serviceName='null', metadata={preserved.register.source=SPRING_CLOUD}}
21:50:00.644 [main] INFO  c.a.c.n.r.NacosServiceRegistry - [register,75] - nacos registry, DEFAULT_GROUP ruoyi-job 192.168.0.107:9203 register finished
21:50:01.067 [nacos-grpc-client-executor-7] INFO  c.a.n.c.r.client - [printIfInfoEnabled,60] - [d6d5a127-e90b-480c-9c61-a8fdf2a4f8e9]receive server push request,request=NotifySubscriberRequest,requestId=21
21:50:01.072 [nacos-grpc-client-executor-7] INFO  c.a.n.client.naming - [isChangedServiceInfo,181] - init new ips(1) service: DEFAULT_GROUP@@ruoyi-job -> [{"ip":"192.168.0.107","port":9203,"weight":1.0,"healthy":true,"enabled":true,"ephemeral":true,"clusterName":"DEFAULT","serviceName":"DEFAULT_GROUP@@ruoyi-job","metadata":{"preserved.register.source":"SPRING_CLOUD"},"instanceHeartBeatTimeOut":15000,"ipDeleteTimeout":30000,"instanceHeartBeatInterval":5000}]
21:50:01.073 [nacos-grpc-client-executor-7] INFO  c.a.n.client.naming - [processServiceInfo,166] - current ips:(1) service: DEFAULT_GROUP@@ruoyi-job -> [{"ip":"192.168.0.107","port":9203,"weight":1.0,"healthy":true,"enabled":true,"ephemeral":true,"clusterName":"DEFAULT","serviceName":"DEFAULT_GROUP@@ruoyi-job","metadata":{"preserved.register.source":"SPRING_CLOUD"},"instanceHeartBeatTimeOut":15000,"ipDeleteTimeout":30000,"instanceHeartBeatInterval":5000}]
21:50:01.074 [nacos-grpc-client-executor-7] INFO  c.a.n.c.r.client - [printIfInfoEnabled,60] - [d6d5a127-e90b-480c-9c61-a8fdf2a4f8e9]ack server push request,request=NotifySubscriberRequest,requestId=21
21:50:01.227 [main] INFO  c.r.j.RuoYiJobApplication - [logStarted,61] - Started RuoYiJobApplication in 15.96 seconds (JVM running for 18.05)
21:50:01.238 [main] INFO  c.a.n.c.c.i.ClientWorker - [addCacheDataIfAbsent,384] - [config_rpc_client] [subscribe] ruoyi-job+DEFAULT_GROUP
21:50:01.239 [main] INFO  c.a.n.c.c.i.CacheData - [addListener,173] - [config_rpc_client] [add-listener] ok, tenant=, dataId=ruoyi-job, group=DEFAULT_GROUP, cnt=1
21:50:01.243 [main] INFO  c.a.n.c.c.i.ClientWorker - [addCacheDataIfAbsent,384] - [config_rpc_client] [subscribe] ruoyi-job-dev.yml+DEFAULT_GROUP
21:50:01.243 [main] INFO  c.a.n.c.c.i.CacheData - [addListener,173] - [config_rpc_client] [add-listener] ok, tenant=, dataId=ruoyi-job-dev.yml, group=DEFAULT_GROUP, cnt=1
21:50:01.243 [main] INFO  c.a.n.c.c.i.ClientWorker - [addCacheDataIfAbsent,384] - [config_rpc_client] [subscribe] ruoyi-job.yml+DEFAULT_GROUP
21:50:01.244 [main] INFO  c.a.n.c.c.i.CacheData - [addListener,173] - [config_rpc_client] [add-listener] ok, tenant=, dataId=ruoyi-job.yml, group=DEFAULT_GROUP, cnt=1
21:50:01.497 [RMI TCP Connection(41)-192.168.0.107] INFO  o.a.c.c.C.[.[.[/] - [log,173] - Initializing Spring DispatcherServlet 'dispatcherServlet'
21:50:01.550 [com.alibaba.nacos.client.naming.updater.0] INFO  c.a.n.client.naming - [isChangedServiceInfo,235] - new ips(1) service: DEFAULT_GROUP@@ruoyi-job@@DEFAULT -> [{"ip":"192.168.0.107","port":9203,"weight":1.0,"healthy":true,"enabled":true,"ephemeral":true,"clusterName":"DEFAULT","serviceName":"DEFAULT_GROUP@@ruoyi-job","metadata":{"preserved.register.source":"SPRING_CLOUD"},"instanceHeartBeatTimeOut":15000,"ipDeleteTimeout":30000,"instanceHeartBeatInterval":5000}]
21:50:01.551 [com.alibaba.nacos.client.naming.updater.0] INFO  c.a.n.client.naming - [processServiceInfo,166] - current ips:(1) service: DEFAULT_GROUP@@ruoyi-job@@DEFAULT -> [{"ip":"192.168.0.107","port":9203,"weight":1.0,"healthy":true,"enabled":true,"ephemeral":true,"clusterName":"DEFAULT","serviceName":"DEFAULT_GROUP@@ruoyi-job","metadata":{"preserved.register.source":"SPRING_CLOUD"},"instanceHeartBeatTimeOut":15000,"ipDeleteTimeout":30000,"instanceHeartBeatInterval":5000}]
21:50:02.232 [Quartz Scheduler [RuoyiScheduler]] INFO  o.q.c.QuartzScheduler - [start,547] - Scheduler RuoyiScheduler_$_DESKTOP-7LSMK1L1664286594099 started.
