15:40:20.027 [background-preinit] INFO  o.h.v.i.util.Version - [<clinit>,21] - HV000001: Hibernate Validator 6.2.0.Final
15:40:21.412 [main] INFO  c.a.n.c.c.i.LocalConfigInfoProcessor - [<clinit>,67] - LOCAL_SNAPSHOT_PATH:C:\Users\13607\nacos\config
15:40:21.416 [main] INFO  c.a.n.c.r.client - [lambda$createClient$0,77] - [RpcClientFactory] create a new rpc client of 3ece8e72-c503-4f2f-a459-884dc0b9496f_config-0
15:40:21.485 [main] INFO  o.r.Reflections - [scan,232] - Reflections took 44 ms to scan 1 urls, producing 3 keys and 6 values 
15:40:21.536 [main] INFO  o.r.Reflections - [scan,232] - Reflections took 27 ms to scan 1 urls, producing 4 keys and 9 values 
15:40:21.558 [main] INFO  o.r.Reflections - [scan,232] - Reflections took 18 ms to scan 1 urls, producing 3 keys and 10 values 
15:40:21.819 [main] INFO  o.r.Reflections - [scan,232] - Reflections took 254 ms to scan 196 urls, producing 0 keys and 0 values 
15:40:21.835 [main] INFO  o.r.Reflections - [scan,232] - Reflections took 15 ms to scan 1 urls, producing 1 keys and 5 values 
15:40:21.857 [main] INFO  o.r.Reflections - [scan,232] - Reflections took 18 ms to scan 1 urls, producing 1 keys and 7 values 
15:40:21.874 [main] INFO  o.r.Reflections - [scan,232] - Reflections took 14 ms to scan 1 urls, producing 2 keys and 8 values 
15:40:22.082 [main] INFO  o.r.Reflections - [scan,232] - Reflections took 203 ms to scan 196 urls, producing 0 keys and 0 values 
15:40:22.085 [main] INFO  c.a.n.c.r.client - [printIfInfoEnabled,60] - [3ece8e72-c503-4f2f-a459-884dc0b9496f_config-0]RpcClient init label, labels={module=config, Vipserver-Tag=null, source=sdk, Amory-Tag=null, Location-Tag=null, taskId=0, AppName=unknown}
15:40:22.086 [main] INFO  c.a.n.c.r.client - [printIfInfoEnabled,60] - [3ece8e72-c503-4f2f-a459-884dc0b9496f_config-0]Register server push request handler:com.alibaba.nacos.client.config.impl.ClientWorker$ConfigRpcTransportClient$$Lambda$324/101740901
15:40:22.086 [main] INFO  c.a.n.c.r.client - [printIfInfoEnabled,60] - [3ece8e72-c503-4f2f-a459-884dc0b9496f_config-0]Register server push request handler:com.alibaba.nacos.client.config.impl.ClientWorker$ConfigRpcTransportClient$$Lambda$325/373973695
15:40:22.088 [main] INFO  c.a.n.c.r.client - [printIfInfoEnabled,60] - [3ece8e72-c503-4f2f-a459-884dc0b9496f_config-0]Registry connection listener to current client:com.alibaba.nacos.client.config.impl.ClientWorker$ConfigRpcTransportClient$1
15:40:22.089 [main] INFO  c.a.n.c.r.client - [printIfInfoEnabled,60] - [3ece8e72-c503-4f2f-a459-884dc0b9496f_config-0]RpcClient init, ServerListFactory =com.alibaba.nacos.client.config.impl.ClientWorker$ConfigRpcTransportClient$2
15:40:22.105 [main] INFO  c.a.n.c.r.client - [printIfInfoEnabled,60] - [3ece8e72-c503-4f2f-a459-884dc0b9496f_config-0] Try to connect to server on start up, server: {serverIp='127.0.0.1', server main port=8848}
15:40:24.457 [main] INFO  c.a.n.c.r.client - [printIfInfoEnabled,60] - [3ece8e72-c503-4f2f-a459-884dc0b9496f_config-0] Success to connect to server [127.0.0.1:8848] on start up,connectionId=1661586024192_127.0.0.1_58486
15:40:24.458 [com.alibaba.nacos.client.remote.worker] INFO  c.a.n.c.r.client - [printIfInfoEnabled,60] - [3ece8e72-c503-4f2f-a459-884dc0b9496f_config-0]Notify connected event to listeners.
15:40:24.458 [com.alibaba.nacos.client.remote.worker] INFO  c.a.n.c.c.i.ClientWorker - [onConnected,681] - [3ece8e72-c503-4f2f-a459-884dc0b9496f_config-0] Connected,notify listen context...
15:40:24.458 [main] INFO  c.a.n.c.r.client - [printIfInfoEnabled,60] - [3ece8e72-c503-4f2f-a459-884dc0b9496f_config-0]Register server push request handler:com.alibaba.nacos.common.remote.client.RpcClient$ConnectResetRequestHandler
15:40:24.459 [main] INFO  c.a.n.c.r.client - [printIfInfoEnabled,60] - [3ece8e72-c503-4f2f-a459-884dc0b9496f_config-0]Register server push request handler:com.alibaba.nacos.common.remote.client.RpcClient$4
15:40:24.521 [main] INFO  c.a.n.c.c.i.Limiter - [<clinit>,56] - limitTime:5.0
15:40:24.543 [main] INFO  c.a.n.c.c.u.JvmUtil - [<clinit>,53] - isMultiInstance:false
15:40:24.583 [main] INFO  c.r.j.RuoYiJobApplication - [logStartupProfileInfo,639] - The following profiles are active: dev
15:40:27.627 [main] INFO  o.a.c.h.Http11NioProtocol - [log,173] - Initializing ProtocolHandler ["http-nio-9203"]
15:40:27.628 [main] INFO  o.a.c.c.StandardService - [log,173] - Starting service [Tomcat]
15:40:27.630 [main] INFO  o.a.c.c.StandardEngine - [log,173] - Starting Servlet engine: [Apache Tomcat/9.0.56]
15:40:27.801 [main] INFO  o.a.c.c.C.[.[.[/] - [log,173] - Initializing Spring embedded WebApplicationContext
15:40:28.166 [main] INFO  o.a.c.c.StandardService - [log,173] - Stopping service [Tomcat]
19:08:15.621 [background-preinit] INFO  o.h.v.i.util.Version - [<clinit>,21] - HV000001: Hibernate Validator 6.2.0.Final
19:08:16.981 [main] INFO  c.a.n.c.c.i.LocalConfigInfoProcessor - [<clinit>,67] - LOCAL_SNAPSHOT_PATH:C:\Users\13607\nacos\config
19:08:16.986 [main] INFO  c.a.n.c.r.client - [lambda$createClient$0,77] - [RpcClientFactory] create a new rpc client of 2d3675ba-124d-4ba7-baee-3cf448e5123a_config-0
19:08:17.055 [main] INFO  o.r.Reflections - [scan,232] - Reflections took 45 ms to scan 1 urls, producing 3 keys and 6 values 
19:08:17.106 [main] INFO  o.r.Reflections - [scan,232] - Reflections took 27 ms to scan 1 urls, producing 4 keys and 9 values 
19:08:17.128 [main] INFO  o.r.Reflections - [scan,232] - Reflections took 18 ms to scan 1 urls, producing 3 keys and 10 values 
19:08:17.371 [main] INFO  o.r.Reflections - [scan,232] - Reflections took 238 ms to scan 196 urls, producing 0 keys and 0 values 
19:08:17.387 [main] INFO  o.r.Reflections - [scan,232] - Reflections took 15 ms to scan 1 urls, producing 1 keys and 5 values 
19:08:17.406 [main] INFO  o.r.Reflections - [scan,232] - Reflections took 16 ms to scan 1 urls, producing 1 keys and 7 values 
19:08:17.424 [main] INFO  o.r.Reflections - [scan,232] - Reflections took 14 ms to scan 1 urls, producing 2 keys and 8 values 
19:08:17.632 [main] INFO  o.r.Reflections - [scan,232] - Reflections took 204 ms to scan 196 urls, producing 0 keys and 0 values 
19:08:17.634 [main] INFO  c.a.n.c.r.client - [printIfInfoEnabled,60] - [2d3675ba-124d-4ba7-baee-3cf448e5123a_config-0]RpcClient init label, labels={module=config, Vipserver-Tag=null, source=sdk, Amory-Tag=null, Location-Tag=null, taskId=0, AppName=unknown}
19:08:17.635 [main] INFO  c.a.n.c.r.client - [printIfInfoEnabled,60] - [2d3675ba-124d-4ba7-baee-3cf448e5123a_config-0]Register server push request handler:com.alibaba.nacos.client.config.impl.ClientWorker$ConfigRpcTransportClient$$Lambda$324/373973695
19:08:17.635 [main] INFO  c.a.n.c.r.client - [printIfInfoEnabled,60] - [2d3675ba-124d-4ba7-baee-3cf448e5123a_config-0]Register server push request handler:com.alibaba.nacos.client.config.impl.ClientWorker$ConfigRpcTransportClient$$Lambda$325/300659126
19:08:17.636 [main] INFO  c.a.n.c.r.client - [printIfInfoEnabled,60] - [2d3675ba-124d-4ba7-baee-3cf448e5123a_config-0]Registry connection listener to current client:com.alibaba.nacos.client.config.impl.ClientWorker$ConfigRpcTransportClient$1
19:08:17.637 [main] INFO  c.a.n.c.r.client - [printIfInfoEnabled,60] - [2d3675ba-124d-4ba7-baee-3cf448e5123a_config-0]RpcClient init, ServerListFactory =com.alibaba.nacos.client.config.impl.ClientWorker$ConfigRpcTransportClient$2
19:08:17.649 [main] INFO  c.a.n.c.r.client - [printIfInfoEnabled,60] - [2d3675ba-124d-4ba7-baee-3cf448e5123a_config-0] Try to connect to server on start up, server: {serverIp='127.0.0.1', server main port=8848}
19:08:20.021 [main] INFO  c.a.n.c.r.client - [printIfInfoEnabled,60] - [2d3675ba-124d-4ba7-baee-3cf448e5123a_config-0] Success to connect to server [127.0.0.1:8848] on start up,connectionId=1661598499751_127.0.0.1_62276
19:08:20.022 [com.alibaba.nacos.client.remote.worker] INFO  c.a.n.c.r.client - [printIfInfoEnabled,60] - [2d3675ba-124d-4ba7-baee-3cf448e5123a_config-0]Notify connected event to listeners.
19:08:20.023 [com.alibaba.nacos.client.remote.worker] INFO  c.a.n.c.c.i.ClientWorker - [onConnected,681] - [2d3675ba-124d-4ba7-baee-3cf448e5123a_config-0] Connected,notify listen context...
19:08:20.023 [main] INFO  c.a.n.c.r.client - [printIfInfoEnabled,60] - [2d3675ba-124d-4ba7-baee-3cf448e5123a_config-0]Register server push request handler:com.alibaba.nacos.common.remote.client.RpcClient$ConnectResetRequestHandler
19:08:20.023 [main] INFO  c.a.n.c.r.client - [printIfInfoEnabled,60] - [2d3675ba-124d-4ba7-baee-3cf448e5123a_config-0]Register server push request handler:com.alibaba.nacos.common.remote.client.RpcClient$4
19:08:20.085 [main] INFO  c.a.n.c.c.i.Limiter - [<clinit>,56] - limitTime:5.0
19:08:20.107 [main] INFO  c.a.n.c.c.u.JvmUtil - [<clinit>,53] - isMultiInstance:false
19:08:20.154 [main] INFO  c.r.j.RuoYiJobApplication - [logStartupProfileInfo,639] - The following profiles are active: dev
19:08:23.198 [main] INFO  o.a.c.h.Http11NioProtocol - [log,173] - Initializing ProtocolHandler ["http-nio-9203"]
19:08:23.199 [main] INFO  o.a.c.c.StandardService - [log,173] - Starting service [Tomcat]
19:08:23.199 [main] INFO  o.a.c.c.StandardEngine - [log,173] - Starting Servlet engine: [Apache Tomcat/9.0.56]
19:08:23.371 [main] INFO  o.a.c.c.C.[.[.[/] - [log,173] - Initializing Spring embedded WebApplicationContext
19:08:23.819 [main] INFO  o.q.i.StdSchedulerFactory - [instantiate,1220] - Using default implementation for ThreadExecutor
19:08:23.835 [main] INFO  o.q.c.SchedulerSignalerImpl - [<init>,61] - Initialized Scheduler Signaller of type: class org.quartz.core.SchedulerSignalerImpl
19:08:23.836 [main] INFO  o.q.c.QuartzScheduler - [<init>,229] - Quartz Scheduler v.2.3.2 created.
19:08:23.845 [main] INFO  c.z.h.HikariDataSource - [getConnection,110] - HikariPool-1 - Starting...
19:08:24.048 [main] INFO  c.z.h.HikariDataSource - [getConnection,123] - HikariPool-1 - Start completed.
19:08:24.063 [main] INFO  o.q.c.QuartzScheduler - [initialize,294] - Scheduler meta-data: Quartz Scheduler (v2.3.2) 'RuoyiScheduler' with instanceId 'shaohuaibin1661598503823'
  Scheduler class: 'org.quartz.core.QuartzScheduler' - running locally.
  NOT STARTED.
  Currently in standby mode.
  Number of jobs executed: 0
  Using thread pool 'org.quartz.simpl.SimpleThreadPool' - with 20 threads.
  Using job-store 'org.springframework.scheduling.quartz.LocalDataSourceJobStore' - which supports persistence. and is clustered.

19:08:24.063 [main] INFO  o.q.i.StdSchedulerFactory - [instantiate,1374] - Quartz scheduler 'RuoyiScheduler' initialized from an externally provided properties instance.
19:08:24.063 [main] INFO  o.q.i.StdSchedulerFactory - [instantiate,1378] - Quartz scheduler version: 2.3.2
19:08:24.065 [main] INFO  o.q.c.QuartzScheduler - [setJobFactory,2293] - JobFactory set to: org.springframework.scheduling.quartz.AdaptableJobFactory@7c359808
19:08:26.521 [main] INFO  c.a.n.client.naming - [initNamespaceForNaming,63] - initializer namespace from System Property : null
19:08:26.522 [main] INFO  c.a.n.client.naming - [call,69] - initializer namespace from System Environment :null
19:08:26.523 [main] INFO  c.a.n.client.naming - [call,79] - initializer namespace from System Property :null
19:08:26.546 [main] INFO  c.a.n.c.r.client - [lambda$createClient$0,77] - [RpcClientFactory] create a new rpc client of 25145ed0-a330-4c35-8c78-6e7ce7d1b150
19:08:26.546 [main] INFO  c.a.n.c.r.client - [printIfInfoEnabled,60] - [25145ed0-a330-4c35-8c78-6e7ce7d1b150]RpcClient init label, labels={module=naming, source=sdk}
19:08:26.549 [main] INFO  c.a.n.c.r.client - [printIfInfoEnabled,60] - [25145ed0-a330-4c35-8c78-6e7ce7d1b150]RpcClient init, ServerListFactory =com.alibaba.nacos.client.naming.core.ServerListManager
19:08:26.549 [main] INFO  c.a.n.c.r.client - [printIfInfoEnabled,60] - [25145ed0-a330-4c35-8c78-6e7ce7d1b150]Registry connection listener to current client:com.alibaba.nacos.client.naming.remote.gprc.redo.NamingGrpcRedoService
19:08:26.550 [main] INFO  c.a.n.c.r.client - [printIfInfoEnabled,60] - [25145ed0-a330-4c35-8c78-6e7ce7d1b150]Register server push request handler:com.alibaba.nacos.client.naming.remote.gprc.NamingPushRequestHandler
19:08:26.551 [main] INFO  c.a.n.c.r.client - [printIfInfoEnabled,60] - [25145ed0-a330-4c35-8c78-6e7ce7d1b150] Try to connect to server on start up, server: {serverIp='127.0.0.1', server main port=8848}
19:08:26.668 [main] INFO  c.a.n.c.r.client - [printIfInfoEnabled,60] - [25145ed0-a330-4c35-8c78-6e7ce7d1b150] Success to connect to server [127.0.0.1:8848] on start up,connectionId=1661598506560_127.0.0.1_62291
19:08:26.669 [com.alibaba.nacos.client.remote.worker] INFO  c.a.n.c.r.client - [printIfInfoEnabled,60] - [25145ed0-a330-4c35-8c78-6e7ce7d1b150]Notify connected event to listeners.
19:08:26.669 [com.alibaba.nacos.client.remote.worker] INFO  c.a.n.client.naming - [onConnected,76] - Grpc connection connect
19:08:26.669 [main] INFO  c.a.n.c.r.client - [printIfInfoEnabled,60] - [25145ed0-a330-4c35-8c78-6e7ce7d1b150]Register server push request handler:com.alibaba.nacos.common.remote.client.RpcClient$ConnectResetRequestHandler
19:08:26.670 [main] INFO  c.a.n.c.r.client - [printIfInfoEnabled,60] - [25145ed0-a330-4c35-8c78-6e7ce7d1b150]Register server push request handler:com.alibaba.nacos.common.remote.client.RpcClient$4
19:08:29.358 [main] INFO  c.a.n.client.naming - [isChangedServiceInfo,181] - init new ips(0) service: DEFAULT_GROUP@@ruoyi-job@@DEFAULT -> []
19:08:29.370 [main] INFO  c.a.n.client.naming - [processServiceInfo,166] - current ips:(0) service: DEFAULT_GROUP@@ruoyi-job@@DEFAULT -> []
19:08:29.380 [main] INFO  o.a.c.h.Http11NioProtocol - [log,173] - Starting ProtocolHandler ["http-nio-9203"]
19:08:29.405 [main] INFO  c.a.n.client.naming - [registerService,112] - [REGISTER-SERVICE] public registering service ruoyi-job with instance Instance{instanceId='null', ip='192.168.1.9', port=9203, weight=1.0, healthy=true, enabled=true, ephemeral=true, clusterName='DEFAULT', serviceName='null', metadata={preserved.register.source=SPRING_CLOUD}}
19:08:29.413 [main] INFO  c.a.c.n.r.NacosServiceRegistry - [register,75] - nacos registry, DEFAULT_GROUP ruoyi-job 192.168.1.9:9203 register finished
19:08:29.882 [nacos-grpc-client-executor-7] INFO  c.a.n.c.r.client - [printIfInfoEnabled,60] - [25145ed0-a330-4c35-8c78-6e7ce7d1b150]receive server push request,request=NotifySubscriberRequest,requestId=10
19:08:29.887 [nacos-grpc-client-executor-7] INFO  c.a.n.client.naming - [isChangedServiceInfo,181] - init new ips(1) service: DEFAULT_GROUP@@ruoyi-job -> [{"ip":"192.168.1.9","port":9203,"weight":1.0,"healthy":true,"enabled":true,"ephemeral":true,"clusterName":"DEFAULT","serviceName":"DEFAULT_GROUP@@ruoyi-job","metadata":{"preserved.register.source":"SPRING_CLOUD"},"instanceHeartBeatInterval":5000,"ipDeleteTimeout":30000,"instanceHeartBeatTimeOut":15000}]
19:08:29.888 [nacos-grpc-client-executor-7] INFO  c.a.n.client.naming - [processServiceInfo,166] - current ips:(1) service: DEFAULT_GROUP@@ruoyi-job -> [{"ip":"192.168.1.9","port":9203,"weight":1.0,"healthy":true,"enabled":true,"ephemeral":true,"clusterName":"DEFAULT","serviceName":"DEFAULT_GROUP@@ruoyi-job","metadata":{"preserved.register.source":"SPRING_CLOUD"},"instanceHeartBeatInterval":5000,"ipDeleteTimeout":30000,"instanceHeartBeatTimeOut":15000}]
19:08:29.891 [nacos-grpc-client-executor-7] INFO  c.a.n.c.r.client - [printIfInfoEnabled,60] - [25145ed0-a330-4c35-8c78-6e7ce7d1b150]ack server push request,request=NotifySubscriberRequest,requestId=10
19:08:30.357 [com.alibaba.nacos.client.naming.updater.0] INFO  c.a.n.client.naming - [isChangedServiceInfo,235] - new ips(1) service: DEFAULT_GROUP@@ruoyi-job@@DEFAULT -> [{"ip":"192.168.1.9","port":9203,"weight":1.0,"healthy":true,"enabled":true,"ephemeral":true,"clusterName":"DEFAULT","serviceName":"DEFAULT_GROUP@@ruoyi-job","metadata":{"preserved.register.source":"SPRING_CLOUD"},"instanceHeartBeatInterval":5000,"ipDeleteTimeout":30000,"instanceHeartBeatTimeOut":15000}]
19:08:30.357 [com.alibaba.nacos.client.naming.updater.0] INFO  c.a.n.client.naming - [processServiceInfo,166] - current ips:(1) service: DEFAULT_GROUP@@ruoyi-job@@DEFAULT -> [{"ip":"192.168.1.9","port":9203,"weight":1.0,"healthy":true,"enabled":true,"ephemeral":true,"clusterName":"DEFAULT","serviceName":"DEFAULT_GROUP@@ruoyi-job","metadata":{"preserved.register.source":"SPRING_CLOUD"},"instanceHeartBeatInterval":5000,"ipDeleteTimeout":30000,"instanceHeartBeatTimeOut":15000}]
19:08:30.424 [main] INFO  c.r.j.RuoYiJobApplication - [logStarted,61] - Started RuoYiJobApplication in 16.156 seconds (JVM running for 17.957)
19:08:30.438 [main] INFO  c.a.n.c.c.i.ClientWorker - [addCacheDataIfAbsent,384] - [config_rpc_client] [subscribe] ruoyi-job+DEFAULT_GROUP
19:08:30.439 [main] INFO  c.a.n.c.c.i.CacheData - [addListener,173] - [config_rpc_client] [add-listener] ok, tenant=, dataId=ruoyi-job, group=DEFAULT_GROUP, cnt=1
19:08:30.441 [main] INFO  c.a.n.c.c.i.ClientWorker - [addCacheDataIfAbsent,384] - [config_rpc_client] [subscribe] ruoyi-job-dev.yml+DEFAULT_GROUP
19:08:30.441 [main] INFO  c.a.n.c.c.i.CacheData - [addListener,173] - [config_rpc_client] [add-listener] ok, tenant=, dataId=ruoyi-job-dev.yml, group=DEFAULT_GROUP, cnt=1
19:08:30.441 [main] INFO  c.a.n.c.c.i.ClientWorker - [addCacheDataIfAbsent,384] - [config_rpc_client] [subscribe] ruoyi-job.yml+DEFAULT_GROUP
19:08:30.441 [main] INFO  c.a.n.c.c.i.CacheData - [addListener,173] - [config_rpc_client] [add-listener] ok, tenant=, dataId=ruoyi-job.yml, group=DEFAULT_GROUP, cnt=1
19:08:31.416 [Quartz Scheduler [RuoyiScheduler]] INFO  o.q.c.QuartzScheduler - [start,547] - Scheduler RuoyiScheduler_$_shaohuaibin1661598503823 started.
19:08:31.429 [RMI TCP Connection(2)-192.168.1.9] INFO  o.a.c.c.C.[.[.[/] - [log,173] - Initializing Spring DispatcherServlet 'dispatcherServlet'
22:55:49.929 [SpringApplicationShutdownHook] INFO  o.q.c.QuartzScheduler - [standby,585] - Scheduler RuoyiScheduler_$_shaohuaibin1661598503823 paused.
22:55:50.386 [SpringApplicationShutdownHook] INFO  c.a.c.n.r.NacosServiceRegistry - [deregister,90] - De-registering from Nacos Server now...
22:55:50.387 [SpringApplicationShutdownHook] INFO  c.a.n.client.naming - [deregisterService,136] - [DEREGISTER-SERVICE] public deregistering service ruoyi-job with instance: Instance{instanceId='null', ip='192.168.1.9', port=9203, weight=1.0, healthy=true, enabled=true, ephemeral=true, clusterName='DEFAULT', serviceName='null', metadata={}}
22:55:50.389 [SpringApplicationShutdownHook] INFO  c.a.c.n.r.NacosServiceRegistry - [deregister,110] - De-registration finished.
22:55:50.392 [SpringApplicationShutdownHook] INFO  c.a.n.client.naming - [shutdown,256] - com.alibaba.nacos.client.naming.cache.ServiceInfoHolder do shutdown begin
22:55:50.392 [SpringApplicationShutdownHook] INFO  c.a.n.client.naming - [shutdown,140] - com.alibaba.nacos.client.naming.backups.FailoverReactor do shutdown begin
22:55:50.392 [SpringApplicationShutdownHook] INFO  c.a.n.client.naming - [shutdown,142] - com.alibaba.nacos.client.naming.backups.FailoverReactor do shutdown stop
22:55:50.393 [SpringApplicationShutdownHook] INFO  c.a.n.client.naming - [shutdown,258] - com.alibaba.nacos.client.naming.cache.ServiceInfoHolder do shutdown stop
22:55:50.393 [SpringApplicationShutdownHook] INFO  c.a.n.client.naming - [shutdown,176] - com.alibaba.nacos.client.naming.remote.NamingClientProxyDelegate do shutdown begin
22:55:50.393 [SpringApplicationShutdownHook] INFO  c.a.n.client.naming - [shutdown,130] - com.alibaba.nacos.client.naming.core.ServiceInfoUpdateService do shutdown begin
22:55:50.697 [SpringApplicationShutdownHook] INFO  c.a.n.client.naming - [shutdown,132] - com.alibaba.nacos.client.naming.core.ServiceInfoUpdateService do shutdown stop
22:55:50.698 [SpringApplicationShutdownHook] INFO  c.a.n.client.naming - [shutdown,188] - com.alibaba.nacos.client.naming.core.ServerListManager do shutdown begin
22:55:50.699 [SpringApplicationShutdownHook] INFO  c.a.n.client.naming - [shutdown,193] - com.alibaba.nacos.client.naming.core.ServerListManager do shutdown stop
22:55:50.699 [SpringApplicationShutdownHook] INFO  c.a.n.client.naming - [shutdown,519] - com.alibaba.nacos.client.naming.remote.http.NamingHttpClientProxy do shutdown begin
22:55:50.699 [SpringApplicationShutdownHook] INFO  c.a.n.client.naming - [shutdown,162] - com.alibaba.nacos.client.naming.beat.BeatReactor do shutdown begin
22:55:50.699 [SpringApplicationShutdownHook] INFO  c.a.n.client.naming - [shutdown,164] - com.alibaba.nacos.client.naming.beat.BeatReactor do shutdown stop
22:55:50.700 [SpringApplicationShutdownHook] INFO  c.a.n.c.i.CredentialWatcher - [stop,105] - [null] CredentialWatcher is stopped
22:55:50.700 [SpringApplicationShutdownHook] INFO  c.a.n.c.i.CredentialService - [free,99] - [null] CredentialService is freed
22:55:50.700 [SpringApplicationShutdownHook] INFO  c.a.n.client.naming - [shutdown,523] - com.alibaba.nacos.client.naming.remote.http.NamingHttpClientProxy do shutdown stop
22:55:50.700 [SpringApplicationShutdownHook] INFO  c.a.n.c.r.client - [shutdown,461] - Shutdown rpc client ,set status to shutdown
22:55:50.701 [SpringApplicationShutdownHook] INFO  c.a.n.c.r.client - [shutdown,463] - Shutdown  client event executor java.util.concurrent.ScheduledThreadPoolExecutor@6eca[Running, pool size = 2, active threads = 2, queued tasks = 0, completed tasks = 0]
22:55:50.701 [SpringApplicationShutdownHook] INFO  c.a.n.c.r.client - [shutdown,465] - Close current connection 1661598506560_127.0.0.1_62291
22:55:50.703 [nacos-grpc-client-executor-2750] INFO  c.a.n.c.r.c.g.GrpcClient - [printIfInfoEnabled,60] - [1661598506560_127.0.0.1_62291]Ignore complete event,isRunning:false,isAbandon=false
22:55:50.704 [SpringApplicationShutdownHook] INFO  c.a.n.c.r.c.g.GrpcClient - [shutdown,83] - Shutdown grpc executor java.util.concurrent.ThreadPoolExecutor@4ec64911[Running, pool size = 5, active threads = 0, queued tasks = 0, completed tasks = 2751]
22:55:50.705 [SpringApplicationShutdownHook] INFO  c.a.n.client.naming - [shutdown,251] - Shutdown grpc redo service executor java.util.concurrent.ScheduledThreadPoolExecutor@1a01b886[Running, pool size = 1, active threads = 0, queued tasks = 1, completed tasks = 4536]
22:55:50.705 [SpringApplicationShutdownHook] INFO  c.a.n.client.naming - [shutdown,182] - com.alibaba.nacos.client.naming.remote.NamingClientProxyDelegate do shutdown stop
22:55:50.940 [SpringApplicationShutdownHook] INFO  o.q.c.QuartzScheduler - [shutdown,666] - Scheduler RuoyiScheduler_$_shaohuaibin1661598503823 shutting down.
22:55:50.941 [SpringApplicationShutdownHook] INFO  o.q.c.QuartzScheduler - [standby,585] - Scheduler RuoyiScheduler_$_shaohuaibin1661598503823 paused.
22:55:50.942 [SpringApplicationShutdownHook] INFO  o.q.c.QuartzScheduler - [shutdown,740] - Scheduler RuoyiScheduler_$_shaohuaibin1661598503823 shutdown complete.
22:55:50.943 [SpringApplicationShutdownHook] INFO  c.z.h.HikariDataSource - [close,350] - HikariPool-1 - Shutdown initiated...
22:55:50.952 [SpringApplicationShutdownHook] INFO  c.z.h.HikariDataSource - [close,352] - HikariPool-1 - Shutdown completed.
