15:23:50.634 [background-preinit] INFO  o.h.v.i.util.Version - [<clinit>,21] - HV000001: Hibernate Validator 6.2.3.Final
15:23:52.091 [main] INFO  c.a.n.c.c.i.LocalConfigInfoProcessor - [<clinit>,67] - LOCAL_SNAPSHOT_PATH:C:\Users\lujiaxin\nacos\config
15:23:52.094 [main] INFO  c.a.n.c.r.client - [lambda$createClient$0,77] - [RpcClientFactory] create a new rpc client of b960ac09-af73-4d31-9e1a-97dfb5a9e4eb_config-0
15:23:52.184 [main] INFO  o.r.Reflections - [scan,232] - Reflections took 73 ms to scan 1 urls, producing 3 keys and 6 values 
15:23:52.238 [main] INFO  o.r.Reflections - [scan,232] - Reflections took 40 ms to scan 1 urls, producing 4 keys and 9 values 
15:23:52.257 [main] INFO  o.r.Reflections - [scan,232] - Reflections took 15 ms to scan 1 urls, producing 3 keys and 10 values 
15:23:52.683 [main] INFO  o.r.Reflections - [scan,232] - Reflections took 422 ms to scan 194 urls, producing 0 keys and 0 values 
15:23:52.710 [main] INFO  o.r.Reflections - [scan,232] - Reflections took 25 ms to scan 1 urls, producing 1 keys and 5 values 
15:23:52.743 [main] INFO  o.r.Reflections - [scan,232] - Reflections took 25 ms to scan 1 urls, producing 1 keys and 7 values 
15:23:52.769 [main] INFO  o.r.Reflections - [scan,232] - Reflections took 20 ms to scan 1 urls, producing 2 keys and 8 values 
15:23:53.160 [main] INFO  o.r.Reflections - [scan,232] - Reflections took 386 ms to scan 194 urls, producing 0 keys and 0 values 
15:23:53.162 [main] INFO  c.a.n.c.r.client - [printIfInfoEnabled,60] - [b960ac09-af73-4d31-9e1a-97dfb5a9e4eb_config-0]RpcClient init label, labels={module=config, Vipserver-Tag=null, source=sdk, Amory-Tag=null, Location-Tag=null, taskId=0, AppName=unknown}
15:23:53.163 [main] INFO  c.a.n.c.r.client - [printIfInfoEnabled,60] - [b960ac09-af73-4d31-9e1a-97dfb5a9e4eb_config-0]Register server push request handler:com.alibaba.nacos.client.config.impl.ClientWorker$ConfigRpcTransportClient$$Lambda$330/1907241392
15:23:53.165 [main] INFO  c.a.n.c.r.client - [printIfInfoEnabled,60] - [b960ac09-af73-4d31-9e1a-97dfb5a9e4eb_config-0]Register server push request handler:com.alibaba.nacos.client.config.impl.ClientWorker$ConfigRpcTransportClient$$Lambda$331/1269118128
15:23:53.166 [main] INFO  c.a.n.c.r.client - [printIfInfoEnabled,60] - [b960ac09-af73-4d31-9e1a-97dfb5a9e4eb_config-0]Registry connection listener to current client:com.alibaba.nacos.client.config.impl.ClientWorker$ConfigRpcTransportClient$1
15:23:53.167 [main] INFO  c.a.n.c.r.client - [printIfInfoEnabled,60] - [b960ac09-af73-4d31-9e1a-97dfb5a9e4eb_config-0]RpcClient init, ServerListFactory =com.alibaba.nacos.client.config.impl.ClientWorker$ConfigRpcTransportClient$2
15:23:53.187 [main] INFO  c.a.n.c.r.client - [printIfInfoEnabled,60] - [b960ac09-af73-4d31-9e1a-97dfb5a9e4eb_config-0] Try to connect to server on start up, server: {serverIp='127.0.0.1', server main port=8848}
15:23:55.617 [main] INFO  c.a.n.c.r.client - [printIfInfoEnabled,60] - [b960ac09-af73-4d31-9e1a-97dfb5a9e4eb_config-0] Success to connect to server [127.0.0.1:8848] on start up,connectionId=1664436235225_127.0.0.1_62571
15:23:55.619 [com.alibaba.nacos.client.remote.worker] INFO  c.a.n.c.r.client - [printIfInfoEnabled,60] - [b960ac09-af73-4d31-9e1a-97dfb5a9e4eb_config-0]Notify connected event to listeners.
15:23:55.619 [main] INFO  c.a.n.c.r.client - [printIfInfoEnabled,60] - [b960ac09-af73-4d31-9e1a-97dfb5a9e4eb_config-0]Register server push request handler:com.alibaba.nacos.common.remote.client.RpcClient$ConnectResetRequestHandler
15:23:55.620 [com.alibaba.nacos.client.remote.worker] INFO  c.a.n.c.c.i.ClientWorker - [onConnected,681] - [b960ac09-af73-4d31-9e1a-97dfb5a9e4eb_config-0] Connected,notify listen context...
15:23:55.620 [main] INFO  c.a.n.c.r.client - [printIfInfoEnabled,60] - [b960ac09-af73-4d31-9e1a-97dfb5a9e4eb_config-0]Register server push request handler:com.alibaba.nacos.common.remote.client.RpcClient$4
15:23:55.696 [main] INFO  c.a.n.c.c.i.Limiter - [<clinit>,56] - limitTime:5.0
15:23:55.716 [main] INFO  c.a.n.c.c.u.JvmUtil - [<clinit>,53] - isMultiInstance:false
15:23:55.779 [main] INFO  c.r.j.RuoYiJobApplication - [logStartupProfileInfo,646] - The following 1 profile is active: "dev"
15:24:01.012 [main] INFO  o.a.c.h.Http11NioProtocol - [log,173] - Initializing ProtocolHandler ["http-nio-9203"]
15:24:01.014 [main] INFO  o.a.c.c.StandardService - [log,173] - Starting service [Tomcat]
15:24:01.015 [main] INFO  o.a.c.c.StandardEngine - [log,173] - Starting Servlet engine: [Apache Tomcat/9.0.60]
15:24:01.536 [main] INFO  o.a.c.c.C.[.[.[/] - [log,173] - Initializing Spring embedded WebApplicationContext
15:24:02.333 [main] INFO  o.q.i.StdSchedulerFactory - [instantiate,1220] - Using default implementation for ThreadExecutor
15:24:02.361 [main] INFO  o.q.c.SchedulerSignalerImpl - [<init>,61] - Initialized Scheduler Signaller of type: class org.quartz.core.SchedulerSignalerImpl
15:24:02.362 [main] INFO  o.q.c.QuartzScheduler - [<init>,229] - Quartz Scheduler v.2.3.2 created.
15:24:02.383 [main] INFO  c.z.h.HikariDataSource - [getConnection,110] - HikariPool-1 - Starting...
15:24:03.798 [main] INFO  c.z.h.HikariDataSource - [getConnection,123] - HikariPool-1 - Start completed.
15:24:03.827 [main] INFO  o.q.c.QuartzScheduler - [initialize,294] - Scheduler meta-data: Quartz Scheduler (v2.3.2) 'RuoyiScheduler' with instanceId 'DESKTOP-7LSMK1L1664436242337'
  Scheduler class: 'org.quartz.core.QuartzScheduler' - running locally.
  NOT STARTED.
  Currently in standby mode.
  Number of jobs executed: 0
  Using thread pool 'org.quartz.simpl.SimpleThreadPool' - with 20 threads.
  Using job-store 'org.springframework.scheduling.quartz.LocalDataSourceJobStore' - which supports persistence. and is clustered.

15:24:03.827 [main] INFO  o.q.i.StdSchedulerFactory - [instantiate,1374] - Quartz scheduler 'RuoyiScheduler' initialized from an externally provided properties instance.
15:24:03.827 [main] INFO  o.q.i.StdSchedulerFactory - [instantiate,1378] - Quartz scheduler version: 2.3.2
15:24:03.831 [main] INFO  o.q.c.QuartzScheduler - [setJobFactory,2293] - JobFactory set to: org.springframework.scheduling.quartz.AdaptableJobFactory@780129bc
15:24:06.741 [main] INFO  c.a.n.client.naming - [initNamespaceForNaming,63] - initializer namespace from System Property : null
15:24:06.743 [main] INFO  c.a.n.client.naming - [call,69] - initializer namespace from System Environment :null
15:24:06.744 [main] INFO  c.a.n.client.naming - [call,79] - initializer namespace from System Property :null
15:24:06.772 [main] INFO  c.a.n.c.r.client - [lambda$createClient$0,77] - [RpcClientFactory] create a new rpc client of 06999c36-420a-494d-a56f-73d03e88243f
15:24:06.773 [main] INFO  c.a.n.c.r.client - [printIfInfoEnabled,60] - [06999c36-420a-494d-a56f-73d03e88243f]RpcClient init label, labels={module=naming, source=sdk}
15:24:06.776 [main] INFO  c.a.n.c.r.client - [printIfInfoEnabled,60] - [06999c36-420a-494d-a56f-73d03e88243f]RpcClient init, ServerListFactory =com.alibaba.nacos.client.naming.core.ServerListManager
15:24:06.776 [main] INFO  c.a.n.c.r.client - [printIfInfoEnabled,60] - [06999c36-420a-494d-a56f-73d03e88243f]Registry connection listener to current client:com.alibaba.nacos.client.naming.remote.gprc.redo.NamingGrpcRedoService
15:24:06.778 [main] INFO  c.a.n.c.r.client - [printIfInfoEnabled,60] - [06999c36-420a-494d-a56f-73d03e88243f]Register server push request handler:com.alibaba.nacos.client.naming.remote.gprc.NamingPushRequestHandler
15:24:06.778 [main] INFO  c.a.n.c.r.client - [printIfInfoEnabled,60] - [06999c36-420a-494d-a56f-73d03e88243f] Try to connect to server on start up, server: {serverIp='127.0.0.1', server main port=8848}
15:24:06.898 [main] INFO  c.a.n.c.r.client - [printIfInfoEnabled,60] - [06999c36-420a-494d-a56f-73d03e88243f] Success to connect to server [127.0.0.1:8848] on start up,connectionId=1664436246783_127.0.0.1_62598
15:24:06.901 [com.alibaba.nacos.client.remote.worker] INFO  c.a.n.c.r.client - [printIfInfoEnabled,60] - [06999c36-420a-494d-a56f-73d03e88243f]Notify connected event to listeners.
15:24:06.901 [com.alibaba.nacos.client.remote.worker] INFO  c.a.n.client.naming - [onConnected,76] - Grpc connection connect
15:24:06.901 [main] INFO  c.a.n.c.r.client - [printIfInfoEnabled,60] - [06999c36-420a-494d-a56f-73d03e88243f]Register server push request handler:com.alibaba.nacos.common.remote.client.RpcClient$ConnectResetRequestHandler
15:24:06.903 [main] INFO  c.a.n.c.r.client - [printIfInfoEnabled,60] - [06999c36-420a-494d-a56f-73d03e88243f]Register server push request handler:com.alibaba.nacos.common.remote.client.RpcClient$4
15:24:10.442 [main] INFO  c.a.n.client.naming - [isChangedServiceInfo,181] - init new ips(0) service: DEFAULT_GROUP@@ruoyi-job@@DEFAULT -> []
15:24:10.468 [main] INFO  c.a.n.client.naming - [processServiceInfo,166] - current ips:(0) service: DEFAULT_GROUP@@ruoyi-job@@DEFAULT -> []
15:24:10.510 [main] INFO  o.a.c.h.Http11NioProtocol - [log,173] - Starting ProtocolHandler ["http-nio-9203"]
15:24:10.633 [main] INFO  c.a.n.client.naming - [registerService,112] - [REGISTER-SERVICE] public registering service ruoyi-job with instance Instance{instanceId='null', ip='192.168.43.149', port=9203, weight=1.0, healthy=true, enabled=true, ephemeral=true, clusterName='DEFAULT', serviceName='null', metadata={preserved.register.source=SPRING_CLOUD}}
15:24:10.651 [main] INFO  c.a.c.n.r.NacosServiceRegistry - [register,75] - nacos registry, DEFAULT_GROUP ruoyi-job 192.168.43.149:9203 register finished
15:24:10.984 [nacos-grpc-client-executor-7] INFO  c.a.n.c.r.client - [printIfInfoEnabled,60] - [06999c36-420a-494d-a56f-73d03e88243f]receive server push request,request=NotifySubscriberRequest,requestId=21
15:24:10.990 [nacos-grpc-client-executor-7] INFO  c.a.n.client.naming - [isChangedServiceInfo,181] - init new ips(1) service: DEFAULT_GROUP@@ruoyi-job -> [{"ip":"192.168.43.149","port":9203,"weight":1.0,"healthy":true,"enabled":true,"ephemeral":true,"clusterName":"DEFAULT","serviceName":"DEFAULT_GROUP@@ruoyi-job","metadata":{"preserved.register.source":"SPRING_CLOUD"},"ipDeleteTimeout":30000,"instanceHeartBeatInterval":5000,"instanceHeartBeatTimeOut":15000}]
15:24:10.990 [nacos-grpc-client-executor-7] INFO  c.a.n.client.naming - [processServiceInfo,166] - current ips:(1) service: DEFAULT_GROUP@@ruoyi-job -> [{"ip":"192.168.43.149","port":9203,"weight":1.0,"healthy":true,"enabled":true,"ephemeral":true,"clusterName":"DEFAULT","serviceName":"DEFAULT_GROUP@@ruoyi-job","metadata":{"preserved.register.source":"SPRING_CLOUD"},"ipDeleteTimeout":30000,"instanceHeartBeatInterval":5000,"instanceHeartBeatTimeOut":15000}]
15:24:10.992 [nacos-grpc-client-executor-7] INFO  c.a.n.c.r.client - [printIfInfoEnabled,60] - [06999c36-420a-494d-a56f-73d03e88243f]ack server push request,request=NotifySubscriberRequest,requestId=21
15:24:11.335 [main] INFO  c.r.j.RuoYiJobApplication - [logStarted,61] - Started RuoYiJobApplication in 21.834 seconds (JVM running for 23.636)
15:24:11.345 [main] INFO  c.a.n.c.c.i.ClientWorker - [addCacheDataIfAbsent,384] - [config_rpc_client] [subscribe] ruoyi-job+DEFAULT_GROUP
15:24:11.347 [main] INFO  c.a.n.c.c.i.CacheData - [addListener,173] - [config_rpc_client] [add-listener] ok, tenant=, dataId=ruoyi-job, group=DEFAULT_GROUP, cnt=1
15:24:11.348 [main] INFO  c.a.n.c.c.i.ClientWorker - [addCacheDataIfAbsent,384] - [config_rpc_client] [subscribe] ruoyi-job-dev.yml+DEFAULT_GROUP
15:24:11.348 [main] INFO  c.a.n.c.c.i.CacheData - [addListener,173] - [config_rpc_client] [add-listener] ok, tenant=, dataId=ruoyi-job-dev.yml, group=DEFAULT_GROUP, cnt=1
15:24:11.348 [main] INFO  c.a.n.c.c.i.ClientWorker - [addCacheDataIfAbsent,384] - [config_rpc_client] [subscribe] ruoyi-job.yml+DEFAULT_GROUP
15:24:11.349 [main] INFO  c.a.n.c.c.i.CacheData - [addListener,173] - [config_rpc_client] [add-listener] ok, tenant=, dataId=ruoyi-job.yml, group=DEFAULT_GROUP, cnt=1
15:24:11.401 [com.alibaba.nacos.client.naming.updater.0] INFO  c.a.n.client.naming - [isChangedServiceInfo,235] - new ips(1) service: DEFAULT_GROUP@@ruoyi-job@@DEFAULT -> [{"ip":"192.168.43.149","port":9203,"weight":1.0,"healthy":true,"enabled":true,"ephemeral":true,"clusterName":"DEFAULT","serviceName":"DEFAULT_GROUP@@ruoyi-job","metadata":{"preserved.register.source":"SPRING_CLOUD"},"ipDeleteTimeout":30000,"instanceHeartBeatInterval":5000,"instanceHeartBeatTimeOut":15000}]
15:24:11.402 [com.alibaba.nacos.client.naming.updater.0] INFO  c.a.n.client.naming - [processServiceInfo,166] - current ips:(1) service: DEFAULT_GROUP@@ruoyi-job@@DEFAULT -> [{"ip":"192.168.43.149","port":9203,"weight":1.0,"healthy":true,"enabled":true,"ephemeral":true,"clusterName":"DEFAULT","serviceName":"DEFAULT_GROUP@@ruoyi-job","metadata":{"preserved.register.source":"SPRING_CLOUD"},"ipDeleteTimeout":30000,"instanceHeartBeatInterval":5000,"instanceHeartBeatTimeOut":15000}]
15:24:11.527 [RMI TCP Connection(1)-192.168.43.149] INFO  o.a.c.c.C.[.[.[/] - [log,173] - Initializing Spring DispatcherServlet 'dispatcherServlet'
15:24:12.368 [Quartz Scheduler [RuoyiScheduler]] INFO  o.q.c.QuartzScheduler - [start,547] - Scheduler RuoyiScheduler_$_DESKTOP-7LSMK1L1664436242337 started.
19:05:00.828 [background-preinit] INFO  o.h.v.i.util.Version - [<clinit>,21] - HV000001: Hibernate Validator 6.2.3.Final
19:05:01.461 [main] INFO  c.a.n.c.c.i.LocalConfigInfoProcessor - [<clinit>,67] - LOCAL_SNAPSHOT_PATH:C:\Users\lujiaxin\nacos\config
19:05:01.464 [main] INFO  c.a.n.c.r.client - [lambda$createClient$0,77] - [RpcClientFactory] create a new rpc client of 31eaba34-bb8c-4106-8b10-01e76b468ab8_config-0
19:05:01.513 [main] INFO  o.r.Reflections - [scan,232] - Reflections took 30 ms to scan 1 urls, producing 3 keys and 6 values 
19:05:01.539 [main] INFO  o.r.Reflections - [scan,232] - Reflections took 11 ms to scan 1 urls, producing 4 keys and 9 values 
19:05:01.552 [main] INFO  o.r.Reflections - [scan,232] - Reflections took 10 ms to scan 1 urls, producing 3 keys and 10 values 
19:05:01.715 [main] INFO  o.r.Reflections - [scan,232] - Reflections took 161 ms to scan 194 urls, producing 0 keys and 0 values 
19:05:01.726 [main] INFO  o.r.Reflections - [scan,232] - Reflections took 9 ms to scan 1 urls, producing 1 keys and 5 values 
19:05:01.738 [main] INFO  o.r.Reflections - [scan,232] - Reflections took 9 ms to scan 1 urls, producing 1 keys and 7 values 
19:05:01.749 [main] INFO  o.r.Reflections - [scan,232] - Reflections took 9 ms to scan 1 urls, producing 2 keys and 8 values 
19:05:01.878 [main] INFO  o.r.Reflections - [scan,232] - Reflections took 127 ms to scan 194 urls, producing 0 keys and 0 values 
19:05:01.879 [main] INFO  c.a.n.c.r.client - [printIfInfoEnabled,60] - [31eaba34-bb8c-4106-8b10-01e76b468ab8_config-0]RpcClient init label, labels={module=config, Vipserver-Tag=null, source=sdk, Amory-Tag=null, Location-Tag=null, taskId=0, AppName=unknown}
19:05:01.879 [main] INFO  c.a.n.c.r.client - [printIfInfoEnabled,60] - [31eaba34-bb8c-4106-8b10-01e76b468ab8_config-0]Register server push request handler:com.alibaba.nacos.client.config.impl.ClientWorker$ConfigRpcTransportClient$$Lambda$330/1313960293
19:05:01.880 [main] INFO  c.a.n.c.r.client - [printIfInfoEnabled,60] - [31eaba34-bb8c-4106-8b10-01e76b468ab8_config-0]Register server push request handler:com.alibaba.nacos.client.config.impl.ClientWorker$ConfigRpcTransportClient$$Lambda$331/1155757579
19:05:01.880 [main] INFO  c.a.n.c.r.client - [printIfInfoEnabled,60] - [31eaba34-bb8c-4106-8b10-01e76b468ab8_config-0]Registry connection listener to current client:com.alibaba.nacos.client.config.impl.ClientWorker$ConfigRpcTransportClient$1
19:05:01.881 [main] INFO  c.a.n.c.r.client - [printIfInfoEnabled,60] - [31eaba34-bb8c-4106-8b10-01e76b468ab8_config-0]RpcClient init, ServerListFactory =com.alibaba.nacos.client.config.impl.ClientWorker$ConfigRpcTransportClient$2
19:05:01.888 [main] INFO  c.a.n.c.r.client - [printIfInfoEnabled,60] - [31eaba34-bb8c-4106-8b10-01e76b468ab8_config-0] Try to connect to server on start up, server: {serverIp='127.0.0.1', server main port=8848}
19:05:03.340 [main] INFO  c.a.n.c.r.client - [printIfInfoEnabled,60] - [31eaba34-bb8c-4106-8b10-01e76b468ab8_config-0] Success to connect to server [127.0.0.1:8848] on start up,connectionId=1664449503098_127.0.0.1_52752
19:05:03.343 [com.alibaba.nacos.client.remote.worker] INFO  c.a.n.c.r.client - [printIfInfoEnabled,60] - [31eaba34-bb8c-4106-8b10-01e76b468ab8_config-0]Notify connected event to listeners.
19:05:03.343 [main] INFO  c.a.n.c.r.client - [printIfInfoEnabled,60] - [31eaba34-bb8c-4106-8b10-01e76b468ab8_config-0]Register server push request handler:com.alibaba.nacos.common.remote.client.RpcClient$ConnectResetRequestHandler
19:05:03.344 [com.alibaba.nacos.client.remote.worker] INFO  c.a.n.c.c.i.ClientWorker - [onConnected,681] - [31eaba34-bb8c-4106-8b10-01e76b468ab8_config-0] Connected,notify listen context...
19:05:03.345 [main] INFO  c.a.n.c.r.client - [printIfInfoEnabled,60] - [31eaba34-bb8c-4106-8b10-01e76b468ab8_config-0]Register server push request handler:com.alibaba.nacos.common.remote.client.RpcClient$4
19:05:03.410 [main] INFO  c.a.n.c.c.i.Limiter - [<clinit>,56] - limitTime:5.0
19:05:03.425 [main] INFO  c.a.n.c.c.u.JvmUtil - [<clinit>,53] - isMultiInstance:false
19:05:03.452 [main] INFO  c.r.j.RuoYiJobApplication - [logStartupProfileInfo,646] - The following 1 profile is active: "dev"
19:05:05.488 [main] INFO  o.a.c.h.Http11NioProtocol - [log,173] - Initializing ProtocolHandler ["http-nio-9203"]
19:05:05.489 [main] INFO  o.a.c.c.StandardService - [log,173] - Starting service [Tomcat]
19:05:05.489 [main] INFO  o.a.c.c.StandardEngine - [log,173] - Starting Servlet engine: [Apache Tomcat/9.0.60]
19:05:05.728 [main] INFO  o.a.c.c.C.[.[.[/] - [log,173] - Initializing Spring embedded WebApplicationContext
19:05:06.024 [main] INFO  o.q.i.StdSchedulerFactory - [instantiate,1220] - Using default implementation for ThreadExecutor
19:05:06.034 [main] INFO  o.q.c.SchedulerSignalerImpl - [<init>,61] - Initialized Scheduler Signaller of type: class org.quartz.core.SchedulerSignalerImpl
19:05:06.034 [main] INFO  o.q.c.QuartzScheduler - [<init>,229] - Quartz Scheduler v.2.3.2 created.
19:05:06.042 [main] INFO  c.z.h.HikariDataSource - [getConnection,110] - HikariPool-1 - Starting...
19:05:06.599 [main] INFO  c.z.h.HikariDataSource - [getConnection,123] - HikariPool-1 - Start completed.
19:05:06.611 [main] INFO  o.q.c.QuartzScheduler - [initialize,294] - Scheduler meta-data: Quartz Scheduler (v2.3.2) 'RuoyiScheduler' with instanceId 'DESKTOP-7LSMK1L1664449506025'
  Scheduler class: 'org.quartz.core.QuartzScheduler' - running locally.
  NOT STARTED.
  Currently in standby mode.
  Number of jobs executed: 0
  Using thread pool 'org.quartz.simpl.SimpleThreadPool' - with 20 threads.
  Using job-store 'org.springframework.scheduling.quartz.LocalDataSourceJobStore' - which supports persistence. and is clustered.

19:05:06.611 [main] INFO  o.q.i.StdSchedulerFactory - [instantiate,1374] - Quartz scheduler 'RuoyiScheduler' initialized from an externally provided properties instance.
19:05:06.611 [main] INFO  o.q.i.StdSchedulerFactory - [instantiate,1378] - Quartz scheduler version: 2.3.2
19:05:06.613 [main] INFO  o.q.c.QuartzScheduler - [setJobFactory,2293] - JobFactory set to: org.springframework.scheduling.quartz.AdaptableJobFactory@210635fd
19:05:08.022 [main] INFO  c.a.n.client.naming - [initNamespaceForNaming,63] - initializer namespace from System Property : null
19:05:08.024 [main] INFO  c.a.n.client.naming - [call,69] - initializer namespace from System Environment :null
19:05:08.024 [main] INFO  c.a.n.client.naming - [call,79] - initializer namespace from System Property :null
19:05:08.048 [main] INFO  c.a.n.c.r.client - [lambda$createClient$0,77] - [RpcClientFactory] create a new rpc client of e4b8cb7f-a1cd-4f5e-8190-32662e985516
19:05:08.049 [main] INFO  c.a.n.c.r.client - [printIfInfoEnabled,60] - [e4b8cb7f-a1cd-4f5e-8190-32662e985516]RpcClient init label, labels={module=naming, source=sdk}
19:05:08.051 [main] INFO  c.a.n.c.r.client - [printIfInfoEnabled,60] - [e4b8cb7f-a1cd-4f5e-8190-32662e985516]RpcClient init, ServerListFactory =com.alibaba.nacos.client.naming.core.ServerListManager
19:05:08.052 [main] INFO  c.a.n.c.r.client - [printIfInfoEnabled,60] - [e4b8cb7f-a1cd-4f5e-8190-32662e985516]Registry connection listener to current client:com.alibaba.nacos.client.naming.remote.gprc.redo.NamingGrpcRedoService
19:05:08.053 [main] INFO  c.a.n.c.r.client - [printIfInfoEnabled,60] - [e4b8cb7f-a1cd-4f5e-8190-32662e985516]Register server push request handler:com.alibaba.nacos.client.naming.remote.gprc.NamingPushRequestHandler
19:05:08.053 [main] INFO  c.a.n.c.r.client - [printIfInfoEnabled,60] - [e4b8cb7f-a1cd-4f5e-8190-32662e985516] Try to connect to server on start up, server: {serverIp='127.0.0.1', server main port=8848}
19:05:08.174 [main] INFO  c.a.n.c.r.client - [printIfInfoEnabled,60] - [e4b8cb7f-a1cd-4f5e-8190-32662e985516] Success to connect to server [127.0.0.1:8848] on start up,connectionId=1664449508061_127.0.0.1_52764
19:05:08.175 [com.alibaba.nacos.client.remote.worker] INFO  c.a.n.c.r.client - [printIfInfoEnabled,60] - [e4b8cb7f-a1cd-4f5e-8190-32662e985516]Notify connected event to listeners.
19:05:08.176 [com.alibaba.nacos.client.remote.worker] INFO  c.a.n.client.naming - [onConnected,76] - Grpc connection connect
19:05:08.175 [main] INFO  c.a.n.c.r.client - [printIfInfoEnabled,60] - [e4b8cb7f-a1cd-4f5e-8190-32662e985516]Register server push request handler:com.alibaba.nacos.common.remote.client.RpcClient$ConnectResetRequestHandler
19:05:08.177 [main] INFO  c.a.n.c.r.client - [printIfInfoEnabled,60] - [e4b8cb7f-a1cd-4f5e-8190-32662e985516]Register server push request handler:com.alibaba.nacos.common.remote.client.RpcClient$4
19:05:09.719 [main] INFO  c.a.n.client.naming - [isChangedServiceInfo,181] - init new ips(0) service: DEFAULT_GROUP@@ruoyi-job@@DEFAULT -> []
19:05:09.726 [main] INFO  c.a.n.client.naming - [processServiceInfo,166] - current ips:(0) service: DEFAULT_GROUP@@ruoyi-job@@DEFAULT -> []
19:05:09.735 [main] INFO  o.a.c.h.Http11NioProtocol - [log,173] - Starting ProtocolHandler ["http-nio-9203"]
19:05:09.750 [main] INFO  c.a.n.client.naming - [registerService,112] - [REGISTER-SERVICE] public registering service ruoyi-job with instance Instance{instanceId='null', ip='192.168.43.149', port=9203, weight=1.0, healthy=true, enabled=true, ephemeral=true, clusterName='DEFAULT', serviceName='null', metadata={preserved.register.source=SPRING_CLOUD}}
19:05:09.757 [main] INFO  c.a.c.n.r.NacosServiceRegistry - [register,75] - nacos registry, DEFAULT_GROUP ruoyi-job 192.168.43.149:9203 register finished
19:05:10.144 [main] INFO  c.r.j.RuoYiJobApplication - [logStarted,61] - Started RuoYiJobApplication in 10.271 seconds (JVM running for 11.324)
19:05:10.153 [main] INFO  c.a.n.c.c.i.ClientWorker - [addCacheDataIfAbsent,384] - [config_rpc_client] [subscribe] ruoyi-job+DEFAULT_GROUP
19:05:10.154 [main] INFO  c.a.n.c.c.i.CacheData - [addListener,173] - [config_rpc_client] [add-listener] ok, tenant=, dataId=ruoyi-job, group=DEFAULT_GROUP, cnt=1
19:05:10.155 [main] INFO  c.a.n.c.c.i.ClientWorker - [addCacheDataIfAbsent,384] - [config_rpc_client] [subscribe] ruoyi-job-dev.yml+DEFAULT_GROUP
19:05:10.155 [main] INFO  c.a.n.c.c.i.CacheData - [addListener,173] - [config_rpc_client] [add-listener] ok, tenant=, dataId=ruoyi-job-dev.yml, group=DEFAULT_GROUP, cnt=1
19:05:10.155 [main] INFO  c.a.n.c.c.i.ClientWorker - [addCacheDataIfAbsent,384] - [config_rpc_client] [subscribe] ruoyi-job.yml+DEFAULT_GROUP
19:05:10.156 [main] INFO  c.a.n.c.c.i.CacheData - [addListener,173] - [config_rpc_client] [add-listener] ok, tenant=, dataId=ruoyi-job.yml, group=DEFAULT_GROUP, cnt=1
19:05:10.331 [nacos-grpc-client-executor-6] INFO  c.a.n.c.r.client - [printIfInfoEnabled,60] - [e4b8cb7f-a1cd-4f5e-8190-32662e985516]receive server push request,request=NotifySubscriberRequest,requestId=20
19:05:10.333 [nacos-grpc-client-executor-6] INFO  c.a.n.client.naming - [isChangedServiceInfo,181] - init new ips(1) service: DEFAULT_GROUP@@ruoyi-job -> [{"ip":"192.168.43.149","port":9203,"weight":1.0,"healthy":true,"enabled":true,"ephemeral":true,"clusterName":"DEFAULT","serviceName":"DEFAULT_GROUP@@ruoyi-job","metadata":{"preserved.register.source":"SPRING_CLOUD"},"ipDeleteTimeout":30000,"instanceHeartBeatTimeOut":15000,"instanceHeartBeatInterval":5000}]
19:05:10.334 [nacos-grpc-client-executor-6] INFO  c.a.n.client.naming - [processServiceInfo,166] - current ips:(1) service: DEFAULT_GROUP@@ruoyi-job -> [{"ip":"192.168.43.149","port":9203,"weight":1.0,"healthy":true,"enabled":true,"ephemeral":true,"clusterName":"DEFAULT","serviceName":"DEFAULT_GROUP@@ruoyi-job","metadata":{"preserved.register.source":"SPRING_CLOUD"},"ipDeleteTimeout":30000,"instanceHeartBeatTimeOut":15000,"instanceHeartBeatInterval":5000}]
19:05:10.335 [nacos-grpc-client-executor-6] INFO  c.a.n.c.r.client - [printIfInfoEnabled,60] - [e4b8cb7f-a1cd-4f5e-8190-32662e985516]ack server push request,request=NotifySubscriberRequest,requestId=20
19:05:10.710 [RMI TCP Connection(1)-192.168.43.149] INFO  o.a.c.c.C.[.[.[/] - [log,173] - Initializing Spring DispatcherServlet 'dispatcherServlet'
19:05:10.724 [com.alibaba.nacos.client.naming.updater.0] INFO  c.a.n.client.naming - [isChangedServiceInfo,235] - new ips(1) service: DEFAULT_GROUP@@ruoyi-job@@DEFAULT -> [{"ip":"192.168.43.149","port":9203,"weight":1.0,"healthy":true,"enabled":true,"ephemeral":true,"clusterName":"DEFAULT","serviceName":"DEFAULT_GROUP@@ruoyi-job","metadata":{"preserved.register.source":"SPRING_CLOUD"},"ipDeleteTimeout":30000,"instanceHeartBeatTimeOut":15000,"instanceHeartBeatInterval":5000}]
19:05:10.725 [com.alibaba.nacos.client.naming.updater.0] INFO  c.a.n.client.naming - [processServiceInfo,166] - current ips:(1) service: DEFAULT_GROUP@@ruoyi-job@@DEFAULT -> [{"ip":"192.168.43.149","port":9203,"weight":1.0,"healthy":true,"enabled":true,"ephemeral":true,"clusterName":"DEFAULT","serviceName":"DEFAULT_GROUP@@ruoyi-job","metadata":{"preserved.register.source":"SPRING_CLOUD"},"ipDeleteTimeout":30000,"instanceHeartBeatTimeOut":15000,"instanceHeartBeatInterval":5000}]
19:05:11.171 [Quartz Scheduler [RuoyiScheduler]] INFO  o.q.c.QuartzScheduler - [start,547] - Scheduler RuoyiScheduler_$_DESKTOP-7LSMK1L1664449506025 started.
21:06:21.479 [background-preinit] INFO  o.h.v.i.util.Version - [<clinit>,21] - HV000001: Hibernate Validator 6.2.3.Final
21:06:22.369 [main] INFO  c.a.n.c.c.i.LocalConfigInfoProcessor - [<clinit>,67] - LOCAL_SNAPSHOT_PATH:C:\Users\lujiaxin\nacos\config
21:06:22.372 [main] INFO  c.a.n.c.r.client - [lambda$createClient$0,77] - [RpcClientFactory] create a new rpc client of f0cd954f-c7c0-409f-94bc-18a8f3d318fd_config-0
21:06:22.432 [main] INFO  o.r.Reflections - [scan,232] - Reflections took 36 ms to scan 1 urls, producing 3 keys and 6 values 
21:06:22.469 [main] INFO  o.r.Reflections - [scan,232] - Reflections took 17 ms to scan 1 urls, producing 4 keys and 9 values 
21:06:22.488 [main] INFO  o.r.Reflections - [scan,232] - Reflections took 15 ms to scan 1 urls, producing 3 keys and 10 values 
21:06:22.652 [main] INFO  o.r.Reflections - [scan,232] - Reflections took 162 ms to scan 194 urls, producing 0 keys and 0 values 
21:06:22.664 [main] INFO  o.r.Reflections - [scan,232] - Reflections took 10 ms to scan 1 urls, producing 1 keys and 5 values 
21:06:22.680 [main] INFO  o.r.Reflections - [scan,232] - Reflections took 15 ms to scan 1 urls, producing 1 keys and 7 values 
21:06:22.692 [main] INFO  o.r.Reflections - [scan,232] - Reflections took 10 ms to scan 1 urls, producing 2 keys and 8 values 
21:06:22.826 [main] INFO  o.r.Reflections - [scan,232] - Reflections took 132 ms to scan 194 urls, producing 0 keys and 0 values 
21:06:22.827 [main] INFO  c.a.n.c.r.client - [printIfInfoEnabled,60] - [f0cd954f-c7c0-409f-94bc-18a8f3d318fd_config-0]RpcClient init label, labels={module=config, Vipserver-Tag=null, source=sdk, Amory-Tag=null, Location-Tag=null, taskId=0, AppName=unknown}
21:06:22.828 [main] INFO  c.a.n.c.r.client - [printIfInfoEnabled,60] - [f0cd954f-c7c0-409f-94bc-18a8f3d318fd_config-0]Register server push request handler:com.alibaba.nacos.client.config.impl.ClientWorker$ConfigRpcTransportClient$$Lambda$330/1313960293
21:06:22.828 [main] INFO  c.a.n.c.r.client - [printIfInfoEnabled,60] - [f0cd954f-c7c0-409f-94bc-18a8f3d318fd_config-0]Register server push request handler:com.alibaba.nacos.client.config.impl.ClientWorker$ConfigRpcTransportClient$$Lambda$331/1155757579
21:06:22.829 [main] INFO  c.a.n.c.r.client - [printIfInfoEnabled,60] - [f0cd954f-c7c0-409f-94bc-18a8f3d318fd_config-0]Registry connection listener to current client:com.alibaba.nacos.client.config.impl.ClientWorker$ConfigRpcTransportClient$1
21:06:22.830 [main] INFO  c.a.n.c.r.client - [printIfInfoEnabled,60] - [f0cd954f-c7c0-409f-94bc-18a8f3d318fd_config-0]RpcClient init, ServerListFactory =com.alibaba.nacos.client.config.impl.ClientWorker$ConfigRpcTransportClient$2
21:06:22.837 [main] INFO  c.a.n.c.r.client - [printIfInfoEnabled,60] - [f0cd954f-c7c0-409f-94bc-18a8f3d318fd_config-0] Try to connect to server on start up, server: {serverIp='127.0.0.1', server main port=8848}
21:06:23.957 [main] INFO  c.a.n.c.r.client - [printIfInfoEnabled,60] - [f0cd954f-c7c0-409f-94bc-18a8f3d318fd_config-0] Success to connect to server [127.0.0.1:8848] on start up,connectionId=1664456783731_127.0.0.1_55282
21:06:23.959 [com.alibaba.nacos.client.remote.worker] INFO  c.a.n.c.r.client - [printIfInfoEnabled,60] - [f0cd954f-c7c0-409f-94bc-18a8f3d318fd_config-0]Notify connected event to listeners.
21:06:23.960 [main] INFO  c.a.n.c.r.client - [printIfInfoEnabled,60] - [f0cd954f-c7c0-409f-94bc-18a8f3d318fd_config-0]Register server push request handler:com.alibaba.nacos.common.remote.client.RpcClient$ConnectResetRequestHandler
21:06:23.961 [com.alibaba.nacos.client.remote.worker] INFO  c.a.n.c.c.i.ClientWorker - [onConnected,681] - [f0cd954f-c7c0-409f-94bc-18a8f3d318fd_config-0] Connected,notify listen context...
21:06:23.962 [main] INFO  c.a.n.c.r.client - [printIfInfoEnabled,60] - [f0cd954f-c7c0-409f-94bc-18a8f3d318fd_config-0]Register server push request handler:com.alibaba.nacos.common.remote.client.RpcClient$4
21:06:24.026 [main] INFO  c.a.n.c.c.i.Limiter - [<clinit>,56] - limitTime:5.0
21:06:24.041 [main] INFO  c.a.n.c.c.u.JvmUtil - [<clinit>,53] - isMultiInstance:false
21:06:24.071 [main] INFO  c.r.j.RuoYiJobApplication - [logStartupProfileInfo,646] - The following 1 profile is active: "dev"
21:06:26.008 [main] INFO  o.a.c.h.Http11NioProtocol - [log,173] - Initializing ProtocolHandler ["http-nio-9203"]
21:06:26.009 [main] INFO  o.a.c.c.StandardService - [log,173] - Starting service [Tomcat]
21:06:26.009 [main] INFO  o.a.c.c.StandardEngine - [log,173] - Starting Servlet engine: [Apache Tomcat/9.0.60]
21:06:26.194 [main] INFO  o.a.c.c.C.[.[.[/] - [log,173] - Initializing Spring embedded WebApplicationContext
21:06:26.483 [main] INFO  o.q.i.StdSchedulerFactory - [instantiate,1220] - Using default implementation for ThreadExecutor
21:06:26.492 [main] INFO  o.q.c.SchedulerSignalerImpl - [<init>,61] - Initialized Scheduler Signaller of type: class org.quartz.core.SchedulerSignalerImpl
21:06:26.492 [main] INFO  o.q.c.QuartzScheduler - [<init>,229] - Quartz Scheduler v.2.3.2 created.
21:06:26.498 [main] INFO  c.z.h.HikariDataSource - [getConnection,110] - HikariPool-1 - Starting...
21:06:27.213 [main] INFO  c.z.h.HikariDataSource - [getConnection,123] - HikariPool-1 - Start completed.
21:06:27.240 [main] INFO  o.q.c.QuartzScheduler - [initialize,294] - Scheduler meta-data: Quartz Scheduler (v2.3.2) 'RuoyiScheduler' with instanceId 'DESKTOP-7LSMK1L1664456786484'
  Scheduler class: 'org.quartz.core.QuartzScheduler' - running locally.
  NOT STARTED.
  Currently in standby mode.
  Number of jobs executed: 0
  Using thread pool 'org.quartz.simpl.SimpleThreadPool' - with 20 threads.
  Using job-store 'org.springframework.scheduling.quartz.LocalDataSourceJobStore' - which supports persistence. and is clustered.

21:06:27.240 [main] INFO  o.q.i.StdSchedulerFactory - [instantiate,1374] - Quartz scheduler 'RuoyiScheduler' initialized from an externally provided properties instance.
21:06:27.240 [main] INFO  o.q.i.StdSchedulerFactory - [instantiate,1378] - Quartz scheduler version: 2.3.2
21:06:27.243 [main] INFO  o.q.c.QuartzScheduler - [setJobFactory,2293] - JobFactory set to: org.springframework.scheduling.quartz.AdaptableJobFactory@210635fd
21:06:28.828 [main] INFO  c.a.n.client.naming - [initNamespaceForNaming,63] - initializer namespace from System Property : null
21:06:28.829 [main] INFO  c.a.n.client.naming - [call,69] - initializer namespace from System Environment :null
21:06:28.829 [main] INFO  c.a.n.client.naming - [call,79] - initializer namespace from System Property :null
21:06:28.844 [main] INFO  c.a.n.c.r.client - [lambda$createClient$0,77] - [RpcClientFactory] create a new rpc client of 0301b5bf-54b6-49ae-93e0-68c353d196d9
21:06:28.846 [main] INFO  c.a.n.c.r.client - [printIfInfoEnabled,60] - [0301b5bf-54b6-49ae-93e0-68c353d196d9]RpcClient init label, labels={module=naming, source=sdk}
21:06:28.847 [main] INFO  c.a.n.c.r.client - [printIfInfoEnabled,60] - [0301b5bf-54b6-49ae-93e0-68c353d196d9]RpcClient init, ServerListFactory =com.alibaba.nacos.client.naming.core.ServerListManager
21:06:28.847 [main] INFO  c.a.n.c.r.client - [printIfInfoEnabled,60] - [0301b5bf-54b6-49ae-93e0-68c353d196d9]Registry connection listener to current client:com.alibaba.nacos.client.naming.remote.gprc.redo.NamingGrpcRedoService
21:06:28.848 [main] INFO  c.a.n.c.r.client - [printIfInfoEnabled,60] - [0301b5bf-54b6-49ae-93e0-68c353d196d9]Register server push request handler:com.alibaba.nacos.client.naming.remote.gprc.NamingPushRequestHandler
21:06:28.848 [main] INFO  c.a.n.c.r.client - [printIfInfoEnabled,60] - [0301b5bf-54b6-49ae-93e0-68c353d196d9] Try to connect to server on start up, server: {serverIp='127.0.0.1', server main port=8848}
21:06:28.962 [main] INFO  c.a.n.c.r.client - [printIfInfoEnabled,60] - [0301b5bf-54b6-49ae-93e0-68c353d196d9] Success to connect to server [127.0.0.1:8848] on start up,connectionId=1664456788854_127.0.0.1_55297
21:06:28.964 [com.alibaba.nacos.client.remote.worker] INFO  c.a.n.c.r.client - [printIfInfoEnabled,60] - [0301b5bf-54b6-49ae-93e0-68c353d196d9]Notify connected event to listeners.
21:06:28.964 [com.alibaba.nacos.client.remote.worker] INFO  c.a.n.client.naming - [onConnected,76] - Grpc connection connect
21:06:28.964 [main] INFO  c.a.n.c.r.client - [printIfInfoEnabled,60] - [0301b5bf-54b6-49ae-93e0-68c353d196d9]Register server push request handler:com.alibaba.nacos.common.remote.client.RpcClient$ConnectResetRequestHandler
21:06:28.965 [main] INFO  c.a.n.c.r.client - [printIfInfoEnabled,60] - [0301b5bf-54b6-49ae-93e0-68c353d196d9]Register server push request handler:com.alibaba.nacos.common.remote.client.RpcClient$4
21:06:30.907 [main] INFO  c.a.n.client.naming - [isChangedServiceInfo,181] - init new ips(0) service: DEFAULT_GROUP@@ruoyi-job@@DEFAULT -> []
21:06:30.915 [main] INFO  c.a.n.client.naming - [processServiceInfo,166] - current ips:(0) service: DEFAULT_GROUP@@ruoyi-job@@DEFAULT -> []
21:06:30.921 [main] INFO  o.a.c.h.Http11NioProtocol - [log,173] - Starting ProtocolHandler ["http-nio-9203"]
21:06:30.937 [main] INFO  c.a.n.client.naming - [registerService,112] - [REGISTER-SERVICE] public registering service ruoyi-job with instance Instance{instanceId='null', ip='192.168.0.103', port=9203, weight=1.0, healthy=true, enabled=true, ephemeral=true, clusterName='DEFAULT', serviceName='null', metadata={preserved.register.source=SPRING_CLOUD}}
21:06:30.943 [main] INFO  c.a.c.n.r.NacosServiceRegistry - [register,75] - nacos registry, DEFAULT_GROUP ruoyi-job 192.168.0.103:9203 register finished
21:06:31.346 [main] INFO  c.r.j.RuoYiJobApplication - [logStarted,61] - Started RuoYiJobApplication in 10.717 seconds (JVM running for 11.758)
21:06:31.353 [main] INFO  c.a.n.c.c.i.ClientWorker - [addCacheDataIfAbsent,384] - [config_rpc_client] [subscribe] ruoyi-job+DEFAULT_GROUP
21:06:31.354 [main] INFO  c.a.n.c.c.i.CacheData - [addListener,173] - [config_rpc_client] [add-listener] ok, tenant=, dataId=ruoyi-job, group=DEFAULT_GROUP, cnt=1
21:06:31.355 [main] INFO  c.a.n.c.c.i.ClientWorker - [addCacheDataIfAbsent,384] - [config_rpc_client] [subscribe] ruoyi-job-dev.yml+DEFAULT_GROUP
21:06:31.355 [main] INFO  c.a.n.c.c.i.CacheData - [addListener,173] - [config_rpc_client] [add-listener] ok, tenant=, dataId=ruoyi-job-dev.yml, group=DEFAULT_GROUP, cnt=1
21:06:31.355 [main] INFO  c.a.n.c.c.i.ClientWorker - [addCacheDataIfAbsent,384] - [config_rpc_client] [subscribe] ruoyi-job.yml+DEFAULT_GROUP
21:06:31.355 [main] INFO  c.a.n.c.c.i.CacheData - [addListener,173] - [config_rpc_client] [add-listener] ok, tenant=, dataId=ruoyi-job.yml, group=DEFAULT_GROUP, cnt=1
21:06:31.492 [nacos-grpc-client-executor-6] INFO  c.a.n.c.r.client - [printIfInfoEnabled,60] - [0301b5bf-54b6-49ae-93e0-68c353d196d9]receive server push request,request=NotifySubscriberRequest,requestId=19
21:06:31.499 [nacos-grpc-client-executor-6] INFO  c.a.n.client.naming - [isChangedServiceInfo,181] - init new ips(1) service: DEFAULT_GROUP@@ruoyi-job -> [{"ip":"192.168.0.103","port":9203,"weight":1.0,"healthy":true,"enabled":true,"ephemeral":true,"clusterName":"DEFAULT","serviceName":"DEFAULT_GROUP@@ruoyi-job","metadata":{"preserved.register.source":"SPRING_CLOUD"},"ipDeleteTimeout":30000,"instanceHeartBeatTimeOut":15000,"instanceHeartBeatInterval":5000}]
21:06:31.499 [nacos-grpc-client-executor-6] INFO  c.a.n.client.naming - [processServiceInfo,166] - current ips:(1) service: DEFAULT_GROUP@@ruoyi-job -> [{"ip":"192.168.0.103","port":9203,"weight":1.0,"healthy":true,"enabled":true,"ephemeral":true,"clusterName":"DEFAULT","serviceName":"DEFAULT_GROUP@@ruoyi-job","metadata":{"preserved.register.source":"SPRING_CLOUD"},"ipDeleteTimeout":30000,"instanceHeartBeatTimeOut":15000,"instanceHeartBeatInterval":5000}]
21:06:31.501 [nacos-grpc-client-executor-6] INFO  c.a.n.c.r.client - [printIfInfoEnabled,60] - [0301b5bf-54b6-49ae-93e0-68c353d196d9]ack server push request,request=NotifySubscriberRequest,requestId=19
21:06:31.728 [http-nio-9203-exec-1] INFO  o.a.c.c.C.[.[.[/] - [log,173] - Initializing Spring DispatcherServlet 'dispatcherServlet'
21:06:31.902 [com.alibaba.nacos.client.naming.updater.0] INFO  c.a.n.client.naming - [isChangedServiceInfo,235] - new ips(1) service: DEFAULT_GROUP@@ruoyi-job@@DEFAULT -> [{"ip":"192.168.0.103","port":9203,"weight":1.0,"healthy":true,"enabled":true,"ephemeral":true,"clusterName":"DEFAULT","serviceName":"DEFAULT_GROUP@@ruoyi-job","metadata":{"preserved.register.source":"SPRING_CLOUD"},"ipDeleteTimeout":30000,"instanceHeartBeatTimeOut":15000,"instanceHeartBeatInterval":5000}]
21:06:31.902 [com.alibaba.nacos.client.naming.updater.0] INFO  c.a.n.client.naming - [processServiceInfo,166] - current ips:(1) service: DEFAULT_GROUP@@ruoyi-job@@DEFAULT -> [{"ip":"192.168.0.103","port":9203,"weight":1.0,"healthy":true,"enabled":true,"ephemeral":true,"clusterName":"DEFAULT","serviceName":"DEFAULT_GROUP@@ruoyi-job","metadata":{"preserved.register.source":"SPRING_CLOUD"},"ipDeleteTimeout":30000,"instanceHeartBeatTimeOut":15000,"instanceHeartBeatInterval":5000}]
21:06:32.358 [Quartz Scheduler [RuoyiScheduler]] INFO  o.q.c.QuartzScheduler - [start,547] - Scheduler RuoyiScheduler_$_DESKTOP-7LSMK1L1664456786484 started.
