00:20:02.217 [SpringApplicationShutdownHook] INFO  o.q.c.QuartzScheduler - [standby,585] - Scheduler RuoyiScheduler_$_shaohuaibin1661699995369 paused.
00:20:02.657 [SpringApplicationShutdownHook] INFO  c.a.c.n.r.NacosServiceRegistry - [deregister,90] - De-registering from Nacos Server now...
00:20:02.658 [SpringApplicationShutdownHook] INFO  c.a.n.client.naming - [deregisterService,136] - [DEREGISTER-SERVICE] public deregistering service ruoyi-job with instance: Instance{instanceId='null', ip='192.168.1.9', port=9203, weight=1.0, healthy=true, enabled=true, ephemeral=true, clusterName='DEFAULT', serviceName='null', metadata={}}
00:20:02.661 [SpringApplicationShutdownHook] INFO  c.a.c.n.r.NacosServiceRegistry - [deregister,110] - De-registration finished.
00:20:02.663 [SpringApplicationShutdownHook] INFO  c.a.n.client.naming - [shutdown,256] - com.alibaba.nacos.client.naming.cache.ServiceInfoHolder do shutdown begin
00:20:02.663 [SpringApplicationShutdownHook] INFO  c.a.n.client.naming - [shutdown,140] - com.alibaba.nacos.client.naming.backups.FailoverReactor do shutdown begin
00:20:02.664 [SpringApplicationShutdownHook] INFO  c.a.n.client.naming - [shutdown,142] - com.alibaba.nacos.client.naming.backups.FailoverReactor do shutdown stop
00:20:02.664 [SpringApplicationShutdownHook] INFO  c.a.n.client.naming - [shutdown,258] - com.alibaba.nacos.client.naming.cache.ServiceInfoHolder do shutdown stop
00:20:02.664 [SpringApplicationShutdownHook] INFO  c.a.n.client.naming - [shutdown,176] - com.alibaba.nacos.client.naming.remote.NamingClientProxyDelegate do shutdown begin
00:20:02.664 [SpringApplicationShutdownHook] INFO  c.a.n.client.naming - [shutdown,130] - com.alibaba.nacos.client.naming.core.ServiceInfoUpdateService do shutdown begin
00:20:02.838 [com.alibaba.nacos.client.naming.updater.0] INFO  c.a.n.client.naming - [run,169] - update task is stopped, service:DEFAULT_GROUP@@ruoyi-job, clusters:DEFAULT
00:20:02.840 [SpringApplicationShutdownHook] INFO  c.a.n.client.naming - [shutdown,132] - com.alibaba.nacos.client.naming.core.ServiceInfoUpdateService do shutdown stop
00:20:02.840 [SpringApplicationShutdownHook] INFO  c.a.n.client.naming - [shutdown,188] - com.alibaba.nacos.client.naming.core.ServerListManager do shutdown begin
00:20:02.841 [SpringApplicationShutdownHook] INFO  c.a.n.client.naming - [shutdown,193] - com.alibaba.nacos.client.naming.core.ServerListManager do shutdown stop
00:20:02.841 [SpringApplicationShutdownHook] INFO  c.a.n.client.naming - [shutdown,519] - com.alibaba.nacos.client.naming.remote.http.NamingHttpClientProxy do shutdown begin
00:20:02.842 [SpringApplicationShutdownHook] INFO  c.a.n.client.naming - [shutdown,162] - com.alibaba.nacos.client.naming.beat.BeatReactor do shutdown begin
00:20:02.842 [SpringApplicationShutdownHook] INFO  c.a.n.client.naming - [shutdown,164] - com.alibaba.nacos.client.naming.beat.BeatReactor do shutdown stop
00:20:02.843 [SpringApplicationShutdownHook] INFO  c.a.n.c.i.CredentialWatcher - [stop,105] - [null] CredentialWatcher is stopped
00:20:02.843 [SpringApplicationShutdownHook] INFO  c.a.n.c.i.CredentialService - [free,99] - [null] CredentialService is freed
00:20:02.843 [SpringApplicationShutdownHook] INFO  c.a.n.client.naming - [shutdown,523] - com.alibaba.nacos.client.naming.remote.http.NamingHttpClientProxy do shutdown stop
00:20:02.844 [SpringApplicationShutdownHook] INFO  c.a.n.c.r.client - [shutdown,461] - Shutdown rpc client ,set status to shutdown
00:20:02.844 [SpringApplicationShutdownHook] INFO  c.a.n.c.r.client - [shutdown,463] - Shutdown  client event executor java.util.concurrent.ScheduledThreadPoolExecutor@5f1578d3[Running, pool size = 2, active threads = 2, queued tasks = 0, completed tasks = 0]
00:20:02.844 [SpringApplicationShutdownHook] INFO  c.a.n.c.r.client - [shutdown,465] - Close current connection 1661699998269_127.0.0.1_58296
00:20:02.848 [nacos-grpc-client-executor-736] INFO  c.a.n.c.r.c.g.GrpcClient - [printIfInfoEnabled,60] - [1661699998269_127.0.0.1_58296]Ignore complete event,isRunning:false,isAbandon=false
00:20:02.852 [SpringApplicationShutdownHook] INFO  c.a.n.c.r.c.g.GrpcClient - [shutdown,83] - Shutdown grpc executor java.util.concurrent.ThreadPoolExecutor@1b46ef01[Running, pool size = 4, active threads = 0, queued tasks = 0, completed tasks = 737]
00:20:02.852 [SpringApplicationShutdownHook] INFO  c.a.n.client.naming - [shutdown,251] - Shutdown grpc redo service executor java.util.concurrent.ScheduledThreadPoolExecutor@6f026cfe[Running, pool size = 1, active threads = 0, queued tasks = 1, completed tasks = 1199]
00:20:02.853 [SpringApplicationShutdownHook] INFO  c.a.n.client.naming - [shutdown,182] - com.alibaba.nacos.client.naming.remote.NamingClientProxyDelegate do shutdown stop
00:20:03.090 [SpringApplicationShutdownHook] INFO  o.q.c.QuartzScheduler - [shutdown,666] - Scheduler RuoyiScheduler_$_shaohuaibin1661699995369 shutting down.
00:20:03.091 [SpringApplicationShutdownHook] INFO  o.q.c.QuartzScheduler - [standby,585] - Scheduler RuoyiScheduler_$_shaohuaibin1661699995369 paused.
00:20:03.092 [SpringApplicationShutdownHook] INFO  o.q.c.QuartzScheduler - [shutdown,740] - Scheduler RuoyiScheduler_$_shaohuaibin1661699995369 shutdown complete.
00:20:03.092 [SpringApplicationShutdownHook] INFO  c.z.h.HikariDataSource - [close,350] - HikariPool-1 - Shutdown initiated...
00:20:03.103 [SpringApplicationShutdownHook] INFO  c.z.h.HikariDataSource - [close,352] - HikariPool-1 - Shutdown completed.
