23:24:43.297 [background-preinit] INFO  o.h.v.i.util.Version - [<clinit>,21] - HV000001: Hibernate Validator 6.2.3.Final
23:24:43.909 [main] INFO  c.a.n.c.c.i.LocalConfigInfoProcessor - [<clinit>,67] - LOCAL_SNAPSHOT_PATH:C:\Users\lujiaxin\nacos\config
23:24:43.912 [main] INFO  c.a.n.c.r.client - [lambda$createClient$0,77] - [RpcClientFactory] create a new rpc client of 06af9c62-b6cd-4337-b510-e03a6fd8b34b_config-0
23:24:43.952 [main] INFO  o.r.Reflections - [scan,232] - Reflections took 26 ms to scan 1 urls, producing 3 keys and 6 values 
23:24:43.978 [main] INFO  o.r.Reflections - [scan,232] - Reflections took 15 ms to scan 1 urls, producing 4 keys and 9 values 
23:24:43.991 [main] INFO  o.r.Reflections - [scan,232] - Reflections took 11 ms to scan 1 urls, producing 3 keys and 10 values 
23:24:44.155 [main] INFO  o.r.Reflections - [scan,232] - Reflections took 161 ms to scan 194 urls, producing 0 keys and 0 values 
23:24:44.165 [main] INFO  o.r.Reflections - [scan,232] - Reflections took 9 ms to scan 1 urls, producing 1 keys and 5 values 
23:24:44.177 [main] INFO  o.r.Reflections - [scan,232] - Reflections took 10 ms to scan 1 urls, producing 1 keys and 7 values 
23:24:44.188 [main] INFO  o.r.Reflections - [scan,232] - Reflections took 9 ms to scan 1 urls, producing 2 keys and 8 values 
23:24:44.323 [main] INFO  o.r.Reflections - [scan,232] - Reflections took 133 ms to scan 194 urls, producing 0 keys and 0 values 
23:24:44.324 [main] INFO  c.a.n.c.r.client - [printIfInfoEnabled,60] - [06af9c62-b6cd-4337-b510-e03a6fd8b34b_config-0]RpcClient init label, labels={module=config, Vipserver-Tag=null, source=sdk, Amory-Tag=null, Location-Tag=null, taskId=0, AppName=unknown}
23:24:44.325 [main] INFO  c.a.n.c.r.client - [printIfInfoEnabled,60] - [06af9c62-b6cd-4337-b510-e03a6fd8b34b_config-0]Register server push request handler:com.alibaba.nacos.client.config.impl.ClientWorker$ConfigRpcTransportClient$$Lambda$330/1313960293
23:24:44.325 [main] INFO  c.a.n.c.r.client - [printIfInfoEnabled,60] - [06af9c62-b6cd-4337-b510-e03a6fd8b34b_config-0]Register server push request handler:com.alibaba.nacos.client.config.impl.ClientWorker$ConfigRpcTransportClient$$Lambda$331/1155757579
23:24:44.326 [main] INFO  c.a.n.c.r.client - [printIfInfoEnabled,60] - [06af9c62-b6cd-4337-b510-e03a6fd8b34b_config-0]Registry connection listener to current client:com.alibaba.nacos.client.config.impl.ClientWorker$ConfigRpcTransportClient$1
23:24:44.326 [main] INFO  c.a.n.c.r.client - [printIfInfoEnabled,60] - [06af9c62-b6cd-4337-b510-e03a6fd8b34b_config-0]RpcClient init, ServerListFactory =com.alibaba.nacos.client.config.impl.ClientWorker$ConfigRpcTransportClient$2
23:24:44.334 [main] INFO  c.a.n.c.r.client - [printIfInfoEnabled,60] - [06af9c62-b6cd-4337-b510-e03a6fd8b34b_config-0] Try to connect to server on start up, server: {serverIp='127.0.0.1', server main port=8848}
23:24:45.330 [main] INFO  c.a.n.c.r.client - [printIfInfoEnabled,60] - [06af9c62-b6cd-4337-b510-e03a6fd8b34b_config-0] Success to connect to server [127.0.0.1:8848] on start up,connectionId=1664205885090_127.0.0.1_53384
23:24:45.331 [com.alibaba.nacos.client.remote.worker] INFO  c.a.n.c.r.client - [printIfInfoEnabled,60] - [06af9c62-b6cd-4337-b510-e03a6fd8b34b_config-0]Notify connected event to listeners.
23:24:45.331 [main] INFO  c.a.n.c.r.client - [printIfInfoEnabled,60] - [06af9c62-b6cd-4337-b510-e03a6fd8b34b_config-0]Register server push request handler:com.alibaba.nacos.common.remote.client.RpcClient$ConnectResetRequestHandler
23:24:45.331 [com.alibaba.nacos.client.remote.worker] INFO  c.a.n.c.c.i.ClientWorker - [onConnected,681] - [06af9c62-b6cd-4337-b510-e03a6fd8b34b_config-0] Connected,notify listen context...
23:24:45.331 [main] INFO  c.a.n.c.r.client - [printIfInfoEnabled,60] - [06af9c62-b6cd-4337-b510-e03a6fd8b34b_config-0]Register server push request handler:com.alibaba.nacos.common.remote.client.RpcClient$4
23:24:45.363 [main] INFO  c.a.n.c.c.i.Limiter - [<clinit>,56] - limitTime:5.0
23:24:45.378 [main] INFO  c.a.n.c.c.u.JvmUtil - [<clinit>,53] - isMultiInstance:false
23:24:45.407 [main] INFO  c.r.j.RuoYiJobApplication - [logStartupProfileInfo,646] - The following 1 profile is active: "dev"
23:24:47.410 [main] INFO  o.a.c.h.Http11NioProtocol - [log,173] - Initializing ProtocolHandler ["http-nio-9203"]
23:24:47.410 [main] INFO  o.a.c.c.StandardService - [log,173] - Starting service [Tomcat]
23:24:47.411 [main] INFO  o.a.c.c.StandardEngine - [log,173] - Starting Servlet engine: [Apache Tomcat/9.0.60]
23:24:47.576 [main] INFO  o.a.c.c.C.[.[.[/] - [log,173] - Initializing Spring embedded WebApplicationContext
23:24:47.872 [main] INFO  o.q.i.StdSchedulerFactory - [instantiate,1220] - Using default implementation for ThreadExecutor
23:24:47.880 [main] INFO  o.q.c.SchedulerSignalerImpl - [<init>,61] - Initialized Scheduler Signaller of type: class org.quartz.core.SchedulerSignalerImpl
23:24:47.881 [main] INFO  o.q.c.QuartzScheduler - [<init>,229] - Quartz Scheduler v.2.3.2 created.
23:24:47.887 [main] INFO  c.z.h.HikariDataSource - [getConnection,110] - HikariPool-1 - Starting...
23:24:48.515 [main] INFO  c.z.h.HikariDataSource - [getConnection,123] - HikariPool-1 - Start completed.
23:24:48.525 [main] INFO  o.q.c.QuartzScheduler - [initialize,294] - Scheduler meta-data: Quartz Scheduler (v2.3.2) 'RuoyiScheduler' with instanceId 'DESKTOP-7LSMK1L1664205887873'
  Scheduler class: 'org.quartz.core.QuartzScheduler' - running locally.
  NOT STARTED.
  Currently in standby mode.
  Number of jobs executed: 0
  Using thread pool 'org.quartz.simpl.SimpleThreadPool' - with 20 threads.
  Using job-store 'org.springframework.scheduling.quartz.LocalDataSourceJobStore' - which supports persistence. and is clustered.

23:24:48.526 [main] INFO  o.q.i.StdSchedulerFactory - [instantiate,1374] - Quartz scheduler 'RuoyiScheduler' initialized from an externally provided properties instance.
23:24:48.526 [main] INFO  o.q.i.StdSchedulerFactory - [instantiate,1378] - Quartz scheduler version: 2.3.2
23:24:48.527 [main] INFO  o.q.c.QuartzScheduler - [setJobFactory,2293] - JobFactory set to: org.springframework.scheduling.quartz.AdaptableJobFactory@210635fd
23:24:50.013 [main] INFO  c.a.n.client.naming - [initNamespaceForNaming,63] - initializer namespace from System Property : null
23:24:50.014 [main] INFO  c.a.n.client.naming - [call,69] - initializer namespace from System Environment :null
23:24:50.014 [main] INFO  c.a.n.client.naming - [call,79] - initializer namespace from System Property :null
23:24:50.028 [main] INFO  c.a.n.c.r.client - [lambda$createClient$0,77] - [RpcClientFactory] create a new rpc client of b99693ea-92ec-4217-af35-0a85a71324ab
23:24:50.029 [main] INFO  c.a.n.c.r.client - [printIfInfoEnabled,60] - [b99693ea-92ec-4217-af35-0a85a71324ab]RpcClient init label, labels={module=naming, source=sdk}
23:24:50.030 [main] INFO  c.a.n.c.r.client - [printIfInfoEnabled,60] - [b99693ea-92ec-4217-af35-0a85a71324ab]RpcClient init, ServerListFactory =com.alibaba.nacos.client.naming.core.ServerListManager
23:24:50.031 [main] INFO  c.a.n.c.r.client - [printIfInfoEnabled,60] - [b99693ea-92ec-4217-af35-0a85a71324ab]Registry connection listener to current client:com.alibaba.nacos.client.naming.remote.gprc.redo.NamingGrpcRedoService
23:24:50.032 [main] INFO  c.a.n.c.r.client - [printIfInfoEnabled,60] - [b99693ea-92ec-4217-af35-0a85a71324ab]Register server push request handler:com.alibaba.nacos.client.naming.remote.gprc.NamingPushRequestHandler
23:24:50.032 [main] INFO  c.a.n.c.r.client - [printIfInfoEnabled,60] - [b99693ea-92ec-4217-af35-0a85a71324ab] Try to connect to server on start up, server: {serverIp='127.0.0.1', server main port=8848}
23:24:50.158 [main] INFO  c.a.n.c.r.client - [printIfInfoEnabled,60] - [b99693ea-92ec-4217-af35-0a85a71324ab] Success to connect to server [127.0.0.1:8848] on start up,connectionId=1664205890038_127.0.0.1_53400
23:24:50.159 [com.alibaba.nacos.client.remote.worker] INFO  c.a.n.c.r.client - [printIfInfoEnabled,60] - [b99693ea-92ec-4217-af35-0a85a71324ab]Notify connected event to listeners.
23:24:50.160 [com.alibaba.nacos.client.remote.worker] INFO  c.a.n.client.naming - [onConnected,76] - Grpc connection connect
23:24:50.159 [main] INFO  c.a.n.c.r.client - [printIfInfoEnabled,60] - [b99693ea-92ec-4217-af35-0a85a71324ab]Register server push request handler:com.alibaba.nacos.common.remote.client.RpcClient$ConnectResetRequestHandler
23:24:50.160 [main] INFO  c.a.n.c.r.client - [printIfInfoEnabled,60] - [b99693ea-92ec-4217-af35-0a85a71324ab]Register server push request handler:com.alibaba.nacos.common.remote.client.RpcClient$4
23:24:52.149 [main] INFO  c.a.n.client.naming - [isChangedServiceInfo,181] - init new ips(0) service: DEFAULT_GROUP@@ruoyi-job@@DEFAULT -> []
23:24:52.156 [main] INFO  c.a.n.client.naming - [processServiceInfo,166] - current ips:(0) service: DEFAULT_GROUP@@ruoyi-job@@DEFAULT -> []
23:24:52.163 [main] INFO  o.a.c.h.Http11NioProtocol - [log,173] - Starting ProtocolHandler ["http-nio-9203"]
23:24:52.178 [main] INFO  c.a.n.client.naming - [registerService,112] - [REGISTER-SERVICE] public registering service ruoyi-job with instance Instance{instanceId='null', ip='192.168.0.103', port=9203, weight=1.0, healthy=true, enabled=true, ephemeral=true, clusterName='DEFAULT', serviceName='null', metadata={preserved.register.source=SPRING_CLOUD}}
23:24:52.183 [main] INFO  c.a.c.n.r.NacosServiceRegistry - [register,75] - nacos registry, DEFAULT_GROUP ruoyi-job 192.168.0.103:9203 register finished
23:24:52.625 [main] INFO  c.r.j.RuoYiJobApplication - [logStarted,61] - Started RuoYiJobApplication in 10.038 seconds (JVM running for 10.975)
23:24:52.632 [main] INFO  c.a.n.c.c.i.ClientWorker - [addCacheDataIfAbsent,384] - [config_rpc_client] [subscribe] ruoyi-job+DEFAULT_GROUP
23:24:52.633 [main] INFO  c.a.n.c.c.i.CacheData - [addListener,173] - [config_rpc_client] [add-listener] ok, tenant=, dataId=ruoyi-job, group=DEFAULT_GROUP, cnt=1
23:24:52.634 [main] INFO  c.a.n.c.c.i.ClientWorker - [addCacheDataIfAbsent,384] - [config_rpc_client] [subscribe] ruoyi-job-dev.yml+DEFAULT_GROUP
23:24:52.634 [main] INFO  c.a.n.c.c.i.CacheData - [addListener,173] - [config_rpc_client] [add-listener] ok, tenant=, dataId=ruoyi-job-dev.yml, group=DEFAULT_GROUP, cnt=1
23:24:52.635 [main] INFO  c.a.n.c.c.i.ClientWorker - [addCacheDataIfAbsent,384] - [config_rpc_client] [subscribe] ruoyi-job.yml+DEFAULT_GROUP
23:24:52.635 [main] INFO  c.a.n.c.c.i.CacheData - [addListener,173] - [config_rpc_client] [add-listener] ok, tenant=, dataId=ruoyi-job.yml, group=DEFAULT_GROUP, cnt=1
23:24:52.666 [nacos-grpc-client-executor-7] INFO  c.a.n.c.r.client - [printIfInfoEnabled,60] - [b99693ea-92ec-4217-af35-0a85a71324ab]receive server push request,request=NotifySubscriberRequest,requestId=2
23:24:52.668 [nacos-grpc-client-executor-7] INFO  c.a.n.client.naming - [isChangedServiceInfo,181] - init new ips(1) service: DEFAULT_GROUP@@ruoyi-job -> [{"ip":"192.168.0.103","port":9203,"weight":1.0,"healthy":true,"enabled":true,"ephemeral":true,"clusterName":"DEFAULT","serviceName":"DEFAULT_GROUP@@ruoyi-job","metadata":{"preserved.register.source":"SPRING_CLOUD"},"ipDeleteTimeout":30000,"instanceHeartBeatInterval":5000,"instanceHeartBeatTimeOut":15000}]
23:24:52.669 [nacos-grpc-client-executor-7] INFO  c.a.n.client.naming - [processServiceInfo,166] - current ips:(1) service: DEFAULT_GROUP@@ruoyi-job -> [{"ip":"192.168.0.103","port":9203,"weight":1.0,"healthy":true,"enabled":true,"ephemeral":true,"clusterName":"DEFAULT","serviceName":"DEFAULT_GROUP@@ruoyi-job","metadata":{"preserved.register.source":"SPRING_CLOUD"},"ipDeleteTimeout":30000,"instanceHeartBeatInterval":5000,"instanceHeartBeatTimeOut":15000}]
23:24:52.670 [nacos-grpc-client-executor-7] INFO  c.a.n.c.r.client - [printIfInfoEnabled,60] - [b99693ea-92ec-4217-af35-0a85a71324ab]ack server push request,request=NotifySubscriberRequest,requestId=2
23:24:53.151 [com.alibaba.nacos.client.naming.updater.0] INFO  c.a.n.client.naming - [isChangedServiceInfo,235] - new ips(1) service: DEFAULT_GROUP@@ruoyi-job@@DEFAULT -> [{"ip":"192.168.0.103","port":9203,"weight":1.0,"healthy":true,"enabled":true,"ephemeral":true,"clusterName":"DEFAULT","serviceName":"DEFAULT_GROUP@@ruoyi-job","metadata":{"preserved.register.source":"SPRING_CLOUD"},"ipDeleteTimeout":30000,"instanceHeartBeatInterval":5000,"instanceHeartBeatTimeOut":15000}]
23:24:53.151 [com.alibaba.nacos.client.naming.updater.0] INFO  c.a.n.client.naming - [processServiceInfo,166] - current ips:(1) service: DEFAULT_GROUP@@ruoyi-job@@DEFAULT -> [{"ip":"192.168.0.103","port":9203,"weight":1.0,"healthy":true,"enabled":true,"ephemeral":true,"clusterName":"DEFAULT","serviceName":"DEFAULT_GROUP@@ruoyi-job","metadata":{"preserved.register.source":"SPRING_CLOUD"},"ipDeleteTimeout":30000,"instanceHeartBeatInterval":5000,"instanceHeartBeatTimeOut":15000}]
23:24:53.155 [RMI TCP Connection(3)-192.168.0.103] INFO  o.a.c.c.C.[.[.[/] - [log,173] - Initializing Spring DispatcherServlet 'dispatcherServlet'
23:24:53.647 [Quartz Scheduler [RuoyiScheduler]] INFO  o.q.c.QuartzScheduler - [start,547] - Scheduler RuoyiScheduler_$_DESKTOP-7LSMK1L1664205887873 started.
