17:31:17.883 [background-preinit] INFO  o.h.v.i.util.Version - [<clinit>,21] - HV000001: Hibernate Validator 6.2.0.Final
17:31:18.496 [main] INFO  c.a.n.c.c.i.LocalConfigInfoProcessor - [<clinit>,67] - LOCAL_SNAPSHOT_PATH:C:\Users\lujiaxin\nacos\config
17:31:18.499 [main] INFO  c.a.n.c.r.client - [lambda$createClient$0,77] - [RpcClientFactory] create a new rpc client of dadbd152-728f-4342-a752-7c7f8e3e338f_config-0
17:31:18.540 [main] INFO  o.r.Reflections - [scan,232] - Reflections took 28 ms to scan 1 urls, producing 3 keys and 6 values 
17:31:18.566 [main] INFO  o.r.Reflections - [scan,232] - Reflections took 13 ms to scan 1 urls, producing 4 keys and 9 values 
17:31:18.579 [main] INFO  o.r.Reflections - [scan,232] - Reflections took 11 ms to scan 1 urls, producing 3 keys and 10 values 
17:31:18.747 [main] INFO  o.r.Reflections - [scan,232] - Reflections took 164 ms to scan 195 urls, producing 0 keys and 0 values 
17:31:18.758 [main] INFO  o.r.Reflections - [scan,232] - Reflections took 10 ms to scan 1 urls, producing 1 keys and 5 values 
17:31:18.769 [main] INFO  o.r.Reflections - [scan,232] - Reflections took 9 ms to scan 1 urls, producing 1 keys and 7 values 
17:31:18.781 [main] INFO  o.r.Reflections - [scan,232] - Reflections took 9 ms to scan 1 urls, producing 2 keys and 8 values 
17:31:18.916 [main] INFO  o.r.Reflections - [scan,232] - Reflections took 134 ms to scan 195 urls, producing 0 keys and 0 values 
17:31:18.917 [main] INFO  c.a.n.c.r.client - [printIfInfoEnabled,60] - [dadbd152-728f-4342-a752-7c7f8e3e338f_config-0]RpcClient init label, labels={module=config, Vipserver-Tag=null, source=sdk, Amory-Tag=null, Location-Tag=null, taskId=0, AppName=unknown}
17:31:18.917 [main] INFO  c.a.n.c.r.client - [printIfInfoEnabled,60] - [dadbd152-728f-4342-a752-7c7f8e3e338f_config-0]Register server push request handler:com.alibaba.nacos.client.config.impl.ClientWorker$ConfigRpcTransportClient$$Lambda$329/1155757579
17:31:18.918 [main] INFO  c.a.n.c.r.client - [printIfInfoEnabled,60] - [dadbd152-728f-4342-a752-7c7f8e3e338f_config-0]Register server push request handler:com.alibaba.nacos.client.config.impl.ClientWorker$ConfigRpcTransportClient$$Lambda$330/1785111044
17:31:18.918 [main] INFO  c.a.n.c.r.client - [printIfInfoEnabled,60] - [dadbd152-728f-4342-a752-7c7f8e3e338f_config-0]Registry connection listener to current client:com.alibaba.nacos.client.config.impl.ClientWorker$ConfigRpcTransportClient$1
17:31:18.919 [main] INFO  c.a.n.c.r.client - [printIfInfoEnabled,60] - [dadbd152-728f-4342-a752-7c7f8e3e338f_config-0]RpcClient init, ServerListFactory =com.alibaba.nacos.client.config.impl.ClientWorker$ConfigRpcTransportClient$2
17:31:18.924 [main] INFO  c.a.n.c.r.client - [printIfInfoEnabled,60] - [dadbd152-728f-4342-a752-7c7f8e3e338f_config-0] Try to connect to server on start up, server: {serverIp='127.0.0.1', server main port=8848}
17:31:19.921 [main] INFO  c.a.n.c.r.client - [printIfInfoEnabled,60] - [dadbd152-728f-4342-a752-7c7f8e3e338f_config-0] Success to connect to server [127.0.0.1:8848] on start up,connectionId=1663147879692_127.0.0.1_59027
17:31:19.923 [com.alibaba.nacos.client.remote.worker] INFO  c.a.n.c.r.client - [printIfInfoEnabled,60] - [dadbd152-728f-4342-a752-7c7f8e3e338f_config-0]Notify connected event to listeners.
17:31:19.924 [com.alibaba.nacos.client.remote.worker] INFO  c.a.n.c.c.i.ClientWorker - [onConnected,681] - [dadbd152-728f-4342-a752-7c7f8e3e338f_config-0] Connected,notify listen context...
17:31:19.924 [main] INFO  c.a.n.c.r.client - [printIfInfoEnabled,60] - [dadbd152-728f-4342-a752-7c7f8e3e338f_config-0]Register server push request handler:com.alibaba.nacos.common.remote.client.RpcClient$ConnectResetRequestHandler
17:31:19.926 [main] INFO  c.a.n.c.r.client - [printIfInfoEnabled,60] - [dadbd152-728f-4342-a752-7c7f8e3e338f_config-0]Register server push request handler:com.alibaba.nacos.common.remote.client.RpcClient$4
17:31:19.960 [main] INFO  c.a.n.c.c.i.Limiter - [<clinit>,56] - limitTime:5.0
17:31:19.972 [main] INFO  c.a.n.c.c.u.JvmUtil - [<clinit>,53] - isMultiInstance:false
17:31:19.997 [main] INFO  c.r.j.RuoYiJobApplication - [logStartupProfileInfo,639] - The following profiles are active: dev
17:31:22.043 [main] INFO  o.a.c.h.Http11NioProtocol - [log,173] - Initializing ProtocolHandler ["http-nio-9203"]
17:31:22.043 [main] INFO  o.a.c.c.StandardService - [log,173] - Starting service [Tomcat]
17:31:22.044 [main] INFO  o.a.c.c.StandardEngine - [log,173] - Starting Servlet engine: [Apache Tomcat/9.0.56]
17:31:22.152 [main] INFO  o.a.c.c.C.[.[.[/] - [log,173] - Initializing Spring embedded WebApplicationContext
17:31:22.455 [main] INFO  o.q.i.StdSchedulerFactory - [instantiate,1220] - Using default implementation for ThreadExecutor
17:31:22.466 [main] INFO  o.q.c.SchedulerSignalerImpl - [<init>,61] - Initialized Scheduler Signaller of type: class org.quartz.core.SchedulerSignalerImpl
17:31:22.466 [main] INFO  o.q.c.QuartzScheduler - [<init>,229] - Quartz Scheduler v.2.3.2 created.
17:31:22.474 [main] INFO  c.z.h.HikariDataSource - [getConnection,110] - HikariPool-1 - Starting...
17:31:24.133 [main] INFO  o.q.c.QuartzScheduler - [initialize,294] - Scheduler meta-data: Quartz Scheduler (v2.3.2) 'RuoyiScheduler' with instanceId 'DESKTOP-7LSMK1L1663147882457'
  Scheduler class: 'org.quartz.core.QuartzScheduler' - running locally.
  NOT STARTED.
  Currently in standby mode.
  Number of jobs executed: 0
  Using thread pool 'org.quartz.simpl.SimpleThreadPool' - with 20 threads.
  Using job-store 'org.springframework.scheduling.quartz.LocalDataSourceJobStore' - which supports persistence. and is clustered.

17:31:24.133 [main] INFO  o.q.i.StdSchedulerFactory - [instantiate,1374] - Quartz scheduler 'RuoyiScheduler' initialized from an externally provided properties instance.
17:31:24.134 [main] INFO  o.q.i.StdSchedulerFactory - [instantiate,1378] - Quartz scheduler version: 2.3.2
17:31:24.135 [main] INFO  o.q.c.QuartzScheduler - [setJobFactory,2293] - JobFactory set to: org.springframework.scheduling.quartz.AdaptableJobFactory@5a90fcaa
17:31:24.387 [main] INFO  c.z.h.HikariDataSource - [getConnection,110] - HikariPool-1 - Starting...
17:31:25.427 [main] INFO  o.q.c.QuartzScheduler - [shutdown,666] - Scheduler RuoyiScheduler_$_DESKTOP-7LSMK1L1663147882457 shutting down.
17:31:25.427 [main] INFO  o.q.c.QuartzScheduler - [standby,585] - Scheduler RuoyiScheduler_$_DESKTOP-7LSMK1L1663147882457 paused.
17:31:25.428 [main] INFO  o.q.c.QuartzScheduler - [shutdown,740] - Scheduler RuoyiScheduler_$_DESKTOP-7LSMK1L1663147882457 shutdown complete.
17:31:25.429 [main] INFO  o.a.c.c.StandardService - [log,173] - Stopping service [Tomcat]
17:38:36.975 [background-preinit] INFO  o.h.v.i.util.Version - [<clinit>,21] - HV000001: Hibernate Validator 6.2.0.Final
17:38:37.579 [main] INFO  c.a.n.c.c.i.LocalConfigInfoProcessor - [<clinit>,67] - LOCAL_SNAPSHOT_PATH:C:\Users\lujiaxin\nacos\config
17:38:37.581 [main] INFO  c.a.n.c.r.client - [lambda$createClient$0,77] - [RpcClientFactory] create a new rpc client of 784dc1c0-81c8-4cd2-bf3c-08c585826453_config-0
17:38:37.620 [main] INFO  o.r.Reflections - [scan,232] - Reflections took 26 ms to scan 1 urls, producing 3 keys and 6 values 
17:38:37.645 [main] INFO  o.r.Reflections - [scan,232] - Reflections took 13 ms to scan 1 urls, producing 4 keys and 9 values 
17:38:37.658 [main] INFO  o.r.Reflections - [scan,232] - Reflections took 11 ms to scan 1 urls, producing 3 keys and 10 values 
17:38:37.823 [main] INFO  o.r.Reflections - [scan,232] - Reflections took 163 ms to scan 195 urls, producing 0 keys and 0 values 
17:38:37.834 [main] INFO  o.r.Reflections - [scan,232] - Reflections took 9 ms to scan 1 urls, producing 1 keys and 5 values 
17:38:37.845 [main] INFO  o.r.Reflections - [scan,232] - Reflections took 9 ms to scan 1 urls, producing 1 keys and 7 values 
17:38:37.857 [main] INFO  o.r.Reflections - [scan,232] - Reflections took 10 ms to scan 1 urls, producing 2 keys and 8 values 
17:38:37.989 [main] INFO  o.r.Reflections - [scan,232] - Reflections took 130 ms to scan 195 urls, producing 0 keys and 0 values 
17:38:37.990 [main] INFO  c.a.n.c.r.client - [printIfInfoEnabled,60] - [784dc1c0-81c8-4cd2-bf3c-08c585826453_config-0]RpcClient init label, labels={module=config, Vipserver-Tag=null, source=sdk, Amory-Tag=null, Location-Tag=null, taskId=0, AppName=unknown}
17:38:37.991 [main] INFO  c.a.n.c.r.client - [printIfInfoEnabled,60] - [784dc1c0-81c8-4cd2-bf3c-08c585826453_config-0]Register server push request handler:com.alibaba.nacos.client.config.impl.ClientWorker$ConfigRpcTransportClient$$Lambda$329/1155757579
17:38:37.991 [main] INFO  c.a.n.c.r.client - [printIfInfoEnabled,60] - [784dc1c0-81c8-4cd2-bf3c-08c585826453_config-0]Register server push request handler:com.alibaba.nacos.client.config.impl.ClientWorker$ConfigRpcTransportClient$$Lambda$330/1785111044
17:38:37.992 [main] INFO  c.a.n.c.r.client - [printIfInfoEnabled,60] - [784dc1c0-81c8-4cd2-bf3c-08c585826453_config-0]Registry connection listener to current client:com.alibaba.nacos.client.config.impl.ClientWorker$ConfigRpcTransportClient$1
17:38:37.992 [main] INFO  c.a.n.c.r.client - [printIfInfoEnabled,60] - [784dc1c0-81c8-4cd2-bf3c-08c585826453_config-0]RpcClient init, ServerListFactory =com.alibaba.nacos.client.config.impl.ClientWorker$ConfigRpcTransportClient$2
17:38:37.999 [main] INFO  c.a.n.c.r.client - [printIfInfoEnabled,60] - [784dc1c0-81c8-4cd2-bf3c-08c585826453_config-0] Try to connect to server on start up, server: {serverIp='127.0.0.1', server main port=8848}
17:38:38.991 [main] INFO  c.a.n.c.r.client - [printIfInfoEnabled,60] - [784dc1c0-81c8-4cd2-bf3c-08c585826453_config-0] Success to connect to server [127.0.0.1:8848] on start up,connectionId=1663148318756_127.0.0.1_59473
17:38:38.992 [com.alibaba.nacos.client.remote.worker] INFO  c.a.n.c.r.client - [printIfInfoEnabled,60] - [784dc1c0-81c8-4cd2-bf3c-08c585826453_config-0]Notify connected event to listeners.
17:38:38.992 [main] INFO  c.a.n.c.r.client - [printIfInfoEnabled,60] - [784dc1c0-81c8-4cd2-bf3c-08c585826453_config-0]Register server push request handler:com.alibaba.nacos.common.remote.client.RpcClient$ConnectResetRequestHandler
17:38:38.993 [com.alibaba.nacos.client.remote.worker] INFO  c.a.n.c.c.i.ClientWorker - [onConnected,681] - [784dc1c0-81c8-4cd2-bf3c-08c585826453_config-0] Connected,notify listen context...
17:38:38.993 [main] INFO  c.a.n.c.r.client - [printIfInfoEnabled,60] - [784dc1c0-81c8-4cd2-bf3c-08c585826453_config-0]Register server push request handler:com.alibaba.nacos.common.remote.client.RpcClient$4
17:38:39.041 [main] INFO  c.a.n.c.c.i.Limiter - [<clinit>,56] - limitTime:5.0
17:38:39.058 [main] INFO  c.a.n.c.c.u.JvmUtil - [<clinit>,53] - isMultiInstance:false
17:38:39.082 [main] INFO  c.r.j.RuoYiJobApplication - [logStartupProfileInfo,639] - The following profiles are active: dev
17:38:41.155 [main] INFO  o.a.c.h.Http11NioProtocol - [log,173] - Initializing ProtocolHandler ["http-nio-9203"]
17:38:41.155 [main] INFO  o.a.c.c.StandardService - [log,173] - Starting service [Tomcat]
17:38:41.156 [main] INFO  o.a.c.c.StandardEngine - [log,173] - Starting Servlet engine: [Apache Tomcat/9.0.56]
17:38:41.346 [main] INFO  o.a.c.c.C.[.[.[/] - [log,173] - Initializing Spring embedded WebApplicationContext
17:38:41.700 [main] INFO  o.q.i.StdSchedulerFactory - [instantiate,1220] - Using default implementation for ThreadExecutor
17:38:41.713 [main] INFO  o.q.c.SchedulerSignalerImpl - [<init>,61] - Initialized Scheduler Signaller of type: class org.quartz.core.SchedulerSignalerImpl
17:38:41.713 [main] INFO  o.q.c.QuartzScheduler - [<init>,229] - Quartz Scheduler v.2.3.2 created.
17:38:41.720 [main] INFO  c.z.h.HikariDataSource - [getConnection,110] - HikariPool-1 - Starting...
17:38:42.385 [main] INFO  c.z.h.HikariDataSource - [getConnection,123] - HikariPool-1 - Start completed.
17:38:42.398 [main] INFO  o.q.c.QuartzScheduler - [initialize,294] - Scheduler meta-data: Quartz Scheduler (v2.3.2) 'RuoyiScheduler' with instanceId 'DESKTOP-7LSMK1L1663148321703'
  Scheduler class: 'org.quartz.core.QuartzScheduler' - running locally.
  NOT STARTED.
  Currently in standby mode.
  Number of jobs executed: 0
  Using thread pool 'org.quartz.simpl.SimpleThreadPool' - with 20 threads.
  Using job-store 'org.springframework.scheduling.quartz.LocalDataSourceJobStore' - which supports persistence. and is clustered.

17:38:42.398 [main] INFO  o.q.i.StdSchedulerFactory - [instantiate,1374] - Quartz scheduler 'RuoyiScheduler' initialized from an externally provided properties instance.
17:38:42.398 [main] INFO  o.q.i.StdSchedulerFactory - [instantiate,1378] - Quartz scheduler version: 2.3.2
17:38:42.400 [main] INFO  o.q.c.QuartzScheduler - [setJobFactory,2293] - JobFactory set to: org.springframework.scheduling.quartz.AdaptableJobFactory@1e5aacd9
17:38:44.697 [main] INFO  o.q.c.QuartzScheduler - [shutdown,666] - Scheduler RuoyiScheduler_$_DESKTOP-7LSMK1L1663148321703 shutting down.
17:38:44.699 [main] INFO  o.q.c.QuartzScheduler - [standby,585] - Scheduler RuoyiScheduler_$_DESKTOP-7LSMK1L1663148321703 paused.
17:38:44.700 [main] INFO  o.q.c.QuartzScheduler - [shutdown,740] - Scheduler RuoyiScheduler_$_DESKTOP-7LSMK1L1663148321703 shutdown complete.
17:38:44.701 [main] INFO  c.z.h.HikariDataSource - [close,350] - HikariPool-1 - Shutdown initiated...
17:38:44.735 [main] INFO  c.z.h.HikariDataSource - [close,352] - HikariPool-1 - Shutdown completed.
17:38:44.737 [main] INFO  o.a.c.c.StandardService - [log,173] - Stopping service [Tomcat]
17:42:51.811 [background-preinit] INFO  o.h.v.i.util.Version - [<clinit>,21] - HV000001: Hibernate Validator 6.2.0.Final
17:42:52.419 [main] INFO  c.a.n.c.c.i.LocalConfigInfoProcessor - [<clinit>,67] - LOCAL_SNAPSHOT_PATH:C:\Users\lujiaxin\nacos\config
17:42:52.422 [main] INFO  c.a.n.c.r.client - [lambda$createClient$0,77] - [RpcClientFactory] create a new rpc client of 6125f780-ef43-4d32-a517-b43fcb520725_config-0
17:42:52.461 [main] INFO  o.r.Reflections - [scan,232] - Reflections took 25 ms to scan 1 urls, producing 3 keys and 6 values 
17:42:52.485 [main] INFO  o.r.Reflections - [scan,232] - Reflections took 12 ms to scan 1 urls, producing 4 keys and 9 values 
17:42:52.499 [main] INFO  o.r.Reflections - [scan,232] - Reflections took 11 ms to scan 1 urls, producing 3 keys and 10 values 
17:42:52.662 [main] INFO  o.r.Reflections - [scan,232] - Reflections took 160 ms to scan 195 urls, producing 0 keys and 0 values 
17:42:52.672 [main] INFO  o.r.Reflections - [scan,232] - Reflections took 9 ms to scan 1 urls, producing 1 keys and 5 values 
17:42:52.683 [main] INFO  o.r.Reflections - [scan,232] - Reflections took 9 ms to scan 1 urls, producing 1 keys and 7 values 
17:42:52.695 [main] INFO  o.r.Reflections - [scan,232] - Reflections took 9 ms to scan 1 urls, producing 2 keys and 8 values 
17:42:52.831 [main] INFO  o.r.Reflections - [scan,232] - Reflections took 134 ms to scan 195 urls, producing 0 keys and 0 values 
17:42:52.832 [main] INFO  c.a.n.c.r.client - [printIfInfoEnabled,60] - [6125f780-ef43-4d32-a517-b43fcb520725_config-0]RpcClient init label, labels={module=config, Vipserver-Tag=null, source=sdk, Amory-Tag=null, Location-Tag=null, taskId=0, AppName=unknown}
17:42:52.832 [main] INFO  c.a.n.c.r.client - [printIfInfoEnabled,60] - [6125f780-ef43-4d32-a517-b43fcb520725_config-0]Register server push request handler:com.alibaba.nacos.client.config.impl.ClientWorker$ConfigRpcTransportClient$$Lambda$329/1155757579
17:42:52.833 [main] INFO  c.a.n.c.r.client - [printIfInfoEnabled,60] - [6125f780-ef43-4d32-a517-b43fcb520725_config-0]Register server push request handler:com.alibaba.nacos.client.config.impl.ClientWorker$ConfigRpcTransportClient$$Lambda$330/1785111044
17:42:52.833 [main] INFO  c.a.n.c.r.client - [printIfInfoEnabled,60] - [6125f780-ef43-4d32-a517-b43fcb520725_config-0]Registry connection listener to current client:com.alibaba.nacos.client.config.impl.ClientWorker$ConfigRpcTransportClient$1
17:42:52.834 [main] INFO  c.a.n.c.r.client - [printIfInfoEnabled,60] - [6125f780-ef43-4d32-a517-b43fcb520725_config-0]RpcClient init, ServerListFactory =com.alibaba.nacos.client.config.impl.ClientWorker$ConfigRpcTransportClient$2
17:42:52.839 [main] INFO  c.a.n.c.r.client - [printIfInfoEnabled,60] - [6125f780-ef43-4d32-a517-b43fcb520725_config-0] Try to connect to server on start up, server: {serverIp='127.0.0.1', server main port=8848}
17:42:53.831 [main] INFO  c.a.n.c.r.client - [printIfInfoEnabled,60] - [6125f780-ef43-4d32-a517-b43fcb520725_config-0] Success to connect to server [127.0.0.1:8848] on start up,connectionId=1663148573614_127.0.0.1_59739
17:42:53.833 [com.alibaba.nacos.client.remote.worker] INFO  c.a.n.c.r.client - [printIfInfoEnabled,60] - [6125f780-ef43-4d32-a517-b43fcb520725_config-0]Notify connected event to listeners.
17:42:53.833 [main] INFO  c.a.n.c.r.client - [printIfInfoEnabled,60] - [6125f780-ef43-4d32-a517-b43fcb520725_config-0]Register server push request handler:com.alibaba.nacos.common.remote.client.RpcClient$ConnectResetRequestHandler
17:42:53.834 [com.alibaba.nacos.client.remote.worker] INFO  c.a.n.c.c.i.ClientWorker - [onConnected,681] - [6125f780-ef43-4d32-a517-b43fcb520725_config-0] Connected,notify listen context...
17:42:53.835 [main] INFO  c.a.n.c.r.client - [printIfInfoEnabled,60] - [6125f780-ef43-4d32-a517-b43fcb520725_config-0]Register server push request handler:com.alibaba.nacos.common.remote.client.RpcClient$4
17:42:53.891 [main] INFO  c.a.n.c.c.i.Limiter - [<clinit>,56] - limitTime:5.0
17:42:53.903 [main] INFO  c.a.n.c.c.u.JvmUtil - [<clinit>,53] - isMultiInstance:false
17:42:53.928 [main] INFO  c.r.j.RuoYiJobApplication - [logStartupProfileInfo,639] - The following profiles are active: dev
17:42:55.884 [main] INFO  o.a.c.h.Http11NioProtocol - [log,173] - Initializing ProtocolHandler ["http-nio-9203"]
17:42:55.884 [main] INFO  o.a.c.c.StandardService - [log,173] - Starting service [Tomcat]
17:42:55.884 [main] INFO  o.a.c.c.StandardEngine - [log,173] - Starting Servlet engine: [Apache Tomcat/9.0.56]
17:42:55.992 [main] INFO  o.a.c.c.C.[.[.[/] - [log,173] - Initializing Spring embedded WebApplicationContext
17:42:56.268 [main] INFO  o.q.i.StdSchedulerFactory - [instantiate,1220] - Using default implementation for ThreadExecutor
17:42:56.279 [main] INFO  o.q.c.SchedulerSignalerImpl - [<init>,61] - Initialized Scheduler Signaller of type: class org.quartz.core.SchedulerSignalerImpl
17:42:56.279 [main] INFO  o.q.c.QuartzScheduler - [<init>,229] - Quartz Scheduler v.2.3.2 created.
17:42:56.285 [main] INFO  c.z.h.HikariDataSource - [getConnection,110] - HikariPool-1 - Starting...
17:42:56.871 [main] INFO  c.z.h.HikariDataSource - [getConnection,123] - HikariPool-1 - Start completed.
17:42:56.883 [main] INFO  o.q.c.QuartzScheduler - [initialize,294] - Scheduler meta-data: Quartz Scheduler (v2.3.2) 'RuoyiScheduler' with instanceId 'DESKTOP-7LSMK1L1663148576270'
  Scheduler class: 'org.quartz.core.QuartzScheduler' - running locally.
  NOT STARTED.
  Currently in standby mode.
  Number of jobs executed: 0
  Using thread pool 'org.quartz.simpl.SimpleThreadPool' - with 20 threads.
  Using job-store 'org.springframework.scheduling.quartz.LocalDataSourceJobStore' - which supports persistence. and is clustered.

17:42:56.883 [main] INFO  o.q.i.StdSchedulerFactory - [instantiate,1374] - Quartz scheduler 'RuoyiScheduler' initialized from an externally provided properties instance.
17:42:56.884 [main] INFO  o.q.i.StdSchedulerFactory - [instantiate,1378] - Quartz scheduler version: 2.3.2
17:42:56.885 [main] INFO  o.q.c.QuartzScheduler - [setJobFactory,2293] - JobFactory set to: org.springframework.scheduling.quartz.AdaptableJobFactory@1e5aacd9
17:42:59.207 [main] INFO  o.q.c.QuartzScheduler - [shutdown,666] - Scheduler RuoyiScheduler_$_DESKTOP-7LSMK1L1663148576270 shutting down.
17:42:59.208 [main] INFO  o.q.c.QuartzScheduler - [standby,585] - Scheduler RuoyiScheduler_$_DESKTOP-7LSMK1L1663148576270 paused.
17:42:59.209 [main] INFO  o.q.c.QuartzScheduler - [shutdown,740] - Scheduler RuoyiScheduler_$_DESKTOP-7LSMK1L1663148576270 shutdown complete.
17:42:59.211 [main] INFO  c.z.h.HikariDataSource - [close,350] - HikariPool-1 - Shutdown initiated...
17:42:59.232 [main] INFO  c.z.h.HikariDataSource - [close,352] - HikariPool-1 - Shutdown completed.
17:42:59.234 [main] INFO  o.a.c.c.StandardService - [log,173] - Stopping service [Tomcat]
19:27:40.495 [background-preinit] INFO  o.h.v.i.util.Version - [<clinit>,21] - HV000001: Hibernate Validator 6.2.0.Final
19:27:41.183 [main] INFO  c.a.n.c.c.i.LocalConfigInfoProcessor - [<clinit>,67] - LOCAL_SNAPSHOT_PATH:C:\Users\lujiaxin\nacos\config
19:27:41.186 [main] INFO  c.a.n.c.r.client - [lambda$createClient$0,77] - [RpcClientFactory] create a new rpc client of 6928ab2f-4815-4859-839b-e0553fe5776d_config-0
19:27:41.231 [main] INFO  o.r.Reflections - [scan,232] - Reflections took 27 ms to scan 1 urls, producing 3 keys and 6 values 
19:27:41.257 [main] INFO  o.r.Reflections - [scan,232] - Reflections took 11 ms to scan 1 urls, producing 4 keys and 9 values 
19:27:41.269 [main] INFO  o.r.Reflections - [scan,232] - Reflections took 10 ms to scan 1 urls, producing 3 keys and 10 values 
19:27:41.464 [main] INFO  o.r.Reflections - [scan,232] - Reflections took 192 ms to scan 195 urls, producing 0 keys and 0 values 
19:27:41.474 [main] INFO  o.r.Reflections - [scan,232] - Reflections took 9 ms to scan 1 urls, producing 1 keys and 5 values 
19:27:41.486 [main] INFO  o.r.Reflections - [scan,232] - Reflections took 9 ms to scan 1 urls, producing 1 keys and 7 values 
19:27:41.497 [main] INFO  o.r.Reflections - [scan,232] - Reflections took 9 ms to scan 1 urls, producing 2 keys and 8 values 
19:27:41.644 [main] INFO  o.r.Reflections - [scan,232] - Reflections took 145 ms to scan 195 urls, producing 0 keys and 0 values 
19:27:41.646 [main] INFO  c.a.n.c.r.client - [printIfInfoEnabled,60] - [6928ab2f-4815-4859-839b-e0553fe5776d_config-0]RpcClient init label, labels={module=config, Vipserver-Tag=null, source=sdk, Amory-Tag=null, Location-Tag=null, taskId=0, AppName=unknown}
19:27:41.646 [main] INFO  c.a.n.c.r.client - [printIfInfoEnabled,60] - [6928ab2f-4815-4859-839b-e0553fe5776d_config-0]Register server push request handler:com.alibaba.nacos.client.config.impl.ClientWorker$ConfigRpcTransportClient$$Lambda$329/1313960293
19:27:41.647 [main] INFO  c.a.n.c.r.client - [printIfInfoEnabled,60] - [6928ab2f-4815-4859-839b-e0553fe5776d_config-0]Register server push request handler:com.alibaba.nacos.client.config.impl.ClientWorker$ConfigRpcTransportClient$$Lambda$330/1155757579
19:27:41.648 [main] INFO  c.a.n.c.r.client - [printIfInfoEnabled,60] - [6928ab2f-4815-4859-839b-e0553fe5776d_config-0]Registry connection listener to current client:com.alibaba.nacos.client.config.impl.ClientWorker$ConfigRpcTransportClient$1
19:27:41.648 [main] INFO  c.a.n.c.r.client - [printIfInfoEnabled,60] - [6928ab2f-4815-4859-839b-e0553fe5776d_config-0]RpcClient init, ServerListFactory =com.alibaba.nacos.client.config.impl.ClientWorker$ConfigRpcTransportClient$2
19:27:41.655 [main] INFO  c.a.n.c.r.client - [printIfInfoEnabled,60] - [6928ab2f-4815-4859-839b-e0553fe5776d_config-0] Try to connect to server on start up, server: {serverIp='127.0.0.1', server main port=8848}
19:27:42.813 [main] INFO  c.a.n.c.r.client - [printIfInfoEnabled,60] - [6928ab2f-4815-4859-839b-e0553fe5776d_config-0] Success to connect to server [127.0.0.1:8848] on start up,connectionId=1663154862574_127.0.0.1_49958
19:27:42.814 [com.alibaba.nacos.client.remote.worker] INFO  c.a.n.c.r.client - [printIfInfoEnabled,60] - [6928ab2f-4815-4859-839b-e0553fe5776d_config-0]Notify connected event to listeners.
19:27:42.814 [com.alibaba.nacos.client.remote.worker] INFO  c.a.n.c.c.i.ClientWorker - [onConnected,681] - [6928ab2f-4815-4859-839b-e0553fe5776d_config-0] Connected,notify listen context...
19:27:42.814 [main] INFO  c.a.n.c.r.client - [printIfInfoEnabled,60] - [6928ab2f-4815-4859-839b-e0553fe5776d_config-0]Register server push request handler:com.alibaba.nacos.common.remote.client.RpcClient$ConnectResetRequestHandler
19:27:42.815 [main] INFO  c.a.n.c.r.client - [printIfInfoEnabled,60] - [6928ab2f-4815-4859-839b-e0553fe5776d_config-0]Register server push request handler:com.alibaba.nacos.common.remote.client.RpcClient$4
19:27:42.864 [main] INFO  c.a.n.c.c.i.Limiter - [<clinit>,56] - limitTime:5.0
19:27:42.882 [main] INFO  c.a.n.c.c.u.JvmUtil - [<clinit>,53] - isMultiInstance:false
19:27:42.914 [main] INFO  c.r.j.RuoYiJobApplication - [logStartupProfileInfo,639] - The following profiles are active: dev
19:27:45.703 [main] INFO  o.a.c.h.Http11NioProtocol - [log,173] - Initializing ProtocolHandler ["http-nio-9203"]
19:27:45.704 [main] INFO  o.a.c.c.StandardService - [log,173] - Starting service [Tomcat]
19:27:45.704 [main] INFO  o.a.c.c.StandardEngine - [log,173] - Starting Servlet engine: [Apache Tomcat/9.0.56]
19:27:45.880 [main] INFO  o.a.c.c.C.[.[.[/] - [log,173] - Initializing Spring embedded WebApplicationContext
19:27:46.283 [main] INFO  o.q.i.StdSchedulerFactory - [instantiate,1220] - Using default implementation for ThreadExecutor
19:27:46.295 [main] INFO  o.q.c.SchedulerSignalerImpl - [<init>,61] - Initialized Scheduler Signaller of type: class org.quartz.core.SchedulerSignalerImpl
19:27:46.296 [main] INFO  o.q.c.QuartzScheduler - [<init>,229] - Quartz Scheduler v.2.3.2 created.
19:27:46.304 [main] INFO  c.z.h.HikariDataSource - [getConnection,110] - HikariPool-1 - Starting...
19:27:47.147 [main] INFO  c.z.h.HikariDataSource - [getConnection,123] - HikariPool-1 - Start completed.
19:27:47.161 [main] INFO  o.q.c.QuartzScheduler - [initialize,294] - Scheduler meta-data: Quartz Scheduler (v2.3.2) 'RuoyiScheduler' with instanceId 'DESKTOP-7LSMK1L1663154866285'
  Scheduler class: 'org.quartz.core.QuartzScheduler' - running locally.
  NOT STARTED.
  Currently in standby mode.
  Number of jobs executed: 0
  Using thread pool 'org.quartz.simpl.SimpleThreadPool' - with 20 threads.
  Using job-store 'org.springframework.scheduling.quartz.LocalDataSourceJobStore' - which supports persistence. and is clustered.

19:27:47.162 [main] INFO  o.q.i.StdSchedulerFactory - [instantiate,1374] - Quartz scheduler 'RuoyiScheduler' initialized from an externally provided properties instance.
19:27:47.162 [main] INFO  o.q.i.StdSchedulerFactory - [instantiate,1378] - Quartz scheduler version: 2.3.2
19:27:47.164 [main] INFO  o.q.c.QuartzScheduler - [setJobFactory,2293] - JobFactory set to: org.springframework.scheduling.quartz.AdaptableJobFactory@e7b0bec
19:27:49.030 [main] INFO  c.a.n.client.naming - [initNamespaceForNaming,63] - initializer namespace from System Property : null
19:27:49.031 [main] INFO  c.a.n.client.naming - [call,69] - initializer namespace from System Environment :null
19:27:49.033 [main] INFO  c.a.n.client.naming - [call,79] - initializer namespace from System Property :null
19:27:49.055 [main] INFO  c.a.n.c.r.client - [lambda$createClient$0,77] - [RpcClientFactory] create a new rpc client of d524423d-94e8-47cb-a3a4-a294da8ab82d
19:27:49.056 [main] INFO  c.a.n.c.r.client - [printIfInfoEnabled,60] - [d524423d-94e8-47cb-a3a4-a294da8ab82d]RpcClient init label, labels={module=naming, source=sdk}
19:27:49.058 [main] INFO  c.a.n.c.r.client - [printIfInfoEnabled,60] - [d524423d-94e8-47cb-a3a4-a294da8ab82d]RpcClient init, ServerListFactory =com.alibaba.nacos.client.naming.core.ServerListManager
19:27:49.059 [main] INFO  c.a.n.c.r.client - [printIfInfoEnabled,60] - [d524423d-94e8-47cb-a3a4-a294da8ab82d]Registry connection listener to current client:com.alibaba.nacos.client.naming.remote.gprc.redo.NamingGrpcRedoService
19:27:49.060 [main] INFO  c.a.n.c.r.client - [printIfInfoEnabled,60] - [d524423d-94e8-47cb-a3a4-a294da8ab82d]Register server push request handler:com.alibaba.nacos.client.naming.remote.gprc.NamingPushRequestHandler
19:27:49.061 [main] INFO  c.a.n.c.r.client - [printIfInfoEnabled,60] - [d524423d-94e8-47cb-a3a4-a294da8ab82d] Try to connect to server on start up, server: {serverIp='127.0.0.1', server main port=8848}
19:27:49.178 [main] INFO  c.a.n.c.r.client - [printIfInfoEnabled,60] - [d524423d-94e8-47cb-a3a4-a294da8ab82d] Success to connect to server [127.0.0.1:8848] on start up,connectionId=1663154869068_127.0.0.1_49976
19:27:49.179 [com.alibaba.nacos.client.remote.worker] INFO  c.a.n.c.r.client - [printIfInfoEnabled,60] - [d524423d-94e8-47cb-a3a4-a294da8ab82d]Notify connected event to listeners.
19:27:49.179 [com.alibaba.nacos.client.remote.worker] INFO  c.a.n.client.naming - [onConnected,76] - Grpc connection connect
19:27:49.179 [main] INFO  c.a.n.c.r.client - [printIfInfoEnabled,60] - [d524423d-94e8-47cb-a3a4-a294da8ab82d]Register server push request handler:com.alibaba.nacos.common.remote.client.RpcClient$ConnectResetRequestHandler
19:27:49.179 [main] INFO  c.a.n.c.r.client - [printIfInfoEnabled,60] - [d524423d-94e8-47cb-a3a4-a294da8ab82d]Register server push request handler:com.alibaba.nacos.common.remote.client.RpcClient$4
19:27:51.064 [main] INFO  c.a.n.client.naming - [isChangedServiceInfo,181] - init new ips(0) service: DEFAULT_GROUP@@ruoyi-job@@DEFAULT -> []
19:27:51.073 [main] INFO  c.a.n.client.naming - [processServiceInfo,166] - current ips:(0) service: DEFAULT_GROUP@@ruoyi-job@@DEFAULT -> []
19:27:51.080 [main] INFO  o.a.c.h.Http11NioProtocol - [log,173] - Starting ProtocolHandler ["http-nio-9203"]
19:27:51.096 [main] INFO  c.a.n.client.naming - [registerService,112] - [REGISTER-SERVICE] public registering service ruoyi-job with instance Instance{instanceId='null', ip='192.168.0.103', port=9203, weight=1.0, healthy=true, enabled=true, ephemeral=true, clusterName='DEFAULT', serviceName='null', metadata={preserved.register.source=SPRING_CLOUD}}
19:27:51.103 [main] INFO  c.a.c.n.r.NacosServiceRegistry - [register,75] - nacos registry, DEFAULT_GROUP ruoyi-job 192.168.0.103:9203 register finished
19:27:51.607 [nacos-grpc-client-executor-7] INFO  c.a.n.c.r.client - [printIfInfoEnabled,60] - [d524423d-94e8-47cb-a3a4-a294da8ab82d]receive server push request,request=NotifySubscriberRequest,requestId=27
19:27:51.612 [nacos-grpc-client-executor-7] INFO  c.a.n.client.naming - [isChangedServiceInfo,181] - init new ips(1) service: DEFAULT_GROUP@@ruoyi-job -> [{"ip":"192.168.0.103","port":9203,"weight":1.0,"healthy":true,"enabled":true,"ephemeral":true,"clusterName":"DEFAULT","serviceName":"DEFAULT_GROUP@@ruoyi-job","metadata":{"preserved.register.source":"SPRING_CLOUD"},"ipDeleteTimeout":30000,"instanceHeartBeatInterval":5000,"instanceHeartBeatTimeOut":15000}]
19:27:51.613 [nacos-grpc-client-executor-7] INFO  c.a.n.client.naming - [processServiceInfo,166] - current ips:(1) service: DEFAULT_GROUP@@ruoyi-job -> [{"ip":"192.168.0.103","port":9203,"weight":1.0,"healthy":true,"enabled":true,"ephemeral":true,"clusterName":"DEFAULT","serviceName":"DEFAULT_GROUP@@ruoyi-job","metadata":{"preserved.register.source":"SPRING_CLOUD"},"ipDeleteTimeout":30000,"instanceHeartBeatInterval":5000,"instanceHeartBeatTimeOut":15000}]
19:27:51.614 [nacos-grpc-client-executor-7] INFO  c.a.n.c.r.client - [printIfInfoEnabled,60] - [d524423d-94e8-47cb-a3a4-a294da8ab82d]ack server push request,request=NotifySubscriberRequest,requestId=27
19:27:51.667 [main] INFO  c.r.j.RuoYiJobApplication - [logStarted,61] - Started RuoYiJobApplication in 11.885 seconds (JVM running for 13.113)
19:27:51.677 [main] INFO  c.a.n.c.c.i.ClientWorker - [addCacheDataIfAbsent,384] - [config_rpc_client] [subscribe] ruoyi-job+DEFAULT_GROUP
19:27:51.679 [main] INFO  c.a.n.c.c.i.CacheData - [addListener,173] - [config_rpc_client] [add-listener] ok, tenant=, dataId=ruoyi-job, group=DEFAULT_GROUP, cnt=1
19:27:51.680 [main] INFO  c.a.n.c.c.i.ClientWorker - [addCacheDataIfAbsent,384] - [config_rpc_client] [subscribe] ruoyi-job-dev.yml+DEFAULT_GROUP
19:27:51.680 [main] INFO  c.a.n.c.c.i.CacheData - [addListener,173] - [config_rpc_client] [add-listener] ok, tenant=, dataId=ruoyi-job-dev.yml, group=DEFAULT_GROUP, cnt=1
19:27:51.680 [main] INFO  c.a.n.c.c.i.ClientWorker - [addCacheDataIfAbsent,384] - [config_rpc_client] [subscribe] ruoyi-job.yml+DEFAULT_GROUP
19:27:51.681 [main] INFO  c.a.n.c.c.i.CacheData - [addListener,173] - [config_rpc_client] [add-listener] ok, tenant=, dataId=ruoyi-job.yml, group=DEFAULT_GROUP, cnt=1
19:27:52.054 [com.alibaba.nacos.client.naming.updater.0] INFO  c.a.n.client.naming - [isChangedServiceInfo,235] - new ips(1) service: DEFAULT_GROUP@@ruoyi-job@@DEFAULT -> [{"ip":"192.168.0.103","port":9203,"weight":1.0,"healthy":true,"enabled":true,"ephemeral":true,"clusterName":"DEFAULT","serviceName":"DEFAULT_GROUP@@ruoyi-job","metadata":{"preserved.register.source":"SPRING_CLOUD"},"ipDeleteTimeout":30000,"instanceHeartBeatInterval":5000,"instanceHeartBeatTimeOut":15000}]
19:27:52.054 [com.alibaba.nacos.client.naming.updater.0] INFO  c.a.n.client.naming - [processServiceInfo,166] - current ips:(1) service: DEFAULT_GROUP@@ruoyi-job@@DEFAULT -> [{"ip":"192.168.0.103","port":9203,"weight":1.0,"healthy":true,"enabled":true,"ephemeral":true,"clusterName":"DEFAULT","serviceName":"DEFAULT_GROUP@@ruoyi-job","metadata":{"preserved.register.source":"SPRING_CLOUD"},"ipDeleteTimeout":30000,"instanceHeartBeatInterval":5000,"instanceHeartBeatTimeOut":15000}]
19:27:52.318 [RMI TCP Connection(17)-192.168.0.103] INFO  o.a.c.c.C.[.[.[/] - [log,173] - Initializing Spring DispatcherServlet 'dispatcherServlet'
19:27:52.675 [Quartz Scheduler [RuoyiScheduler]] INFO  o.q.c.QuartzScheduler - [start,547] - Scheduler RuoyiScheduler_$_DESKTOP-7LSMK1L1663154866285 started.
19:51:20.813 [lettuce-nioEventLoop-4-1] INFO  i.l.c.p.CommandHandler - [log,217] - null Unexpected exception during request: java.io.IOException: 远程主机强迫关闭了一个现有的连接。
java.io.IOException: 远程主机强迫关闭了一个现有的连接。
	at sun.nio.ch.SocketDispatcher.read0(Native Method)
	at sun.nio.ch.SocketDispatcher.read(SocketDispatcher.java:43)
	at sun.nio.ch.IOUtil.readIntoNativeBuffer(IOUtil.java:223)
	at sun.nio.ch.IOUtil.read(IOUtil.java:192)
	at sun.nio.ch.SocketChannelImpl.read(SocketChannelImpl.java:378)
	at io.netty.buffer.PooledByteBuf.setBytes(PooledByteBuf.java:253)
	at io.netty.buffer.AbstractByteBuf.writeBytes(AbstractByteBuf.java:1132)
	at io.netty.channel.socket.nio.NioSocketChannel.doReadBytes(NioSocketChannel.java:350)
	at io.netty.channel.nio.AbstractNioByteChannel$NioByteUnsafe.read(AbstractNioByteChannel.java:151)
	at io.netty.channel.nio.NioEventLoop.processSelectedKey(NioEventLoop.java:722)
	at io.netty.channel.nio.NioEventLoop.processSelectedKeysOptimized(NioEventLoop.java:658)
	at io.netty.channel.nio.NioEventLoop.processSelectedKeys(NioEventLoop.java:584)
	at io.netty.channel.nio.NioEventLoop.run(NioEventLoop.java:496)
	at io.netty.util.concurrent.SingleThreadEventExecutor$4.run(SingleThreadEventExecutor.java:986)
	at io.netty.util.internal.ThreadExecutorMap$2.run(ThreadExecutorMap.java:74)
	at io.netty.util.concurrent.FastThreadLocalRunnable.run(FastThreadLocalRunnable.java:30)
	at java.lang.Thread.run(Thread.java:750)
19:51:20.893 [lettuce-eventExecutorLoop-1-4] INFO  i.l.c.p.ConnectionWatchdog - [log,171] - Reconnecting, last destination was localhost/127.0.0.1:6379
19:51:24.557 [lettuce-nioEventLoop-4-3] INFO  i.l.c.p.ReconnectionHandler - [lambda$null$3,174] - Reconnected to localhost:6379
20:34:16.259 [lettuce-nioEventLoop-4-3] INFO  i.l.c.p.CommandHandler - [log,217] - null Unexpected exception during request: java.io.IOException: 远程主机强迫关闭了一个现有的连接。
java.io.IOException: 远程主机强迫关闭了一个现有的连接。
	at sun.nio.ch.SocketDispatcher.read0(Native Method)
	at sun.nio.ch.SocketDispatcher.read(SocketDispatcher.java:43)
	at sun.nio.ch.IOUtil.readIntoNativeBuffer(IOUtil.java:223)
	at sun.nio.ch.IOUtil.read(IOUtil.java:192)
	at sun.nio.ch.SocketChannelImpl.read(SocketChannelImpl.java:378)
	at io.netty.buffer.PooledByteBuf.setBytes(PooledByteBuf.java:253)
	at io.netty.buffer.AbstractByteBuf.writeBytes(AbstractByteBuf.java:1132)
	at io.netty.channel.socket.nio.NioSocketChannel.doReadBytes(NioSocketChannel.java:350)
	at io.netty.channel.nio.AbstractNioByteChannel$NioByteUnsafe.read(AbstractNioByteChannel.java:151)
	at io.netty.channel.nio.NioEventLoop.processSelectedKey(NioEventLoop.java:722)
	at io.netty.channel.nio.NioEventLoop.processSelectedKeysOptimized(NioEventLoop.java:658)
	at io.netty.channel.nio.NioEventLoop.processSelectedKeys(NioEventLoop.java:584)
	at io.netty.channel.nio.NioEventLoop.run(NioEventLoop.java:496)
	at io.netty.util.concurrent.SingleThreadEventExecutor$4.run(SingleThreadEventExecutor.java:986)
	at io.netty.util.internal.ThreadExecutorMap$2.run(ThreadExecutorMap.java:74)
	at io.netty.util.concurrent.FastThreadLocalRunnable.run(FastThreadLocalRunnable.java:30)
	at java.lang.Thread.run(Thread.java:750)
20:34:16.287 [lettuce-eventExecutorLoop-1-8] INFO  i.l.c.p.ConnectionWatchdog - [log,171] - Reconnecting, last destination was localhost/127.0.0.1:6379
20:34:22.585 [lettuce-eventExecutorLoop-1-3] INFO  i.l.c.p.ConnectionWatchdog - [log,171] - Reconnecting, last destination was localhost:6379
20:34:28.884 [lettuce-eventExecutorLoop-1-6] INFO  i.l.c.p.ConnectionWatchdog - [log,171] - Reconnecting, last destination was localhost:6379
20:34:36.085 [lettuce-eventExecutorLoop-1-2] INFO  i.l.c.p.ConnectionWatchdog - [log,171] - Reconnecting, last destination was localhost:6379
20:34:43.286 [lettuce-eventExecutorLoop-1-4] INFO  i.l.c.p.ConnectionWatchdog - [log,171] - Reconnecting, last destination was localhost:6379
20:34:49.485 [lettuce-eventExecutorLoop-1-5] INFO  i.l.c.p.ConnectionWatchdog - [log,171] - Reconnecting, last destination was localhost:6379
20:34:59.786 [lettuce-eventExecutorLoop-1-7] INFO  i.l.c.p.ConnectionWatchdog - [log,171] - Reconnecting, last destination was localhost:6379
20:35:00.330 [lettuce-nioEventLoop-4-1] INFO  i.l.c.p.ReconnectionHandler - [lambda$null$3,174] - Reconnected to localhost:6379
20:56:33.301 [background-preinit] INFO  o.h.v.i.util.Version - [<clinit>,21] - HV000001: Hibernate Validator 6.2.0.Final
20:56:33.903 [main] INFO  c.a.n.c.c.i.LocalConfigInfoProcessor - [<clinit>,67] - LOCAL_SNAPSHOT_PATH:C:\Users\lujiaxin\nacos\config
20:56:33.906 [main] INFO  c.a.n.c.r.client - [lambda$createClient$0,77] - [RpcClientFactory] create a new rpc client of c9dffd36-e377-4544-8492-aa9f9fc4ffce_config-0
20:56:33.945 [main] INFO  o.r.Reflections - [scan,232] - Reflections took 26 ms to scan 1 urls, producing 3 keys and 6 values 
20:56:33.968 [main] INFO  o.r.Reflections - [scan,232] - Reflections took 12 ms to scan 1 urls, producing 4 keys and 9 values 
20:56:33.981 [main] INFO  o.r.Reflections - [scan,232] - Reflections took 11 ms to scan 1 urls, producing 3 keys and 10 values 
20:56:34.146 [main] INFO  o.r.Reflections - [scan,232] - Reflections took 162 ms to scan 195 urls, producing 0 keys and 0 values 
20:56:34.156 [main] INFO  o.r.Reflections - [scan,232] - Reflections took 9 ms to scan 1 urls, producing 1 keys and 5 values 
20:56:34.167 [main] INFO  o.r.Reflections - [scan,232] - Reflections took 9 ms to scan 1 urls, producing 1 keys and 7 values 
20:56:34.178 [main] INFO  o.r.Reflections - [scan,232] - Reflections took 9 ms to scan 1 urls, producing 2 keys and 8 values 
20:56:34.311 [main] INFO  o.r.Reflections - [scan,232] - Reflections took 131 ms to scan 195 urls, producing 0 keys and 0 values 
20:56:34.312 [main] INFO  c.a.n.c.r.client - [printIfInfoEnabled,60] - [c9dffd36-e377-4544-8492-aa9f9fc4ffce_config-0]RpcClient init label, labels={module=config, Vipserver-Tag=null, source=sdk, Amory-Tag=null, Location-Tag=null, taskId=0, AppName=unknown}
20:56:34.313 [main] INFO  c.a.n.c.r.client - [printIfInfoEnabled,60] - [c9dffd36-e377-4544-8492-aa9f9fc4ffce_config-0]Register server push request handler:com.alibaba.nacos.client.config.impl.ClientWorker$ConfigRpcTransportClient$$Lambda$329/1155757579
20:56:34.313 [main] INFO  c.a.n.c.r.client - [printIfInfoEnabled,60] - [c9dffd36-e377-4544-8492-aa9f9fc4ffce_config-0]Register server push request handler:com.alibaba.nacos.client.config.impl.ClientWorker$ConfigRpcTransportClient$$Lambda$330/1785111044
20:56:34.314 [main] INFO  c.a.n.c.r.client - [printIfInfoEnabled,60] - [c9dffd36-e377-4544-8492-aa9f9fc4ffce_config-0]Registry connection listener to current client:com.alibaba.nacos.client.config.impl.ClientWorker$ConfigRpcTransportClient$1
20:56:34.315 [main] INFO  c.a.n.c.r.client - [printIfInfoEnabled,60] - [c9dffd36-e377-4544-8492-aa9f9fc4ffce_config-0]RpcClient init, ServerListFactory =com.alibaba.nacos.client.config.impl.ClientWorker$ConfigRpcTransportClient$2
20:56:34.320 [main] INFO  c.a.n.c.r.client - [printIfInfoEnabled,60] - [c9dffd36-e377-4544-8492-aa9f9fc4ffce_config-0] Try to connect to server on start up, server: {serverIp='127.0.0.1', server main port=8848}
20:56:35.273 [main] INFO  c.a.n.c.r.client - [printIfInfoEnabled,60] - [c9dffd36-e377-4544-8492-aa9f9fc4ffce_config-0] Success to connect to server [127.0.0.1:8848] on start up,connectionId=1663160195056_127.0.0.1_55139
20:56:35.275 [com.alibaba.nacos.client.remote.worker] INFO  c.a.n.c.r.client - [printIfInfoEnabled,60] - [c9dffd36-e377-4544-8492-aa9f9fc4ffce_config-0]Notify connected event to listeners.
20:56:35.276 [main] INFO  c.a.n.c.r.client - [printIfInfoEnabled,60] - [c9dffd36-e377-4544-8492-aa9f9fc4ffce_config-0]Register server push request handler:com.alibaba.nacos.common.remote.client.RpcClient$ConnectResetRequestHandler
20:56:35.276 [com.alibaba.nacos.client.remote.worker] INFO  c.a.n.c.c.i.ClientWorker - [onConnected,681] - [c9dffd36-e377-4544-8492-aa9f9fc4ffce_config-0] Connected,notify listen context...
20:56:35.278 [main] INFO  c.a.n.c.r.client - [printIfInfoEnabled,60] - [c9dffd36-e377-4544-8492-aa9f9fc4ffce_config-0]Register server push request handler:com.alibaba.nacos.common.remote.client.RpcClient$4
20:56:35.327 [main] INFO  c.a.n.c.c.i.Limiter - [<clinit>,56] - limitTime:5.0
20:56:35.341 [main] INFO  c.a.n.c.c.u.JvmUtil - [<clinit>,53] - isMultiInstance:false
20:56:35.368 [main] INFO  c.r.j.RuoYiJobApplication - [logStartupProfileInfo,639] - The following profiles are active: dev
20:56:37.280 [main] INFO  o.a.c.h.Http11NioProtocol - [log,173] - Initializing ProtocolHandler ["http-nio-9203"]
20:56:37.281 [main] INFO  o.a.c.c.StandardService - [log,173] - Starting service [Tomcat]
20:56:37.281 [main] INFO  o.a.c.c.StandardEngine - [log,173] - Starting Servlet engine: [Apache Tomcat/9.0.56]
20:56:37.380 [main] INFO  o.a.c.c.C.[.[.[/] - [log,173] - Initializing Spring embedded WebApplicationContext
20:56:37.662 [main] INFO  o.q.i.StdSchedulerFactory - [instantiate,1220] - Using default implementation for ThreadExecutor
20:56:37.675 [main] INFO  o.q.c.SchedulerSignalerImpl - [<init>,61] - Initialized Scheduler Signaller of type: class org.quartz.core.SchedulerSignalerImpl
20:56:37.676 [main] INFO  o.q.c.QuartzScheduler - [<init>,229] - Quartz Scheduler v.2.3.2 created.
20:56:37.682 [main] INFO  c.z.h.HikariDataSource - [getConnection,110] - HikariPool-1 - Starting...
20:56:38.273 [main] INFO  c.z.h.HikariDataSource - [getConnection,123] - HikariPool-1 - Start completed.
20:56:38.283 [main] INFO  o.q.c.QuartzScheduler - [initialize,294] - Scheduler meta-data: Quartz Scheduler (v2.3.2) 'RuoyiScheduler' with instanceId 'DESKTOP-7LSMK1L1663160197664'
  Scheduler class: 'org.quartz.core.QuartzScheduler' - running locally.
  NOT STARTED.
  Currently in standby mode.
  Number of jobs executed: 0
  Using thread pool 'org.quartz.simpl.SimpleThreadPool' - with 20 threads.
  Using job-store 'org.springframework.scheduling.quartz.LocalDataSourceJobStore' - which supports persistence. and is clustered.

20:56:38.283 [main] INFO  o.q.i.StdSchedulerFactory - [instantiate,1374] - Quartz scheduler 'RuoyiScheduler' initialized from an externally provided properties instance.
20:56:38.283 [main] INFO  o.q.i.StdSchedulerFactory - [instantiate,1378] - Quartz scheduler version: 2.3.2
20:56:38.285 [main] INFO  o.q.c.QuartzScheduler - [setJobFactory,2293] - JobFactory set to: org.springframework.scheduling.quartz.AdaptableJobFactory@e7b0bec
20:56:39.689 [main] INFO  c.a.n.client.naming - [initNamespaceForNaming,63] - initializer namespace from System Property : null
20:56:39.690 [main] INFO  c.a.n.client.naming - [call,69] - initializer namespace from System Environment :null
20:56:39.690 [main] INFO  c.a.n.client.naming - [call,79] - initializer namespace from System Property :null
20:56:39.703 [main] INFO  c.a.n.c.r.client - [lambda$createClient$0,77] - [RpcClientFactory] create a new rpc client of 9afd324f-02a3-4bf6-8f19-94e1bc5f8d1b
20:56:39.704 [main] INFO  c.a.n.c.r.client - [printIfInfoEnabled,60] - [9afd324f-02a3-4bf6-8f19-94e1bc5f8d1b]RpcClient init label, labels={module=naming, source=sdk}
20:56:39.706 [main] INFO  c.a.n.c.r.client - [printIfInfoEnabled,60] - [9afd324f-02a3-4bf6-8f19-94e1bc5f8d1b]RpcClient init, ServerListFactory =com.alibaba.nacos.client.naming.core.ServerListManager
20:56:39.706 [main] INFO  c.a.n.c.r.client - [printIfInfoEnabled,60] - [9afd324f-02a3-4bf6-8f19-94e1bc5f8d1b]Registry connection listener to current client:com.alibaba.nacos.client.naming.remote.gprc.redo.NamingGrpcRedoService
20:56:39.707 [main] INFO  c.a.n.c.r.client - [printIfInfoEnabled,60] - [9afd324f-02a3-4bf6-8f19-94e1bc5f8d1b]Register server push request handler:com.alibaba.nacos.client.naming.remote.gprc.NamingPushRequestHandler
20:56:39.707 [main] INFO  c.a.n.c.r.client - [printIfInfoEnabled,60] - [9afd324f-02a3-4bf6-8f19-94e1bc5f8d1b] Try to connect to server on start up, server: {serverIp='127.0.0.1', server main port=8848}
20:56:39.820 [main] INFO  c.a.n.c.r.client - [printIfInfoEnabled,60] - [9afd324f-02a3-4bf6-8f19-94e1bc5f8d1b] Success to connect to server [127.0.0.1:8848] on start up,connectionId=1663160199714_127.0.0.1_55153
20:56:39.821 [com.alibaba.nacos.client.remote.worker] INFO  c.a.n.c.r.client - [printIfInfoEnabled,60] - [9afd324f-02a3-4bf6-8f19-94e1bc5f8d1b]Notify connected event to listeners.
20:56:39.821 [com.alibaba.nacos.client.remote.worker] INFO  c.a.n.client.naming - [onConnected,76] - Grpc connection connect
20:56:39.821 [main] INFO  c.a.n.c.r.client - [printIfInfoEnabled,60] - [9afd324f-02a3-4bf6-8f19-94e1bc5f8d1b]Register server push request handler:com.alibaba.nacos.common.remote.client.RpcClient$ConnectResetRequestHandler
20:56:39.821 [main] INFO  c.a.n.c.r.client - [printIfInfoEnabled,60] - [9afd324f-02a3-4bf6-8f19-94e1bc5f8d1b]Register server push request handler:com.alibaba.nacos.common.remote.client.RpcClient$4
20:56:41.568 [main] INFO  c.a.n.client.naming - [isChangedServiceInfo,181] - init new ips(0) service: DEFAULT_GROUP@@ruoyi-job@@DEFAULT -> []
20:56:41.575 [main] INFO  c.a.n.client.naming - [processServiceInfo,166] - current ips:(0) service: DEFAULT_GROUP@@ruoyi-job@@DEFAULT -> []
20:56:41.604 [main] INFO  o.a.c.h.Http11NioProtocol - [log,173] - Starting ProtocolHandler ["http-nio-9203"]
20:56:41.618 [main] INFO  c.a.n.client.naming - [registerService,112] - [REGISTER-SERVICE] public registering service ruoyi-job with instance Instance{instanceId='null', ip='192.168.0.103', port=9203, weight=1.0, healthy=true, enabled=true, ephemeral=true, clusterName='DEFAULT', serviceName='null', metadata={preserved.register.source=SPRING_CLOUD}}
20:56:41.623 [main] INFO  c.a.c.n.r.NacosServiceRegistry - [register,75] - nacos registry, DEFAULT_GROUP ruoyi-job 192.168.0.103:9203 register finished
20:56:42.001 [main] INFO  c.r.j.RuoYiJobApplication - [logStarted,61] - Started RuoYiJobApplication in 9.377 seconds (JVM running for 10.349)
20:56:42.008 [main] INFO  c.a.n.c.c.i.ClientWorker - [addCacheDataIfAbsent,384] - [config_rpc_client] [subscribe] ruoyi-job+DEFAULT_GROUP
20:56:42.009 [main] INFO  c.a.n.c.c.i.CacheData - [addListener,173] - [config_rpc_client] [add-listener] ok, tenant=, dataId=ruoyi-job, group=DEFAULT_GROUP, cnt=1
20:56:42.010 [main] INFO  c.a.n.c.c.i.ClientWorker - [addCacheDataIfAbsent,384] - [config_rpc_client] [subscribe] ruoyi-job-dev.yml+DEFAULT_GROUP
20:56:42.010 [main] INFO  c.a.n.c.c.i.CacheData - [addListener,173] - [config_rpc_client] [add-listener] ok, tenant=, dataId=ruoyi-job-dev.yml, group=DEFAULT_GROUP, cnt=1
20:56:42.011 [main] INFO  c.a.n.c.c.i.ClientWorker - [addCacheDataIfAbsent,384] - [config_rpc_client] [subscribe] ruoyi-job.yml+DEFAULT_GROUP
20:56:42.011 [main] INFO  c.a.n.c.c.i.CacheData - [addListener,173] - [config_rpc_client] [add-listener] ok, tenant=, dataId=ruoyi-job.yml, group=DEFAULT_GROUP, cnt=1
20:56:42.150 [nacos-grpc-client-executor-6] INFO  c.a.n.c.r.client - [printIfInfoEnabled,60] - [9afd324f-02a3-4bf6-8f19-94e1bc5f8d1b]receive server push request,request=NotifySubscriberRequest,requestId=9
20:56:42.155 [nacos-grpc-client-executor-6] INFO  c.a.n.client.naming - [isChangedServiceInfo,181] - init new ips(1) service: DEFAULT_GROUP@@ruoyi-job -> [{"ip":"192.168.0.103","port":9203,"weight":1.0,"healthy":true,"enabled":true,"ephemeral":true,"clusterName":"DEFAULT","serviceName":"DEFAULT_GROUP@@ruoyi-job","metadata":{"preserved.register.source":"SPRING_CLOUD"},"instanceHeartBeatInterval":5000,"ipDeleteTimeout":30000,"instanceHeartBeatTimeOut":15000}]
20:56:42.156 [nacos-grpc-client-executor-6] INFO  c.a.n.client.naming - [processServiceInfo,166] - current ips:(1) service: DEFAULT_GROUP@@ruoyi-job -> [{"ip":"192.168.0.103","port":9203,"weight":1.0,"healthy":true,"enabled":true,"ephemeral":true,"clusterName":"DEFAULT","serviceName":"DEFAULT_GROUP@@ruoyi-job","metadata":{"preserved.register.source":"SPRING_CLOUD"},"instanceHeartBeatInterval":5000,"ipDeleteTimeout":30000,"instanceHeartBeatTimeOut":15000}]
20:56:42.161 [nacos-grpc-client-executor-6] INFO  c.a.n.c.r.client - [printIfInfoEnabled,60] - [9afd324f-02a3-4bf6-8f19-94e1bc5f8d1b]ack server push request,request=NotifySubscriberRequest,requestId=9
20:56:42.570 [com.alibaba.nacos.client.naming.updater.0] INFO  c.a.n.client.naming - [isChangedServiceInfo,235] - new ips(1) service: DEFAULT_GROUP@@ruoyi-job@@DEFAULT -> [{"ip":"192.168.0.103","port":9203,"weight":1.0,"healthy":true,"enabled":true,"ephemeral":true,"clusterName":"DEFAULT","serviceName":"DEFAULT_GROUP@@ruoyi-job","metadata":{"preserved.register.source":"SPRING_CLOUD"},"instanceHeartBeatInterval":5000,"ipDeleteTimeout":30000,"instanceHeartBeatTimeOut":15000}]
20:56:42.571 [com.alibaba.nacos.client.naming.updater.0] INFO  c.a.n.client.naming - [processServiceInfo,166] - current ips:(1) service: DEFAULT_GROUP@@ruoyi-job@@DEFAULT -> [{"ip":"192.168.0.103","port":9203,"weight":1.0,"healthy":true,"enabled":true,"ephemeral":true,"clusterName":"DEFAULT","serviceName":"DEFAULT_GROUP@@ruoyi-job","metadata":{"preserved.register.source":"SPRING_CLOUD"},"instanceHeartBeatInterval":5000,"ipDeleteTimeout":30000,"instanceHeartBeatTimeOut":15000}]
20:56:42.728 [RMI TCP Connection(4)-192.168.0.103] INFO  o.a.c.c.C.[.[.[/] - [log,173] - Initializing Spring DispatcherServlet 'dispatcherServlet'
20:56:43.047 [Quartz Scheduler [RuoyiScheduler]] INFO  o.q.c.QuartzScheduler - [start,547] - Scheduler RuoyiScheduler_$_DESKTOP-7LSMK1L1663160197664 started.
