00:20:01.868 [nacos-grpc-client-executor-1214] INFO  c.a.n.c.r.client - [printIfInfoEnabled,60] - [c7073568-10cf-459a-99a8-049f796fa3d9]receive server push request,request=NotifySubscriberRequest,requestId=23
00:20:01.870 [nacos-grpc-client-executor-1214] INFO  c.a.n.client.naming - [isChangedServiceInfo,241] - removed ips(1) service: DEFAULT_GROUP@@ruoyi-gateway -> [{"ip":"192.168.1.9","port":8080,"weight":1.0,"healthy":true,"enabled":true,"ephemeral":true,"clusterName":"DEFAULT","serviceName":"DEFAULT_GROUP@@ruoyi-gateway","metadata":{"preserved.register.source":"SPRING_CLOUD"},"ipDeleteTimeout":30000,"instanceHeartBeatTimeOut":15000,"instanceHeartBeatInterval":5000}]
00:20:01.870 [nacos-grpc-client-executor-1214] INFO  c.a.n.client.naming - [processServiceInfo,166] - current ips:(0) service: DEFAULT_GROUP@@ruoyi-gateway -> []
00:20:01.874 [nacos-grpc-client-executor-1214] INFO  c.a.n.c.r.client - [printIfInfoEnabled,60] - [c7073568-10cf-459a-99a8-049f796fa3d9]ack server push request,request=NotifySubscriberRequest,requestId=23
00:20:02.651 [nacos-grpc-client-executor-1216] INFO  c.a.n.c.r.client - [printIfInfoEnabled,60] - [c7073568-10cf-459a-99a8-049f796fa3d9]receive server push request,request=NotifySubscriberRequest,requestId=24
00:20:02.652 [nacos-grpc-client-executor-1216] INFO  c.a.n.client.naming - [isChangedServiceInfo,241] - removed ips(1) service: DEFAULT_GROUP@@ruoyi-auth -> [{"ip":"192.168.1.9","port":9200,"weight":1.0,"healthy":true,"enabled":true,"ephemeral":true,"clusterName":"DEFAULT","serviceName":"DEFAULT_GROUP@@ruoyi-auth","metadata":{"preserved.register.source":"SPRING_CLOUD"},"ipDeleteTimeout":30000,"instanceHeartBeatTimeOut":15000,"instanceHeartBeatInterval":5000}]
00:20:02.652 [nacos-grpc-client-executor-1216] INFO  c.a.n.client.naming - [processServiceInfo,166] - current ips:(0) service: DEFAULT_GROUP@@ruoyi-auth -> []
00:20:02.655 [nacos-grpc-client-executor-1216] INFO  c.a.n.c.r.client - [printIfInfoEnabled,60] - [c7073568-10cf-459a-99a8-049f796fa3d9]ack server push request,request=NotifySubscriberRequest,requestId=24
00:20:02.984 [nacos-grpc-client-executor-1217] INFO  c.a.n.c.r.client - [printIfInfoEnabled,60] - [c7073568-10cf-459a-99a8-049f796fa3d9]receive server push request,request=NotifySubscriberRequest,requestId=25
00:20:02.984 [nacos-grpc-client-executor-1217] INFO  c.a.n.client.naming - [isChangedServiceInfo,241] - removed ips(1) service: DEFAULT_GROUP@@ruoyi-file -> [{"ip":"192.168.1.9","port":9300,"weight":1.0,"healthy":true,"enabled":true,"ephemeral":true,"clusterName":"DEFAULT","serviceName":"DEFAULT_GROUP@@ruoyi-file","metadata":{"preserved.register.source":"SPRING_CLOUD"},"ipDeleteTimeout":30000,"instanceHeartBeatTimeOut":15000,"instanceHeartBeatInterval":5000}]
00:20:02.985 [nacos-grpc-client-executor-1217] INFO  c.a.n.client.naming - [processServiceInfo,166] - current ips:(0) service: DEFAULT_GROUP@@ruoyi-file -> []
00:20:02.987 [nacos-grpc-client-executor-1217] INFO  c.a.n.c.r.client - [printIfInfoEnabled,60] - [c7073568-10cf-459a-99a8-049f796fa3d9]ack server push request,request=NotifySubscriberRequest,requestId=25
00:20:03.206 [nacos-grpc-client-executor-1218] INFO  c.a.n.c.r.client - [printIfInfoEnabled,60] - [c7073568-10cf-459a-99a8-049f796fa3d9]receive server push request,request=NotifySubscriberRequest,requestId=26
00:20:03.207 [nacos-grpc-client-executor-1218] INFO  c.a.n.client.naming - [isChangedServiceInfo,241] - removed ips(1) service: DEFAULT_GROUP@@ruoyi-job -> [{"ip":"192.168.1.9","port":9203,"weight":1.0,"healthy":true,"enabled":true,"ephemeral":true,"clusterName":"DEFAULT","serviceName":"DEFAULT_GROUP@@ruoyi-job","metadata":{"preserved.register.source":"SPRING_CLOUD"},"ipDeleteTimeout":30000,"instanceHeartBeatTimeOut":15000,"instanceHeartBeatInterval":5000}]
00:20:03.207 [nacos-grpc-client-executor-1218] INFO  c.a.n.client.naming - [processServiceInfo,166] - current ips:(0) service: DEFAULT_GROUP@@ruoyi-job -> []
00:20:03.211 [nacos-grpc-client-executor-1218] INFO  c.a.n.c.r.client - [printIfInfoEnabled,60] - [c7073568-10cf-459a-99a8-049f796fa3d9]ack server push request,request=NotifySubscriberRequest,requestId=26
00:20:03.536 [nacos-grpc-client-executor-1219] INFO  c.a.n.c.r.client - [printIfInfoEnabled,60] - [c7073568-10cf-459a-99a8-049f796fa3d9]receive server push request,request=NotifySubscriberRequest,requestId=27
00:20:03.537 [nacos-grpc-client-executor-1219] INFO  c.a.n.client.naming - [isChangedServiceInfo,241] - removed ips(1) service: DEFAULT_GROUP@@ruoyi-gen -> [{"ip":"192.168.1.9","port":9202,"weight":1.0,"healthy":true,"enabled":true,"ephemeral":true,"clusterName":"DEFAULT","serviceName":"DEFAULT_GROUP@@ruoyi-gen","metadata":{"preserved.register.source":"SPRING_CLOUD"},"ipDeleteTimeout":30000,"instanceHeartBeatTimeOut":15000,"instanceHeartBeatInterval":5000}]
00:20:03.537 [nacos-grpc-client-executor-1219] INFO  c.a.n.client.naming - [processServiceInfo,166] - current ips:(0) service: DEFAULT_GROUP@@ruoyi-gen -> []
00:20:03.541 [nacos-grpc-client-executor-1219] INFO  c.a.n.c.r.client - [printIfInfoEnabled,60] - [c7073568-10cf-459a-99a8-049f796fa3d9]ack server push request,request=NotifySubscriberRequest,requestId=27
00:20:03.870 [nacos-grpc-client-executor-1220] INFO  c.a.n.c.r.client - [printIfInfoEnabled,60] - [c7073568-10cf-459a-99a8-049f796fa3d9]receive server push request,request=NotifySubscriberRequest,requestId=28
00:20:03.871 [nacos-grpc-client-executor-1220] INFO  c.a.n.client.naming - [isChangedServiceInfo,241] - removed ips(1) service: DEFAULT_GROUP@@ruoyi-system -> [{"ip":"192.168.1.9","port":9201,"weight":1.0,"healthy":true,"enabled":true,"ephemeral":true,"clusterName":"DEFAULT","serviceName":"DEFAULT_GROUP@@ruoyi-system","metadata":{"preserved.register.source":"SPRING_CLOUD"},"ipDeleteTimeout":30000,"instanceHeartBeatTimeOut":15000,"instanceHeartBeatInterval":5000}]
00:20:03.871 [nacos-grpc-client-executor-1220] INFO  c.a.n.client.naming - [processServiceInfo,166] - current ips:(0) service: DEFAULT_GROUP@@ruoyi-system -> []
00:20:03.873 [nacos-grpc-client-executor-1220] INFO  c.a.n.c.r.client - [printIfInfoEnabled,60] - [c7073568-10cf-459a-99a8-049f796fa3d9]ack server push request,request=NotifySubscriberRequest,requestId=28
00:20:04.420 [SpringApplicationShutdownHook] INFO  c.a.c.n.r.NacosServiceRegistry - [deregister,90] - De-registering from Nacos Server now...
00:20:04.421 [SpringApplicationShutdownHook] INFO  c.a.n.client.naming - [deregisterService,136] - [DEREGISTER-SERVICE] public deregistering service ruoyi-monitor with instance: Instance{instanceId='null', ip='192.168.1.9', port=9100, weight=1.0, healthy=true, enabled=true, ephemeral=true, clusterName='DEFAULT', serviceName='null', metadata={}}
00:20:04.463 [SpringApplicationShutdownHook] INFO  c.a.c.n.r.NacosServiceRegistry - [deregister,110] - De-registration finished.
00:20:04.467 [SpringApplicationShutdownHook] INFO  c.a.n.client.naming - [shutdown,256] - com.alibaba.nacos.client.naming.cache.ServiceInfoHolder do shutdown begin
00:20:04.467 [SpringApplicationShutdownHook] INFO  c.a.n.client.naming - [shutdown,140] - com.alibaba.nacos.client.naming.backups.FailoverReactor do shutdown begin
00:20:04.468 [SpringApplicationShutdownHook] INFO  c.a.n.client.naming - [shutdown,142] - com.alibaba.nacos.client.naming.backups.FailoverReactor do shutdown stop
00:20:04.469 [SpringApplicationShutdownHook] INFO  c.a.n.client.naming - [shutdown,258] - com.alibaba.nacos.client.naming.cache.ServiceInfoHolder do shutdown stop
00:20:04.470 [SpringApplicationShutdownHook] INFO  c.a.n.client.naming - [shutdown,176] - com.alibaba.nacos.client.naming.remote.NamingClientProxyDelegate do shutdown begin
00:20:04.470 [SpringApplicationShutdownHook] INFO  c.a.n.client.naming - [shutdown,130] - com.alibaba.nacos.client.naming.core.ServiceInfoUpdateService do shutdown begin
00:20:04.802 [SpringApplicationShutdownHook] INFO  c.a.n.client.naming - [shutdown,132] - com.alibaba.nacos.client.naming.core.ServiceInfoUpdateService do shutdown stop
00:20:04.802 [SpringApplicationShutdownHook] INFO  c.a.n.client.naming - [shutdown,188] - com.alibaba.nacos.client.naming.core.ServerListManager do shutdown begin
00:20:04.804 [SpringApplicationShutdownHook] INFO  c.a.n.client.naming - [shutdown,193] - com.alibaba.nacos.client.naming.core.ServerListManager do shutdown stop
00:20:04.804 [SpringApplicationShutdownHook] INFO  c.a.n.client.naming - [shutdown,519] - com.alibaba.nacos.client.naming.remote.http.NamingHttpClientProxy do shutdown begin
00:20:04.804 [SpringApplicationShutdownHook] INFO  c.a.n.client.naming - [shutdown,162] - com.alibaba.nacos.client.naming.beat.BeatReactor do shutdown begin
00:20:04.804 [SpringApplicationShutdownHook] INFO  c.a.n.client.naming - [shutdown,164] - com.alibaba.nacos.client.naming.beat.BeatReactor do shutdown stop
00:20:04.805 [SpringApplicationShutdownHook] INFO  c.a.n.c.i.CredentialWatcher - [stop,105] - [null] CredentialWatcher is stopped
00:20:04.805 [SpringApplicationShutdownHook] INFO  c.a.n.c.i.CredentialService - [free,99] - [null] CredentialService is freed
00:20:04.805 [SpringApplicationShutdownHook] INFO  c.a.n.client.naming - [shutdown,523] - com.alibaba.nacos.client.naming.remote.http.NamingHttpClientProxy do shutdown stop
00:20:04.805 [SpringApplicationShutdownHook] INFO  c.a.n.c.r.client - [shutdown,461] - Shutdown rpc client ,set status to shutdown
00:20:04.806 [SpringApplicationShutdownHook] INFO  c.a.n.c.r.client - [shutdown,463] - Shutdown  client event executor java.util.concurrent.ScheduledThreadPoolExecutor@68c2b655[Running, pool size = 2, active threads = 2, queued tasks = 0, completed tasks = 0]
00:20:04.806 [SpringApplicationShutdownHook] INFO  c.a.n.c.r.client - [shutdown,465] - Close current connection 1661699946059_127.0.0.1_58060
00:20:04.812 [nacos-grpc-client-executor-1222] INFO  c.a.n.c.r.c.g.GrpcClient - [printIfInfoEnabled,60] - [1661699946059_127.0.0.1_58060]Ignore complete event,isRunning:false,isAbandon=false
00:20:04.825 [SpringApplicationShutdownHook] INFO  c.a.n.c.r.c.g.GrpcClient - [shutdown,83] - Shutdown grpc executor java.util.concurrent.ThreadPoolExecutor@637db298[Running, pool size = 10, active threads = 0, queued tasks = 0, completed tasks = 1223]
00:20:04.826 [SpringApplicationShutdownHook] INFO  c.a.n.client.naming - [shutdown,251] - Shutdown grpc redo service executor java.util.concurrent.ScheduledThreadPoolExecutor@35e27b99[Running, pool size = 1, active threads = 0, queued tasks = 1, completed tasks = 1216]
00:20:04.844 [SpringApplicationShutdownHook] INFO  c.a.n.client.naming - [shutdown,182] - com.alibaba.nacos.client.naming.remote.NamingClientProxyDelegate do shutdown stop
