19:08:42.141 [background-preinit] INFO  o.h.v.i.util.Version - [<clinit>,21] - HV000001: Hibernate Validator 6.2.0.Final
19:08:43.428 [main] INFO  c.a.n.c.c.i.LocalConfigInfoProcessor - [<clinit>,67] - LOCAL_SNAPSHOT_PATH:C:\Users\13607\nacos\config
19:08:43.433 [main] INFO  c.a.n.c.r.client - [lambda$createClient$0,77] - [RpcClientFactory] create a new rpc client of e2c372e2-0b05-417d-b690-7fe89b1cd82f_config-0
19:08:43.504 [main] INFO  o.r.Reflections - [scan,232] - Reflections took 47 ms to scan 1 urls, producing 3 keys and 6 values 
19:08:43.551 [main] INFO  o.r.Reflections - [scan,232] - Reflections took 21 ms to scan 1 urls, producing 4 keys and 9 values 
19:08:43.577 [main] INFO  o.r.Reflections - [scan,232] - Reflections took 23 ms to scan 1 urls, producing 3 keys and 10 values 
19:08:43.805 [main] INFO  o.r.Reflections - [scan,232] - Reflections took 223 ms to scan 199 urls, producing 0 keys and 0 values 
19:08:43.825 [main] INFO  o.r.Reflections - [scan,232] - Reflections took 19 ms to scan 1 urls, producing 1 keys and 5 values 
19:08:43.846 [main] INFO  o.r.Reflections - [scan,232] - Reflections took 18 ms to scan 1 urls, producing 1 keys and 7 values 
19:08:43.864 [main] INFO  o.r.Reflections - [scan,232] - Reflections took 15 ms to scan 1 urls, producing 2 keys and 8 values 
19:08:44.053 [main] INFO  o.r.Reflections - [scan,232] - Reflections took 186 ms to scan 199 urls, producing 0 keys and 0 values 
19:08:44.055 [main] INFO  c.a.n.c.r.client - [printIfInfoEnabled,60] - [e2c372e2-0b05-417d-b690-7fe89b1cd82f_config-0]RpcClient init label, labels={module=config, Vipserver-Tag=null, source=sdk, Amory-Tag=null, Location-Tag=null, taskId=0, AppName=unknown}
19:08:44.056 [main] INFO  c.a.n.c.r.client - [printIfInfoEnabled,60] - [e2c372e2-0b05-417d-b690-7fe89b1cd82f_config-0]Register server push request handler:com.alibaba.nacos.client.config.impl.ClientWorker$ConfigRpcTransportClient$$Lambda$324/2016482777
19:08:44.057 [main] INFO  c.a.n.c.r.client - [printIfInfoEnabled,60] - [e2c372e2-0b05-417d-b690-7fe89b1cd82f_config-0]Register server push request handler:com.alibaba.nacos.client.config.impl.ClientWorker$ConfigRpcTransportClient$$Lambda$325/872592585
19:08:44.058 [main] INFO  c.a.n.c.r.client - [printIfInfoEnabled,60] - [e2c372e2-0b05-417d-b690-7fe89b1cd82f_config-0]Registry connection listener to current client:com.alibaba.nacos.client.config.impl.ClientWorker$ConfigRpcTransportClient$1
19:08:44.059 [main] INFO  c.a.n.c.r.client - [printIfInfoEnabled,60] - [e2c372e2-0b05-417d-b690-7fe89b1cd82f_config-0]RpcClient init, ServerListFactory =com.alibaba.nacos.client.config.impl.ClientWorker$ConfigRpcTransportClient$2
19:08:44.070 [main] INFO  c.a.n.c.r.client - [printIfInfoEnabled,60] - [e2c372e2-0b05-417d-b690-7fe89b1cd82f_config-0] Try to connect to server on start up, server: {serverIp='127.0.0.1', server main port=8848}
19:08:46.462 [main] INFO  c.a.n.c.r.client - [printIfInfoEnabled,60] - [e2c372e2-0b05-417d-b690-7fe89b1cd82f_config-0] Success to connect to server [127.0.0.1:8848] on start up,connectionId=1661598526194_127.0.0.1_62407
19:08:46.463 [com.alibaba.nacos.client.remote.worker] INFO  c.a.n.c.r.client - [printIfInfoEnabled,60] - [e2c372e2-0b05-417d-b690-7fe89b1cd82f_config-0]Notify connected event to listeners.
19:08:46.463 [com.alibaba.nacos.client.remote.worker] INFO  c.a.n.c.c.i.ClientWorker - [onConnected,681] - [e2c372e2-0b05-417d-b690-7fe89b1cd82f_config-0] Connected,notify listen context...
19:08:46.463 [main] INFO  c.a.n.c.r.client - [printIfInfoEnabled,60] - [e2c372e2-0b05-417d-b690-7fe89b1cd82f_config-0]Register server push request handler:com.alibaba.nacos.common.remote.client.RpcClient$ConnectResetRequestHandler
19:08:46.464 [main] INFO  c.a.n.c.r.client - [printIfInfoEnabled,60] - [e2c372e2-0b05-417d-b690-7fe89b1cd82f_config-0]Register server push request handler:com.alibaba.nacos.common.remote.client.RpcClient$4
19:08:46.527 [main] INFO  c.a.n.c.c.i.Limiter - [<clinit>,56] - limitTime:5.0
19:08:46.549 [main] INFO  c.a.n.c.c.u.JvmUtil - [<clinit>,53] - isMultiInstance:false
19:08:46.593 [main] INFO  c.r.f.RuoYiFileApplication - [logStartupProfileInfo,639] - The following profiles are active: dev
19:08:48.942 [main] INFO  o.a.c.h.Http11NioProtocol - [log,173] - Initializing ProtocolHandler ["http-nio-9300"]
19:08:48.943 [main] INFO  o.a.c.c.StandardService - [log,173] - Starting service [Tomcat]
19:08:48.944 [main] INFO  o.a.c.c.StandardEngine - [log,173] - Starting Servlet engine: [Apache Tomcat/9.0.56]
19:08:49.104 [main] INFO  o.a.c.c.C.[.[.[/] - [log,173] - Initializing Spring embedded WebApplicationContext
19:08:51.252 [main] INFO  c.a.n.client.naming - [initNamespaceForNaming,63] - initializer namespace from System Property : null
19:08:51.253 [main] INFO  c.a.n.client.naming - [call,69] - initializer namespace from System Environment :null
19:08:51.254 [main] INFO  c.a.n.client.naming - [call,79] - initializer namespace from System Property :null
19:08:51.275 [main] INFO  c.a.n.c.r.client - [lambda$createClient$0,77] - [RpcClientFactory] create a new rpc client of 3654b2e8-5ed9-4f10-8327-3aa545a52eaa
19:08:51.276 [main] INFO  c.a.n.c.r.client - [printIfInfoEnabled,60] - [3654b2e8-5ed9-4f10-8327-3aa545a52eaa]RpcClient init label, labels={module=naming, source=sdk}
19:08:51.278 [main] INFO  c.a.n.c.r.client - [printIfInfoEnabled,60] - [3654b2e8-5ed9-4f10-8327-3aa545a52eaa]RpcClient init, ServerListFactory =com.alibaba.nacos.client.naming.core.ServerListManager
19:08:51.279 [main] INFO  c.a.n.c.r.client - [printIfInfoEnabled,60] - [3654b2e8-5ed9-4f10-8327-3aa545a52eaa]Registry connection listener to current client:com.alibaba.nacos.client.naming.remote.gprc.redo.NamingGrpcRedoService
19:08:51.280 [main] INFO  c.a.n.c.r.client - [printIfInfoEnabled,60] - [3654b2e8-5ed9-4f10-8327-3aa545a52eaa]Register server push request handler:com.alibaba.nacos.client.naming.remote.gprc.NamingPushRequestHandler
19:08:51.281 [main] INFO  c.a.n.c.r.client - [printIfInfoEnabled,60] - [3654b2e8-5ed9-4f10-8327-3aa545a52eaa] Try to connect to server on start up, server: {serverIp='127.0.0.1', server main port=8848}
19:08:51.406 [main] INFO  c.a.n.c.r.client - [printIfInfoEnabled,60] - [3654b2e8-5ed9-4f10-8327-3aa545a52eaa] Success to connect to server [127.0.0.1:8848] on start up,connectionId=1661598531291_127.0.0.1_62413
19:08:51.407 [com.alibaba.nacos.client.remote.worker] INFO  c.a.n.c.r.client - [printIfInfoEnabled,60] - [3654b2e8-5ed9-4f10-8327-3aa545a52eaa]Notify connected event to listeners.
19:08:51.406 [main] INFO  c.a.n.c.r.client - [printIfInfoEnabled,60] - [3654b2e8-5ed9-4f10-8327-3aa545a52eaa]Register server push request handler:com.alibaba.nacos.common.remote.client.RpcClient$ConnectResetRequestHandler
19:08:51.407 [com.alibaba.nacos.client.remote.worker] INFO  c.a.n.client.naming - [onConnected,76] - Grpc connection connect
19:08:51.407 [main] INFO  c.a.n.c.r.client - [printIfInfoEnabled,60] - [3654b2e8-5ed9-4f10-8327-3aa545a52eaa]Register server push request handler:com.alibaba.nacos.common.remote.client.RpcClient$4
19:08:53.185 [main] INFO  c.a.n.client.naming - [isChangedServiceInfo,181] - init new ips(0) service: DEFAULT_GROUP@@ruoyi-file@@DEFAULT -> []
19:08:53.198 [main] INFO  c.a.n.client.naming - [processServiceInfo,166] - current ips:(0) service: DEFAULT_GROUP@@ruoyi-file@@DEFAULT -> []
19:08:53.209 [main] INFO  o.a.c.h.Http11NioProtocol - [log,173] - Starting ProtocolHandler ["http-nio-9300"]
19:08:53.232 [main] INFO  c.a.n.client.naming - [registerService,112] - [REGISTER-SERVICE] public registering service ruoyi-file with instance Instance{instanceId='null', ip='192.168.1.9', port=9300, weight=1.0, healthy=true, enabled=true, ephemeral=true, clusterName='DEFAULT', serviceName='null', metadata={preserved.register.source=SPRING_CLOUD}}
19:08:53.243 [main] INFO  c.a.c.n.r.NacosServiceRegistry - [register,75] - nacos registry, DEFAULT_GROUP ruoyi-file 192.168.1.9:9300 register finished
19:08:53.728 [nacos-grpc-client-executor-8] INFO  c.a.n.c.r.client - [printIfInfoEnabled,60] - [3654b2e8-5ed9-4f10-8327-3aa545a52eaa]receive server push request,request=NotifySubscriberRequest,requestId=13
19:08:53.732 [nacos-grpc-client-executor-8] INFO  c.a.n.client.naming - [isChangedServiceInfo,181] - init new ips(1) service: DEFAULT_GROUP@@ruoyi-file -> [{"ip":"192.168.1.9","port":9300,"weight":1.0,"healthy":true,"enabled":true,"ephemeral":true,"clusterName":"DEFAULT","serviceName":"DEFAULT_GROUP@@ruoyi-file","metadata":{"preserved.register.source":"SPRING_CLOUD"},"instanceHeartBeatTimeOut":15000,"instanceHeartBeatInterval":5000,"ipDeleteTimeout":30000}]
19:08:53.732 [nacos-grpc-client-executor-8] INFO  c.a.n.client.naming - [processServiceInfo,166] - current ips:(1) service: DEFAULT_GROUP@@ruoyi-file -> [{"ip":"192.168.1.9","port":9300,"weight":1.0,"healthy":true,"enabled":true,"ephemeral":true,"clusterName":"DEFAULT","serviceName":"DEFAULT_GROUP@@ruoyi-file","metadata":{"preserved.register.source":"SPRING_CLOUD"},"instanceHeartBeatTimeOut":15000,"instanceHeartBeatInterval":5000,"ipDeleteTimeout":30000}]
19:08:53.736 [nacos-grpc-client-executor-8] INFO  c.a.n.c.r.client - [printIfInfoEnabled,60] - [3654b2e8-5ed9-4f10-8327-3aa545a52eaa]ack server push request,request=NotifySubscriberRequest,requestId=13
19:08:54.135 [main] INFO  c.r.f.RuoYiFileApplication - [logStarted,61] - Started RuoYiFileApplication in 13.344 seconds (JVM running for 15.066)
19:08:54.146 [main] INFO  c.a.n.c.c.i.ClientWorker - [addCacheDataIfAbsent,384] - [config_rpc_client] [subscribe] ruoyi-file-dev.yml+DEFAULT_GROUP
19:08:54.148 [main] INFO  c.a.n.c.c.i.CacheData - [addListener,173] - [config_rpc_client] [add-listener] ok, tenant=, dataId=ruoyi-file-dev.yml, group=DEFAULT_GROUP, cnt=1
19:08:54.148 [main] INFO  c.a.n.c.c.i.ClientWorker - [addCacheDataIfAbsent,384] - [config_rpc_client] [subscribe] ruoyi-file+DEFAULT_GROUP
19:08:54.148 [main] INFO  c.a.n.c.c.i.CacheData - [addListener,173] - [config_rpc_client] [add-listener] ok, tenant=, dataId=ruoyi-file, group=DEFAULT_GROUP, cnt=1
19:08:54.149 [main] INFO  c.a.n.c.c.i.ClientWorker - [addCacheDataIfAbsent,384] - [config_rpc_client] [subscribe] ruoyi-file.yml+DEFAULT_GROUP
19:08:54.149 [main] INFO  c.a.n.c.c.i.CacheData - [addListener,173] - [config_rpc_client] [add-listener] ok, tenant=, dataId=ruoyi-file.yml, group=DEFAULT_GROUP, cnt=1
19:08:54.181 [com.alibaba.nacos.client.naming.updater.0] INFO  c.a.n.client.naming - [isChangedServiceInfo,235] - new ips(1) service: DEFAULT_GROUP@@ruoyi-file@@DEFAULT -> [{"ip":"192.168.1.9","port":9300,"weight":1.0,"healthy":true,"enabled":true,"ephemeral":true,"clusterName":"DEFAULT","serviceName":"DEFAULT_GROUP@@ruoyi-file","metadata":{"preserved.register.source":"SPRING_CLOUD"},"instanceHeartBeatTimeOut":15000,"instanceHeartBeatInterval":5000,"ipDeleteTimeout":30000}]
19:08:54.181 [com.alibaba.nacos.client.naming.updater.0] INFO  c.a.n.client.naming - [processServiceInfo,166] - current ips:(1) service: DEFAULT_GROUP@@ruoyi-file@@DEFAULT -> [{"ip":"192.168.1.9","port":9300,"weight":1.0,"healthy":true,"enabled":true,"ephemeral":true,"clusterName":"DEFAULT","serviceName":"DEFAULT_GROUP@@ruoyi-file","metadata":{"preserved.register.source":"SPRING_CLOUD"},"instanceHeartBeatTimeOut":15000,"instanceHeartBeatInterval":5000,"ipDeleteTimeout":30000}]
19:08:54.674 [RMI TCP Connection(3)-192.168.1.9] INFO  o.a.c.c.C.[.[.[/] - [log,173] - Initializing Spring DispatcherServlet 'dispatcherServlet'
22:55:50.600 [SpringApplicationShutdownHook] INFO  c.a.c.n.r.NacosServiceRegistry - [deregister,90] - De-registering from Nacos Server now...
22:55:50.601 [SpringApplicationShutdownHook] INFO  c.a.n.client.naming - [deregisterService,136] - [DEREGISTER-SERVICE] public deregistering service ruoyi-file with instance: Instance{instanceId='null', ip='192.168.1.9', port=9300, weight=1.0, healthy=true, enabled=true, ephemeral=true, clusterName='DEFAULT', serviceName='null', metadata={}}
22:55:50.604 [SpringApplicationShutdownHook] INFO  c.a.c.n.r.NacosServiceRegistry - [deregister,110] - De-registration finished.
22:55:50.606 [SpringApplicationShutdownHook] INFO  c.a.n.client.naming - [shutdown,256] - com.alibaba.nacos.client.naming.cache.ServiceInfoHolder do shutdown begin
22:55:50.607 [SpringApplicationShutdownHook] INFO  c.a.n.client.naming - [shutdown,140] - com.alibaba.nacos.client.naming.backups.FailoverReactor do shutdown begin
22:55:50.607 [SpringApplicationShutdownHook] INFO  c.a.n.client.naming - [shutdown,142] - com.alibaba.nacos.client.naming.backups.FailoverReactor do shutdown stop
22:55:50.607 [SpringApplicationShutdownHook] INFO  c.a.n.client.naming - [shutdown,258] - com.alibaba.nacos.client.naming.cache.ServiceInfoHolder do shutdown stop
22:55:50.608 [SpringApplicationShutdownHook] INFO  c.a.n.client.naming - [shutdown,176] - com.alibaba.nacos.client.naming.remote.NamingClientProxyDelegate do shutdown begin
22:55:50.608 [SpringApplicationShutdownHook] INFO  c.a.n.client.naming - [shutdown,130] - com.alibaba.nacos.client.naming.core.ServiceInfoUpdateService do shutdown begin
22:55:50.946 [SpringApplicationShutdownHook] INFO  c.a.n.client.naming - [shutdown,132] - com.alibaba.nacos.client.naming.core.ServiceInfoUpdateService do shutdown stop
22:55:50.947 [SpringApplicationShutdownHook] INFO  c.a.n.client.naming - [shutdown,188] - com.alibaba.nacos.client.naming.core.ServerListManager do shutdown begin
22:55:50.948 [SpringApplicationShutdownHook] INFO  c.a.n.client.naming - [shutdown,193] - com.alibaba.nacos.client.naming.core.ServerListManager do shutdown stop
22:55:50.948 [SpringApplicationShutdownHook] INFO  c.a.n.client.naming - [shutdown,519] - com.alibaba.nacos.client.naming.remote.http.NamingHttpClientProxy do shutdown begin
22:55:50.948 [SpringApplicationShutdownHook] INFO  c.a.n.client.naming - [shutdown,162] - com.alibaba.nacos.client.naming.beat.BeatReactor do shutdown begin
22:55:50.948 [SpringApplicationShutdownHook] INFO  c.a.n.client.naming - [shutdown,164] - com.alibaba.nacos.client.naming.beat.BeatReactor do shutdown stop
22:55:50.949 [SpringApplicationShutdownHook] INFO  c.a.n.c.i.CredentialWatcher - [stop,105] - [null] CredentialWatcher is stopped
22:55:50.949 [SpringApplicationShutdownHook] INFO  c.a.n.c.i.CredentialService - [free,99] - [null] CredentialService is freed
22:55:50.950 [SpringApplicationShutdownHook] INFO  c.a.n.client.naming - [shutdown,523] - com.alibaba.nacos.client.naming.remote.http.NamingHttpClientProxy do shutdown stop
22:55:50.950 [SpringApplicationShutdownHook] INFO  c.a.n.c.r.client - [shutdown,461] - Shutdown rpc client ,set status to shutdown
22:55:50.950 [SpringApplicationShutdownHook] INFO  c.a.n.c.r.client - [shutdown,463] - Shutdown  client event executor java.util.concurrent.ScheduledThreadPoolExecutor@1a987dd7[Running, pool size = 2, active threads = 2, queued tasks = 0, completed tasks = 0]
22:55:50.950 [SpringApplicationShutdownHook] INFO  c.a.n.c.r.client - [shutdown,465] - Close current connection 1661598531291_127.0.0.1_62413
22:55:50.953 [nacos-grpc-client-executor-2770] INFO  c.a.n.c.r.c.g.GrpcClient - [printIfInfoEnabled,60] - [1661598531291_127.0.0.1_62413]Ignore complete event,isRunning:false,isAbandon=false
22:55:50.957 [SpringApplicationShutdownHook] INFO  c.a.n.c.r.c.g.GrpcClient - [shutdown,83] - Shutdown grpc executor java.util.concurrent.ThreadPoolExecutor@6ef0fb69[Running, pool size = 5, active threads = 0, queued tasks = 0, completed tasks = 2771]
22:55:50.957 [SpringApplicationShutdownHook] INFO  c.a.n.client.naming - [shutdown,251] - Shutdown grpc redo service executor java.util.concurrent.ScheduledThreadPoolExecutor@68cbc646[Running, pool size = 1, active threads = 0, queued tasks = 1, completed tasks = 4528]
22:55:50.958 [SpringApplicationShutdownHook] INFO  c.a.n.client.naming - [shutdown,182] - com.alibaba.nacos.client.naming.remote.NamingClientProxyDelegate do shutdown stop
