00:17:21.390 [background-preinit] INFO  o.h.v.i.util.Version - [<clinit>,21] - HV000001: Hibernate Validator 6.2.3.Final
00:17:22.080 [main] INFO  c.a.n.c.c.i.LocalConfigInfoProcessor - [<clinit>,67] - LOCAL_SNAPSHOT_PATH:C:\Users\lujiaxin\nacos\config
00:17:22.083 [main] INFO  c.a.n.c.r.client - [lambda$createClient$0,77] - [RpcClientFactory] create a new rpc client of 563d8235-a6cf-4f56-af86-c343f5991413_config-0
00:17:22.141 [main] INFO  o.r.Reflections - [scan,232] - Reflections took 31 ms to scan 1 urls, producing 3 keys and 6 values 
00:17:22.170 [main] INFO  o.r.Reflections - [scan,232] - Reflections took 14 ms to scan 1 urls, producing 4 keys and 9 values 
00:17:22.186 [main] INFO  o.r.Reflections - [scan,232] - Reflections took 13 ms to scan 1 urls, producing 3 keys and 10 values 
00:17:22.372 [main] INFO  o.r.Reflections - [scan,232] - Reflections took 183 ms to scan 239 urls, producing 0 keys and 0 values 
00:17:22.383 [main] INFO  o.r.Reflections - [scan,232] - Reflections took 10 ms to scan 1 urls, producing 1 keys and 5 values 
00:17:22.394 [main] INFO  o.r.Reflections - [scan,232] - Reflections took 9 ms to scan 1 urls, producing 1 keys and 7 values 
00:17:22.409 [main] INFO  o.r.Reflections - [scan,232] - Reflections took 12 ms to scan 1 urls, producing 2 keys and 8 values 
00:17:22.549 [main] INFO  o.r.Reflections - [scan,232] - Reflections took 136 ms to scan 239 urls, producing 0 keys and 0 values 
00:17:22.550 [main] INFO  c.a.n.c.r.client - [printIfInfoEnabled,60] - [563d8235-a6cf-4f56-af86-c343f5991413_config-0]RpcClient init label, labels={module=config, Vipserver-Tag=null, source=sdk, Amory-Tag=null, Location-Tag=null, taskId=0, AppName=unknown}
00:17:22.551 [main] INFO  c.a.n.c.r.client - [printIfInfoEnabled,60] - [563d8235-a6cf-4f56-af86-c343f5991413_config-0]Register server push request handler:com.alibaba.nacos.client.config.impl.ClientWorker$ConfigRpcTransportClient$$Lambda$329/2054451662
00:17:22.551 [main] INFO  c.a.n.c.r.client - [printIfInfoEnabled,60] - [563d8235-a6cf-4f56-af86-c343f5991413_config-0]Register server push request handler:com.alibaba.nacos.client.config.impl.ClientWorker$ConfigRpcTransportClient$$Lambda$330/673672784
00:17:22.552 [main] INFO  c.a.n.c.r.client - [printIfInfoEnabled,60] - [563d8235-a6cf-4f56-af86-c343f5991413_config-0]Registry connection listener to current client:com.alibaba.nacos.client.config.impl.ClientWorker$ConfigRpcTransportClient$1
00:17:22.553 [main] INFO  c.a.n.c.r.client - [printIfInfoEnabled,60] - [563d8235-a6cf-4f56-af86-c343f5991413_config-0]RpcClient init, ServerListFactory =com.alibaba.nacos.client.config.impl.ClientWorker$ConfigRpcTransportClient$2
00:17:22.560 [main] INFO  c.a.n.c.r.client - [printIfInfoEnabled,60] - [563d8235-a6cf-4f56-af86-c343f5991413_config-0] Try to connect to server on start up, server: {serverIp='127.0.0.1', server main port=8848}
00:17:23.755 [main] INFO  c.a.n.c.r.client - [printIfInfoEnabled,60] - [563d8235-a6cf-4f56-af86-c343f5991413_config-0] Success to connect to server [127.0.0.1:8848] on start up,connectionId=1664209043518_127.0.0.1_57896
00:17:23.756 [com.alibaba.nacos.client.remote.worker] INFO  c.a.n.c.r.client - [printIfInfoEnabled,60] - [563d8235-a6cf-4f56-af86-c343f5991413_config-0]Notify connected event to listeners.
00:17:23.757 [main] INFO  c.a.n.c.r.client - [printIfInfoEnabled,60] - [563d8235-a6cf-4f56-af86-c343f5991413_config-0]Register server push request handler:com.alibaba.nacos.common.remote.client.RpcClient$ConnectResetRequestHandler
00:17:23.757 [com.alibaba.nacos.client.remote.worker] INFO  c.a.n.c.c.i.ClientWorker - [onConnected,681] - [563d8235-a6cf-4f56-af86-c343f5991413_config-0] Connected,notify listen context...
00:17:23.757 [main] INFO  c.a.n.c.r.client - [printIfInfoEnabled,60] - [563d8235-a6cf-4f56-af86-c343f5991413_config-0]Register server push request handler:com.alibaba.nacos.common.remote.client.RpcClient$4
00:17:23.819 [main] INFO  c.a.n.c.c.i.Limiter - [<clinit>,56] - limitTime:5.0
00:17:23.835 [main] INFO  c.a.n.c.c.u.JvmUtil - [<clinit>,53] - isMultiInstance:false
00:17:23.862 [main] INFO  c.p.v.VehicleInformationApplication - [logStartupProfileInfo,646] - The following 1 profile is active: "dev"
00:17:26.138 [main] INFO  o.a.c.h.Http11NioProtocol - [log,173] - Initializing ProtocolHandler ["http-nio-9206"]
00:17:26.138 [main] INFO  o.a.c.c.StandardService - [log,173] - Starting service [Tomcat]
00:17:26.139 [main] INFO  o.a.c.c.StandardEngine - [log,173] - Starting Servlet engine: [Apache Tomcat/9.0.60]
00:17:26.346 [main] INFO  o.a.c.c.C.[.[.[/] - [log,173] - Initializing Spring embedded WebApplicationContext
00:17:26.594 [main] INFO  o.a.c.c.StandardService - [log,173] - Stopping service [Tomcat]
00:28:12.053 [background-preinit] INFO  o.h.v.i.util.Version - [<clinit>,21] - HV000001: Hibernate Validator 6.2.3.Final
00:28:12.827 [main] INFO  c.a.n.c.c.i.LocalConfigInfoProcessor - [<clinit>,67] - LOCAL_SNAPSHOT_PATH:C:\Users\lujiaxin\nacos\config
00:28:12.830 [main] INFO  c.a.n.c.r.client - [lambda$createClient$0,77] - [RpcClientFactory] create a new rpc client of 6a540e69-f192-4e31-91af-707411c7af64_config-0
00:28:12.888 [main] INFO  o.r.Reflections - [scan,232] - Reflections took 32 ms to scan 1 urls, producing 3 keys and 6 values 
00:28:12.920 [main] INFO  o.r.Reflections - [scan,232] - Reflections took 14 ms to scan 1 urls, producing 4 keys and 9 values 
00:28:12.936 [main] INFO  o.r.Reflections - [scan,232] - Reflections took 14 ms to scan 1 urls, producing 3 keys and 10 values 
00:28:13.131 [main] INFO  o.r.Reflections - [scan,232] - Reflections took 192 ms to scan 239 urls, producing 0 keys and 0 values 
00:28:13.143 [main] INFO  o.r.Reflections - [scan,232] - Reflections took 11 ms to scan 1 urls, producing 1 keys and 5 values 
00:28:13.156 [main] INFO  o.r.Reflections - [scan,232] - Reflections took 10 ms to scan 1 urls, producing 1 keys and 7 values 
00:28:13.170 [main] INFO  o.r.Reflections - [scan,232] - Reflections took 11 ms to scan 1 urls, producing 2 keys and 8 values 
00:28:13.319 [main] INFO  o.r.Reflections - [scan,232] - Reflections took 146 ms to scan 239 urls, producing 0 keys and 0 values 
00:28:13.320 [main] INFO  c.a.n.c.r.client - [printIfInfoEnabled,60] - [6a540e69-f192-4e31-91af-707411c7af64_config-0]RpcClient init label, labels={module=config, Vipserver-Tag=null, source=sdk, Amory-Tag=null, Location-Tag=null, taskId=0, AppName=unknown}
00:28:13.321 [main] INFO  c.a.n.c.r.client - [printIfInfoEnabled,60] - [6a540e69-f192-4e31-91af-707411c7af64_config-0]Register server push request handler:com.alibaba.nacos.client.config.impl.ClientWorker$ConfigRpcTransportClient$$Lambda$329/1079125839
00:28:13.321 [main] INFO  c.a.n.c.r.client - [printIfInfoEnabled,60] - [6a540e69-f192-4e31-91af-707411c7af64_config-0]Register server push request handler:com.alibaba.nacos.client.config.impl.ClientWorker$ConfigRpcTransportClient$$Lambda$330/321772459
00:28:13.322 [main] INFO  c.a.n.c.r.client - [printIfInfoEnabled,60] - [6a540e69-f192-4e31-91af-707411c7af64_config-0]Registry connection listener to current client:com.alibaba.nacos.client.config.impl.ClientWorker$ConfigRpcTransportClient$1
00:28:13.323 [main] INFO  c.a.n.c.r.client - [printIfInfoEnabled,60] - [6a540e69-f192-4e31-91af-707411c7af64_config-0]RpcClient init, ServerListFactory =com.alibaba.nacos.client.config.impl.ClientWorker$ConfigRpcTransportClient$2
00:28:13.330 [main] INFO  c.a.n.c.r.client - [printIfInfoEnabled,60] - [6a540e69-f192-4e31-91af-707411c7af64_config-0] Try to connect to server on start up, server: {serverIp='127.0.0.1', server main port=8848}
00:28:14.499 [main] INFO  c.a.n.c.r.client - [printIfInfoEnabled,60] - [6a540e69-f192-4e31-91af-707411c7af64_config-0] Success to connect to server [127.0.0.1:8848] on start up,connectionId=1664209694262_127.0.0.1_58838
00:28:14.500 [com.alibaba.nacos.client.remote.worker] INFO  c.a.n.c.r.client - [printIfInfoEnabled,60] - [6a540e69-f192-4e31-91af-707411c7af64_config-0]Notify connected event to listeners.
00:28:14.500 [com.alibaba.nacos.client.remote.worker] INFO  c.a.n.c.c.i.ClientWorker - [onConnected,681] - [6a540e69-f192-4e31-91af-707411c7af64_config-0] Connected,notify listen context...
00:28:14.500 [main] INFO  c.a.n.c.r.client - [printIfInfoEnabled,60] - [6a540e69-f192-4e31-91af-707411c7af64_config-0]Register server push request handler:com.alibaba.nacos.common.remote.client.RpcClient$ConnectResetRequestHandler
00:28:14.501 [main] INFO  c.a.n.c.r.client - [printIfInfoEnabled,60] - [6a540e69-f192-4e31-91af-707411c7af64_config-0]Register server push request handler:com.alibaba.nacos.common.remote.client.RpcClient$4
00:28:14.544 [main] INFO  c.a.n.c.c.i.Limiter - [<clinit>,56] - limitTime:5.0
00:28:14.562 [main] INFO  c.a.n.c.c.u.JvmUtil - [<clinit>,53] - isMultiInstance:false
00:28:14.590 [main] INFO  c.p.v.VehicleInformationApplication - [logStartupProfileInfo,646] - The following 1 profile is active: "dev"
00:28:16.941 [main] INFO  o.a.c.h.Http11NioProtocol - [log,173] - Initializing ProtocolHandler ["http-nio-9206"]
00:28:16.942 [main] INFO  o.a.c.c.StandardService - [log,173] - Starting service [Tomcat]
00:28:16.943 [main] INFO  o.a.c.c.StandardEngine - [log,173] - Starting Servlet engine: [Apache Tomcat/9.0.60]
00:28:17.197 [main] INFO  o.a.c.c.C.[.[.[/] - [log,173] - Initializing Spring embedded WebApplicationContext
00:28:17.502 [main] INFO  o.a.c.c.StandardService - [log,173] - Stopping service [Tomcat]
00:34:13.832 [background-preinit] INFO  o.h.v.i.util.Version - [<clinit>,21] - HV000001: Hibernate Validator 6.2.3.Final
00:34:14.491 [main] INFO  c.a.n.c.c.i.LocalConfigInfoProcessor - [<clinit>,67] - LOCAL_SNAPSHOT_PATH:C:\Users\lujiaxin\nacos\config
00:34:14.495 [main] INFO  c.a.n.c.r.client - [lambda$createClient$0,77] - [RpcClientFactory] create a new rpc client of 1679f541-5ebf-41c4-a18e-c6a1cf787818_config-0
00:34:14.551 [main] INFO  o.r.Reflections - [scan,232] - Reflections took 30 ms to scan 1 urls, producing 3 keys and 6 values 
00:34:14.581 [main] INFO  o.r.Reflections - [scan,232] - Reflections took 14 ms to scan 1 urls, producing 4 keys and 9 values 
00:34:14.595 [main] INFO  o.r.Reflections - [scan,232] - Reflections took 12 ms to scan 1 urls, producing 3 keys and 10 values 
00:34:14.778 [main] INFO  o.r.Reflections - [scan,232] - Reflections took 179 ms to scan 239 urls, producing 0 keys and 0 values 
00:34:14.789 [main] INFO  o.r.Reflections - [scan,232] - Reflections took 11 ms to scan 1 urls, producing 1 keys and 5 values 
00:34:14.800 [main] INFO  o.r.Reflections - [scan,232] - Reflections took 9 ms to scan 1 urls, producing 1 keys and 7 values 
00:34:14.814 [main] INFO  o.r.Reflections - [scan,232] - Reflections took 12 ms to scan 1 urls, producing 2 keys and 8 values 
00:34:14.955 [main] INFO  o.r.Reflections - [scan,232] - Reflections took 138 ms to scan 239 urls, producing 0 keys and 0 values 
00:34:14.956 [main] INFO  c.a.n.c.r.client - [printIfInfoEnabled,60] - [1679f541-5ebf-41c4-a18e-c6a1cf787818_config-0]RpcClient init label, labels={module=config, Vipserver-Tag=null, source=sdk, Amory-Tag=null, Location-Tag=null, taskId=0, AppName=unknown}
00:34:14.957 [main] INFO  c.a.n.c.r.client - [printIfInfoEnabled,60] - [1679f541-5ebf-41c4-a18e-c6a1cf787818_config-0]Register server push request handler:com.alibaba.nacos.client.config.impl.ClientWorker$ConfigRpcTransportClient$$Lambda$329/2054451662
00:34:14.957 [main] INFO  c.a.n.c.r.client - [printIfInfoEnabled,60] - [1679f541-5ebf-41c4-a18e-c6a1cf787818_config-0]Register server push request handler:com.alibaba.nacos.client.config.impl.ClientWorker$ConfigRpcTransportClient$$Lambda$330/673672784
00:34:14.958 [main] INFO  c.a.n.c.r.client - [printIfInfoEnabled,60] - [1679f541-5ebf-41c4-a18e-c6a1cf787818_config-0]Registry connection listener to current client:com.alibaba.nacos.client.config.impl.ClientWorker$ConfigRpcTransportClient$1
00:34:14.959 [main] INFO  c.a.n.c.r.client - [printIfInfoEnabled,60] - [1679f541-5ebf-41c4-a18e-c6a1cf787818_config-0]RpcClient init, ServerListFactory =com.alibaba.nacos.client.config.impl.ClientWorker$ConfigRpcTransportClient$2
00:34:14.966 [main] INFO  c.a.n.c.r.client - [printIfInfoEnabled,60] - [1679f541-5ebf-41c4-a18e-c6a1cf787818_config-0] Try to connect to server on start up, server: {serverIp='127.0.0.1', server main port=8848}
00:34:16.117 [main] INFO  c.a.n.c.r.client - [printIfInfoEnabled,60] - [1679f541-5ebf-41c4-a18e-c6a1cf787818_config-0] Success to connect to server [127.0.0.1:8848] on start up,connectionId=1664210055876_127.0.0.1_59512
00:34:16.120 [com.alibaba.nacos.client.remote.worker] INFO  c.a.n.c.r.client - [printIfInfoEnabled,60] - [1679f541-5ebf-41c4-a18e-c6a1cf787818_config-0]Notify connected event to listeners.
00:34:16.121 [main] INFO  c.a.n.c.r.client - [printIfInfoEnabled,60] - [1679f541-5ebf-41c4-a18e-c6a1cf787818_config-0]Register server push request handler:com.alibaba.nacos.common.remote.client.RpcClient$ConnectResetRequestHandler
00:34:16.121 [com.alibaba.nacos.client.remote.worker] INFO  c.a.n.c.c.i.ClientWorker - [onConnected,681] - [1679f541-5ebf-41c4-a18e-c6a1cf787818_config-0] Connected,notify listen context...
00:34:16.122 [main] INFO  c.a.n.c.r.client - [printIfInfoEnabled,60] - [1679f541-5ebf-41c4-a18e-c6a1cf787818_config-0]Register server push request handler:com.alibaba.nacos.common.remote.client.RpcClient$4
00:34:16.188 [main] INFO  c.a.n.c.c.i.Limiter - [<clinit>,56] - limitTime:5.0
00:34:16.202 [main] INFO  c.a.n.c.c.u.JvmUtil - [<clinit>,53] - isMultiInstance:false
00:34:16.233 [main] INFO  c.r.v.VehicleInformationApplication - [logStartupProfileInfo,646] - The following 1 profile is active: "dev"
00:34:18.518 [main] INFO  o.a.c.h.Http11NioProtocol - [log,173] - Initializing ProtocolHandler ["http-nio-9206"]
00:34:18.519 [main] INFO  o.a.c.c.StandardService - [log,173] - Starting service [Tomcat]
00:34:18.519 [main] INFO  o.a.c.c.StandardEngine - [log,173] - Starting Servlet engine: [Apache Tomcat/9.0.60]
00:34:18.720 [main] INFO  o.a.c.c.C.[.[.[/] - [log,173] - Initializing Spring embedded WebApplicationContext
00:34:19.845 [main] INFO  c.a.d.p.DruidDataSource - [init,998] - {dataSource-1,master} inited
00:34:19.847 [main] INFO  c.b.d.d.DynamicRoutingDataSource - [addDataSource,148] - dynamic-datasource - add a datasource named [master] success
00:34:19.847 [main] INFO  c.b.d.d.DynamicRoutingDataSource - [afterPropertiesSet,228] - dynamic-datasource initial loaded [1] datasource,primary datasource named [master]
00:34:19.998 [main] INFO  c.b.d.d.DynamicRoutingDataSource - [destroy,205] - dynamic-datasource start closing ....
00:34:20.000 [main] INFO  c.a.d.p.DruidDataSource - [close,2071] - {dataSource-1} closing ...
00:34:20.005 [main] INFO  c.a.d.p.DruidDataSource - [close,2144] - {dataSource-1} closed
00:34:20.006 [main] INFO  c.b.d.d.DynamicRoutingDataSource - [destroy,209] - dynamic-datasource all closed success,bye
00:34:20.007 [main] INFO  o.a.c.c.StandardService - [log,173] - Stopping service [Tomcat]
00:36:11.806 [background-preinit] INFO  o.h.v.i.util.Version - [<clinit>,21] - HV000001: Hibernate Validator 6.2.3.Final
00:36:12.482 [main] INFO  c.a.n.c.c.i.LocalConfigInfoProcessor - [<clinit>,67] - LOCAL_SNAPSHOT_PATH:C:\Users\lujiaxin\nacos\config
00:36:12.484 [main] INFO  c.a.n.c.r.client - [lambda$createClient$0,77] - [RpcClientFactory] create a new rpc client of e2668ff3-965d-4132-9cbe-0df3d76e8b7d_config-0
00:36:12.527 [main] INFO  o.r.Reflections - [scan,232] - Reflections took 28 ms to scan 1 urls, producing 3 keys and 6 values 
00:36:12.552 [main] INFO  o.r.Reflections - [scan,232] - Reflections took 13 ms to scan 1 urls, producing 4 keys and 9 values 
00:36:12.565 [main] INFO  o.r.Reflections - [scan,232] - Reflections took 10 ms to scan 1 urls, producing 3 keys and 10 values 
00:36:12.747 [main] INFO  o.r.Reflections - [scan,232] - Reflections took 179 ms to scan 239 urls, producing 0 keys and 0 values 
00:36:12.758 [main] INFO  o.r.Reflections - [scan,232] - Reflections took 9 ms to scan 1 urls, producing 1 keys and 5 values 
00:36:12.770 [main] INFO  o.r.Reflections - [scan,232] - Reflections took 9 ms to scan 1 urls, producing 1 keys and 7 values 
00:36:12.783 [main] INFO  o.r.Reflections - [scan,232] - Reflections took 11 ms to scan 1 urls, producing 2 keys and 8 values 
00:36:12.920 [main] INFO  o.r.Reflections - [scan,232] - Reflections took 134 ms to scan 239 urls, producing 0 keys and 0 values 
00:36:12.921 [main] INFO  c.a.n.c.r.client - [printIfInfoEnabled,60] - [e2668ff3-965d-4132-9cbe-0df3d76e8b7d_config-0]RpcClient init label, labels={module=config, Vipserver-Tag=null, source=sdk, Amory-Tag=null, Location-Tag=null, taskId=0, AppName=unknown}
00:36:12.922 [main] INFO  c.a.n.c.r.client - [printIfInfoEnabled,60] - [e2668ff3-965d-4132-9cbe-0df3d76e8b7d_config-0]Register server push request handler:com.alibaba.nacos.client.config.impl.ClientWorker$ConfigRpcTransportClient$$Lambda$329/1659309731
00:36:12.922 [main] INFO  c.a.n.c.r.client - [printIfInfoEnabled,60] - [e2668ff3-965d-4132-9cbe-0df3d76e8b7d_config-0]Register server push request handler:com.alibaba.nacos.client.config.impl.ClientWorker$ConfigRpcTransportClient$$Lambda$330/1056862342
00:36:12.923 [main] INFO  c.a.n.c.r.client - [printIfInfoEnabled,60] - [e2668ff3-965d-4132-9cbe-0df3d76e8b7d_config-0]Registry connection listener to current client:com.alibaba.nacos.client.config.impl.ClientWorker$ConfigRpcTransportClient$1
00:36:12.924 [main] INFO  c.a.n.c.r.client - [printIfInfoEnabled,60] - [e2668ff3-965d-4132-9cbe-0df3d76e8b7d_config-0]RpcClient init, ServerListFactory =com.alibaba.nacos.client.config.impl.ClientWorker$ConfigRpcTransportClient$2
00:36:12.931 [main] INFO  c.a.n.c.r.client - [printIfInfoEnabled,60] - [e2668ff3-965d-4132-9cbe-0df3d76e8b7d_config-0] Try to connect to server on start up, server: {serverIp='127.0.0.1', server main port=8848}
00:36:14.102 [main] INFO  c.a.n.c.r.client - [printIfInfoEnabled,60] - [e2668ff3-965d-4132-9cbe-0df3d76e8b7d_config-0] Success to connect to server [127.0.0.1:8848] on start up,connectionId=1664210173860_127.0.0.1_59701
00:36:14.103 [com.alibaba.nacos.client.remote.worker] INFO  c.a.n.c.r.client - [printIfInfoEnabled,60] - [e2668ff3-965d-4132-9cbe-0df3d76e8b7d_config-0]Notify connected event to listeners.
00:36:14.103 [com.alibaba.nacos.client.remote.worker] INFO  c.a.n.c.c.i.ClientWorker - [onConnected,681] - [e2668ff3-965d-4132-9cbe-0df3d76e8b7d_config-0] Connected,notify listen context...
00:36:14.103 [main] INFO  c.a.n.c.r.client - [printIfInfoEnabled,60] - [e2668ff3-965d-4132-9cbe-0df3d76e8b7d_config-0]Register server push request handler:com.alibaba.nacos.common.remote.client.RpcClient$ConnectResetRequestHandler
00:36:14.103 [main] INFO  c.a.n.c.r.client - [printIfInfoEnabled,60] - [e2668ff3-965d-4132-9cbe-0df3d76e8b7d_config-0]Register server push request handler:com.alibaba.nacos.common.remote.client.RpcClient$4
00:36:14.150 [main] INFO  c.a.n.c.c.i.Limiter - [<clinit>,56] - limitTime:5.0
00:36:14.165 [main] INFO  c.a.n.c.c.u.JvmUtil - [<clinit>,53] - isMultiInstance:false
00:36:14.194 [main] INFO  c.r.v.VehicleInformationApplication - [logStartupProfileInfo,646] - The following 1 profile is active: "dev"
00:36:16.407 [main] INFO  o.a.c.h.Http11NioProtocol - [log,173] - Initializing ProtocolHandler ["http-nio-9206"]
00:36:16.407 [main] INFO  o.a.c.c.StandardService - [log,173] - Starting service [Tomcat]
00:36:16.408 [main] INFO  o.a.c.c.StandardEngine - [log,173] - Starting Servlet engine: [Apache Tomcat/9.0.60]
00:36:16.628 [main] INFO  o.a.c.c.C.[.[.[/] - [log,173] - Initializing Spring embedded WebApplicationContext
00:36:17.861 [main] INFO  c.a.d.p.DruidDataSource - [init,998] - {dataSource-1,master} inited
00:36:17.862 [main] INFO  c.b.d.d.DynamicRoutingDataSource - [addDataSource,148] - dynamic-datasource - add a datasource named [master] success
00:36:17.862 [main] INFO  c.b.d.d.DynamicRoutingDataSource - [afterPropertiesSet,228] - dynamic-datasource initial loaded [1] datasource,primary datasource named [master]
00:36:19.488 [main] INFO  c.a.n.client.naming - [initNamespaceForNaming,63] - initializer namespace from System Property : null
00:36:19.489 [main] INFO  c.a.n.client.naming - [call,69] - initializer namespace from System Environment :null
00:36:19.490 [main] INFO  c.a.n.client.naming - [call,79] - initializer namespace from System Property :null
00:36:19.513 [main] INFO  c.a.n.c.r.client - [lambda$createClient$0,77] - [RpcClientFactory] create a new rpc client of 80cd63ac-1c91-44d5-8218-c4ad254132c5
00:36:19.513 [main] INFO  c.a.n.c.r.client - [printIfInfoEnabled,60] - [80cd63ac-1c91-44d5-8218-c4ad254132c5]RpcClient init label, labels={module=naming, source=sdk}
00:36:19.516 [main] INFO  c.a.n.c.r.client - [printIfInfoEnabled,60] - [80cd63ac-1c91-44d5-8218-c4ad254132c5]RpcClient init, ServerListFactory =com.alibaba.nacos.client.naming.core.ServerListManager
00:36:19.516 [main] INFO  c.a.n.c.r.client - [printIfInfoEnabled,60] - [80cd63ac-1c91-44d5-8218-c4ad254132c5]Registry connection listener to current client:com.alibaba.nacos.client.naming.remote.gprc.redo.NamingGrpcRedoService
00:36:19.517 [main] INFO  c.a.n.c.r.client - [printIfInfoEnabled,60] - [80cd63ac-1c91-44d5-8218-c4ad254132c5]Register server push request handler:com.alibaba.nacos.client.naming.remote.gprc.NamingPushRequestHandler
00:36:19.518 [main] INFO  c.a.n.c.r.client - [printIfInfoEnabled,60] - [80cd63ac-1c91-44d5-8218-c4ad254132c5] Try to connect to server on start up, server: {serverIp='127.0.0.1', server main port=8848}
00:36:19.635 [main] INFO  c.a.n.c.r.client - [printIfInfoEnabled,60] - [80cd63ac-1c91-44d5-8218-c4ad254132c5] Success to connect to server [127.0.0.1:8848] on start up,connectionId=1664210179527_127.0.0.1_59717
00:36:19.638 [com.alibaba.nacos.client.remote.worker] INFO  c.a.n.c.r.client - [printIfInfoEnabled,60] - [80cd63ac-1c91-44d5-8218-c4ad254132c5]Notify connected event to listeners.
00:36:19.639 [com.alibaba.nacos.client.remote.worker] INFO  c.a.n.client.naming - [onConnected,76] - Grpc connection connect
00:36:19.637 [main] INFO  c.a.n.c.r.client - [printIfInfoEnabled,60] - [80cd63ac-1c91-44d5-8218-c4ad254132c5]Register server push request handler:com.alibaba.nacos.common.remote.client.RpcClient$ConnectResetRequestHandler
00:36:19.640 [main] INFO  c.a.n.c.r.client - [printIfInfoEnabled,60] - [80cd63ac-1c91-44d5-8218-c4ad254132c5]Register server push request handler:com.alibaba.nacos.common.remote.client.RpcClient$4
00:36:21.537 [main] INFO  c.a.n.client.naming - [isChangedServiceInfo,181] - init new ips(0) service: DEFAULT_GROUP@@park-vehicle@@DEFAULT -> []
00:36:21.547 [main] INFO  c.a.n.client.naming - [processServiceInfo,166] - current ips:(0) service: DEFAULT_GROUP@@park-vehicle@@DEFAULT -> []
00:36:21.555 [main] INFO  o.a.c.h.Http11NioProtocol - [log,173] - Starting ProtocolHandler ["http-nio-9206"]
00:36:21.572 [main] INFO  c.a.n.client.naming - [registerService,112] - [REGISTER-SERVICE] public registering service park-vehicle with instance Instance{instanceId='null', ip='192.168.0.103', port=9206, weight=1.0, healthy=true, enabled=true, ephemeral=true, clusterName='DEFAULT', serviceName='null', metadata={preserved.register.source=SPRING_CLOUD}}
00:36:21.584 [main] INFO  c.a.c.n.r.NacosServiceRegistry - [register,75] - nacos registry, DEFAULT_GROUP park-vehicle 192.168.0.103:9206 register finished
00:36:21.968 [main] INFO  c.r.v.VehicleInformationApplication - [logStarted,61] - Started VehicleInformationApplication in 10.885 seconds (JVM running for 12.039)
00:36:21.976 [main] INFO  c.a.n.c.c.i.ClientWorker - [addCacheDataIfAbsent,384] - [config_rpc_client] [subscribe] park-vehicle-dev.yml+DEFAULT_GROUP
00:36:21.977 [main] INFO  c.a.n.c.c.i.CacheData - [addListener,173] - [config_rpc_client] [add-listener] ok, tenant=, dataId=park-vehicle-dev.yml, group=DEFAULT_GROUP, cnt=1
00:36:21.977 [main] INFO  c.a.n.c.c.i.ClientWorker - [addCacheDataIfAbsent,384] - [config_rpc_client] [subscribe] park-vehicle+DEFAULT_GROUP
00:36:21.977 [main] INFO  c.a.n.c.c.i.CacheData - [addListener,173] - [config_rpc_client] [add-listener] ok, tenant=, dataId=park-vehicle, group=DEFAULT_GROUP, cnt=1
00:36:21.978 [main] INFO  c.a.n.c.c.i.ClientWorker - [addCacheDataIfAbsent,384] - [config_rpc_client] [subscribe] park-vehicle.yml+DEFAULT_GROUP
00:36:21.978 [main] INFO  c.a.n.c.c.i.CacheData - [addListener,173] - [config_rpc_client] [add-listener] ok, tenant=, dataId=park-vehicle.yml, group=DEFAULT_GROUP, cnt=1
00:36:22.117 [nacos-grpc-client-executor-6] INFO  c.a.n.c.r.client - [printIfInfoEnabled,60] - [80cd63ac-1c91-44d5-8218-c4ad254132c5]receive server push request,request=NotifySubscriberRequest,requestId=25
00:36:22.120 [nacos-grpc-client-executor-6] INFO  c.a.n.client.naming - [isChangedServiceInfo,181] - init new ips(1) service: DEFAULT_GROUP@@park-vehicle -> [{"ip":"192.168.0.103","port":9206,"weight":1.0,"healthy":true,"enabled":true,"ephemeral":true,"clusterName":"DEFAULT","serviceName":"DEFAULT_GROUP@@park-vehicle","metadata":{"preserved.register.source":"SPRING_CLOUD"},"ipDeleteTimeout":30000,"instanceHeartBeatInterval":5000,"instanceHeartBeatTimeOut":15000}]
00:36:22.120 [nacos-grpc-client-executor-6] INFO  c.a.n.client.naming - [processServiceInfo,166] - current ips:(1) service: DEFAULT_GROUP@@park-vehicle -> [{"ip":"192.168.0.103","port":9206,"weight":1.0,"healthy":true,"enabled":true,"ephemeral":true,"clusterName":"DEFAULT","serviceName":"DEFAULT_GROUP@@park-vehicle","metadata":{"preserved.register.source":"SPRING_CLOUD"},"ipDeleteTimeout":30000,"instanceHeartBeatInterval":5000,"instanceHeartBeatTimeOut":15000}]
00:36:22.121 [nacos-grpc-client-executor-6] INFO  c.a.n.c.r.client - [printIfInfoEnabled,60] - [80cd63ac-1c91-44d5-8218-c4ad254132c5]ack server push request,request=NotifySubscriberRequest,requestId=25
00:36:22.535 [com.alibaba.nacos.client.naming.updater.0] INFO  c.a.n.client.naming - [isChangedServiceInfo,235] - new ips(1) service: DEFAULT_GROUP@@park-vehicle@@DEFAULT -> [{"ip":"192.168.0.103","port":9206,"weight":1.0,"healthy":true,"enabled":true,"ephemeral":true,"clusterName":"DEFAULT","serviceName":"DEFAULT_GROUP@@park-vehicle","metadata":{"preserved.register.source":"SPRING_CLOUD"},"ipDeleteTimeout":30000,"instanceHeartBeatInterval":5000,"instanceHeartBeatTimeOut":15000}]
00:36:22.536 [com.alibaba.nacos.client.naming.updater.0] INFO  c.a.n.client.naming - [processServiceInfo,166] - current ips:(1) service: DEFAULT_GROUP@@park-vehicle@@DEFAULT -> [{"ip":"192.168.0.103","port":9206,"weight":1.0,"healthy":true,"enabled":true,"ephemeral":true,"clusterName":"DEFAULT","serviceName":"DEFAULT_GROUP@@park-vehicle","metadata":{"preserved.register.source":"SPRING_CLOUD"},"ipDeleteTimeout":30000,"instanceHeartBeatInterval":5000,"instanceHeartBeatTimeOut":15000}]
00:36:22.631 [RMI TCP Connection(2)-192.168.0.103] INFO  o.a.c.c.C.[.[.[/] - [log,173] - Initializing Spring DispatcherServlet 'dispatcherServlet'
14:53:52.916 [background-preinit] INFO  o.h.v.i.util.Version - [<clinit>,21] - HV000001: Hibernate Validator 6.2.3.Final
14:53:53.589 [main] INFO  c.a.n.c.c.i.LocalConfigInfoProcessor - [<clinit>,67] - LOCAL_SNAPSHOT_PATH:C:\Users\lujiaxin\nacos\config
14:53:53.592 [main] INFO  c.a.n.c.r.client - [lambda$createClient$0,77] - [RpcClientFactory] create a new rpc client of 1cbcdd7c-1a1c-43e3-9ce3-9bd316ada62a_config-0
14:53:53.643 [main] INFO  o.r.Reflections - [scan,232] - Reflections took 28 ms to scan 1 urls, producing 3 keys and 6 values 
14:53:53.674 [main] INFO  o.r.Reflections - [scan,232] - Reflections took 14 ms to scan 1 urls, producing 4 keys and 9 values 
14:53:53.691 [main] INFO  o.r.Reflections - [scan,232] - Reflections took 15 ms to scan 1 urls, producing 3 keys and 10 values 
14:53:53.872 [main] INFO  o.r.Reflections - [scan,232] - Reflections took 178 ms to scan 239 urls, producing 0 keys and 0 values 
14:53:53.882 [main] INFO  o.r.Reflections - [scan,232] - Reflections took 9 ms to scan 1 urls, producing 1 keys and 5 values 
14:53:53.893 [main] INFO  o.r.Reflections - [scan,232] - Reflections took 9 ms to scan 1 urls, producing 1 keys and 7 values 
14:53:53.905 [main] INFO  o.r.Reflections - [scan,232] - Reflections took 9 ms to scan 1 urls, producing 2 keys and 8 values 
14:53:54.039 [main] INFO  o.r.Reflections - [scan,232] - Reflections took 132 ms to scan 239 urls, producing 0 keys and 0 values 
14:53:54.040 [main] INFO  c.a.n.c.r.client - [printIfInfoEnabled,60] - [1cbcdd7c-1a1c-43e3-9ce3-9bd316ada62a_config-0]RpcClient init label, labels={module=config, Vipserver-Tag=null, source=sdk, Amory-Tag=null, Location-Tag=null, taskId=0, AppName=unknown}
14:53:54.041 [main] INFO  c.a.n.c.r.client - [printIfInfoEnabled,60] - [1cbcdd7c-1a1c-43e3-9ce3-9bd316ada62a_config-0]Register server push request handler:com.alibaba.nacos.client.config.impl.ClientWorker$ConfigRpcTransportClient$$Lambda$329/2054451662
14:53:54.041 [main] INFO  c.a.n.c.r.client - [printIfInfoEnabled,60] - [1cbcdd7c-1a1c-43e3-9ce3-9bd316ada62a_config-0]Register server push request handler:com.alibaba.nacos.client.config.impl.ClientWorker$ConfigRpcTransportClient$$Lambda$330/673672784
14:53:54.042 [main] INFO  c.a.n.c.r.client - [printIfInfoEnabled,60] - [1cbcdd7c-1a1c-43e3-9ce3-9bd316ada62a_config-0]Registry connection listener to current client:com.alibaba.nacos.client.config.impl.ClientWorker$ConfigRpcTransportClient$1
14:53:54.043 [main] INFO  c.a.n.c.r.client - [printIfInfoEnabled,60] - [1cbcdd7c-1a1c-43e3-9ce3-9bd316ada62a_config-0]RpcClient init, ServerListFactory =com.alibaba.nacos.client.config.impl.ClientWorker$ConfigRpcTransportClient$2
14:53:54.049 [main] INFO  c.a.n.c.r.client - [printIfInfoEnabled,60] - [1cbcdd7c-1a1c-43e3-9ce3-9bd316ada62a_config-0] Try to connect to server on start up, server: {serverIp='127.0.0.1', server main port=8848}
14:53:55.227 [main] INFO  c.a.n.c.r.client - [printIfInfoEnabled,60] - [1cbcdd7c-1a1c-43e3-9ce3-9bd316ada62a_config-0] Success to connect to server [127.0.0.1:8848] on start up,connectionId=1664261635001_127.0.0.1_51946
14:53:55.229 [com.alibaba.nacos.client.remote.worker] INFO  c.a.n.c.r.client - [printIfInfoEnabled,60] - [1cbcdd7c-1a1c-43e3-9ce3-9bd316ada62a_config-0]Notify connected event to listeners.
14:53:55.230 [com.alibaba.nacos.client.remote.worker] INFO  c.a.n.c.c.i.ClientWorker - [onConnected,681] - [1cbcdd7c-1a1c-43e3-9ce3-9bd316ada62a_config-0] Connected,notify listen context...
14:53:55.230 [main] INFO  c.a.n.c.r.client - [printIfInfoEnabled,60] - [1cbcdd7c-1a1c-43e3-9ce3-9bd316ada62a_config-0]Register server push request handler:com.alibaba.nacos.common.remote.client.RpcClient$ConnectResetRequestHandler
14:53:55.232 [main] INFO  c.a.n.c.r.client - [printIfInfoEnabled,60] - [1cbcdd7c-1a1c-43e3-9ce3-9bd316ada62a_config-0]Register server push request handler:com.alibaba.nacos.common.remote.client.RpcClient$4
14:53:55.296 [main] INFO  c.a.n.c.c.i.Limiter - [<clinit>,56] - limitTime:5.0
14:53:55.314 [main] INFO  c.a.n.c.c.u.JvmUtil - [<clinit>,53] - isMultiInstance:false
14:53:55.343 [main] INFO  c.r.v.VehicleInformationApplication - [logStartupProfileInfo,646] - The following 1 profile is active: "dev"
14:53:57.488 [main] INFO  o.a.c.h.Http11NioProtocol - [log,173] - Initializing ProtocolHandler ["http-nio-9206"]
14:53:57.489 [main] INFO  o.a.c.c.StandardService - [log,173] - Starting service [Tomcat]
14:53:57.490 [main] INFO  o.a.c.c.StandardEngine - [log,173] - Starting Servlet engine: [Apache Tomcat/9.0.60]
14:53:57.769 [main] INFO  o.a.c.c.C.[.[.[/] - [log,173] - Initializing Spring embedded WebApplicationContext
14:53:58.835 [main] INFO  c.a.d.p.DruidDataSource - [init,998] - {dataSource-1,master} inited
14:53:58.836 [main] INFO  c.b.d.d.DynamicRoutingDataSource - [addDataSource,148] - dynamic-datasource - add a datasource named [master] success
14:53:58.836 [main] INFO  c.b.d.d.DynamicRoutingDataSource - [afterPropertiesSet,228] - dynamic-datasource initial loaded [1] datasource,primary datasource named [master]
14:54:00.588 [main] INFO  c.a.n.client.naming - [initNamespaceForNaming,63] - initializer namespace from System Property : null
14:54:00.589 [main] INFO  c.a.n.client.naming - [call,69] - initializer namespace from System Environment :null
14:54:00.590 [main] INFO  c.a.n.client.naming - [call,79] - initializer namespace from System Property :null
14:54:00.616 [main] INFO  c.a.n.c.r.client - [lambda$createClient$0,77] - [RpcClientFactory] create a new rpc client of eee858db-5a26-4d5c-84be-e05998dfa404
14:54:00.616 [main] INFO  c.a.n.c.r.client - [printIfInfoEnabled,60] - [eee858db-5a26-4d5c-84be-e05998dfa404]RpcClient init label, labels={module=naming, source=sdk}
14:54:00.619 [main] INFO  c.a.n.c.r.client - [printIfInfoEnabled,60] - [eee858db-5a26-4d5c-84be-e05998dfa404]RpcClient init, ServerListFactory =com.alibaba.nacos.client.naming.core.ServerListManager
14:54:00.619 [main] INFO  c.a.n.c.r.client - [printIfInfoEnabled,60] - [eee858db-5a26-4d5c-84be-e05998dfa404]Registry connection listener to current client:com.alibaba.nacos.client.naming.remote.gprc.redo.NamingGrpcRedoService
14:54:00.620 [main] INFO  c.a.n.c.r.client - [printIfInfoEnabled,60] - [eee858db-5a26-4d5c-84be-e05998dfa404]Register server push request handler:com.alibaba.nacos.client.naming.remote.gprc.NamingPushRequestHandler
14:54:00.621 [main] INFO  c.a.n.c.r.client - [printIfInfoEnabled,60] - [eee858db-5a26-4d5c-84be-e05998dfa404] Try to connect to server on start up, server: {serverIp='127.0.0.1', server main port=8848}
14:54:00.738 [main] INFO  c.a.n.c.r.client - [printIfInfoEnabled,60] - [eee858db-5a26-4d5c-84be-e05998dfa404] Success to connect to server [127.0.0.1:8848] on start up,connectionId=1664261640628_127.0.0.1_51958
14:54:00.739 [com.alibaba.nacos.client.remote.worker] INFO  c.a.n.c.r.client - [printIfInfoEnabled,60] - [eee858db-5a26-4d5c-84be-e05998dfa404]Notify connected event to listeners.
14:54:00.739 [com.alibaba.nacos.client.remote.worker] INFO  c.a.n.client.naming - [onConnected,76] - Grpc connection connect
14:54:00.739 [main] INFO  c.a.n.c.r.client - [printIfInfoEnabled,60] - [eee858db-5a26-4d5c-84be-e05998dfa404]Register server push request handler:com.alibaba.nacos.common.remote.client.RpcClient$ConnectResetRequestHandler
14:54:00.739 [main] INFO  c.a.n.c.r.client - [printIfInfoEnabled,60] - [eee858db-5a26-4d5c-84be-e05998dfa404]Register server push request handler:com.alibaba.nacos.common.remote.client.RpcClient$4
14:54:02.881 [main] INFO  c.a.n.client.naming - [isChangedServiceInfo,181] - init new ips(0) service: DEFAULT_GROUP@@park-vehicle@@DEFAULT -> []
14:54:02.888 [main] INFO  c.a.n.client.naming - [processServiceInfo,166] - current ips:(0) service: DEFAULT_GROUP@@park-vehicle@@DEFAULT -> []
14:54:02.897 [main] INFO  o.a.c.h.Http11NioProtocol - [log,173] - Starting ProtocolHandler ["http-nio-9206"]
14:54:02.915 [main] INFO  c.a.n.client.naming - [registerService,112] - [REGISTER-SERVICE] public registering service park-vehicle with instance Instance{instanceId='null', ip='192.168.43.149', port=9206, weight=1.0, healthy=true, enabled=true, ephemeral=true, clusterName='DEFAULT', serviceName='null', metadata={preserved.register.source=SPRING_CLOUD}}
14:54:02.921 [main] INFO  c.a.c.n.r.NacosServiceRegistry - [register,75] - nacos registry, DEFAULT_GROUP park-vehicle 192.168.43.149:9206 register finished
14:54:03.304 [main] INFO  c.r.v.VehicleInformationApplication - [logStarted,61] - Started VehicleInformationApplication in 11.153 seconds (JVM running for 12.279)
14:54:03.313 [main] INFO  c.a.n.c.c.i.ClientWorker - [addCacheDataIfAbsent,384] - [config_rpc_client] [subscribe] park-vehicle-dev.yml+DEFAULT_GROUP
14:54:03.314 [main] INFO  c.a.n.c.c.i.CacheData - [addListener,173] - [config_rpc_client] [add-listener] ok, tenant=, dataId=park-vehicle-dev.yml, group=DEFAULT_GROUP, cnt=1
14:54:03.314 [main] INFO  c.a.n.c.c.i.ClientWorker - [addCacheDataIfAbsent,384] - [config_rpc_client] [subscribe] park-vehicle+DEFAULT_GROUP
14:54:03.314 [main] INFO  c.a.n.c.c.i.CacheData - [addListener,173] - [config_rpc_client] [add-listener] ok, tenant=, dataId=park-vehicle, group=DEFAULT_GROUP, cnt=1
14:54:03.314 [main] INFO  c.a.n.c.c.i.ClientWorker - [addCacheDataIfAbsent,384] - [config_rpc_client] [subscribe] park-vehicle.yml+DEFAULT_GROUP
14:54:03.315 [main] INFO  c.a.n.c.c.i.CacheData - [addListener,173] - [config_rpc_client] [add-listener] ok, tenant=, dataId=park-vehicle.yml, group=DEFAULT_GROUP, cnt=1
14:54:03.480 [nacos-grpc-client-executor-7] INFO  c.a.n.c.r.client - [printIfInfoEnabled,60] - [eee858db-5a26-4d5c-84be-e05998dfa404]receive server push request,request=NotifySubscriberRequest,requestId=24
14:54:03.484 [nacos-grpc-client-executor-7] INFO  c.a.n.client.naming - [isChangedServiceInfo,181] - init new ips(1) service: DEFAULT_GROUP@@park-vehicle -> [{"ip":"192.168.43.149","port":9206,"weight":1.0,"healthy":true,"enabled":true,"ephemeral":true,"clusterName":"DEFAULT","serviceName":"DEFAULT_GROUP@@park-vehicle","metadata":{"preserved.register.source":"SPRING_CLOUD"},"instanceHeartBeatTimeOut":15000,"ipDeleteTimeout":30000,"instanceHeartBeatInterval":5000}]
14:54:03.485 [nacos-grpc-client-executor-7] INFO  c.a.n.client.naming - [processServiceInfo,166] - current ips:(1) service: DEFAULT_GROUP@@park-vehicle -> [{"ip":"192.168.43.149","port":9206,"weight":1.0,"healthy":true,"enabled":true,"ephemeral":true,"clusterName":"DEFAULT","serviceName":"DEFAULT_GROUP@@park-vehicle","metadata":{"preserved.register.source":"SPRING_CLOUD"},"instanceHeartBeatTimeOut":15000,"ipDeleteTimeout":30000,"instanceHeartBeatInterval":5000}]
14:54:03.486 [nacos-grpc-client-executor-7] INFO  c.a.n.c.r.client - [printIfInfoEnabled,60] - [eee858db-5a26-4d5c-84be-e05998dfa404]ack server push request,request=NotifySubscriberRequest,requestId=24
14:54:03.776 [RMI TCP Connection(3)-192.168.43.149] INFO  o.a.c.c.C.[.[.[/] - [log,173] - Initializing Spring DispatcherServlet 'dispatcherServlet'
14:54:03.884 [com.alibaba.nacos.client.naming.updater.0] INFO  c.a.n.client.naming - [isChangedServiceInfo,235] - new ips(1) service: DEFAULT_GROUP@@park-vehicle@@DEFAULT -> [{"ip":"192.168.43.149","port":9206,"weight":1.0,"healthy":true,"enabled":true,"ephemeral":true,"clusterName":"DEFAULT","serviceName":"DEFAULT_GROUP@@park-vehicle","metadata":{"preserved.register.source":"SPRING_CLOUD"},"instanceHeartBeatTimeOut":15000,"ipDeleteTimeout":30000,"instanceHeartBeatInterval":5000}]
14:54:03.885 [com.alibaba.nacos.client.naming.updater.0] INFO  c.a.n.client.naming - [processServiceInfo,166] - current ips:(1) service: DEFAULT_GROUP@@park-vehicle@@DEFAULT -> [{"ip":"192.168.43.149","port":9206,"weight":1.0,"healthy":true,"enabled":true,"ephemeral":true,"clusterName":"DEFAULT","serviceName":"DEFAULT_GROUP@@park-vehicle","metadata":{"preserved.register.source":"SPRING_CLOUD"},"instanceHeartBeatTimeOut":15000,"ipDeleteTimeout":30000,"instanceHeartBeatInterval":5000}]
16:25:31.319 [background-preinit] INFO  o.h.v.i.util.Version - [<clinit>,21] - HV000001: Hibernate Validator 6.2.3.Final
16:25:32.157 [main] INFO  c.a.n.c.c.i.LocalConfigInfoProcessor - [<clinit>,67] - LOCAL_SNAPSHOT_PATH:C:\Users\lujiaxin\nacos\config
16:25:32.160 [main] INFO  c.a.n.c.r.client - [lambda$createClient$0,77] - [RpcClientFactory] create a new rpc client of 16ca21a6-05c0-4a51-952d-bff5c35354f7_config-0
16:25:32.213 [main] INFO  o.r.Reflections - [scan,232] - Reflections took 34 ms to scan 1 urls, producing 3 keys and 6 values 
16:25:32.243 [main] INFO  o.r.Reflections - [scan,232] - Reflections took 14 ms to scan 1 urls, producing 4 keys and 9 values 
16:25:32.256 [main] INFO  o.r.Reflections - [scan,232] - Reflections took 10 ms to scan 1 urls, producing 3 keys and 10 values 
16:25:32.459 [main] INFO  o.r.Reflections - [scan,232] - Reflections took 201 ms to scan 239 urls, producing 0 keys and 0 values 
16:25:32.471 [main] INFO  o.r.Reflections - [scan,232] - Reflections took 11 ms to scan 1 urls, producing 1 keys and 5 values 
16:25:32.488 [main] INFO  o.r.Reflections - [scan,232] - Reflections took 14 ms to scan 1 urls, producing 1 keys and 7 values 
16:25:32.500 [main] INFO  o.r.Reflections - [scan,232] - Reflections took 10 ms to scan 1 urls, producing 2 keys and 8 values 
16:25:32.663 [main] INFO  o.r.Reflections - [scan,232] - Reflections took 159 ms to scan 239 urls, producing 0 keys and 0 values 
16:25:32.665 [main] INFO  c.a.n.c.r.client - [printIfInfoEnabled,60] - [16ca21a6-05c0-4a51-952d-bff5c35354f7_config-0]RpcClient init label, labels={module=config, Vipserver-Tag=null, source=sdk, Amory-Tag=null, Location-Tag=null, taskId=0, AppName=unknown}
16:25:32.665 [main] INFO  c.a.n.c.r.client - [printIfInfoEnabled,60] - [16ca21a6-05c0-4a51-952d-bff5c35354f7_config-0]Register server push request handler:com.alibaba.nacos.client.config.impl.ClientWorker$ConfigRpcTransportClient$$Lambda$329/645875534
16:25:32.666 [main] INFO  c.a.n.c.r.client - [printIfInfoEnabled,60] - [16ca21a6-05c0-4a51-952d-bff5c35354f7_config-0]Register server push request handler:com.alibaba.nacos.client.config.impl.ClientWorker$ConfigRpcTransportClient$$Lambda$330/2054451662
16:25:32.667 [main] INFO  c.a.n.c.r.client - [printIfInfoEnabled,60] - [16ca21a6-05c0-4a51-952d-bff5c35354f7_config-0]Registry connection listener to current client:com.alibaba.nacos.client.config.impl.ClientWorker$ConfigRpcTransportClient$1
16:25:32.668 [main] INFO  c.a.n.c.r.client - [printIfInfoEnabled,60] - [16ca21a6-05c0-4a51-952d-bff5c35354f7_config-0]RpcClient init, ServerListFactory =com.alibaba.nacos.client.config.impl.ClientWorker$ConfigRpcTransportClient$2
16:25:32.675 [main] INFO  c.a.n.c.r.client - [printIfInfoEnabled,60] - [16ca21a6-05c0-4a51-952d-bff5c35354f7_config-0] Try to connect to server on start up, server: {serverIp='127.0.0.1', server main port=8848}
16:25:34.208 [main] INFO  c.a.n.c.r.client - [printIfInfoEnabled,60] - [16ca21a6-05c0-4a51-952d-bff5c35354f7_config-0] Success to connect to server [127.0.0.1:8848] on start up,connectionId=1664267133969_127.0.0.1_55948
16:25:34.209 [com.alibaba.nacos.client.remote.worker] INFO  c.a.n.c.r.client - [printIfInfoEnabled,60] - [16ca21a6-05c0-4a51-952d-bff5c35354f7_config-0]Notify connected event to listeners.
16:25:34.209 [com.alibaba.nacos.client.remote.worker] INFO  c.a.n.c.c.i.ClientWorker - [onConnected,681] - [16ca21a6-05c0-4a51-952d-bff5c35354f7_config-0] Connected,notify listen context...
16:25:34.209 [main] INFO  c.a.n.c.r.client - [printIfInfoEnabled,60] - [16ca21a6-05c0-4a51-952d-bff5c35354f7_config-0]Register server push request handler:com.alibaba.nacos.common.remote.client.RpcClient$ConnectResetRequestHandler
16:25:34.210 [main] INFO  c.a.n.c.r.client - [printIfInfoEnabled,60] - [16ca21a6-05c0-4a51-952d-bff5c35354f7_config-0]Register server push request handler:com.alibaba.nacos.common.remote.client.RpcClient$4
16:25:34.256 [main] INFO  c.a.n.c.c.i.Limiter - [<clinit>,56] - limitTime:5.0
16:25:34.273 [main] INFO  c.a.n.c.c.u.JvmUtil - [<clinit>,53] - isMultiInstance:false
16:25:34.304 [main] INFO  c.r.v.VehicleInformationApplication - [logStartupProfileInfo,646] - The following 1 profile is active: "dev"
16:25:36.638 [main] INFO  o.a.c.h.Http11NioProtocol - [log,173] - Initializing ProtocolHandler ["http-nio-9206"]
16:25:36.638 [main] INFO  o.a.c.c.StandardService - [log,173] - Starting service [Tomcat]
16:25:36.638 [main] INFO  o.a.c.c.StandardEngine - [log,173] - Starting Servlet engine: [Apache Tomcat/9.0.60]
16:25:36.856 [main] INFO  o.a.c.c.C.[.[.[/] - [log,173] - Initializing Spring embedded WebApplicationContext
16:25:37.999 [main] INFO  c.a.d.p.DruidDataSource - [init,998] - {dataSource-1,master} inited
16:25:38.000 [main] INFO  c.b.d.d.DynamicRoutingDataSource - [addDataSource,148] - dynamic-datasource - add a datasource named [master] success
16:25:38.000 [main] INFO  c.b.d.d.DynamicRoutingDataSource - [afterPropertiesSet,228] - dynamic-datasource initial loaded [1] datasource,primary datasource named [master]
16:25:39.507 [main] INFO  c.a.n.client.naming - [initNamespaceForNaming,63] - initializer namespace from System Property : null
16:25:39.509 [main] INFO  c.a.n.client.naming - [call,69] - initializer namespace from System Environment :null
16:25:39.509 [main] INFO  c.a.n.client.naming - [call,79] - initializer namespace from System Property :null
16:25:39.532 [main] INFO  c.a.n.c.r.client - [lambda$createClient$0,77] - [RpcClientFactory] create a new rpc client of 3b0a7286-34ad-497e-bdde-08b6d6d447a3
16:25:39.532 [main] INFO  c.a.n.c.r.client - [printIfInfoEnabled,60] - [3b0a7286-34ad-497e-bdde-08b6d6d447a3]RpcClient init label, labels={module=naming, source=sdk}
16:25:39.534 [main] INFO  c.a.n.c.r.client - [printIfInfoEnabled,60] - [3b0a7286-34ad-497e-bdde-08b6d6d447a3]RpcClient init, ServerListFactory =com.alibaba.nacos.client.naming.core.ServerListManager
16:25:39.535 [main] INFO  c.a.n.c.r.client - [printIfInfoEnabled,60] - [3b0a7286-34ad-497e-bdde-08b6d6d447a3]Registry connection listener to current client:com.alibaba.nacos.client.naming.remote.gprc.redo.NamingGrpcRedoService
16:25:39.536 [main] INFO  c.a.n.c.r.client - [printIfInfoEnabled,60] - [3b0a7286-34ad-497e-bdde-08b6d6d447a3]Register server push request handler:com.alibaba.nacos.client.naming.remote.gprc.NamingPushRequestHandler
16:25:39.536 [main] INFO  c.a.n.c.r.client - [printIfInfoEnabled,60] - [3b0a7286-34ad-497e-bdde-08b6d6d447a3] Try to connect to server on start up, server: {serverIp='127.0.0.1', server main port=8848}
16:25:39.653 [main] INFO  c.a.n.c.r.client - [printIfInfoEnabled,60] - [3b0a7286-34ad-497e-bdde-08b6d6d447a3] Success to connect to server [127.0.0.1:8848] on start up,connectionId=1664267139542_127.0.0.1_55962
16:25:39.656 [com.alibaba.nacos.client.remote.worker] INFO  c.a.n.c.r.client - [printIfInfoEnabled,60] - [3b0a7286-34ad-497e-bdde-08b6d6d447a3]Notify connected event to listeners.
16:25:39.657 [com.alibaba.nacos.client.remote.worker] INFO  c.a.n.client.naming - [onConnected,76] - Grpc connection connect
16:25:39.656 [main] INFO  c.a.n.c.r.client - [printIfInfoEnabled,60] - [3b0a7286-34ad-497e-bdde-08b6d6d447a3]Register server push request handler:com.alibaba.nacos.common.remote.client.RpcClient$ConnectResetRequestHandler
16:25:39.658 [main] INFO  c.a.n.c.r.client - [printIfInfoEnabled,60] - [3b0a7286-34ad-497e-bdde-08b6d6d447a3]Register server push request handler:com.alibaba.nacos.common.remote.client.RpcClient$4
16:25:41.416 [main] INFO  c.a.n.client.naming - [isChangedServiceInfo,181] - init new ips(0) service: DEFAULT_GROUP@@park-vehicle@@DEFAULT -> []
16:25:41.424 [main] INFO  c.a.n.client.naming - [processServiceInfo,166] - current ips:(0) service: DEFAULT_GROUP@@park-vehicle@@DEFAULT -> []
16:25:41.430 [main] INFO  o.a.c.h.Http11NioProtocol - [log,173] - Starting ProtocolHandler ["http-nio-9206"]
16:25:41.449 [main] INFO  c.a.n.client.naming - [registerService,112] - [REGISTER-SERVICE] public registering service park-vehicle with instance Instance{instanceId='null', ip='192.168.43.149', port=9206, weight=1.0, healthy=true, enabled=true, ephemeral=true, clusterName='DEFAULT', serviceName='null', metadata={preserved.register.source=SPRING_CLOUD}}
16:25:41.460 [main] INFO  c.a.c.n.r.NacosServiceRegistry - [register,75] - nacos registry, DEFAULT_GROUP park-vehicle 192.168.43.149:9206 register finished
16:25:41.834 [main] INFO  c.r.v.VehicleInformationApplication - [logStarted,61] - Started VehicleInformationApplication in 11.401 seconds (JVM running for 12.77)
16:25:41.841 [main] INFO  c.a.n.c.c.i.ClientWorker - [addCacheDataIfAbsent,384] - [config_rpc_client] [subscribe] park-vehicle-dev.yml+DEFAULT_GROUP
16:25:41.842 [main] INFO  c.a.n.c.c.i.CacheData - [addListener,173] - [config_rpc_client] [add-listener] ok, tenant=, dataId=park-vehicle-dev.yml, group=DEFAULT_GROUP, cnt=1
16:25:41.842 [main] INFO  c.a.n.c.c.i.ClientWorker - [addCacheDataIfAbsent,384] - [config_rpc_client] [subscribe] park-vehicle+DEFAULT_GROUP
16:25:41.843 [main] INFO  c.a.n.c.c.i.CacheData - [addListener,173] - [config_rpc_client] [add-listener] ok, tenant=, dataId=park-vehicle, group=DEFAULT_GROUP, cnt=1
16:25:41.843 [main] INFO  c.a.n.c.c.i.ClientWorker - [addCacheDataIfAbsent,384] - [config_rpc_client] [subscribe] park-vehicle.yml+DEFAULT_GROUP
16:25:41.843 [main] INFO  c.a.n.c.c.i.CacheData - [addListener,173] - [config_rpc_client] [add-listener] ok, tenant=, dataId=park-vehicle.yml, group=DEFAULT_GROUP, cnt=1
16:25:41.924 [nacos-grpc-client-executor-6] INFO  c.a.n.c.r.client - [printIfInfoEnabled,60] - [3b0a7286-34ad-497e-bdde-08b6d6d447a3]receive server push request,request=NotifySubscriberRequest,requestId=30
16:25:41.927 [nacos-grpc-client-executor-6] INFO  c.a.n.client.naming - [isChangedServiceInfo,181] - init new ips(1) service: DEFAULT_GROUP@@park-vehicle -> [{"ip":"192.168.43.149","port":9206,"weight":1.0,"healthy":true,"enabled":true,"ephemeral":true,"clusterName":"DEFAULT","serviceName":"DEFAULT_GROUP@@park-vehicle","metadata":{"preserved.register.source":"SPRING_CLOUD"},"instanceHeartBeatTimeOut":15000,"ipDeleteTimeout":30000,"instanceHeartBeatInterval":5000}]
16:25:41.927 [nacos-grpc-client-executor-6] INFO  c.a.n.client.naming - [processServiceInfo,166] - current ips:(1) service: DEFAULT_GROUP@@park-vehicle -> [{"ip":"192.168.43.149","port":9206,"weight":1.0,"healthy":true,"enabled":true,"ephemeral":true,"clusterName":"DEFAULT","serviceName":"DEFAULT_GROUP@@park-vehicle","metadata":{"preserved.register.source":"SPRING_CLOUD"},"instanceHeartBeatTimeOut":15000,"ipDeleteTimeout":30000,"instanceHeartBeatInterval":5000}]
16:25:41.928 [nacos-grpc-client-executor-6] INFO  c.a.n.c.r.client - [printIfInfoEnabled,60] - [3b0a7286-34ad-497e-bdde-08b6d6d447a3]ack server push request,request=NotifySubscriberRequest,requestId=30
16:25:42.053 [RMI TCP Connection(7)-192.168.43.149] INFO  o.a.c.c.C.[.[.[/] - [log,173] - Initializing Spring DispatcherServlet 'dispatcherServlet'
16:25:42.417 [com.alibaba.nacos.client.naming.updater.0] INFO  c.a.n.client.naming - [isChangedServiceInfo,235] - new ips(1) service: DEFAULT_GROUP@@park-vehicle@@DEFAULT -> [{"ip":"192.168.43.149","port":9206,"weight":1.0,"healthy":true,"enabled":true,"ephemeral":true,"clusterName":"DEFAULT","serviceName":"DEFAULT_GROUP@@park-vehicle","metadata":{"preserved.register.source":"SPRING_CLOUD"},"instanceHeartBeatTimeOut":15000,"ipDeleteTimeout":30000,"instanceHeartBeatInterval":5000}]
16:25:42.418 [com.alibaba.nacos.client.naming.updater.0] INFO  c.a.n.client.naming - [processServiceInfo,166] - current ips:(1) service: DEFAULT_GROUP@@park-vehicle@@DEFAULT -> [{"ip":"192.168.43.149","port":9206,"weight":1.0,"healthy":true,"enabled":true,"ephemeral":true,"clusterName":"DEFAULT","serviceName":"DEFAULT_GROUP@@park-vehicle","metadata":{"preserved.register.source":"SPRING_CLOUD"},"instanceHeartBeatTimeOut":15000,"ipDeleteTimeout":30000,"instanceHeartBeatInterval":5000}]
16:46:32.091 [background-preinit] INFO  o.h.v.i.util.Version - [<clinit>,21] - HV000001: Hibernate Validator 6.2.3.Final
16:46:32.886 [main] INFO  c.a.n.c.c.i.LocalConfigInfoProcessor - [<clinit>,67] - LOCAL_SNAPSHOT_PATH:C:\Users\lujiaxin\nacos\config
16:46:32.889 [main] INFO  c.a.n.c.r.client - [lambda$createClient$0,77] - [RpcClientFactory] create a new rpc client of 4161a590-57f3-4fea-a3cb-29acbfbd2f23_config-0
16:46:32.933 [main] INFO  o.r.Reflections - [scan,232] - Reflections took 28 ms to scan 1 urls, producing 3 keys and 6 values 
16:46:32.959 [main] INFO  o.r.Reflections - [scan,232] - Reflections took 13 ms to scan 1 urls, producing 4 keys and 9 values 
16:46:32.971 [main] INFO  o.r.Reflections - [scan,232] - Reflections took 10 ms to scan 1 urls, producing 3 keys and 10 values 
16:46:33.149 [main] INFO  o.r.Reflections - [scan,232] - Reflections took 176 ms to scan 239 urls, producing 0 keys and 0 values 
16:46:33.159 [main] INFO  o.r.Reflections - [scan,232] - Reflections took 9 ms to scan 1 urls, producing 1 keys and 5 values 
16:46:33.172 [main] INFO  o.r.Reflections - [scan,232] - Reflections took 10 ms to scan 1 urls, producing 1 keys and 7 values 
16:46:33.183 [main] INFO  o.r.Reflections - [scan,232] - Reflections took 9 ms to scan 1 urls, producing 2 keys and 8 values 
16:46:33.313 [main] INFO  o.r.Reflections - [scan,232] - Reflections took 128 ms to scan 239 urls, producing 0 keys and 0 values 
16:46:33.315 [main] INFO  c.a.n.c.r.client - [printIfInfoEnabled,60] - [4161a590-57f3-4fea-a3cb-29acbfbd2f23_config-0]RpcClient init label, labels={module=config, Vipserver-Tag=null, source=sdk, Amory-Tag=null, Location-Tag=null, taskId=0, AppName=unknown}
16:46:33.315 [main] INFO  c.a.n.c.r.client - [printIfInfoEnabled,60] - [4161a590-57f3-4fea-a3cb-29acbfbd2f23_config-0]Register server push request handler:com.alibaba.nacos.client.config.impl.ClientWorker$ConfigRpcTransportClient$$Lambda$329/181078353
16:46:33.316 [main] INFO  c.a.n.c.r.client - [printIfInfoEnabled,60] - [4161a590-57f3-4fea-a3cb-29acbfbd2f23_config-0]Register server push request handler:com.alibaba.nacos.client.config.impl.ClientWorker$ConfigRpcTransportClient$$Lambda$330/1542598424
16:46:33.317 [main] INFO  c.a.n.c.r.client - [printIfInfoEnabled,60] - [4161a590-57f3-4fea-a3cb-29acbfbd2f23_config-0]Registry connection listener to current client:com.alibaba.nacos.client.config.impl.ClientWorker$ConfigRpcTransportClient$1
16:46:33.317 [main] INFO  c.a.n.c.r.client - [printIfInfoEnabled,60] - [4161a590-57f3-4fea-a3cb-29acbfbd2f23_config-0]RpcClient init, ServerListFactory =com.alibaba.nacos.client.config.impl.ClientWorker$ConfigRpcTransportClient$2
16:46:33.324 [main] INFO  c.a.n.c.r.client - [printIfInfoEnabled,60] - [4161a590-57f3-4fea-a3cb-29acbfbd2f23_config-0] Try to connect to server on start up, server: {serverIp='127.0.0.1', server main port=8848}
16:46:34.451 [main] INFO  c.a.n.c.r.client - [printIfInfoEnabled,60] - [4161a590-57f3-4fea-a3cb-29acbfbd2f23_config-0] Success to connect to server [127.0.0.1:8848] on start up,connectionId=1664268394218_127.0.0.1_57529
16:46:34.451 [com.alibaba.nacos.client.remote.worker] INFO  c.a.n.c.r.client - [printIfInfoEnabled,60] - [4161a590-57f3-4fea-a3cb-29acbfbd2f23_config-0]Notify connected event to listeners.
16:46:34.452 [com.alibaba.nacos.client.remote.worker] INFO  c.a.n.c.c.i.ClientWorker - [onConnected,681] - [4161a590-57f3-4fea-a3cb-29acbfbd2f23_config-0] Connected,notify listen context...
16:46:34.452 [main] INFO  c.a.n.c.r.client - [printIfInfoEnabled,60] - [4161a590-57f3-4fea-a3cb-29acbfbd2f23_config-0]Register server push request handler:com.alibaba.nacos.common.remote.client.RpcClient$ConnectResetRequestHandler
16:46:34.452 [main] INFO  c.a.n.c.r.client - [printIfInfoEnabled,60] - [4161a590-57f3-4fea-a3cb-29acbfbd2f23_config-0]Register server push request handler:com.alibaba.nacos.common.remote.client.RpcClient$4
16:46:35.355 [main] INFO  c.a.n.c.c.i.Limiter - [<clinit>,56] - limitTime:5.0
16:46:35.373 [main] INFO  c.a.n.c.c.u.JvmUtil - [<clinit>,53] - isMultiInstance:false
16:46:35.408 [main] INFO  c.r.v.VehicleInformationApplication - [logStartupProfileInfo,646] - The following 1 profile is active: "dev"
16:46:38.664 [main] INFO  o.a.c.h.Http11NioProtocol - [log,173] - Initializing ProtocolHandler ["http-nio-9206"]
16:46:38.665 [main] INFO  o.a.c.c.StandardService - [log,173] - Starting service [Tomcat]
16:46:38.666 [main] INFO  o.a.c.c.StandardEngine - [log,173] - Starting Servlet engine: [Apache Tomcat/9.0.60]
16:46:38.975 [main] INFO  o.a.c.c.C.[.[.[/] - [log,173] - Initializing Spring embedded WebApplicationContext
16:46:40.482 [main] INFO  c.a.d.p.DruidDataSource - [init,998] - {dataSource-1,master} inited
16:46:40.484 [main] INFO  c.b.d.d.DynamicRoutingDataSource - [addDataSource,148] - dynamic-datasource - add a datasource named [master] success
16:46:40.484 [main] INFO  c.b.d.d.DynamicRoutingDataSource - [afterPropertiesSet,228] - dynamic-datasource initial loaded [1] datasource,primary datasource named [master]
16:46:42.299 [main] INFO  c.a.n.client.naming - [initNamespaceForNaming,63] - initializer namespace from System Property : null
16:46:42.300 [main] INFO  c.a.n.client.naming - [call,69] - initializer namespace from System Environment :null
16:46:42.302 [main] INFO  c.a.n.client.naming - [call,79] - initializer namespace from System Property :null
16:46:42.323 [main] INFO  c.a.n.c.r.client - [lambda$createClient$0,77] - [RpcClientFactory] create a new rpc client of e41d8391-286c-4ef8-985a-dc2e4a758c26
16:46:42.323 [main] INFO  c.a.n.c.r.client - [printIfInfoEnabled,60] - [e41d8391-286c-4ef8-985a-dc2e4a758c26]RpcClient init label, labels={module=naming, source=sdk}
16:46:42.325 [main] INFO  c.a.n.c.r.client - [printIfInfoEnabled,60] - [e41d8391-286c-4ef8-985a-dc2e4a758c26]RpcClient init, ServerListFactory =com.alibaba.nacos.client.naming.core.ServerListManager
16:46:42.326 [main] INFO  c.a.n.c.r.client - [printIfInfoEnabled,60] - [e41d8391-286c-4ef8-985a-dc2e4a758c26]Registry connection listener to current client:com.alibaba.nacos.client.naming.remote.gprc.redo.NamingGrpcRedoService
16:46:42.327 [main] INFO  c.a.n.c.r.client - [printIfInfoEnabled,60] - [e41d8391-286c-4ef8-985a-dc2e4a758c26]Register server push request handler:com.alibaba.nacos.client.naming.remote.gprc.NamingPushRequestHandler
16:46:42.327 [main] INFO  c.a.n.c.r.client - [printIfInfoEnabled,60] - [e41d8391-286c-4ef8-985a-dc2e4a758c26] Try to connect to server on start up, server: {serverIp='127.0.0.1', server main port=8848}
16:46:42.439 [main] INFO  c.a.n.c.r.client - [printIfInfoEnabled,60] - [e41d8391-286c-4ef8-985a-dc2e4a758c26] Success to connect to server [127.0.0.1:8848] on start up,connectionId=1664268402332_127.0.0.1_57547
16:46:42.442 [com.alibaba.nacos.client.remote.worker] INFO  c.a.n.c.r.client - [printIfInfoEnabled,60] - [e41d8391-286c-4ef8-985a-dc2e4a758c26]Notify connected event to listeners.
16:46:42.442 [com.alibaba.nacos.client.remote.worker] INFO  c.a.n.client.naming - [onConnected,76] - Grpc connection connect
16:46:42.442 [main] INFO  c.a.n.c.r.client - [printIfInfoEnabled,60] - [e41d8391-286c-4ef8-985a-dc2e4a758c26]Register server push request handler:com.alibaba.nacos.common.remote.client.RpcClient$ConnectResetRequestHandler
16:46:42.443 [main] INFO  c.a.n.c.r.client - [printIfInfoEnabled,60] - [e41d8391-286c-4ef8-985a-dc2e4a758c26]Register server push request handler:com.alibaba.nacos.common.remote.client.RpcClient$4
16:46:44.196 [main] INFO  c.a.n.client.naming - [isChangedServiceInfo,181] - init new ips(0) service: DEFAULT_GROUP@@park-vehicle@@DEFAULT -> []
16:46:44.209 [main] INFO  c.a.n.client.naming - [processServiceInfo,166] - current ips:(0) service: DEFAULT_GROUP@@park-vehicle@@DEFAULT -> []
16:46:44.218 [main] INFO  o.a.c.h.Http11NioProtocol - [log,173] - Starting ProtocolHandler ["http-nio-9206"]
16:46:44.237 [main] INFO  c.a.n.client.naming - [registerService,112] - [REGISTER-SERVICE] public registering service park-vehicle with instance Instance{instanceId='null', ip='192.168.43.149', port=9206, weight=1.0, healthy=true, enabled=true, ephemeral=true, clusterName='DEFAULT', serviceName='null', metadata={preserved.register.source=SPRING_CLOUD}}
16:46:44.245 [main] INFO  c.a.c.n.r.NacosServiceRegistry - [register,75] - nacos registry, DEFAULT_GROUP park-vehicle 192.168.43.149:9206 register finished
16:46:44.644 [main] INFO  c.r.v.VehicleInformationApplication - [logStarted,61] - Started VehicleInformationApplication in 13.59 seconds (JVM running for 15.035)
16:46:44.654 [main] INFO  c.a.n.c.c.i.ClientWorker - [addCacheDataIfAbsent,384] - [config_rpc_client] [subscribe] park-vehicle-dev.yml+DEFAULT_GROUP
16:46:44.655 [main] INFO  c.a.n.c.c.i.CacheData - [addListener,173] - [config_rpc_client] [add-listener] ok, tenant=, dataId=park-vehicle-dev.yml, group=DEFAULT_GROUP, cnt=1
16:46:44.655 [main] INFO  c.a.n.c.c.i.ClientWorker - [addCacheDataIfAbsent,384] - [config_rpc_client] [subscribe] park-vehicle+DEFAULT_GROUP
16:46:44.655 [main] INFO  c.a.n.c.c.i.CacheData - [addListener,173] - [config_rpc_client] [add-listener] ok, tenant=, dataId=park-vehicle, group=DEFAULT_GROUP, cnt=1
16:46:44.655 [main] INFO  c.a.n.c.c.i.ClientWorker - [addCacheDataIfAbsent,384] - [config_rpc_client] [subscribe] park-vehicle.yml+DEFAULT_GROUP
16:46:44.656 [main] INFO  c.a.n.c.c.i.CacheData - [addListener,173] - [config_rpc_client] [add-listener] ok, tenant=, dataId=park-vehicle.yml, group=DEFAULT_GROUP, cnt=1
16:46:44.729 [nacos-grpc-client-executor-6] INFO  c.a.n.c.r.client - [printIfInfoEnabled,60] - [e41d8391-286c-4ef8-985a-dc2e4a758c26]receive server push request,request=NotifySubscriberRequest,requestId=36
16:46:44.733 [nacos-grpc-client-executor-6] INFO  c.a.n.client.naming - [isChangedServiceInfo,181] - init new ips(1) service: DEFAULT_GROUP@@park-vehicle -> [{"ip":"192.168.43.149","port":9206,"weight":1.0,"healthy":true,"enabled":true,"ephemeral":true,"clusterName":"DEFAULT","serviceName":"DEFAULT_GROUP@@park-vehicle","metadata":{"preserved.register.source":"SPRING_CLOUD"},"ipDeleteTimeout":30000,"instanceHeartBeatTimeOut":15000,"instanceHeartBeatInterval":5000}]
16:46:44.733 [nacos-grpc-client-executor-6] INFO  c.a.n.client.naming - [processServiceInfo,166] - current ips:(1) service: DEFAULT_GROUP@@park-vehicle -> [{"ip":"192.168.43.149","port":9206,"weight":1.0,"healthy":true,"enabled":true,"ephemeral":true,"clusterName":"DEFAULT","serviceName":"DEFAULT_GROUP@@park-vehicle","metadata":{"preserved.register.source":"SPRING_CLOUD"},"ipDeleteTimeout":30000,"instanceHeartBeatTimeOut":15000,"instanceHeartBeatInterval":5000}]
16:46:44.734 [nacos-grpc-client-executor-6] INFO  c.a.n.c.r.client - [printIfInfoEnabled,60] - [e41d8391-286c-4ef8-985a-dc2e4a758c26]ack server push request,request=NotifySubscriberRequest,requestId=36
16:46:45.155 [RMI TCP Connection(10)-192.168.43.149] INFO  o.a.c.c.C.[.[.[/] - [log,173] - Initializing Spring DispatcherServlet 'dispatcherServlet'
16:46:45.193 [com.alibaba.nacos.client.naming.updater.0] INFO  c.a.n.client.naming - [isChangedServiceInfo,235] - new ips(1) service: DEFAULT_GROUP@@park-vehicle@@DEFAULT -> [{"ip":"192.168.43.149","port":9206,"weight":1.0,"healthy":true,"enabled":true,"ephemeral":true,"clusterName":"DEFAULT","serviceName":"DEFAULT_GROUP@@park-vehicle","metadata":{"preserved.register.source":"SPRING_CLOUD"},"ipDeleteTimeout":30000,"instanceHeartBeatTimeOut":15000,"instanceHeartBeatInterval":5000}]
16:46:45.194 [com.alibaba.nacos.client.naming.updater.0] INFO  c.a.n.client.naming - [processServiceInfo,166] - current ips:(1) service: DEFAULT_GROUP@@park-vehicle@@DEFAULT -> [{"ip":"192.168.43.149","port":9206,"weight":1.0,"healthy":true,"enabled":true,"ephemeral":true,"clusterName":"DEFAULT","serviceName":"DEFAULT_GROUP@@park-vehicle","metadata":{"preserved.register.source":"SPRING_CLOUD"},"ipDeleteTimeout":30000,"instanceHeartBeatTimeOut":15000,"instanceHeartBeatInterval":5000}]
18:10:29.510 [nacos-grpc-client-executor-148] INFO  c.a.n.c.r.client - [printIfInfoEnabled,60] - [4161a590-57f3-4fea-a3cb-29acbfbd2f23_config-0]receive server push request,request=ClientDetectionRequest,requestId=49
18:10:29.515 [nacos-grpc-client-executor-148] INFO  c.a.n.c.r.client - [printIfInfoEnabled,60] - [4161a590-57f3-4fea-a3cb-29acbfbd2f23_config-0]ack server push request,request=ClientDetectionRequest,requestId=49
19:46:54.627 [nacos-grpc-client-executor-1211] INFO  c.a.n.c.r.client - [printIfInfoEnabled,60] - [e41d8391-286c-4ef8-985a-dc2e4a758c26]receive server push request,request=ClientDetectionRequest,requestId=57
19:46:54.673 [nacos-grpc-client-executor-1211] INFO  c.a.n.c.r.client - [printIfInfoEnabled,60] - [e41d8391-286c-4ef8-985a-dc2e4a758c26]ack server push request,request=ClientDetectionRequest,requestId=57
21:50:13.705 [background-preinit] INFO  o.h.v.i.util.Version - [<clinit>,21] - HV000001: Hibernate Validator 6.2.3.Final
21:50:14.971 [main] INFO  c.a.n.c.c.i.LocalConfigInfoProcessor - [<clinit>,67] - LOCAL_SNAPSHOT_PATH:C:\Users\lujiaxin\nacos\config
21:50:14.977 [main] INFO  c.a.n.c.r.client - [lambda$createClient$0,77] - [RpcClientFactory] create a new rpc client of 76a484c5-e0aa-4540-9075-38428e055118_config-0
21:50:15.043 [main] INFO  o.r.Reflections - [scan,232] - Reflections took 38 ms to scan 1 urls, producing 3 keys and 6 values 
21:50:15.084 [main] INFO  o.r.Reflections - [scan,232] - Reflections took 19 ms to scan 1 urls, producing 4 keys and 9 values 
21:50:15.111 [main] INFO  o.r.Reflections - [scan,232] - Reflections took 25 ms to scan 1 urls, producing 3 keys and 10 values 
21:50:15.480 [main] INFO  o.r.Reflections - [scan,232] - Reflections took 364 ms to scan 239 urls, producing 0 keys and 0 values 
21:50:15.498 [main] INFO  o.r.Reflections - [scan,232] - Reflections took 17 ms to scan 1 urls, producing 1 keys and 5 values 
21:50:15.524 [main] INFO  o.r.Reflections - [scan,232] - Reflections took 21 ms to scan 1 urls, producing 1 keys and 7 values 
21:50:15.549 [main] INFO  o.r.Reflections - [scan,232] - Reflections took 22 ms to scan 1 urls, producing 2 keys and 8 values 
21:50:15.904 [main] INFO  o.r.Reflections - [scan,232] - Reflections took 351 ms to scan 239 urls, producing 0 keys and 0 values 
21:50:15.906 [main] INFO  c.a.n.c.r.client - [printIfInfoEnabled,60] - [76a484c5-e0aa-4540-9075-38428e055118_config-0]RpcClient init label, labels={module=config, Vipserver-Tag=null, source=sdk, Amory-Tag=null, Location-Tag=null, taskId=0, AppName=unknown}
21:50:15.907 [main] INFO  c.a.n.c.r.client - [printIfInfoEnabled,60] - [76a484c5-e0aa-4540-9075-38428e055118_config-0]Register server push request handler:com.alibaba.nacos.client.config.impl.ClientWorker$ConfigRpcTransportClient$$Lambda$329/1079125839
21:50:15.908 [main] INFO  c.a.n.c.r.client - [printIfInfoEnabled,60] - [76a484c5-e0aa-4540-9075-38428e055118_config-0]Register server push request handler:com.alibaba.nacos.client.config.impl.ClientWorker$ConfigRpcTransportClient$$Lambda$330/321772459
21:50:15.909 [main] INFO  c.a.n.c.r.client - [printIfInfoEnabled,60] - [76a484c5-e0aa-4540-9075-38428e055118_config-0]Registry connection listener to current client:com.alibaba.nacos.client.config.impl.ClientWorker$ConfigRpcTransportClient$1
21:50:15.910 [main] INFO  c.a.n.c.r.client - [printIfInfoEnabled,60] - [76a484c5-e0aa-4540-9075-38428e055118_config-0]RpcClient init, ServerListFactory =com.alibaba.nacos.client.config.impl.ClientWorker$ConfigRpcTransportClient$2
21:50:15.919 [main] INFO  c.a.n.c.r.client - [printIfInfoEnabled,60] - [76a484c5-e0aa-4540-9075-38428e055118_config-0] Try to connect to server on start up, server: {serverIp='127.0.0.1', server main port=8848}
21:50:17.703 [main] INFO  c.a.n.c.r.client - [printIfInfoEnabled,60] - [76a484c5-e0aa-4540-9075-38428e055118_config-0] Success to connect to server [127.0.0.1:8848] on start up,connectionId=1664286617399_127.0.0.1_60587
21:50:17.704 [com.alibaba.nacos.client.remote.worker] INFO  c.a.n.c.r.client - [printIfInfoEnabled,60] - [76a484c5-e0aa-4540-9075-38428e055118_config-0]Notify connected event to listeners.
21:50:17.704 [com.alibaba.nacos.client.remote.worker] INFO  c.a.n.c.c.i.ClientWorker - [onConnected,681] - [76a484c5-e0aa-4540-9075-38428e055118_config-0] Connected,notify listen context...
21:50:17.704 [main] INFO  c.a.n.c.r.client - [printIfInfoEnabled,60] - [76a484c5-e0aa-4540-9075-38428e055118_config-0]Register server push request handler:com.alibaba.nacos.common.remote.client.RpcClient$ConnectResetRequestHandler
21:50:17.705 [main] INFO  c.a.n.c.r.client - [printIfInfoEnabled,60] - [76a484c5-e0aa-4540-9075-38428e055118_config-0]Register server push request handler:com.alibaba.nacos.common.remote.client.RpcClient$4
21:50:17.764 [main] INFO  c.a.n.c.c.i.Limiter - [<clinit>,56] - limitTime:5.0
21:50:17.789 [main] INFO  c.a.n.c.c.u.JvmUtil - [<clinit>,53] - isMultiInstance:false
21:50:17.830 [main] INFO  c.r.v.VehicleInformationApplication - [logStartupProfileInfo,646] - The following 1 profile is active: "dev"
21:50:21.270 [main] INFO  o.a.c.h.Http11NioProtocol - [log,173] - Initializing ProtocolHandler ["http-nio-9206"]
21:50:21.271 [main] INFO  o.a.c.c.StandardService - [log,173] - Starting service [Tomcat]
21:50:21.271 [main] INFO  o.a.c.c.StandardEngine - [log,173] - Starting Servlet engine: [Apache Tomcat/9.0.60]
21:50:21.551 [main] INFO  o.a.c.c.C.[.[.[/] - [log,173] - Initializing Spring embedded WebApplicationContext
21:50:23.125 [main] INFO  c.a.d.p.DruidDataSource - [init,998] - {dataSource-1,master} inited
21:50:23.127 [main] INFO  c.b.d.d.DynamicRoutingDataSource - [addDataSource,148] - dynamic-datasource - add a datasource named [master] success
21:50:23.127 [main] INFO  c.b.d.d.DynamicRoutingDataSource - [afterPropertiesSet,228] - dynamic-datasource initial loaded [1] datasource,primary datasource named [master]
21:50:25.911 [main] INFO  c.a.n.client.naming - [initNamespaceForNaming,63] - initializer namespace from System Property : null
21:50:25.912 [main] INFO  c.a.n.client.naming - [call,69] - initializer namespace from System Environment :null
21:50:25.914 [main] INFO  c.a.n.client.naming - [call,79] - initializer namespace from System Property :null
21:50:25.974 [main] INFO  c.a.n.c.r.client - [lambda$createClient$0,77] - [RpcClientFactory] create a new rpc client of 51070278-1a82-4677-968b-83fd08e0bde8
21:50:25.975 [main] INFO  c.a.n.c.r.client - [printIfInfoEnabled,60] - [51070278-1a82-4677-968b-83fd08e0bde8]RpcClient init label, labels={module=naming, source=sdk}
21:50:25.978 [main] INFO  c.a.n.c.r.client - [printIfInfoEnabled,60] - [51070278-1a82-4677-968b-83fd08e0bde8]RpcClient init, ServerListFactory =com.alibaba.nacos.client.naming.core.ServerListManager
21:50:25.978 [main] INFO  c.a.n.c.r.client - [printIfInfoEnabled,60] - [51070278-1a82-4677-968b-83fd08e0bde8]Registry connection listener to current client:com.alibaba.nacos.client.naming.remote.gprc.redo.NamingGrpcRedoService
21:50:25.979 [main] INFO  c.a.n.c.r.client - [printIfInfoEnabled,60] - [51070278-1a82-4677-968b-83fd08e0bde8]Register server push request handler:com.alibaba.nacos.client.naming.remote.gprc.NamingPushRequestHandler
21:50:25.980 [main] INFO  c.a.n.c.r.client - [printIfInfoEnabled,60] - [51070278-1a82-4677-968b-83fd08e0bde8] Try to connect to server on start up, server: {serverIp='127.0.0.1', server main port=8848}
21:50:26.143 [main] INFO  c.a.n.c.r.client - [printIfInfoEnabled,60] - [51070278-1a82-4677-968b-83fd08e0bde8] Success to connect to server [127.0.0.1:8848] on start up,connectionId=1664286625986_127.0.0.1_60622
21:50:26.145 [com.alibaba.nacos.client.remote.worker] INFO  c.a.n.c.r.client - [printIfInfoEnabled,60] - [51070278-1a82-4677-968b-83fd08e0bde8]Notify connected event to listeners.
21:50:26.146 [com.alibaba.nacos.client.remote.worker] INFO  c.a.n.client.naming - [onConnected,76] - Grpc connection connect
21:50:26.145 [main] INFO  c.a.n.c.r.client - [printIfInfoEnabled,60] - [51070278-1a82-4677-968b-83fd08e0bde8]Register server push request handler:com.alibaba.nacos.common.remote.client.RpcClient$ConnectResetRequestHandler
21:50:26.147 [main] INFO  c.a.n.c.r.client - [printIfInfoEnabled,60] - [51070278-1a82-4677-968b-83fd08e0bde8]Register server push request handler:com.alibaba.nacos.common.remote.client.RpcClient$4
21:50:27.925 [main] INFO  c.a.n.client.naming - [isChangedServiceInfo,181] - init new ips(0) service: DEFAULT_GROUP@@park-vehicle@@DEFAULT -> []
21:50:27.933 [main] INFO  c.a.n.client.naming - [processServiceInfo,166] - current ips:(0) service: DEFAULT_GROUP@@park-vehicle@@DEFAULT -> []
21:50:27.940 [main] INFO  o.a.c.h.Http11NioProtocol - [log,173] - Starting ProtocolHandler ["http-nio-9206"]
21:50:27.957 [main] INFO  c.a.n.client.naming - [registerService,112] - [REGISTER-SERVICE] public registering service park-vehicle with instance Instance{instanceId='null', ip='192.168.0.107', port=9206, weight=1.0, healthy=true, enabled=true, ephemeral=true, clusterName='DEFAULT', serviceName='null', metadata={preserved.register.source=SPRING_CLOUD}}
21:50:27.963 [main] INFO  c.a.c.n.r.NacosServiceRegistry - [register,75] - nacos registry, DEFAULT_GROUP park-vehicle 192.168.0.107:9206 register finished
21:50:28.401 [main] INFO  c.r.v.VehicleInformationApplication - [logStarted,61] - Started VehicleInformationApplication in 16.024 seconds (JVM running for 18.049)
21:50:28.412 [main] INFO  c.a.n.c.c.i.ClientWorker - [addCacheDataIfAbsent,384] - [config_rpc_client] [subscribe] park-vehicle-dev.yml+DEFAULT_GROUP
21:50:28.413 [main] INFO  c.a.n.c.c.i.CacheData - [addListener,173] - [config_rpc_client] [add-listener] ok, tenant=, dataId=park-vehicle-dev.yml, group=DEFAULT_GROUP, cnt=1
21:50:28.413 [main] INFO  c.a.n.c.c.i.ClientWorker - [addCacheDataIfAbsent,384] - [config_rpc_client] [subscribe] park-vehicle+DEFAULT_GROUP
21:50:28.413 [main] INFO  c.a.n.c.c.i.CacheData - [addListener,173] - [config_rpc_client] [add-listener] ok, tenant=, dataId=park-vehicle, group=DEFAULT_GROUP, cnt=1
21:50:28.414 [main] INFO  c.a.n.c.c.i.ClientWorker - [addCacheDataIfAbsent,384] - [config_rpc_client] [subscribe] park-vehicle.yml+DEFAULT_GROUP
21:50:28.414 [main] INFO  c.a.n.c.c.i.CacheData - [addListener,173] - [config_rpc_client] [add-listener] ok, tenant=, dataId=park-vehicle.yml, group=DEFAULT_GROUP, cnt=1
21:50:28.514 [nacos-grpc-client-executor-6] INFO  c.a.n.c.r.client - [printIfInfoEnabled,60] - [51070278-1a82-4677-968b-83fd08e0bde8]receive server push request,request=NotifySubscriberRequest,requestId=24
21:50:28.519 [nacos-grpc-client-executor-6] INFO  c.a.n.client.naming - [isChangedServiceInfo,181] - init new ips(1) service: DEFAULT_GROUP@@park-vehicle -> [{"ip":"192.168.0.107","port":9206,"weight":1.0,"healthy":true,"enabled":true,"ephemeral":true,"clusterName":"DEFAULT","serviceName":"DEFAULT_GROUP@@park-vehicle","metadata":{"preserved.register.source":"SPRING_CLOUD"},"ipDeleteTimeout":30000,"instanceHeartBeatInterval":5000,"instanceHeartBeatTimeOut":15000}]
21:50:28.519 [nacos-grpc-client-executor-6] INFO  c.a.n.client.naming - [processServiceInfo,166] - current ips:(1) service: DEFAULT_GROUP@@park-vehicle -> [{"ip":"192.168.0.107","port":9206,"weight":1.0,"healthy":true,"enabled":true,"ephemeral":true,"clusterName":"DEFAULT","serviceName":"DEFAULT_GROUP@@park-vehicle","metadata":{"preserved.register.source":"SPRING_CLOUD"},"ipDeleteTimeout":30000,"instanceHeartBeatInterval":5000,"instanceHeartBeatTimeOut":15000}]
21:50:28.520 [nacos-grpc-client-executor-6] INFO  c.a.n.c.r.client - [printIfInfoEnabled,60] - [51070278-1a82-4677-968b-83fd08e0bde8]ack server push request,request=NotifySubscriberRequest,requestId=24
21:50:28.929 [com.alibaba.nacos.client.naming.updater.0] INFO  c.a.n.client.naming - [isChangedServiceInfo,235] - new ips(1) service: DEFAULT_GROUP@@park-vehicle@@DEFAULT -> [{"ip":"192.168.0.107","port":9206,"weight":1.0,"healthy":true,"enabled":true,"ephemeral":true,"clusterName":"DEFAULT","serviceName":"DEFAULT_GROUP@@park-vehicle","metadata":{"preserved.register.source":"SPRING_CLOUD"},"ipDeleteTimeout":30000,"instanceHeartBeatInterval":5000,"instanceHeartBeatTimeOut":15000}]
21:50:28.929 [com.alibaba.nacos.client.naming.updater.0] INFO  c.a.n.client.naming - [processServiceInfo,166] - current ips:(1) service: DEFAULT_GROUP@@park-vehicle@@DEFAULT -> [{"ip":"192.168.0.107","port":9206,"weight":1.0,"healthy":true,"enabled":true,"ephemeral":true,"clusterName":"DEFAULT","serviceName":"DEFAULT_GROUP@@park-vehicle","metadata":{"preserved.register.source":"SPRING_CLOUD"},"ipDeleteTimeout":30000,"instanceHeartBeatInterval":5000,"instanceHeartBeatTimeOut":15000}]
21:50:28.969 [RMI TCP Connection(40)-192.168.0.107] INFO  o.a.c.c.C.[.[.[/] - [log,173] - Initializing Spring DispatcherServlet 'dispatcherServlet'
